2018:05:22 12:22:09 am Get Latest Websites and data from Pulse

2018:05:22 12:23:22 am Get Latest Websites and data from Pulse

2018:05:22 12:32:32 am Get Latest Websites and data from Pulse

2018:05:22 12:32:32 am Starting Scan
2018:05:22 12:32:33 am Collecting HTTPS and DAP data from Pulse
2018:05:22 12:32:41 am Accessibility scan for cao.gov took 0.64344596862793seconds.
2018:05:22 12:32:41 am Accessibility scan for firecode.gov took 0.2236499786377seconds.
2018:05:22 12:32:42 am Accessibility scan for asc.gov took 0.30919981002808seconds.
2018:05:22 12:32:42 am Accessibility scan for denali.gov took 0.26039791107178seconds.
2018:05:22 12:32:42 am Accessibility scan for hoopa-nsn.gov took 0.00023603439331055seconds.
2018:05:22 12:32:42 am Accessibility scan for fara.gov took 0.20637011528015seconds.
2018:05:22 12:32:42 am Accessibility scan for mycreditunion.gov took 0.27620792388916seconds.
2018:05:22 12:32:43 am Accessibility scan for usa.gov took 0.18499302864075seconds.
2018:05:22 12:32:43 am Accessibility scan for ngc.gov took 0.26118898391724seconds.
2018:05:22 12:32:43 am Accessibility scan for nsa.gov took 0.23689293861389seconds.
2018:05:22 12:32:43 am Accessibility scan for adf.gov took 0.28743004798889seconds.
2018:05:22 12:32:44 am Accessibility scan for ada.gov took 0.24242305755615seconds.
2018:05:22 12:32:44 am Accessibility scan for fcsic.gov took 0.23731708526611seconds.
2018:05:22 12:32:44 am Accessibility scan for usitc.gov took 0.1950511932373seconds.
2018:05:22 12:32:44 am Accessibility scan for uspis.gov took 0.17592477798462seconds.
2018:05:22 12:32:44 am Accessibility scan for econsumer.gov took 0.27083086967468seconds.
2018:05:22 12:32:45 am Accessibility scan for fishwatch.gov took 0.22825193405151seconds.
2018:05:22 12:32:45 am Accessibility scan for slgs.gov took 0.17766880989075seconds.
2018:05:22 12:32:45 am Accessibility scan for mitigationcommission.gov took 0.24870896339417seconds.
2018:05:22 12:32:45 am Accessibility scan for casl.gov took 0.14400696754456seconds.
2018:05:22 12:32:45 am Accessibility scan for dra.gov took 0.17387700080872seconds.
2018:05:22 12:32:46 am Accessibility scan for ncjrs.gov took 0.23695206642151seconds.
2018:05:22 12:32:46 am Accessibility scan for aha-nsn.gov took 0.00038814544677734seconds.
2018:05:22 12:32:46 am Accessibility scan for pbgc.gov took 0.16466593742371seconds.
2018:05:22 12:32:46 am Accessibility scan for usgs.gov took 0.14885902404785seconds.
2018:05:22 12:32:46 am Accessibility scan for yochadehe-nsn.gov took 0.00037789344787598seconds.
2018:05:22 12:32:46 am Accessibility scan for gsaadvantage.gov took 0.19366693496704seconds.
2018:05:22 12:32:46 am Accessibility scan for forfeiture.gov took 0.16446900367737seconds.
2018:05:22 12:32:46 am Accessibility scan for savingsbondwizard.gov took 0.1464900970459seconds.
2018:05:22 12:32:47 am Accessibility scan for esa.gov took 0.29463291168213seconds.
2018:05:22 12:32:47 am Accessibility scan for lmvsci.gov took 0.20372295379639seconds.
2018:05:22 12:32:47 am Accessibility scan for gps.gov took 0.19039511680603seconds.
2018:05:22 12:32:47 am Accessibility scan for redcliff-nsn.gov took 0.0003821849822998seconds.
2018:05:22 12:32:47 am Accessibility scan for fordlibrarymuseum.gov took 0.15786910057068seconds.
2018:05:22 12:32:48 am Accessibility scan for fedramp.gov took 0.1983699798584seconds.
2018:05:22 12:32:48 am Accessibility scan for foreignassistance.gov took 0.16726398468018seconds.
2018:05:22 12:32:48 am Accessibility scan for taaps.gov took 0.17787599563599seconds.
2018:05:22 12:32:48 am Accessibility scan for digitalgov.gov took 0.21979689598083seconds.
2018:05:22 12:32:48 am Accessibility scan for ustr.gov took 0.17425608634949seconds.
2018:05:22 12:32:49 am Accessibility scan for whistleblowers.gov took 0.24706196784973seconds.
2018:05:22 12:32:49 am Accessibility scan for ojjdp.gov took 0.25176692008972seconds.
2018:05:22 12:32:49 am Accessibility scan for scottsvalley-nsn.gov took 0.00037789344787598seconds.
2018:05:22 12:32:49 am Accessibility scan for ccthita-nsn.gov took 0.00019216537475586seconds.
2018:05:22 12:32:49 am Accessibility scan for healthit.gov took 0.18473410606384seconds.
2018:05:22 12:32:49 am Accessibility scan for va.gov took 0.19058108329773seconds.
2018:05:22 12:32:49 am Accessibility scan for stopfakes.gov took 0.16246485710144seconds.
2018:05:22 12:32:50 am Accessibility scan for neglecteddiseases.gov took 0.24859714508057seconds.
2018:05:22 12:32:50 am Accessibility scan for fmc.gov took 0.21352815628052seconds.
2018:05:22 12:32:50 am Accessibility scan for jwod.gov took 0.24340295791626seconds.
2018:05:22 12:32:50 am Accessibility scan for isotope.gov took 0.17552018165588seconds.
2018:05:22 12:32:51 am Accessibility scan for atf.gov took 0.35130095481873seconds.
2018:05:22 12:32:51 am Accessibility scan for max.gov took 0.25444889068604seconds.
2018:05:22 12:32:51 am Accessibility scan for cncsoig.gov took 0.20424008369446seconds.
2018:05:22 12:32:51 am Accessibility scan for arts.gov took 0.2081241607666seconds.
2018:05:22 12:32:51 am Accessibility scan for ltbbodawa-nsn.gov took 0.00021886825561523seconds.
2018:05:22 12:32:51 am Accessibility scan for intelink.gov took 0.25398111343384seconds.
2018:05:22 12:32:52 am Accessibility scan for insurekidsnow.gov took 0.17442202568054seconds.
2018:05:22 12:32:52 am Accessibility scan for ncirc.gov took 0.16977000236511seconds.
2018:05:22 12:32:52 am Accessibility scan for nationsreportcard.gov took 0.19425010681152seconds.
2018:05:22 12:32:52 am Accessibility scan for tsunami.gov took 0.20513701438904seconds.
2018:05:22 12:32:52 am Accessibility scan for medicare.gov took 0.21411609649658seconds.
2018:05:22 12:32:53 am Accessibility scan for amberalert.gov took 0.27730011940002seconds.
2018:05:22 12:32:53 am Accessibility scan for nemi.gov took 0.14390110969543seconds.
2018:05:22 12:32:53 am Accessibility scan for disasterassistance.gov took 0.24756693840027seconds.
2018:05:22 12:32:53 am Accessibility scan for fedshirevets.gov took 0.1713490486145seconds.
2018:05:22 12:32:53 am Accessibility scan for ofcm.gov took 0.14540481567383seconds.
2018:05:22 12:32:54 am Accessibility scan for mtbs.gov took 0.21885514259338seconds.
2018:05:22 12:32:54 am Accessibility scan for fea.gov took 0.19528603553772seconds.
2018:05:22 12:32:54 am Accessibility scan for cfo.gov took 0.32517409324646seconds.
2018:05:22 12:32:54 am Accessibility scan for dni.gov took 0.23133707046509seconds.
2018:05:22 12:32:55 am Accessibility scan for feedthefuture.gov took 0.19002103805542seconds.
2018:05:22 12:32:55 am Accessibility scan for investor.gov took 0.1820662021637seconds.
2018:05:22 12:32:55 am Accessibility scan for dnfsb.gov took 0.13400602340698seconds.
2018:05:22 12:32:55 am Accessibility scan for doioig.gov took 0.16800498962402seconds.
2018:05:22 12:32:55 am Accessibility scan for ignet.gov took 0.2282919883728seconds.
2018:05:22 12:32:55 am Accessibility scan for santarosacahuilla-nsn.gov took 0.00032305717468262seconds.
2018:05:22 12:32:55 am Accessibility scan for usmint.gov took 0.18163204193115seconds.
2018:05:22 12:32:56 am Accessibility scan for patriotbonds.gov took 0.16923904418945seconds.
2018:05:22 12:32:56 am Accessibility scan for childstats.gov took 0.29391312599182seconds.
2018:05:22 12:32:56 am Accessibility scan for nwcg.gov took 0.14708209037781seconds.
2018:05:22 12:32:56 am Accessibility scan for chilkoot-nsn.gov took 0.00030112266540527seconds.
2018:05:22 12:32:56 am Accessibility scan for hydrogen.gov took 0.1985650062561seconds.
2018:05:22 12:32:56 am Accessibility scan for relocatefeds.gov took 0.16309189796448seconds.
2018:05:22 12:32:56 am Accessibility scan for burnspaiute-nsn.gov took 0.00027108192443848seconds.
2018:05:22 12:32:57 am Accessibility scan for smarterskies.gov took 0.17663311958313seconds.
2018:05:22 12:32:57 am Accessibility scan for realpropertyprofile.gov took 0.13667607307434seconds.
2018:05:22 12:32:57 am Accessibility scan for faa.gov took 0.19499588012695seconds.
2018:05:22 12:32:57 am Accessibility scan for fatherhood.gov took 0.20341491699219seconds.
2018:05:22 12:32:57 am Accessibility scan for mohican-nsn.gov took 0.00028681755065918seconds.
2018:05:22 12:32:57 am Accessibility scan for buyaccessible.gov took 0.1816668510437seconds.
2018:05:22 12:32:57 am Accessibility scan for mitchellcountyks.gov took 0.00022006034851074seconds.
2018:05:22 12:32:58 am Accessibility scan for treasuryauctions.gov took 0.19568800926208seconds.
2018:05:22 12:32:58 am Accessibility scan for uscurrency.gov took 0.19463300704956seconds.
2018:05:22 12:32:58 am Accessibility scan for epic.gov took 0.20297002792358seconds.
2018:05:22 12:32:58 am Accessibility scan for state.gov took 0.19290399551392seconds.
2018:05:22 12:32:58 am Accessibility scan for ktik-nsn.gov took 0.0002591609954834seconds.
2018:05:22 12:32:58 am Accessibility scan for mcc.gov took 0.17730689048767seconds.
2018:05:22 12:32:58 am Accessibility scan for fafsa.gov took 0.15539503097534seconds.
2018:05:22 12:32:59 am Accessibility scan for consumerfinance.gov took 0.20475316047668seconds.
2018:05:22 12:32:59 am Accessibility scan for csb.gov took 0.23602795600891seconds.
2018:05:22 12:32:59 am Accessibility scan for ornl.gov took 0.13885807991028seconds.
2018:05:22 12:32:59 am Accessibility scan for fmi.gov took 0.18163895606995seconds.
2018:05:22 12:32:59 am Accessibility scan for saferproduct.gov took 0.15433216094971seconds.
2018:05:22 12:32:59 am Accessibility scan for pechanga-nsn.gov took 0.00028395652770996seconds.
2018:05:22 12:33:00 am Accessibility scan for cupcao.gov took 0.21112298965454seconds.
2018:05:22 12:33:00 am Accessibility scan for energycodes.gov took 0.1888120174408seconds.
2018:05:22 12:33:00 am Accessibility scan for time.gov took 0.17392706871033seconds.
2018:05:22 12:33:00 am Accessibility scan for arm.gov took 0.20111703872681seconds.
2018:05:22 12:33:00 am Accessibility scan for fcpotawatomi-nsn.gov took 0.00025820732116699seconds.
2018:05:22 12:33:00 am Accessibility scan for nationalbank.gov took 0.16681790351868seconds.
2018:05:22 12:33:01 am Accessibility scan for foodsafety.gov took 0.19944500923157seconds.
2018:05:22 12:33:01 am Accessibility scan for science360.gov took 0.21554613113403seconds.
2018:05:22 12:33:01 am Accessibility scan for ipp.gov took 0.19017696380615seconds.
2018:05:22 12:33:01 am Accessibility scan for vets.gov took 0.16151404380798seconds.
2018:05:22 12:33:01 am Accessibility scan for nccs.gov took 0.14108490943909seconds.
2018:05:22 12:33:01 am Accessibility scan for womenshealth.gov took 0.17626214027405seconds.
2018:05:22 12:33:02 am Accessibility scan for endingthedocumentgame.gov took 0.18266320228577seconds.
2018:05:22 12:33:02 am Accessibility scan for udall.gov took 0.15814590454102seconds.
2018:05:22 12:33:02 am Accessibility scan for bankcustomerassistance.gov took 0.22935318946838seconds.
2018:05:22 12:33:02 am Accessibility scan for reporting.gov took 0.16993403434753seconds.
2018:05:22 12:33:02 am Accessibility scan for vistacampus.gov took 0.14057588577271seconds.
2018:05:22 12:33:02 am Accessibility scan for malwareinvestigator.gov took 0.17875099182129seconds.
2018:05:22 12:33:03 am Accessibility scan for dhs.gov took 0.18231701850891seconds.
2018:05:22 12:33:03 am Accessibility scan for ucrdatatool.gov took 0.15258598327637seconds.
2018:05:22 12:33:03 am Accessibility scan for tolowa-nsn.gov took 0.00025391578674316seconds.
2018:05:22 12:33:03 am Accessibility scan for studentloans.gov took 0.15548610687256seconds.
2018:05:22 12:33:03 am Accessibility scan for nij.gov took 0.15975189208984seconds.
2018:05:22 12:33:03 am Accessibility scan for hiv.gov took 0.20373296737671seconds.
2018:05:22 12:33:03 am Accessibility scan for lummi-nsn.gov took 0.00022411346435547seconds.
2018:05:22 12:33:04 am Accessibility scan for arctic.gov took 0.20771908760071seconds.
2018:05:22 12:33:04 am Accessibility scan for selectusa.gov took 0.19234108924866seconds.
2018:05:22 12:33:04 am Accessibility scan for ecpic.gov took 0.20406484603882seconds.
2018:05:22 12:33:04 am Accessibility scan for bankhelp.gov took 0.17749500274658seconds.
2018:05:22 12:33:04 am Accessibility scan for wdol.gov took 0.17029595375061seconds.
2018:05:22 12:33:04 am Accessibility scan for privacyshield.gov took 0.17328214645386seconds.
2018:05:22 12:33:05 am Accessibility scan for brc.gov took 0.19696307182312seconds.
2018:05:22 12:33:05 am Accessibility scan for smart.gov took 0.20960712432861seconds.
2018:05:22 12:33:05 am Accessibility scan for iprcenter.gov took 0.17066097259521seconds.
2018:05:22 12:33:05 am Accessibility scan for llnl.gov took 0.17155909538269seconds.
2018:05:22 12:33:05 am Accessibility scan for research.gov took 0.208251953125seconds.
2018:05:22 12:33:06 am Accessibility scan for frtr.gov took 0.19740414619446seconds.
2018:05:22 12:33:06 am Accessibility scan for safertruck.gov took 0.16671013832092seconds.
2018:05:22 12:33:06 am Accessibility scan for myra.gov took 0.26619815826416seconds.
2018:05:22 12:33:06 am Accessibility scan for medicalcountermeasures.gov took 0.17316794395447seconds.
2018:05:22 12:33:06 am Accessibility scan for whitehouseconferenceonaging.gov took 0.21715188026428seconds.
2018:05:22 12:33:07 am Accessibility scan for mspb.gov took 0.19232702255249seconds.
2018:05:22 12:33:07 am Accessibility scan for reaganlibrary.gov took 0.20923519134521seconds.
2018:05:22 12:33:07 am Accessibility scan for gsaauctions.gov took 0.14030790328979seconds.
2018:05:22 12:33:07 am Accessibility scan for faasafety.gov took 0.16790199279785seconds.
2018:05:22 12:33:07 am Accessibility scan for bep.gov took 0.19850897789001seconds.
2018:05:22 12:33:07 am Accessibility scan for ise.gov took 0.15525197982788seconds.
2018:05:22 12:33:08 am Accessibility scan for justice.gov took 0.18011903762817seconds.
2018:05:22 12:33:08 am Accessibility scan for locatorplus.gov took 0.16874504089355seconds.
2018:05:22 12:33:08 am Accessibility scan for idealab.gov took 0.16913509368896seconds.
2018:05:22 12:33:08 am Accessibility scan for wildlifeadaptationstrategy.gov took 0.13906097412109seconds.
2018:05:22 12:33:08 am Accessibility scan for sec.gov took 0.20186400413513seconds.
2018:05:22 12:33:09 am Accessibility scan for crimesolutions.gov took 0.26809096336365seconds.
2018:05:22 12:33:09 am Accessibility scan for employeeexpress.gov took 0.17369890213013seconds.
2018:05:22 12:33:09 am Accessibility scan for biomassboard.gov took 0.18206310272217seconds.
2018:05:22 12:33:09 am Accessibility scan for bats.gov took 0.16135787963867seconds.
2018:05:22 12:33:09 am Accessibility scan for ppirs.gov took 0.144611120224seconds.
2018:05:22 12:33:09 am Accessibility scan for digital.gov took 0.1978120803833seconds.
2018:05:22 12:33:10 am Accessibility scan for odni.gov took 0.20924115180969seconds.
2018:05:22 12:33:10 am Accessibility scan for opic.gov took 0.17732501029968seconds.
2018:05:22 12:33:10 am Accessibility scan for nbc.gov took 0.16083407402039seconds.
2018:05:22 12:33:10 am Accessibility scan for colusa-nsn.gov took 0.00024700164794922seconds.
2018:05:22 12:33:10 am Accessibility scan for login.gov took 0.17029809951782seconds.
2018:05:22 12:33:10 am Accessibility scan for restorethegulf.gov took 0.19517087936401seconds.
2018:05:22 12:33:11 am Accessibility scan for nationalservice.gov took 0.25796604156494seconds.
2018:05:22 12:33:11 am Accessibility scan for pci-nsn.gov took 0.00023984909057617seconds.
2018:05:22 12:33:11 am Accessibility scan for klamathrestoration.gov took 0.16911697387695seconds.
2018:05:22 12:33:11 am Accessibility scan for soboba-nsn.gov took 0.00021791458129883seconds.
2018:05:22 12:33:11 am Accessibility scan for orau.gov took 0.14577293395996seconds.
2018:05:22 12:33:11 am Accessibility scan for code.gov took 0.25229001045227seconds.
2018:05:22 12:33:11 am Accessibility scan for occhelps.gov took 0.19915699958801seconds.
2018:05:22 12:33:12 am Accessibility scan for tsp.gov took 0.2046799659729seconds.
2018:05:22 12:33:12 am Accessibility scan for organdonor.gov took 0.18939590454102seconds.
2018:05:22 12:33:12 am Accessibility scan for ameslab.gov took 0.19146490097046seconds.
2018:05:22 12:33:12 am Accessibility scan for usds.gov took 0.20405793190002seconds.
2018:05:22 12:33:12 am Accessibility scan for nga.gov took 0.17843317985535seconds.
2018:05:22 12:33:13 am Accessibility scan for cia.gov took 0.26191592216492seconds.
2018:05:22 12:33:13 am Accessibility scan for pokagonband-nsn.gov took 0.00028109550476074seconds.
2018:05:22 12:33:13 am Accessibility scan for evus.gov took 0.17886304855347seconds.
2018:05:22 12:33:13 am Accessibility scan for landfire.gov took 0.18537616729736seconds.
2018:05:22 12:33:13 am Accessibility scan for tmdci-nsn.gov took 0.00022602081298828seconds.
2018:05:22 12:33:13 am Accessibility scan for usbg.gov took 0.1936731338501seconds.
2018:05:22 12:33:13 am Accessibility scan for juvenilecouncil.gov took 0.13864898681641seconds.
2018:05:22 12:33:13 am Accessibility scan for childwelfare.gov took 0.15981602668762seconds.
2018:05:22 12:33:13 am Accessibility scan for chitimacha.gov took 0.00022292137145996seconds.
2018:05:22 12:33:14 am Accessibility scan for contractdirectory.gov took 0.2212188243866seconds.
2018:05:22 12:33:14 am Accessibility scan for treasuryhunt.gov took 0.16666507720947seconds.
2018:05:22 12:33:14 am Accessibility scan for recreation.gov took 0.17194986343384seconds.
2018:05:22 12:33:14 am Accessibility scan for uspsoig.gov took 0.18437695503235seconds.
2018:05:22 12:33:14 am Accessibility scan for sir-nsn.gov took 0.00028896331787109seconds.
2018:05:22 12:33:14 am Accessibility scan for vehiclehistory.gov took 0.17369198799133seconds.
2018:05:22 12:33:14 am Accessibility scan for gunlaketribe-nsn.gov took 0.0003359317779541seconds.
2018:05:22 12:33:14 am Accessibility scan for qvir-nsn.gov took 0.00031089782714844seconds.
2018:05:22 12:33:15 am Accessibility scan for plainlanguage.gov took 0.20642900466919seconds.
2018:05:22 12:33:15 am Accessibility scan for treasury.gov took 0.15573501586914seconds.
2018:05:22 12:33:15 am Accessibility scan for jem.gov took 0.16859698295593seconds.
2018:05:22 12:33:15 am Accessibility scan for digitalliteracy.gov took 0.16969799995422seconds.
2018:05:22 12:33:15 am Accessibility scan for nih.gov took 0.16367292404175seconds.
2018:05:22 12:33:15 am Accessibility scan for usaseanconnect.gov took 0.16631603240967seconds.
2018:05:22 12:33:16 am Accessibility scan for surgeongeneral.gov took 0.17808794975281seconds.
2018:05:22 12:33:16 am Accessibility scan for execsec.gov took 0.14487814903259seconds.
2018:05:22 12:33:16 am Accessibility scan for bop.gov took 0.18467020988464seconds.
2018:05:22 12:33:16 am Accessibility scan for dnsops.gov took 0.15453791618347seconds.
2018:05:22 12:33:16 am Accessibility scan for ncd.gov took 0.18157291412354seconds.
2018:05:22 12:33:16 am Accessibility scan for bts.gov took 0.17594695091248seconds.
2018:05:22 12:33:17 am Accessibility scan for truman.gov took 0.21731615066528seconds.
2018:05:22 12:33:17 am Accessibility scan for sigtarp.gov took 0.20924806594849seconds.
2018:05:22 12:33:17 am Accessibility scan for nifc.gov took 0.18201613426208seconds.
2018:05:22 12:33:17 am Accessibility scan for abmc.gov took 0.20218205451965seconds.
2018:05:22 12:33:17 am Accessibility scan for volunteer.gov took 0.14172792434692seconds.
2018:05:22 12:33:18 am Accessibility scan for usap.gov took 0.17919898033142seconds.
2018:05:22 12:33:18 am Accessibility scan for sworm.gov took 0.18328189849854seconds.
2018:05:22 12:33:18 am Accessibility scan for flightschoolcandidates.gov took 0.174556016922seconds.
2018:05:22 12:33:18 am Accessibility scan for ibwc.gov took 0.18065714836121seconds.
2018:05:22 12:33:18 am Accessibility scan for csosa.gov took 0.14268088340759seconds.
2018:05:22 12:33:18 am Accessibility scan for snap.gov took 0.19618105888367seconds.
2018:05:22 12:33:18 am Accessibility scan for fortsillapache-nsn.gov took 0.0002601146697998seconds.
2018:05:22 12:33:19 am Accessibility scan for phe.gov took 0.1456151008606seconds.
2018:05:22 12:33:19 am Accessibility scan for tswg.gov took 0.1633768081665seconds.
2018:05:22 12:33:19 am Accessibility scan for firescience.gov took 0.19661498069763seconds.
2018:05:22 12:33:19 am Accessibility scan for medpac.gov took 0.15656280517578seconds.
2018:05:22 12:33:19 am Accessibility scan for tvaoig.gov took 0.15223979949951seconds.
2018:05:22 12:33:19 am Accessibility scan for cendi.gov took 0.1782660484314seconds.
2018:05:22 12:33:20 am Accessibility scan for usadf.gov took 0.1623101234436seconds.
2018:05:22 12:33:20 am Accessibility scan for genome.gov took 0.20193290710449seconds.
2018:05:22 12:33:20 am Accessibility scan for acwi.gov took 0.22970509529114seconds.
2018:05:22 12:33:20 am Accessibility scan for campo-nsn.gov took 0.00030398368835449seconds.
2018:05:22 12:33:20 am Accessibility scan for warmsprings-nsn.gov took 0.00025796890258789seconds.
2018:05:22 12:33:20 am Accessibility scan for pay.gov took 0.16723299026489seconds.
2018:05:22 12:33:20 am Accessibility scan for transportation.gov took 0.1626398563385seconds.
2018:05:22 12:33:21 am Accessibility scan for benefits.gov took 0.21273112297058seconds.
2018:05:22 12:33:21 am Accessibility scan for nationalbanknet.gov took 0.19355988502502seconds.
2018:05:22 12:33:21 am Accessibility scan for bluelakerancheria-nsn.gov took 0.00023889541625977seconds.
2018:05:22 12:33:21 am Accessibility scan for dod.gov took 0.13354015350342seconds.
2018:05:22 12:33:21 am Accessibility scan for trafficsafetymarketing.gov took 0.20983505249023seconds.
2018:05:22 12:33:21 am Accessibility scan for clintonlibrary.gov took 0.22951006889343seconds.
2018:05:22 12:33:21 am Accessibility scan for brb-nsn.gov took 0.00023102760314941seconds.
2018:05:22 12:33:21 am Accessibility scan for nvb-nsn.gov took 0.00018310546875seconds.
2018:05:22 12:33:21 am Accessibility scan for cdatribe-nsn.gov took 0.00019001960754395seconds.
2018:05:22 12:33:22 am Accessibility scan for adr.gov took 0.19578719139099seconds.
2018:05:22 12:33:22 am Accessibility scan for afrh.gov took 0.16259789466858seconds.
2018:05:22 12:33:22 am Accessibility scan for swinomish-nsn.gov took 0.00025486946105957seconds.
2018:05:22 12:33:22 am Accessibility scan for section508.gov took 0.1603479385376seconds.
2018:05:22 12:33:22 am Accessibility scan for peacecorps.gov took 0.15570902824402seconds.
2018:05:22 12:33:22 am Accessibility scan for nmb.gov took 0.1543231010437seconds.
2018:05:22 12:33:22 am Accessibility scan for pauma-nsn.gov took 0.00022006034851074seconds.
2018:05:22 12:33:22 am Accessibility scan for phc-nsn.gov took 0.0001990795135498seconds.
2018:05:22 12:33:22 am Accessibility scan for lanl.gov took 0.20764899253845seconds.
2018:05:22 12:33:23 am Accessibility scan for ntis.gov took 0.15951204299927seconds.
2018:05:22 12:33:23 am Accessibility scan for aviationweather.gov took 0.17366099357605seconds.
2018:05:22 12:33:23 am Accessibility scan for lca.gov took 0.16397714614868seconds.
2018:05:22 12:33:23 am Accessibility scan for nsf.gov took 0.16746211051941seconds.
2018:05:22 12:33:23 am Accessibility scan for afadvantage.gov took 0.14126992225647seconds.
2018:05:22 12:33:23 am Accessibility scan for cftc.gov took 0.20159101486206seconds.
2018:05:22 12:33:24 am Accessibility scan for eda.gov took 0.25448513031006seconds.
2018:05:22 12:33:24 am Accessibility scan for acus.gov took 0.18848013877869seconds.
2018:05:22 12:33:24 am Accessibility scan for morongo-nsn.gov took 0.00025105476379395seconds.
2018:05:22 12:33:24 am Accessibility scan for cbca.gov took 0.18365216255188seconds.
2018:05:22 12:33:24 am Accessibility scan for nationalmap.gov took 0.1665301322937seconds.
2018:05:22 12:33:24 am Accessibility scan for biopreferred.gov took 0.18281602859497seconds.
2018:05:22 12:33:25 am Accessibility scan for banknet.gov took 0.17972207069397seconds.
2018:05:22 12:33:25 am Accessibility scan for ttbonline.gov took 0.14902496337891seconds.
2018:05:22 12:33:25 am Accessibility scan for cpnireporting.gov took 0.17573690414429seconds.
2018:05:22 12:33:25 am Accessibility scan for globe.gov took 0.20622992515564seconds.
2018:05:22 12:33:25 am Accessibility scan for dea.gov took 0.17305898666382seconds.
2018:05:22 12:33:25 am Accessibility scan for oshrc.gov took 0.16089391708374seconds.
2018:05:22 12:33:26 am Accessibility scan for fgdc.gov took 0.20479702949524seconds.
2018:05:22 12:33:26 am Accessibility scan for hpultribe-nsn.gov took 0.00030112266540527seconds.
2018:05:22 12:33:26 am Accessibility scan for geoplatform.gov took 0.21090507507324seconds.
2018:05:22 12:33:26 am Accessibility scan for ussm.gov took 0.17513203620911seconds.
2018:05:22 12:33:26 am Accessibility scan for marine.gov took 0.18459892272949seconds.
2018:05:22 12:33:26 am Accessibility scan for recalls.gov took 0.17913198471069seconds.
2018:05:22 12:33:27 am Accessibility scan for nasa.gov took 0.22200608253479seconds.
2018:05:22 12:33:27 am Accessibility scan for cdfifund.gov took 0.19520998001099seconds.
2018:05:22 12:33:27 am Accessibility scan for ginniemae.gov took 0.2279269695282seconds.
2018:05:22 12:33:27 am Accessibility scan for mesagrandeband-nsn.gov took 0.0003359317779541seconds.
2018:05:22 12:33:27 am Accessibility scan for firstrespondertraining.gov took 0.16982293128967seconds.
2018:05:22 12:33:27 am Accessibility scan for fdicig.gov took 0.18940186500549seconds.
2018:05:22 12:33:28 am Accessibility scan for brac.gov took 0.15846610069275seconds.
2018:05:22 12:33:28 am Accessibility scan for vetbiz.gov took 0.20941495895386seconds.
2018:05:22 12:33:28 am Accessibility scan for feb.gov took 0.18991422653198seconds.
2018:05:22 12:33:28 am Accessibility scan for fpc.gov took 0.15640592575073seconds.
2018:05:22 12:33:28 am Accessibility scan for intelligence.gov took 0.21552205085754seconds.
2018:05:22 12:33:29 am Accessibility scan for facadatabase.gov took 0.26668691635132seconds.
2018:05:22 12:33:29 am Accessibility scan for obamalibrary.gov took 0.23991703987122seconds.
2018:05:22 12:33:29 am Accessibility scan for foia.gov took 0.19954776763916seconds.
2018:05:22 12:33:29 am Accessibility scan for defense.gov took 0.19599008560181seconds.
2018:05:22 12:33:29 am Accessibility scan for nro.gov took 0.15580892562866seconds.
2018:05:22 12:33:30 am Accessibility scan for sdr.gov took 0.19005012512207seconds.
2018:05:22 12:33:30 am Accessibility scan for nlrb.gov took 0.23954010009766seconds.
2018:05:22 12:33:30 am Accessibility scan for aoc.gov took 0.21142506599426seconds.
2018:05:22 12:33:30 am Accessibility scan for capnhq.gov took 0.19292998313904seconds.
2018:05:22 12:33:30 am Accessibility scan for northforkrancheria-nsn.gov took 0.00025486946105957seconds.
2018:05:22 12:33:30 am Accessibility scan for southernute-nsn.gov took 0.00020194053649902seconds.
2018:05:22 12:33:30 am Accessibility scan for osc.gov took 0.14525508880615seconds.
2018:05:22 12:33:31 am Accessibility scan for savingsbonds.gov took 0.14052104949951seconds.
2018:05:22 12:33:31 am Accessibility scan for nhtsa.gov took 0.16050100326538seconds.
2018:05:22 12:33:31 am Accessibility scan for eftps.gov took 0.18527889251709seconds.
2018:05:22 12:33:31 am Accessibility scan for nnlm.gov took 0.17181301116943seconds.
2018:05:22 12:33:31 am Accessibility scan for usccr.gov took 0.15905594825745seconds.
2018:05:22 12:33:31 am Accessibility scan for apps.gov took 0.17457294464111seconds.
2018:05:22 12:33:31 am Accessibility scan for kaibabpaiute-nsn.gov took 0.00031590461730957seconds.
2018:05:22 12:33:32 am Accessibility scan for cloud.gov took 0.15323495864868seconds.
2018:05:22 12:33:32 am Accessibility scan for ntsb.gov took 0.16175222396851seconds.
2018:05:22 12:33:32 am Accessibility scan for sustainability.gov took 0.16503691673279seconds.
2018:05:22 12:33:32 am Accessibility scan for isletapueblo-nsn.gov took 0.00027298927307129seconds.
2018:05:22 12:33:32 am Accessibility scan for cayuganation-nsn.gov took 0.00020408630371094seconds.
2018:05:22 12:33:32 am Accessibility scan for cms.gov took 0.13894605636597seconds.
2018:05:22 12:33:32 am Accessibility scan for qatesttwai.gov took 0.13365292549133seconds.
2018:05:22 12:33:32 am Accessibility scan for cybercareers.gov took 0.23535299301147seconds.
2018:05:22 12:33:33 am Accessibility scan for fdicoig.gov took 0.16403293609619seconds.
2018:05:22 12:33:33 am Accessibility scan for irsvideos.gov took 0.1733820438385seconds.
2018:05:22 12:33:33 am Accessibility scan for cfda.gov took 0.1680760383606seconds.
2018:05:22 12:33:33 am Accessibility scan for whistleblower.gov took 0.14118504524231seconds.
2018:05:22 12:33:33 am Accessibility scan for nps.gov took 0.15621018409729seconds.
2018:05:22 12:33:33 am Accessibility scan for donotcall.gov took 0.21173095703125seconds.
2018:05:22 12:33:34 am Accessibility scan for ntrc.gov took 0.17516994476318seconds.
2018:05:22 12:33:34 am Accessibility scan for nbrc.gov took 0.17371582984924seconds.
2018:05:22 12:33:34 am Accessibility scan for usajobs.gov took 0.22479820251465seconds.
2018:05:22 12:33:34 am Accessibility scan for forestsandrangelands.gov took 0.22340202331543seconds.
2018:05:22 12:33:34 am Accessibility scan for cpsc.gov took 0.23539805412292seconds.
2018:05:22 12:33:35 am Accessibility scan for iaf.gov took 0.24819803237915seconds.
2018:05:22 12:33:35 am Accessibility scan for bja.gov took 0.15708613395691seconds.
2018:05:22 12:33:35 am Accessibility scan for fireleadership.gov took 0.18685603141785seconds.
2018:05:22 12:33:35 am Accessibility scan for abandonedmines.gov took 0.33866596221924seconds.
2018:05:22 12:33:36 am Accessibility scan for guidelines.gov took 0.19136905670166seconds.
2018:05:22 12:33:36 am Accessibility scan for worker.gov took 0.15657305717468seconds.
2018:05:22 12:33:36 am Accessibility scan for invasivespeciesinfo.gov took 0.15798211097717seconds.
2018:05:22 12:33:36 am Accessibility scan for santaana-nsn.gov took 0.00025486946105957seconds.
2018:05:22 12:33:36 am Accessibility scan for health.gov took 0.18832802772522seconds.
2018:05:22 12:33:36 am Accessibility scan for ncpc.gov took 0.17981791496277seconds.
2018:05:22 12:33:36 am Accessibility scan for nist.gov took 0.21488094329834seconds.
2018:05:22 12:33:37 am Accessibility scan for cttso.gov took 0.18013095855713seconds.
2018:05:22 12:33:37 am Accessibility scan for medicaid.gov took 0.20160889625549seconds.
2018:05:22 12:33:37 am Accessibility scan for fedidcard.gov took 0.18224310874939seconds.
2018:05:22 12:33:37 am Accessibility scan for barona-nsn.gov took 0.00026798248291016seconds.
2018:05:22 12:33:37 am Accessibility scan for energystar.gov took 0.20673608779907seconds.
2018:05:22 12:33:37 am Accessibility scan for hhs.gov took 0.20982193946838seconds.
2018:05:22 12:33:38 am Accessibility scan for bondpro.gov took 0.2208149433136seconds.
2018:05:22 12:33:38 am Accessibility scan for cyber.gov took 0.13028597831726seconds.
2018:05:22 12:33:38 am Accessibility scan for ofda.gov took 0.17258286476135seconds.
2018:05:22 12:33:38 am Accessibility scan for ninilchiktribe-nsn.gov took 0.00037288665771484seconds.
2018:05:22 12:33:38 am Accessibility scan for justthinktwice.gov took 0.16506409645081seconds.
2018:05:22 12:33:38 am Accessibility scan for bbg.gov took 0.19947481155396seconds.
2018:05:22 12:33:38 am Accessibility scan for sbir.gov took 0.1803081035614seconds.
2018:05:22 12:33:39 am Accessibility scan for helpwithmycreditcardbank.gov took 0.20065307617188seconds.
2018:05:22 12:33:39 am Accessibility scan for wapa.gov took 0.17306303977966seconds.
2018:05:22 12:33:39 am Accessibility scan for mechoopda-nsn.gov took 0.00025200843811035seconds.
2018:05:22 12:33:39 am Accessibility scan for ovcttac.gov took 0.2059440612793seconds.
2018:05:22 12:33:39 am Accessibility scan for uspto.gov took 0.17369818687439seconds.
2018:05:22 12:33:39 am Accessibility scan for lagunapueblo-nsn.gov took 0.00038790702819824seconds.
2018:05:22 12:33:39 am Accessibility scan for scidac.gov took 0.19849610328674seconds.
2018:05:22 12:33:40 am Accessibility scan for fs.fed.us took 0.21235084533691seconds.
2018:05:22 12:33:40 am Accessibility scan for rivers.gov took 0.15790987014771seconds.
2018:05:22 12:33:40 am Accessibility scan for micmac-nsn.gov took 0.00038886070251465seconds.
2018:05:22 12:33:40 am Accessibility scan for lmrcouncil.gov took 0.14648103713989seconds.
2018:05:22 12:33:40 am Accessibility scan for evergladesrestoration.gov took 0.16851019859314seconds.
2018:05:22 12:33:40 am Accessibility scan for poolsafety.gov took 0.19911003112793seconds.
2018:05:22 12:33:40 am Accessibility scan for millelacsband-nsn.gov took 0.00025296211242676seconds.
2018:05:22 12:33:40 am Accessibility scan for whitehouse.gov took 0.16709518432617seconds.
2018:05:22 12:33:41 am Accessibility scan for fbo.gov took 0.18936491012573seconds.
2018:05:22 12:33:41 am Accessibility scan for fedcenter.gov took 0.18559694290161seconds.
2018:05:22 12:33:41 am Accessibility scan for ncua.gov took 0.18964505195618seconds.
2018:05:22 12:33:41 am Accessibility scan for nutritionevidencelibrary.gov took 0.16812992095947seconds.
2018:05:22 12:33:41 am Accessibility scan for fapiis.gov took 0.13328695297241seconds.
2018:05:22 12:33:41 am Accessibility scan for mtc.gov took 0.0002748966217041seconds.
2018:05:22 12:33:41 am Accessibility scan for kbic-nsn.gov took 0.00018095970153809seconds.
2018:05:22 12:33:42 am Accessibility scan for icass.gov took 0.16564512252808seconds.
2018:05:22 12:33:42 am Accessibility scan for ots.gov took 0.18243098258972seconds.
2018:05:22 12:33:42 am Accessibility scan for harp.gov took 0.21820306777954seconds.
2018:05:22 12:33:42 am Accessibility scan for tachi-yokut-nsn.gov took 0.00022196769714355seconds.
2018:05:22 12:33:42 am Accessibility scan for gsa.gov took 0.18489503860474seconds.
2018:05:22 12:33:42 am Accessibility scan for cnss.gov took 0.1521430015564seconds.
2018:05:22 12:33:43 am Accessibility scan for doi.gov took 0.26098608970642seconds.
2018:05:22 12:33:43 am Accessibility scan for fmcs.gov took 0.19801211357117seconds.
2018:05:22 12:33:43 am Accessibility scan for safecar.gov took 0.17503190040588seconds.
2018:05:22 12:33:43 am Accessibility scan for bjs.gov took 0.32160091400146seconds.
2018:05:22 12:33:43 am Accessibility scan for mptn-nsn.gov took 0.00023984909057617seconds.
2018:05:22 12:33:43 am Accessibility scan for everykidinapark.gov took 0.14276504516602seconds.
2018:05:22 12:33:44 am Accessibility scan for saferproducts.gov took 0.16620182991028seconds.
2018:05:22 12:33:44 am Accessibility scan for prc.gov took 0.1738600730896seconds.
2018:05:22 12:33:44 am Accessibility scan for fcg.gov took 0.13423585891724seconds.
2018:05:22 12:33:44 am Accessibility scan for healthcare.gov took 0.19182682037354seconds.
2018:05:22 12:33:44 am Accessibility scan for onhir.gov took 0.15558385848999seconds.
2018:05:22 12:33:44 am Accessibility scan for tva.gov took 0.26194095611572seconds.
2018:05:22 12:33:45 am Accessibility scan for itrd.gov took 0.16643214225769seconds.
2018:05:22 12:33:45 am Accessibility scan for wizard.gov took 0.17721891403198seconds.
2018:05:22 12:33:45 am Accessibility scan for mentalhealth.gov took 0.17781710624695seconds.
2018:05:22 12:33:45 am Accessibility scan for ftccomplaintassistant.gov took 0.20375108718872seconds.
2018:05:22 12:33:45 am Accessibility scan for bpa.gov took 0.21363496780396seconds.
2018:05:22 12:33:45 am Accessibility scan for hualapai-nsn.gov took 0.00038886070251465seconds.
2018:05:22 12:33:45 am Accessibility scan for crow-nsn.gov took 0.0002751350402832seconds.
2018:05:22 12:33:46 am Accessibility scan for jimmycarterlibrary.gov took 0.20639395713806seconds.
2018:05:22 12:33:46 am Accessibility scan for selectagents.gov took 0.18226003646851seconds.
2018:05:22 12:33:46 am Accessibility scan for sns.gov took 0.15643095970154seconds.
2018:05:22 12:33:46 am Accessibility scan for jiv-nsn.gov took 0.00022506713867188seconds.
2018:05:22 12:33:46 am Accessibility scan for webharvest.gov took 0.17517900466919seconds.
2018:05:22 12:33:46 am Accessibility scan for hud.gov took 0.17704200744629seconds.
2018:05:22 12:33:47 am Accessibility scan for airnow.gov took 0.24292993545532seconds.
2018:05:22 12:33:47 am Accessibility scan for iat.gov took 0.14107799530029seconds.
2018:05:22 12:33:47 am Accessibility scan for letgirlslearn.gov took 0.18719005584717seconds.
2018:05:22 12:33:47 am Accessibility scan for presidentialinnovationfellows.gov took 0.18218803405762seconds.
2018:05:22 12:33:47 am Accessibility scan for complaintreferralexpress.gov took 0.19012308120728seconds.
2018:05:22 12:33:47 am Accessibility scan for businessdefense.gov took 0.16193199157715seconds.
2018:05:22 12:33:48 am Accessibility scan for childreninadversity.gov took 0.16160798072815seconds.
2018:05:22 12:33:48 am Accessibility scan for flra.gov took 0.20565986633301seconds.
2018:05:22 12:33:48 am Accessibility scan for salmonrecovery.gov took 0.17819404602051seconds.
2018:05:22 12:33:48 am Accessibility scan for stopfraud.gov took 0.19965982437134seconds.
2018:05:22 12:33:48 am Accessibility scan for vcf.gov took 0.19518899917603seconds.
2018:05:22 12:33:49 am Accessibility scan for usalearning.gov took 0.20747303962708seconds.
2018:05:22 12:33:49 am Accessibility scan for thecoolspot.gov took 0.16845202445984seconds.
2018:05:22 12:33:49 am Accessibility scan for kayentatownship-nsn.gov took 0.00023603439331055seconds.
2018:05:22 12:33:49 am Accessibility scan for bsee.gov took 0.16309690475464seconds.
2018:05:22 12:33:49 am Accessibility scan for commerce.gov took 0.14846205711365seconds.
2018:05:22 12:33:49 am Accessibility scan for robodeidentidad.gov took 0.16173100471497seconds.
2018:05:22 12:33:49 am Accessibility scan for gcmrc.gov took 0.18508505821228seconds.
2018:05:22 12:33:50 am Accessibility scan for cdc.gov took 0.18736290931702seconds.
2018:05:22 12:33:50 am Accessibility scan for mymedicare.gov took 0.18793106079102seconds.
2018:05:22 12:33:50 am Accessibility scan for rrb.gov took 0.2229380607605seconds.
2018:05:22 12:33:50 am Accessibility scan for unicor.gov took 0.18765687942505seconds.
2018:05:22 12:33:50 am Accessibility scan for sam.gov took 0.14433193206787seconds.
2018:05:22 12:33:50 am Accessibility scan for anstaskforce.gov took 0.17547082901001seconds.
2018:05:22 12:33:51 am Accessibility scan for ems.gov took 0.23180603981018seconds.
2018:05:22 12:33:51 am Accessibility scan for hudoig.gov took 0.18972110748291seconds.
2018:05:22 12:33:51 am Accessibility scan for idmanagement.gov took 0.17608785629272seconds.
2018:05:22 12:33:51 am Accessibility scan for nfr-nsn.gov took 0.0002899169921875seconds.
2018:05:22 12:33:51 am Accessibility scan for esrs.gov took 0.16969203948975seconds.
2018:05:22 12:33:51 am Accessibility scan for poolsafely.gov took 0.27440094947815seconds.
2018:05:22 12:33:51 am Accessibility scan for pol-nsn.gov took 0.00034689903259277seconds.
2018:05:22 12:33:52 am Accessibility scan for federalreserveconsumerhelp.gov took 0.16854596138seconds.
2018:05:22 12:33:52 am Accessibility scan for fsd.gov took 0.14709496498108seconds.
2018:05:22 12:33:52 am Accessibility scan for ars-grin.gov took 0.15961098670959seconds.
2018:05:22 12:33:52 am Accessibility scan for goes-r.gov took 0.20369291305542seconds.
2018:05:22 12:33:52 am Accessibility scan for wlci.gov took 0.18465709686279seconds.
2018:05:22 12:33:53 am Accessibility scan for jusfc.gov took 0.2406280040741seconds.
2018:05:22 12:33:53 am Accessibility scan for tulerivertribe-nsn.gov took 0.00040817260742188seconds.
2018:05:22 12:33:53 am Accessibility scan for choosemyplate.gov took 0.17457413673401seconds.
2018:05:22 12:33:53 am Accessibility scan for integrity.gov took 0.16967988014221seconds.
2018:05:22 12:33:53 am Accessibility scan for fpds.gov took 0.16339492797852seconds.
2018:05:22 12:33:53 am Accessibility scan for fsgb.gov took 0.14887714385986seconds.
2018:05:22 12:33:53 am Accessibility scan for helpwithmycreditcard.gov took 0.18002486228943seconds.
2018:05:22 12:33:54 am Accessibility scan for siteidiq.gov took 0.24667596817017seconds.
2018:05:22 12:33:54 am Accessibility scan for ramona-nsn.gov took 0.0003821849822998seconds.
2018:05:22 12:33:54 am Accessibility scan for helpwithmymortgagebank.gov took 0.21550607681274seconds.
2018:05:22 12:33:54 am Accessibility scan for reginfo.gov took 0.14807415008545seconds.
2018:05:22 12:33:54 am Accessibility scan for asap.gov took 0.13243103027344seconds.
2018:05:22 12:33:54 am Accessibility scan for imls.gov took 0.15431594848633seconds.
2018:05:22 12:33:55 am Accessibility scan for directoasucuenta.gov took 0.19292306900024seconds.
2018:05:22 12:33:55 am Accessibility scan for guideline.gov took 0.21230387687683seconds.
2018:05:22 12:33:55 am Accessibility scan for kawaika-nsn.gov took 0.00039911270141602seconds.
2018:05:22 12:33:55 am Accessibility scan for abilityone.gov took 0.14229607582092seconds.
2018:05:22 12:33:55 am Accessibility scan for workplace.gov took 0.18343496322632seconds.
2018:05:22 12:33:55 am Accessibility scan for iarpa.gov took 0.19913291931152seconds.
2018:05:22 12:33:55 am Accessibility scan for govsales.gov took 0.16762709617615seconds.
2018:05:22 12:33:56 am Accessibility scan for cancer.gov took 0.24322485923767seconds.
2018:05:22 12:33:56 am Accessibility scan for sac.gov took 0.18190789222717seconds.
2018:05:22 12:33:56 am Accessibility scan for badriver-nsn.gov took 0.00022101402282715seconds.
2018:05:22 12:33:56 am Accessibility scan for osha.gov took 0.19021511077881seconds.
2018:05:22 12:33:56 am Accessibility scan for ustda.gov took 0.20411086082458seconds.
2018:05:22 12:33:56 am Accessibility scan for e-enterprise.gov took 0.23011803627014seconds.
2018:05:22 12:33:57 am Accessibility scan for ayudaconmibanco.gov took 0.20129489898682seconds.
2018:05:22 12:33:57 am Accessibility scan for cbp.gov took 0.2124080657959seconds.
2018:05:22 12:33:57 am Accessibility scan for challenge.gov took 0.16485214233398seconds.
2018:05:22 12:33:57 am Accessibility scan for export.gov took 0.20879912376404seconds.
2018:05:22 12:33:57 am Accessibility scan for lep.gov took 0.17134404182434seconds.
2018:05:22 12:33:58 am Accessibility scan for presidentialserviceawards.gov took 0.18911790847778seconds.
2018:05:22 12:33:58 am Accessibility scan for estoo-nsn.gov took 0.00021982192993164seconds.
2018:05:22 12:33:58 am Accessibility scan for otoe-nsn.gov took 0.00019383430480957seconds.
2018:05:22 12:33:58 am Accessibility scan for gcdamp.gov took 0.19315004348755seconds.
2018:05:22 12:33:58 am Accessibility scan for solardecathlon.gov took 0.13972902297974seconds.
2018:05:22 12:33:58 am Accessibility scan for access-board.gov took 0.19886302947998seconds.
2018:05:22 12:33:58 am Accessibility scan for dfafacts.gov took 0.1574809551239seconds.
2018:05:22 12:33:58 am Accessibility scan for sierrawild.gov took 0.16808009147644seconds.
2018:05:22 12:33:59 am Accessibility scan for neh.gov took 0.16380000114441seconds.
2018:05:22 12:33:59 am Accessibility scan for sftool.gov took 0.20735096931458seconds.
2018:05:22 12:33:59 am Accessibility scan for iarpa-ideas.gov took 0.15758395195007seconds.
2018:05:22 12:33:59 am Accessibility scan for msha.gov took 0.18022322654724seconds.
2018:05:22 12:33:59 am Accessibility scan for iowatribe-nsn.gov took 0.0002288818359375seconds.
2018:05:22 12:33:59 am Accessibility scan for stb.gov took 0.18020606040955seconds.
2018:05:22 12:34:00 am Accessibility scan for itdashboard.gov took 0.17787003517151seconds.
2018:05:22 12:34:00 am Accessibility scan for nrd.gov took 0.18481087684631seconds.
2018:05:22 12:34:00 am Accessibility scan for paymentaccuracy.gov took 0.17888998985291seconds.
2018:05:22 12:34:00 am Accessibility scan for huduser.gov took 0.18300795555115seconds.
2018:05:22 12:34:00 am Accessibility scan for miccosukee-nsn.gov took 0.00025296211242676seconds.
2018:05:22 12:34:00 am Accessibility scan for safercar.gov took 0.14706587791443seconds.
2018:05:22 12:34:00 am Accessibility scan for america.gov took 0.22473216056824seconds.
2018:05:22 12:34:00 am Accessibility scan for aguacaliente-nsn.gov took 0.00039005279541016seconds.
2018:05:22 12:34:01 am Accessibility scan for lcrmscp.gov took 0.1671290397644seconds.
2018:05:22 12:34:01 am Accessibility scan for swo-nsn.gov took 0.00023198127746582seconds.
2018:05:22 12:34:01 am Accessibility scan for yakamafish-nsn.gov took 0.0001978874206543seconds.
2018:05:22 12:34:01 am Accessibility scan for connect.gov took 0.24374198913574seconds.
2018:05:22 12:34:01 am Accessibility scan for archives.gov took 0.1615149974823seconds.
2018:05:22 12:34:01 am Accessibility scan for eeoc.gov took 0.17779994010925seconds.
2018:05:22 12:34:01 am Accessibility scan for grants.gov took 0.18236398696899seconds.
2018:05:22 12:34:02 am Accessibility scan for amtrakoig.gov took 0.2158191204071seconds.
2018:05:22 12:34:02 am Accessibility scan for moneyfactorystore.gov took 0.19645309448242seconds.
2018:05:22 12:34:02 am Accessibility scan for nisqually-nsn.gov took 0.00036191940307617seconds.
2018:05:22 12:34:02 am Accessibility scan for ukb-nsn.gov took 0.00026321411132812seconds.
2018:05:22 12:34:02 am Accessibility scan for indianaffairs.gov took 0.15778398513794seconds.
2018:05:22 12:34:02 am Accessibility scan for science.gov took 0.18127393722534seconds.
2018:05:22 12:34:02 am Accessibility scan for sandbox.gov took 0.15641212463379seconds.
2018:05:22 12:34:03 am Accessibility scan for usaid.gov took 0.17693090438843seconds.
2018:05:22 12:34:03 am Accessibility scan for fdicconnect.gov took 0.18939113616943seconds.
2018:05:22 12:34:03 am Accessibility scan for savingsbond.gov took 0.16023302078247seconds.
2018:05:22 12:34:03 am Accessibility scan for manufacturing.gov took 0.19768309593201seconds.
2018:05:22 12:34:03 am Accessibility scan for federalreserve.gov took 0.18436312675476seconds.
2018:05:22 12:34:03 am Accessibility scan for nmsc.gov took 0.16481113433838seconds.
2018:05:22 12:34:04 am Accessibility scan for safeocs.gov took 0.23534393310547seconds.
2018:05:22 12:34:04 am Accessibility scan for rcfl.gov took 0.19516181945801seconds.
2018:05:22 12:34:04 am Accessibility scan for itap.gov took 0.1395149230957seconds.
2018:05:22 12:34:04 am Accessibility scan for psa.gov took 0.19443392753601seconds.
2018:05:22 12:34:04 am Accessibility scan for achp.gov took 0.23237013816833seconds.
2018:05:22 12:34:05 am Accessibility scan for broadband.gov took 0.19032597541809seconds.
2018:05:22 12:34:05 am Accessibility scan for healthfinder.gov took 0.17510199546814seconds.
2018:05:22 12:34:05 am Accessibility scan for nnss.gov took 0.16672396659851seconds.
2018:05:22 12:34:05 am Accessibility scan for employer.gov took 0.17428994178772seconds.
2018:05:22 12:34:05 am Accessibility scan for mmc.gov took 0.16644787788391seconds.
2018:05:22 12:34:05 am Accessibility scan for pascuayaqui-nsn.gov took 0.00023412704467773seconds.
2018:05:22 12:34:05 am Accessibility scan for pmf.gov took 0.18476390838623seconds.
2018:05:22 12:34:06 am Accessibility scan for buyusa.gov took 0.21613502502441seconds.
2018:05:22 12:34:06 am Accessibility scan for godirect.gov took 0.17355108261108seconds.
2018:05:22 12:34:06 am Accessibility scan for usbr.gov took 0.15727305412292seconds.
2018:05:22 12:34:06 am Accessibility scan for middletownrancheria-nsn.gov took 0.00024294853210449seconds.
2018:05:22 12:34:06 am Accessibility scan for fbiic.gov took 0.16176605224609seconds.
2018:05:22 12:34:06 am Accessibility scan for lcacommons.gov took 0.30005311965942seconds.
2018:05:22 12:34:07 am Accessibility scan for nbm.gov took 0.20814108848572seconds.
2018:05:22 12:34:07 am Accessibility scan for usability.gov took 0.16388893127441seconds.
2018:05:22 12:34:07 am Accessibility scan for firstnet.gov took 0.18204712867737seconds.
2018:05:22 12:34:07 am Accessibility scan for nicic.gov took 0.17658090591431seconds.
2018:05:22 12:34:07 am Accessibility scan for financialresearch.gov took 0.19632506370544seconds.
2018:05:22 12:34:08 am Accessibility scan for sustainablecommunities.gov took 0.20647501945496seconds.
2018:05:22 12:34:08 am Accessibility scan for vaccines.gov took 0.16799092292786seconds.
2018:05:22 12:34:08 am Accessibility scan for noaa.gov took 0.20178818702698seconds.
2018:05:22 12:34:08 am Accessibility scan for fdms.gov took 0.14114499092102seconds.
2018:05:22 12:34:08 am Accessibility scan for stateoig.gov took 0.15440702438354seconds.
2018:05:22 12:34:08 am Accessibility scan for ttb.gov took 0.18375492095947seconds.
2018:05:22 12:34:08 am Accessibility scan for paskenta-nsn.gov took 0.00039100646972656seconds.
2018:05:22 12:34:09 am Accessibility scan for fvap.gov took 0.18352794647217seconds.
2018:05:22 12:34:09 am Accessibility scan for energy.gov took 0.14032888412476seconds.
2018:05:22 12:34:09 am Accessibility scan for innovation.gov took 0.18031597137451seconds.
2018:05:22 12:34:09 am Accessibility scan for americathebeautifulquarters.gov took 0.20117902755737seconds.
2018:05:22 12:34:09 am Accessibility scan for getsmartaboutdrugs.gov took 0.17333006858826seconds.
2018:05:22 12:34:10 am Accessibility scan for ferc.gov took 0.17822003364563seconds.
2018:05:22 12:34:10 am Accessibility scan for cwc.gov took 0.1618549823761seconds.
2018:05:22 12:34:10 am Accessibility scan for militaryconsumer.gov took 0.18886709213257seconds.
2018:05:22 12:34:10 am Accessibility scan for drugabuse.gov took 0.22358894348145seconds.
2018:05:22 12:34:10 am Accessibility scan for govloans.gov took 0.25741696357727seconds.
2018:05:22 12:34:11 am Accessibility scan for cjis.gov took 0.18291807174683seconds.
2018:05:22 12:34:11 am Accessibility scan for preserveamerica.gov took 0.19521188735962seconds.
2018:05:22 12:34:11 am Accessibility scan for sandia.gov took 0.1530749797821seconds.
2018:05:22 12:34:11 am Accessibility scan for sss.gov took 0.163743019104seconds.
2018:05:22 12:34:11 am Accessibility scan for listo.gov took 0.27527618408203seconds.
2018:05:22 12:34:11 am Accessibility scan for secretservice.gov took 0.17145085334778seconds.
2018:05:22 12:34:12 am Accessibility scan for nagb.gov took 0.23858380317688seconds.
2018:05:22 12:34:12 am Accessibility scan for adlnet.gov took 0.20186686515808seconds.
2018:05:22 12:34:12 am Accessibility scan for srpmic-nsn.gov took 0.00025415420532227seconds.
2018:05:22 12:34:12 am Accessibility scan for crimevictims.gov took 0.15976810455322seconds.
2018:05:22 12:34:12 am Accessibility scan for weather.gov took 0.19510316848755seconds.
2018:05:22 12:34:12 am Accessibility scan for blm.gov took 0.17698407173157seconds.
2018:05:22 12:34:13 am Accessibility scan for its.gov took 0.18068790435791seconds.
2018:05:22 12:34:13 am Accessibility scan for safetyact.gov took 0.16249799728394seconds.
2018:05:22 12:34:13 am Accessibility scan for drought.gov took 0.18284606933594seconds.
2018:05:22 12:34:13 am Accessibility scan for doleta.gov took 0.21077990531921seconds.
2018:05:22 12:34:13 am Accessibility scan for mojavedata.gov took 0.16817593574524seconds.
2018:05:22 12:34:14 am Accessibility scan for pnnl.gov took 0.20684313774109seconds.
2018:05:22 12:34:14 am Accessibility scan for niem.gov took 0.17257690429688seconds.
2018:05:22 12:34:14 am Accessibility scan for bea.gov took 0.17678594589233seconds.
2018:05:22 12:34:14 am Accessibility scan for census.gov took 0.18691802024841seconds.
2018:05:22 12:34:14 am Accessibility scan for mbda.gov took 0.24303317070007seconds.
2018:05:22 12:34:14 am Accessibility scan for coyotevalley-nsn.gov took 0.00035905838012695seconds.
2018:05:22 12:34:15 am Accessibility scan for capitol.gov took 0.17128205299377seconds.
2018:05:22 12:34:15 am Accessibility scan for healthdata.gov took 0.16927909851074seconds.
2018:05:22 12:34:15 am Accessibility scan for pic.gov took 0.14875793457031seconds.
2018:05:22 12:34:15 am Accessibility scan for epa.gov took 0.17264795303345seconds.
2018:05:22 12:34:15 am Accessibility scan for acquisition.gov took 0.17969799041748seconds.
2018:05:22 12:34:15 am Accessibility scan for rosebudsiouxtribe-nsn.gov took 0.00024008750915527seconds.
2018:05:22 12:34:15 am Accessibility scan for papahanaumokuakea.gov took 0.20974683761597seconds.
2018:05:22 12:34:15 am Accessibility scan for scc-nsn.gov took 0.00037312507629395seconds.
2018:05:22 12:34:16 am Accessibility scan for broadbandmap.gov took 0.1719388961792seconds.
2018:05:22 12:34:16 am Accessibility scan for esc.gov took 0.16413116455078seconds.
2018:05:22 12:34:16 am Accessibility scan for bankanswers.gov took 0.18215703964233seconds.
2018:05:22 12:34:16 am Accessibility scan for pretrialservices.gov took 0.17448806762695seconds.
2018:05:22 12:34:16 am Accessibility scan for lbl.gov took 0.21105194091797seconds.
2018:05:22 12:34:17 am Accessibility scan for nsep.gov took 0.24446702003479seconds.
2018:05:22 12:34:17 am Accessibility scan for oea.gov took 0.21651101112366seconds.
2018:05:22 12:34:17 am Accessibility scan for anl.gov took 0.1729691028595seconds.
2018:05:22 12:34:17 am Accessibility scan for psc.gov took 0.21940302848816seconds.
2018:05:22 12:34:17 am Accessibility scan for nwbc.gov took 0.19510698318481seconds.
2018:05:22 12:34:17 am Accessibility scan for cahtotribe-nsn.gov took 0.000244140625seconds.
2018:05:22 12:34:18 am Accessibility scan for history.gov took 0.19590497016907seconds.
2018:05:22 12:34:18 am Accessibility scan for atfonline.gov took 0.14536499977112seconds.
2018:05:22 12:34:18 am Accessibility scan for irs.gov took 0.19772291183472seconds.
2018:05:22 12:34:18 am Accessibility scan for nixonlibrary.gov took 0.17862200737seconds.
2018:05:22 12:34:18 am Accessibility scan for ncrc.gov took 0.16700482368469seconds.
2018:05:22 12:34:18 am Accessibility scan for sv-nsn.gov took 0.00043487548828125seconds.
2018:05:22 12:34:18 am Accessibility scan for healthypeople.gov took 0.17697501182556seconds.
2018:05:22 12:34:19 am Accessibility scan for fedinvest.gov took 0.20383810997009seconds.
2018:05:22 12:34:19 am Accessibility scan for occ.gov took 0.16481590270996seconds.
2018:05:22 12:34:19 am Accessibility scan for gsaig.gov took 0.21909713745117seconds.
2018:05:22 12:34:19 am Accessibility scan for jacksonrancheria-nsn.gov took 0.00029301643371582seconds.
2018:05:22 12:34:19 am Accessibility scan for ed.gov took 0.17588806152344seconds.
2018:05:22 12:34:19 am Accessibility scan for wrp.gov took 0.17055821418762seconds.
2018:05:22 12:34:20 am Accessibility scan for ftc.gov took 0.20096302032471seconds.
2018:05:22 12:34:20 am Accessibility scan for heritageabroad.gov took 0.17576313018799seconds.
2018:05:22 12:34:20 am Accessibility scan for utahfireinfo.gov took 0.16839098930359seconds.
2018:05:22 12:34:20 am Accessibility scan for bia.gov took 0.17106604576111seconds.
2018:05:22 12:34:20 am Accessibility scan for mymoney.gov took 0.17636513710022seconds.
2018:05:22 12:34:20 am Accessibility scan for mrlc.gov took 0.16174507141113seconds.
2018:05:22 12:34:21 am Accessibility scan for fleta.gov took 0.15660500526428seconds.
2018:05:22 12:34:21 am Accessibility scan for itis.gov took 0.23128795623779seconds.
2018:05:22 12:34:21 am Accessibility scan for lco-nsn.gov took 0.00041604042053223seconds.
2018:05:22 12:34:21 am Accessibility scan for lacoast.gov took 0.18427205085754seconds.
2018:05:22 12:34:21 am Accessibility scan for bls.gov took 0.16459512710571seconds.
2018:05:22 12:34:21 am Accessibility scan for regulations.gov took 0.22280383110046seconds.
2018:05:22 12:34:22 am Accessibility scan for pracomment.gov took 0.15765595436096seconds.
2018:05:22 12:34:22 am Accessibility scan for pepfar.gov took 0.18017983436584seconds.
2018:05:22 12:34:22 am Accessibility scan for fsrs.gov took 0.21601891517639seconds.
2018:05:22 12:34:22 am Accessibility scan for jamesmadison.gov took 0.25029015541077seconds.
2018:05:22 12:34:22 am Accessibility scan for economicinclusion.gov took 0.19372081756592seconds.
2018:05:22 12:34:23 am Accessibility scan for veterans.gov took 0.20002508163452seconds.
2018:05:22 12:34:23 am Accessibility scan for iad.gov took 0.15766286849976seconds.
2018:05:22 12:34:23 am Accessibility scan for laguna-nsn.gov took 0.00023388862609863seconds.
2018:05:22 12:34:23 am Accessibility scan for namus.gov took 0.16220211982727seconds.
2018:05:22 12:34:23 am Accessibility scan for treasurydirect.gov took 0.14764404296875seconds.
2018:05:22 12:34:23 am Accessibility scan for crit-nsn.gov took 0.00040698051452637seconds.
2018:05:22 12:34:23 am Accessibility scan for fnal.gov took 0.16989493370056seconds.
2018:05:22 12:34:23 am Accessibility scan for nrojr.gov took 0.20887517929077seconds.
2018:05:22 12:34:24 am Accessibility scan for sbst.gov took 0.18242001533508seconds.
2018:05:22 12:34:24 am Accessibility scan for fercalt.gov took 0.16614508628845seconds.
2018:05:22 12:34:24 am Accessibility scan for nigc.gov took 0.19268798828125seconds.
2018:05:22 12:34:24 am Accessibility scan for uscirf.gov took 0.21500205993652seconds.
2018:05:22 12:34:24 am Accessibility scan for earthsystemprediction.gov took 0.20786309242249seconds.
2018:05:22 12:34:25 am Accessibility scan for campusdrugprevention.gov took 0.19884896278381seconds.
2018:05:22 12:34:25 am Accessibility scan for lps.gov took 0.16514492034912seconds.
2018:05:22 12:34:25 am Accessibility scan for oversight.gov took 0.19428515434265seconds.
2018:05:22 12:34:25 am Accessibility scan for treaslockbox.gov took 0.15840196609497seconds.
2018:05:22 12:34:25 am Accessibility scan for dotgov.gov took 0.22333097457886seconds.
2018:05:22 12:34:26 am Accessibility scan for vef.gov took 0.18804693222046seconds.
2018:05:22 12:34:26 am Accessibility scan for medlineplus.gov took 0.16811013221741seconds.
2018:05:22 12:34:26 am Accessibility scan for ovc.gov took 0.14977812767029seconds.
2018:05:22 12:34:26 am Accessibility scan for cpars.gov took 0.18857479095459seconds.
2018:05:22 12:34:26 am Accessibility scan for 9-11commission.gov took 0.17172193527222seconds.
2018:05:22 12:34:26 am Accessibility scan for gsaxcess.gov took 0.1636700630188seconds.
2018:05:22 12:34:27 am Accessibility scan for arc.gov took 0.19637203216553seconds.
2018:05:22 12:34:27 am Accessibility scan for nhl.gov took 0.18207907676697seconds.
2018:05:22 12:34:27 am Accessibility scan for cybersecurity.gov took 0.18279695510864seconds.
2018:05:22 12:34:27 am Accessibility scan for mgi.gov took 0.16066789627075seconds.
2018:05:22 12:34:27 am Accessibility scan for fema.gov took 0.17461013793945seconds.
2018:05:22 12:34:27 am Accessibility scan for fedpartnership.gov took 0.17093896865845seconds.
2018:05:22 12:34:28 am Accessibility scan for deaecom.gov took 0.19486308097839seconds.
2018:05:22 12:34:28 am Accessibility scan for ourdocuments.gov took 0.15288591384888seconds.
2018:05:22 12:34:28 am Accessibility scan for marinecadastre.gov took 0.1952121257782seconds.
2018:05:22 12:34:28 am Accessibility scan for nafri.gov took 0.21691393852234seconds.
2018:05:22 12:34:28 am Accessibility scan for labor.gov took 0.18292498588562seconds.
2018:05:22 12:34:29 am Accessibility scan for collegedrinkingprevention.gov took 0.20964598655701seconds.
2018:05:22 12:34:29 am Accessibility scan for caddonation-nsn.gov took 0.00022697448730469seconds.
2018:05:22 12:34:29 am Accessibility scan for opensource.gov took 0.14449715614319seconds.
2018:05:22 12:34:29 am Accessibility scan for clinicaltrials.gov took 0.20447897911072seconds.
2018:05:22 12:34:29 am Accessibility scan for osagecongress-nsn.gov took 0.00024199485778809seconds.
2018:05:22 12:34:29 am Accessibility scan for sba.gov took 0.17117881774902seconds.
2018:05:22 12:34:29 am Accessibility scan for cep.gov took 0.16443991661072seconds.
2018:05:22 12:34:29 am Accessibility scan for uscis.gov took 0.23835587501526seconds.
2018:05:22 12:34:29 am Accessibility scan for crhc-nsn.gov took 0.0002288818359375seconds.
2018:05:22 12:34:30 am Accessibility scan for smokefree.gov took 0.23974800109863seconds.
2018:05:22 12:34:30 am Accessibility scan for recoverymonth.gov took 0.2348849773407seconds.
2018:05:22 12:34:30 am Accessibility scan for visitthecapitol.gov took 0.20446085929871seconds.
2018:05:22 12:34:30 am Accessibility scan for alzheimers.gov took 0.17941093444824seconds.
2018:05:22 12:34:31 am Accessibility scan for fletc.gov took 0.17202115058899seconds.
2018:05:22 12:34:31 am Accessibility scan for consumer.gov took 0.19631004333496seconds.
2018:05:22 12:34:31 am Accessibility scan for aff.gov took 0.20272397994995seconds.
2018:05:22 12:34:31 am Accessibility scan for medalofvalor.gov took 0.14366292953491seconds.
2018:05:22 12:34:31 am Accessibility scan for sno-nsn.gov took 0.00024795532226562seconds.
2018:05:22 12:34:31 am Accessibility scan for anchorit.gov took 0.20713186264038seconds.
2018:05:22 12:34:31 am Accessibility scan for uspsinnovates.gov took 0.1452910900116seconds.
2018:05:22 12:34:31 am Accessibility scan for pawneenation-nsn.gov took 0.00042486190795898seconds.
2018:05:22 12:34:32 am Accessibility scan for homesales.gov took 0.16861605644226seconds.
2018:05:22 12:34:32 am Accessibility scan for fdicseguro.gov took 0.1639940738678seconds.
2018:05:22 12:34:32 am Accessibility scan for fan.gov took 0.16918587684631seconds.
2018:05:22 12:34:32 am Accessibility scan for df.gov took 0.18108487129211seconds.
2018:05:22 12:34:32 am Accessibility scan for nfpors.gov took 0.17840003967285seconds.
2018:05:22 12:34:32 am Accessibility scan for eklutna-nsn.gov took 0.00022315979003906seconds.
2018:05:22 12:34:32 am Accessibility scan for rocis.gov took 0.1743791103363seconds.
2018:05:22 12:34:33 am Accessibility scan for ccac.gov took 0.173504114151seconds.
2018:05:22 12:34:33 am Accessibility scan for nicsezcheckfbi.gov took 0.16178202629089seconds.
2018:05:22 12:34:33 am Accessibility scan for fbi.gov took 0.16807985305786seconds.
2018:05:22 12:34:33 am Accessibility scan for usmarshals.gov took 0.16253805160522seconds.
2018:05:22 12:34:33 am Accessibility scan for hru.gov took 0.19903302192688seconds.
2018:05:22 12:34:34 am Accessibility scan for makinghomeaffordable.gov took 0.20588898658752seconds.
2018:05:22 12:34:34 am Accessibility scan for chippewacree-nsn.gov took 0.00022387504577637seconds.
2018:05:22 12:34:34 am Accessibility scan for ffiec.gov took 0.15690207481384seconds.
2018:05:22 12:34:34 am Accessibility scan for ihs.gov took 0.1871931552887seconds.
2018:05:22 12:34:34 am Accessibility scan for computersforlearning.gov took 0.13902306556702seconds.
2018:05:22 12:34:34 am Accessibility scan for inl.gov took 0.1879620552063seconds.
2018:05:22 12:34:34 am Accessibility scan for fda.gov took 0.19547700881958seconds.
2018:05:22 12:34:35 am Accessibility scan for frpg.gov took 0.18530201911926seconds.
2018:05:22 12:34:35 am Accessibility scan for donaciondeorganos.gov took 0.18374109268188seconds.
2018:05:22 12:34:35 am Accessibility scan for pclob.gov took 0.15936899185181seconds.
2018:05:22 12:34:35 am Accessibility scan for osagenation-nsn.gov took 0.00022387504577637seconds.
2018:05:22 12:34:35 am Accessibility scan for dol.gov took 0.17910003662109seconds.
2018:05:22 12:34:35 am Accessibility scan for tsa.gov took 0.17272996902466seconds.
2018:05:22 12:34:35 am Accessibility scan for nersc.gov took 0.16309785842896seconds.
2018:05:22 12:34:36 am Accessibility scan for g5.gov took 0.21919393539429seconds.
2018:05:22 12:34:36 am Accessibility scan for jobcorps.gov took 0.23516392707825seconds.
2018:05:22 12:34:36 am Accessibility scan for telework.gov took 0.22732496261597seconds.
2018:05:22 12:34:36 am Accessibility scan for fws.gov took 0.14909887313843seconds.
2018:05:22 12:34:36 am Accessibility scan for eac.gov took 0.16477203369141seconds.
2018:05:22 12:34:37 am Accessibility scan for girlshealth.gov took 0.14932298660278seconds.
2018:05:22 12:34:37 am Accessibility scan for shoalwaterbay-nsn.gov took 0.00023102760314941seconds.
2018:05:22 12:34:37 am Accessibility scan for nitrd.gov took 0.19560503959656seconds.
2018:05:22 12:34:37 am Accessibility scan for fincen.gov took 0.17999386787415seconds.
2018:05:22 12:34:37 am Accessibility scan for fec.gov took 0.16407704353333seconds.
2018:05:22 12:34:37 am Accessibility scan for climate.gov took 0.25051188468933seconds.
2018:05:22 12:34:38 am Accessibility scan for usaspending.gov took 0.21423721313477seconds.
2018:05:22 12:34:38 am Accessibility scan for eisenhowermemorial.gov took 0.15638899803162seconds.
2018:05:22 12:34:38 am Accessibility scan for identitytheft.gov took 0.16309404373169seconds.
2018:05:22 12:34:38 am Accessibility scan for bnl.gov took 0.26177096366882seconds.
2018:05:22 12:34:38 am Accessibility scan for fmshrc.gov took 0.21895313262939seconds.
2018:05:22 12:34:39 am Accessibility scan for symbols.gov took 0.18203806877136seconds.
2018:05:22 12:34:39 am Accessibility scan for vote.gov took 0.20364904403687seconds.
2018:05:22 12:34:39 am Accessibility scan for chcoc.gov took 0.15030980110168seconds.
2018:05:22 12:34:39 am Accessibility scan for fhfaoig.gov took 0.18418192863464seconds.
2018:05:22 12:34:39 am Accessibility scan for yakamanation-nsn.gov took 0.00025796890258789seconds.
2018:05:22 12:34:39 am Accessibility scan for geomac.gov took 0.17360281944275seconds.
2018:05:22 12:34:39 am Accessibility scan for cuidadodesalud.gov took 0.17165017127991seconds.
2018:05:22 12:34:40 am Accessibility scan for hirevets.gov took 0.22826981544495seconds.
2018:05:22 12:34:40 am Accessibility scan for globalchange.gov took 0.18258619308472seconds.
2018:05:22 12:34:40 am Accessibility scan for lsc.gov took 0.18855595588684seconds.
2018:05:22 12:34:40 am Accessibility scan for smartgrid.gov took 0.1854989528656seconds.
2018:05:22 12:34:40 am Accessibility scan for wiltonrancheria-nsn.gov took 0.00041389465332031seconds.
2018:05:22 12:34:40 am Accessibility scan for eyenote.gov took 0.14220404624939seconds.
2018:05:22 12:34:41 am Accessibility scan for ahrq.gov took 0.24870300292969seconds.
2018:05:22 12:34:41 am Accessibility scan for ssab.gov took 0.18129992485046seconds.
2018:05:22 12:34:41 am Accessibility scan for mcn-nsn.gov took 0.00039792060852051seconds.
2018:05:22 12:34:41 am Accessibility scan for usda.gov took 0.24500799179077seconds.
2018:05:22 12:34:41 am Accessibility scan for ready.gov took 0.17076396942139seconds.
2018:05:22 12:34:41 am Accessibility scan for jccs.gov took 0.16728711128235seconds.
2018:05:22 12:34:42 am Accessibility scan for bosque.gov took 0.17558097839355seconds.
2018:05:22 12:34:42 am Accessibility scan for nutrition.gov took 0.17829704284668seconds.
2018:05:22 12:34:42 am Accessibility scan for mashpeewampanoagtribe-nsn.gov took 0.00025010108947754seconds.
2018:05:22 12:34:42 am Accessibility scan for srs.gov took 0.16142416000366seconds.
2018:05:22 12:34:42 am Accessibility scan for ethicsburg.gov took 0.22018909454346seconds.
2018:05:22 12:34:42 am Accessibility scan for samhsa.gov took 0.14760994911194seconds.
2018:05:22 12:34:42 am Accessibility scan for helpwithmybank.gov took 0.21305799484253seconds.
2018:05:22 12:34:43 am Accessibility scan for smartcheck.gov took 0.18964004516602seconds.
2018:05:22 12:34:43 am Accessibility scan for stopbullying.gov took 0.15178799629211seconds.
2018:05:22 12:34:43 am Accessibility scan for tulaliptribes-nsn.gov took 0.00045108795166016seconds.
2018:05:22 12:34:43 am Accessibility scan for fdic.gov took 0.19098401069641seconds.
2018:05:22 12:34:43 am Accessibility scan for usembassy.gov took 0.15957498550415seconds.
2018:05:22 12:34:43 am Accessibility scan for sciencebase.gov took 0.21337008476257seconds.
2018:05:22 12:34:44 am Accessibility scan for coralreef.gov took 0.16462993621826seconds.
2018:05:22 12:34:44 am Accessibility scan for pppl.gov took 0.16366004943848seconds.
2018:05:22 12:34:44 am Accessibility scan for crt2014-2024review.gov took 0.15412998199463seconds.
2018:05:22 12:34:44 am Accessibility scan for fbijobs.gov took 0.14125609397888seconds.
2018:05:22 12:34:44 am Accessibility scan for moneyfactory.gov took 0.16464519500732seconds.
2018:05:22 12:34:44 am Accessibility scan for empowhr.gov took 0.1550669670105seconds.
2018:05:22 12:34:45 am Accessibility scan for ice.gov took 0.20822405815125seconds.
2018:05:22 12:34:45 am Accessibility scan for usdebitcard.gov took 0.16253399848938seconds.
2018:05:22 12:34:45 am Accessibility scan for nwtrb.gov took 0.19800400733948seconds.
2018:05:22 12:34:45 am Accessibility scan for acl.gov took 0.18008899688721seconds.
2018:05:22 12:34:45 am Accessibility scan for safecom.gov took 0.16289591789246seconds.
2018:05:22 12:34:45 am Accessibility scan for intelligencecareers.gov took 0.18083715438843seconds.
2018:05:22 12:34:46 am Accessibility scan for consumersentinel.gov took 0.21890497207642seconds.
2018:05:22 12:34:46 am Accessibility scan for nehrp.gov took 0.1622908115387seconds.
2018:05:22 12:34:46 am Accessibility scan for opm.gov took 0.18751502037048seconds.
2018:05:22 12:34:46 am Accessibility scan for consumidor.gov took 0.25238800048828seconds.
2018:05:22 12:34:46 am Accessibility scan for helpwithmymortgage.gov took 0.18439102172852seconds.
2018:05:22 12:34:47 am Accessibility scan for fca.gov took 0.20414996147156seconds.
2018:05:22 12:34:47 am Accessibility scan for cfa.gov took 0.1451690196991seconds.
2018:05:22 12:34:47 am Accessibility scan for digitaldashboard.gov took 0.17937803268433seconds.
2018:05:22 12:34:47 am Accessibility scan for eia.gov took 0.18569707870483seconds.
2018:05:22 12:34:47 am Accessibility scan for nrel.gov took 0.22174906730652seconds.
2018:05:22 12:34:48 am Accessibility scan for nano.gov took 0.21644401550293seconds.
2018:05:22 12:34:48 am Accessibility scan for youthrules.gov took 0.20026302337646seconds.
2018:05:22 12:34:48 am Accessibility scan for swpa.gov took 0.19059681892395seconds.
2018:05:22 12:34:48 am Accessibility scan for eyak-nsn.gov took 0.00041913986206055seconds.
2018:05:22 12:34:48 am Accessibility scan for frtib.gov took 0.16643881797791seconds.
2018:05:22 12:34:48 am Accessibility scan for nationalgangcenter.gov took 0.20477509498596seconds.
2018:05:22 12:34:49 am Accessibility scan for fai.gov took 0.28336596488953seconds.
2018:05:22 12:34:49 am Accessibility scan for citizenscience.gov took 0.18353796005249seconds.
2018:05:22 12:34:49 am Accessibility scan for search.gov took 0.15362095832825seconds.
2018:05:22 12:34:49 am Accessibility scan for federalinvestments.gov took 0.18338084220886seconds.
2018:05:22 12:34:49 am Accessibility scan for dsac.gov took 0.17366313934326seconds.
2018:05:22 12:34:50 am Accessibility scan for oge.gov took 0.18078899383545seconds.
2018:05:22 12:34:50 am Accessibility scan for ojp.gov took 0.16353607177734seconds.
2018:05:22 12:34:50 am Accessibility scan for tonation-nsn.gov took 0.00038599967956543seconds.
2018:05:22 12:34:50 am Accessibility scan for iawg.gov took 0.24507212638855seconds.
2018:05:22 12:34:50 am Accessibility scan for us-cert.gov took 0.16278195381165seconds.
2018:05:22 12:34:50 am Accessibility scan for unlocktalent.gov took 0.19166803359985seconds.
2018:05:22 12:34:51 am Accessibility scan for osac.gov took 0.22840404510498seconds.
2018:05:22 12:34:51 am Accessibility scan for onrr.gov took 0.1566469669342seconds.
2018:05:22 12:34:51 am Accessibility scan for macpac.gov took 0.2607250213623seconds.
2018:05:22 12:34:51 am Accessibility scan for hrsa.gov took 0.18633198738098seconds.
2018:05:22 12:34:51 am Accessibility scan for 911commission.gov took 0.17507696151733seconds.
2018:05:22 12:34:51 am Accessibility scan for ftcefile.gov took 0.16460800170898seconds.
2018:05:22 12:34:52 am Accessibility scan for osmre.gov took 0.19203591346741seconds.
2018:05:22 12:34:52 am Accessibility scan for treasuryscams.gov took 0.2378408908844seconds.
2018:05:22 12:34:52 am Accessibility scan for nrc.gov took 0.22282314300537seconds.
2018:05:22 12:34:52 am Accessibility scan for srmt-nsn.gov took 0.00074005126953125seconds.
2018:05:22 12:34:52 am Accessibility scan for landimaging.gov took 0.19491720199585seconds.
2018:05:22 12:34:52 am Accessibility scan for ssa.gov took 0.14515209197998seconds.
2018:05:22 12:34:53 am Accessibility scan for fueleconomy.gov took 0.17888998985291seconds.
2018:05:22 12:34:53 am Accessibility scan for scijinks.gov took 0.1744430065155seconds.
2018:05:22 12:34:53 am Accessibility scan for agingstats.gov took 0.22992897033691seconds.
2018:05:22 12:34:53 am Accessibility scan for sji.gov took 0.23209095001221seconds.
2018:05:22 12:34:53 am Accessibility scan for usphs.gov took 0.15891695022583seconds.
2018:05:22 12:34:54 am Accessibility scan for alaskacenters.gov took 0.17063903808594seconds.
2018:05:22 12:34:54 am Accessibility scan for usastaffing.gov took 0.16839408874512seconds.
2018:05:22 12:34:54 am Accessibility scan for fhfa.gov took 0.1676619052887seconds.
2018:05:22 12:34:54 am Accessibility scan for 2020census.gov took 0.21331810951233seconds.
2018:05:22 12:34:54 am Accessibility scan for pmi.gov took 0.16046285629272seconds.
2018:05:22 12:34:55 am Accessibility scan for isotopes.gov took 0.24720287322998seconds.
2018:05:22 12:34:55 am Accessibility scan for 911.gov took 0.14588093757629seconds.
2018:05:22 12:34:55 am Accessibility scan for boem.gov took 0.21802806854248seconds.
2018:05:22 12:34:55 am Accessibility scan for ic3.gov took 0.17725896835327seconds.
2018:05:22 12:34:55 am Accessibility scan for fcc.gov took 0.17581510543823seconds.
2018:05:22 12:34:55 am Accessibility scan for myira.gov took 0.1886830329895seconds.
2018:05:22 12:34:56 am Accessibility scan for tax.gov took 0.20961499214172seconds.
2018:05:22 12:34:56 am Accessibility scan for govbenefits.gov took 0.19289803504944seconds.
2018:05:22 12:34:56 am Accessibility scan for hopi-nsn.gov took 0.00030279159545898seconds.
2018:05:22 12:34:56 am Accessibility scan for menominee-nsn.gov took 0.00025296211242676seconds.
2018:05:22 12:34:56 am Accessibility scan for nationalbankhelp.gov took 0.17492604255676seconds.
2018:05:22 12:34:56 am Accessibility scan for trade.gov took 0.17439293861389seconds.
2018:05:22 12:34:56 am Accessibility scan for osti.gov took 0.18775296211243seconds.
2018:05:22 12:34:57 am Accessibility scan for grantsolutions.gov took 0.1657509803772seconds.
2018:05:22 12:34:57 am Accessibility scan for usich.gov took 0.20468902587891seconds.
2018:05:22 12:34:57 am Accessibility scan for sacandfoxnation-nsn.gov took 0.00023698806762695seconds.
2018:05:22 12:34:57 am Accessibility scan for sanmanuel-nsn.gov took 0.00020098686218262seconds.
2018:05:22 12:34:57 am Accessibility scan for oneida-nsn.gov took 0.00019598007202148seconds.
2018:05:22 12:34:57 am Accessibility scan for cio.gov took 0.15953993797302seconds.
2018:05:22 12:34:57 am Accessibility scan for helpwithmycheckingaccount.gov took 0.16923999786377seconds.
2018:05:22 12:34:57 am Accessibility scan for bankcustomer.gov took 0.22656393051147seconds.
2018:05:22 12:34:58 am Accessibility scan for youth.gov took 0.18292593955994seconds.
2018:05:22 12:34:58 am Accessibility scan for eta-find.gov took 0.1930091381073seconds.
2018:05:22 12:34:58 am Accessibility scan for presidio.gov took 0.23222017288208seconds.
2018:05:22 12:34:58 am Accessibility scan for comptrollerofthecurrency.gov took 0.21082901954651seconds.
2018:05:22 12:34:58 am Accessibility scan for docline.gov took 0.16072702407837seconds.
2018:05:22 12:34:58 am Accessibility scan for data.gov took 0.18234801292419seconds.
2018:05:22 12:34:59 am Accessibility scan for realestatesales.gov took 0.22209000587463seconds.
2018:05:22 12:34:59 am Accessibility scan for uppersiouxcommunity-nsn.gov took 0.00024294853210449seconds.
2018:05:22 12:34:59 am Accessibility scan for watermonitor.gov took 0.16145396232605seconds.
2018:05:22 12:34:59 am Accessibility scan for performance.gov took 0.15158796310425seconds.
2018:05:22 12:34:59 am Accessibility scan for nsopw.gov took 0.18821406364441seconds.
2018:05:22 12:34:59 am Accessibility scan for hanford.gov took 0.17401003837585seconds.
2018:05:22 12:34:59 am Accessibility Scans for all domains is finished.
2018:05:22 12:34:59 am Running Technology Scan for site bebest.gov
2018:05:22 12:35:06 am 
Start Domain and SSL Scan for bebest.gov
2018:05:22 12:35:10 am Executed Command ' dig bebest.gov +short ' Successfully
2018:05:22 12:35:10 am Executed Command ' dig bebest.gov +short ' Successfully
2018:05:22 12:35:19 am Executed Command ' dig +dnssec bebest.gov @8.8.8.8|grep -i 'rrsig' ' Successfully
2018:05:22 12:35:19 am Executed Command ' nslookup -q=aaaa bebest.gov ' Successfully
2018:05:22 12:35:19 am Executed Command ' dig AAAA +short bebest.gov ' Successfully
2018:05:22 12:35:19 am 
Start HTTPS and DAP Scan bebest.gov
2018:05:22 12:37:26 am Get Latest Websites and data from Pulse

2018:05:22 12:37:26 am Starting Scan
2018:05:22 12:37:27 am Collecting HTTPS and DAP data from Pulse
2018:05:22 12:37:27 am Running Technology Scan for site safetyvideos.gov
2018:05:22 12:37:32 am 
Start Domain and SSL Scan for safetyvideos.gov
2018:05:22 12:37:34 am Executed Command ' dig safetyvideos.gov +short ' Successfully
2018:05:22 12:37:34 am Executed Command ' dig safetyvideos.gov +short ' Successfully
2018:05:22 12:37:44 am Command dig +dnssec safetyvideos.gov @8.8.8.8|grep -i 'rrsig' Failed
2018:05:22 12:37:44 am Executed Command ' nslookup -q=aaaa safetyvideos.gov ' Successfully
2018:05:22 12:37:44 am Executed Command ' dig AAAA +short safetyvideos.gov ' Successfully
2018:05:22 12:37:44 am 
Start HTTPS and DAP Scan safetyvideos.gov
2018:05:22 01:03:35 am Get Latest Websites and data from Pulse

2018:05:22 11:56:22 pm Get Latest Websites and data from Pulse

2018:05:22 11:56:22 pm Starting Scan
2018:05:22 11:56:28 pm Collecting HTTPS and DAP data from Pulse
