2017:12:27 11:49:47 pm Starting Scan
2017:12:27 11:49:47 pm Collecting HTTPS and DAP data from Pulse
2017:12:27 11:50:58 pm Accessibility scan for foreignassistance.gov took 1.2155239582062seconds.
2017:12:27 11:50:58 pm Accessibility scan for nrel.gov took 0.18041014671326seconds.
2017:12:27 11:50:58 pm Accessibility scan for youth.gov took 0.13077092170715seconds.
2017:12:27 11:50:58 pm Accessibility scan for uspsinnovates.gov took 0.12579321861267seconds.
2017:12:27 11:50:58 pm Accessibility scan for badriver-nsn.gov took 0.00029993057250977seconds.
2017:12:27 11:50:58 pm Accessibility scan for nafri.gov took 0.21912789344788seconds.
2017:12:27 11:50:58 pm Accessibility scan for bnl.gov took 0.15141606330872seconds.
2017:12:27 11:50:59 pm Accessibility scan for psc.gov took 0.14785385131836seconds.
2017:12:27 11:50:59 pm Accessibility scan for santarosacahuilla-nsn.gov took 0.00029706954956055seconds.
2017:12:27 11:50:59 pm Accessibility scan for choosemyplate.gov took 0.14743185043335seconds.
2017:12:27 11:50:59 pm Accessibility scan for guideline.gov took 0.13456797599792seconds.
2017:12:27 11:50:59 pm Accessibility scan for casl.gov took 0.12775087356567seconds.
2017:12:27 11:50:59 pm Accessibility scan for fireleadership.gov took 0.12363505363464seconds.
2017:12:27 11:50:59 pm Accessibility scan for bls.gov took 0.1348659992218seconds.
2017:12:27 11:50:59 pm Accessibility scan for uppersiouxcommunity-nsn.gov took 0.00029683113098145seconds.
2017:12:27 11:50:59 pm Accessibility scan for morongo-nsn.gov took 0.0009920597076416seconds.
2017:12:27 11:50:59 pm Accessibility scan for mtc.gov took 0.00090408325195312seconds.
2017:12:27 11:50:59 pm Accessibility scan for feb.gov took 0.16487312316895seconds.
2017:12:27 11:51:00 pm Accessibility scan for federalinvestments.gov took 0.14216709136963seconds.
2017:12:27 11:51:00 pm Accessibility scan for acl.gov took 0.158931016922seconds.
2017:12:27 11:51:00 pm Accessibility scan for gsaadvantage.gov took 0.14886903762817seconds.
2017:12:27 11:51:00 pm Accessibility scan for fishwatch.gov took 0.13836908340454seconds.
2017:12:27 11:51:00 pm Accessibility scan for citizenscience.gov took 0.13761401176453seconds.
2017:12:27 11:51:00 pm Accessibility scan for ameslab.gov took 0.13548994064331seconds.
2017:12:27 11:51:00 pm Accessibility scan for 911.gov took 0.13338589668274seconds.
2017:12:27 11:51:01 pm Accessibility scan for hru.gov took 0.18060302734375seconds.
2017:12:27 11:51:01 pm Accessibility scan for nrc.gov took 0.1428849697113seconds.
2017:12:27 11:51:01 pm Accessibility scan for ntsb.gov took 0.13560390472412seconds.
2017:12:27 11:51:01 pm Accessibility scan for america.gov took 0.15470004081726seconds.
2017:12:27 11:51:01 pm Accessibility scan for otoe-nsn.gov took 0.00029110908508301seconds.
2017:12:27 11:51:01 pm Accessibility scan for nij.gov took 0.12419509887695seconds.
2017:12:27 11:51:01 pm Accessibility scan for oea.gov took 0.14792895317078seconds.
2017:12:27 11:51:01 pm Accessibility scan for rivers.gov took 0.12943506240845seconds.
2017:12:27 11:51:02 pm Accessibility scan for govloans.gov took 0.16922307014465seconds.
2017:12:27 11:51:02 pm Accessibility scan for firstnet.gov took 0.1705310344696seconds.
2017:12:27 11:51:02 pm Accessibility scan for idmanagement.gov took 0.15961217880249seconds.
2017:12:27 11:51:02 pm Accessibility scan for continentalshelf.gov took 0.14285516738892seconds.
2017:12:27 11:51:02 pm Accessibility scan for mrlc.gov took 0.18982601165771seconds.
2017:12:27 11:51:02 pm Accessibility scan for usaseanconnect.gov took 0.15087413787842seconds.
2017:12:27 11:51:03 pm Accessibility scan for mentalhealth.gov took 0.13513278961182seconds.
2017:12:27 11:51:03 pm Accessibility scan for foia.gov took 0.1363308429718seconds.
2017:12:27 11:51:03 pm Accessibility scan for pokagonband-nsn.gov took 0.00029397010803223seconds.
2017:12:27 11:51:03 pm Accessibility scan for usajobs.gov took 0.14502692222595seconds.
2017:12:27 11:51:03 pm Accessibility scan for oneida-nsn.gov took 0.0003049373626709seconds.
2017:12:27 11:51:03 pm Accessibility scan for estoo-nsn.gov took 0.0002448558807373seconds.
2017:12:27 11:51:03 pm Accessibility scan for scottsvalley-nsn.gov took 0.00024795532226562seconds.
2017:12:27 11:51:03 pm Accessibility scan for telework.gov took 0.1354968547821seconds.
2017:12:27 11:51:03 pm Accessibility scan for crow-nsn.gov took 0.00028395652770996seconds.
2017:12:27 11:51:03 pm Accessibility scan for irs.gov took 0.14891600608826seconds.
2017:12:27 11:51:03 pm Accessibility scan for tolowa-nsn.gov took 0.0003049373626709seconds.
2017:12:27 11:51:03 pm Accessibility scan for search.gov took 0.1299159526825seconds.
2017:12:27 11:51:03 pm Accessibility scan for godirect.gov took 0.15290808677673seconds.
2017:12:27 11:51:04 pm Accessibility scan for workplace.gov took 0.16438698768616seconds.
2017:12:27 11:51:04 pm Accessibility scan for asc.gov took 0.1450788974762seconds.
2017:12:27 11:51:04 pm Accessibility scan for preserveamerica.gov took 0.16004610061646seconds.
2017:12:27 11:51:04 pm Accessibility scan for stateoig.gov took 0.14886283874512seconds.
2017:12:27 11:51:04 pm Accessibility scan for foodsafety.gov took 0.15928602218628seconds.
2017:12:27 11:51:04 pm Accessibility scan for digitalliteracy.gov took 0.1479389667511seconds.
2017:12:27 11:51:04 pm Accessibility scan for jamesmadison.gov took 0.14984083175659seconds.
2017:12:27 11:51:05 pm Accessibility scan for presidentialserviceawards.gov took 0.29581809043884seconds.
2017:12:27 11:51:05 pm Accessibility scan for omaha-nsn.gov took 0.00028705596923828seconds.
2017:12:27 11:51:05 pm Accessibility scan for eeoc.gov took 0.21290707588196seconds.
2017:12:27 11:51:05 pm Accessibility scan for fvap.gov took 0.14322686195374seconds.
2017:12:27 11:51:05 pm Accessibility scan for realestatesales.gov took 0.1399610042572seconds.
2017:12:27 11:51:05 pm Accessibility scan for drought.gov took 0.136873960495seconds.
2017:12:27 11:51:06 pm Accessibility scan for nbc.gov took 0.14978790283203seconds.
2017:12:27 11:51:06 pm Accessibility scan for nasa.gov took 0.16950988769531seconds.
2017:12:27 11:51:06 pm Accessibility scan for letgirlslearn.gov took 0.14846396446228seconds.
2017:12:27 11:51:06 pm Accessibility scan for achp.gov took 0.14452409744263seconds.
2017:12:27 11:51:06 pm Accessibility scan for medlineplus.gov took 0.14120101928711seconds.
2017:12:27 11:51:06 pm Accessibility scan for ustr.gov took 0.15416193008423seconds.
2017:12:27 11:51:06 pm Accessibility scan for whistleblower.gov took 0.14066696166992seconds.
2017:12:27 11:51:07 pm Accessibility scan for e-enterprise.gov took 0.13972997665405seconds.
2017:12:27 11:51:07 pm Accessibility scan for mymoney.gov took 0.15277504920959seconds.
2017:12:27 11:51:07 pm Accessibility scan for crit-nsn.gov took 0.00026798248291016seconds.
2017:12:27 11:51:07 pm Accessibility scan for cpnireporting.gov took 0.12158489227295seconds.
2017:12:27 11:51:07 pm Accessibility scan for nwcg.gov took 0.1294469833374seconds.
2017:12:27 11:51:07 pm Accessibility scan for coralreef.gov took 0.1852719783783seconds.
2017:12:27 11:51:07 pm Accessibility scan for opm.gov took 0.16332411766052seconds.
2017:12:27 11:51:07 pm Accessibility scan for cfda.gov took 0.13934016227722seconds.
2017:12:27 11:51:07 pm Accessibility scan for sacandfoxnation-nsn.gov took 0.00031089782714844seconds.
2017:12:27 11:51:08 pm Accessibility scan for science.gov took 0.1755518913269seconds.
2017:12:27 11:51:08 pm Accessibility scan for reaganlibrary.gov took 0.27120900154114seconds.
2017:12:27 11:51:08 pm Accessibility scan for airnow.gov took 0.43708181381226seconds.
2017:12:27 11:51:09 pm Accessibility scan for epa.gov took 0.27606415748596seconds.
2017:12:27 11:51:09 pm Accessibility scan for helpwithmybank.gov took 0.14419412612915seconds.
2017:12:27 11:51:09 pm Accessibility scan for capnhq.gov took 0.28135919570923seconds.
2017:12:27 11:51:09 pm Accessibility scan for poolsafely.gov took 0.14932012557983seconds.
2017:12:27 11:51:09 pm Accessibility scan for vote.gov took 0.13189005851746seconds.
2017:12:27 11:51:09 pm Accessibility scan for scijinks.gov took 0.13209390640259seconds.
2017:12:27 11:51:10 pm Accessibility scan for malwareinvestigator.gov took 0.14862489700317seconds.
2017:12:27 11:51:10 pm Accessibility scan for poolsafety.gov took 0.13880205154419seconds.
2017:12:27 11:51:10 pm Accessibility scan for pepfar.gov took 0.23466515541077seconds.
2017:12:27 11:51:10 pm Accessibility scan for fan.gov took 0.17597484588623seconds.
2017:12:27 11:51:10 pm Accessibility scan for jem.gov took 0.1933741569519seconds.
2017:12:27 11:51:10 pm Accessibility scan for whistleblowers.gov took 0.1452100276947seconds.
2017:12:27 11:51:11 pm Accessibility scan for landimaging.gov took 0.1468517780304seconds.
2017:12:27 11:51:11 pm Accessibility scan for srs.gov took 0.13531279563904seconds.
2017:12:27 11:51:11 pm Accessibility scan for treasuryhunt.gov took 0.13763380050659seconds.
2017:12:27 11:51:11 pm Accessibility scan for digital.gov took 0.13581895828247seconds.
2017:12:27 11:51:11 pm Accessibility scan for treasurydirect.gov took 0.17630505561829seconds.
2017:12:27 11:51:11 pm Accessibility scan for mashpeewampanoagtribe-nsn.gov took 0.00032997131347656seconds.
2017:12:27 11:51:11 pm Accessibility scan for health.gov took 0.14201903343201seconds.
2017:12:27 11:51:11 pm Accessibility scan for wrp.gov took 0.13153505325317seconds.
2017:12:27 11:51:11 pm Accessibility scan for tonation-nsn.gov took 0.00029301643371582seconds.
2017:12:27 11:51:12 pm Accessibility scan for moneyfactorystore.gov took 0.21309685707092seconds.
2017:12:27 11:51:12 pm Accessibility scan for digitaldashboard.gov took 0.12410593032837seconds.
2017:12:27 11:51:12 pm Accessibility scan for childreninadversity.gov took 0.132248878479seconds.
2017:12:27 11:51:12 pm Accessibility scan for medicaid.gov took 0.1259970664978seconds.
2017:12:27 11:51:12 pm Accessibility scan for afrh.gov took 0.16658592224121seconds.
2017:12:27 11:51:12 pm Accessibility scan for ussm.gov took 0.1419370174408seconds.
2017:12:27 11:51:13 pm Accessibility scan for flightschoolcandidates.gov took 0.1371910572052seconds.
2017:12:27 11:51:13 pm Accessibility scan for vehiclehistory.gov took 0.13581800460815seconds.
2017:12:27 11:51:13 pm Accessibility scan for rrb.gov took 0.21473908424377seconds.
2017:12:27 11:51:13 pm Accessibility scan for cpars.gov took 0.14289903640747seconds.
2017:12:27 11:51:13 pm Accessibility scan for mesagrandeband-nsn.gov took 0.00037789344787598seconds.
2017:12:27 11:51:13 pm Accessibility scan for nationalbanknet.gov took 0.20254683494568seconds.
2017:12:27 11:51:13 pm Accessibility scan for volunteer.gov took 0.1378071308136seconds.
2017:12:27 11:51:14 pm Accessibility scan for vef.gov took 0.14196419715881seconds.
2017:12:27 11:51:14 pm Accessibility scan for tulerivertribe-nsn.gov took 0.00027799606323242seconds.
2017:12:27 11:51:14 pm Accessibility scan for micmac-nsn.gov took 0.00026202201843262seconds.
2017:12:27 11:51:14 pm Accessibility scan for lca.gov took 0.15766787528992seconds.
2017:12:27 11:51:14 pm Accessibility scan for fbijobs.gov took 0.13880205154419seconds.
2017:12:27 11:51:14 pm Accessibility scan for savingsbondwizard.gov took 0.12668704986572seconds.
2017:12:27 11:51:14 pm Accessibility scan for tsunami.gov took 0.13858890533447seconds.
2017:12:27 11:51:14 pm Accessibility scan for sac.gov took 0.13908505439758seconds.
2017:12:27 11:51:14 pm Accessibility scan for neh.gov took 0.13838887214661seconds.
2017:12:27 11:51:14 pm Accessibility scan for recreation.gov took 0.14661312103271seconds.
2017:12:27 11:51:15 pm Accessibility scan for investor.gov took 0.16097402572632seconds.
2017:12:27 11:51:15 pm Accessibility scan for collegedrinkingprevention.gov took 0.14348816871643seconds.
2017:12:27 11:51:15 pm Accessibility scan for fs.fed.us took 0.14776301383972seconds.
2017:12:27 11:51:15 pm Accessibility scan for presidio.gov took 0.14422607421875seconds.
2017:12:27 11:51:15 pm Accessibility scan for doioig.gov took 0.16556406021118seconds.
2017:12:27 11:51:15 pm Accessibility scan for ncrc.gov took 0.14183712005615seconds.
2017:12:27 11:51:16 pm Accessibility scan for fai.gov took 0.13733196258545seconds.
2017:12:27 11:51:16 pm Accessibility scan for fcc.gov took 0.13724613189697seconds.
2017:12:27 11:51:16 pm Accessibility scan for dra.gov took 0.15789103507996seconds.
2017:12:27 11:51:16 pm Accessibility scan for pmi.gov took 0.14586186408997seconds.
2017:12:27 11:51:16 pm Accessibility scan for ssa.gov took 0.146164894104seconds.
2017:12:27 11:51:16 pm Accessibility scan for isletapueblo-nsn.gov took 0.00037598609924316seconds.
2017:12:27 11:51:16 pm Accessibility scan for lacoast.gov took 0.15733289718628seconds.
2017:12:27 11:51:16 pm Accessibility scan for mohican-nsn.gov took 0.0003960132598877seconds.
2017:12:27 11:51:16 pm Accessibility scan for qvir-nsn.gov took 0.00026202201843262seconds.
2017:12:27 11:51:16 pm Accessibility scan for stopfraud.gov took 0.1348249912262seconds.
2017:12:27 11:51:17 pm Accessibility scan for firstrespondertraining.gov took 0.13490390777588seconds.
2017:12:27 11:51:17 pm Accessibility scan for ncua.gov took 0.18549704551697seconds.
2017:12:27 11:51:17 pm Accessibility scan for amtrakoig.gov took 0.15406799316406seconds.
2017:12:27 11:51:17 pm Accessibility scan for bea.gov took 0.14688491821289seconds.
2017:12:27 11:51:17 pm Accessibility scan for crt2014-2024review.gov took 0.14936089515686seconds.
2017:12:27 11:51:17 pm Accessibility scan for sss.gov took 0.16991591453552seconds.
2017:12:27 11:51:18 pm Accessibility scan for vets.gov took 0.16545104980469seconds.
2017:12:27 11:51:18 pm Accessibility scan for nih.gov took 0.16235399246216seconds.
2017:12:27 11:51:18 pm Accessibility scan for wapa.gov took 0.14509201049805seconds.
2017:12:27 11:51:18 pm Accessibility scan for peacecorps.gov took 0.13757991790771seconds.
2017:12:27 11:51:18 pm Accessibility scan for fmcs.gov took 0.13923478126526seconds.
2017:12:27 11:51:18 pm Accessibility scan for ssab.gov took 0.16793894767761seconds.
2017:12:27 11:51:18 pm Accessibility scan for research.gov took 0.17429304122925seconds.
2017:12:27 11:51:19 pm Accessibility scan for cttso.gov took 0.15578508377075seconds.
2017:12:27 11:51:19 pm Accessibility scan for ncirc.gov took 0.16404104232788seconds.
2017:12:27 11:51:19 pm Accessibility scan for mycreditunion.gov took 0.16594099998474seconds.
2017:12:27 11:51:19 pm Accessibility scan for earthsystemprediction.gov took 0.18468189239502seconds.
2017:12:27 11:51:19 pm Accessibility scan for cdfifund.gov took 0.16249012947083seconds.
2017:12:27 11:51:19 pm Accessibility scan for fedramp.gov took 0.14199113845825seconds.
2017:12:27 11:51:19 pm Accessibility scan for tachi-yokut-nsn.gov took 0.00035309791564941seconds.
2017:12:27 11:51:20 pm Accessibility scan for empowhr.gov took 0.16495084762573seconds.
2017:12:27 11:51:20 pm Accessibility scan for caddonation-nsn.gov took 0.0003662109375seconds.
2017:12:27 11:51:20 pm Accessibility scan for msha.gov took 0.1366879940033seconds.
2017:12:27 11:51:20 pm Accessibility scan for faasafety.gov took 0.19293904304504seconds.
2017:12:27 11:51:20 pm Accessibility scan for fercalt.gov took 0.14043092727661seconds.
2017:12:27 11:51:20 pm Accessibility scan for taaps.gov took 0.13390111923218seconds.
2017:12:27 11:51:20 pm Accessibility scan for ojp.gov took 0.14151215553284seconds.
2017:12:27 11:51:20 pm Accessibility scan for locatorplus.gov took 0.14536380767822seconds.
2017:12:27 11:51:21 pm Accessibility scan for itap.gov took 0.13631701469421seconds.
2017:12:27 11:51:21 pm Accessibility scan for geomac.gov took 0.14560008049011seconds.
2017:12:27 11:51:21 pm Accessibility scan for nsf.gov took 0.1439380645752seconds.
2017:12:27 11:51:21 pm Accessibility scan for nationalmap.gov took 0.14293813705444seconds.
2017:12:27 11:51:21 pm Accessibility scan for section508.gov took 0.14620590209961seconds.
2017:12:27 11:51:21 pm Accessibility scan for endingthedocumentgame.gov took 0.12309384346008seconds.
2017:12:27 11:51:21 pm Accessibility scan for treasury.gov took 0.17219686508179seconds.
2017:12:27 11:51:22 pm Accessibility scan for pppl.gov took 0.21180200576782seconds.
2017:12:27 11:51:22 pm Accessibility scan for ttbonline.gov took 0.12971782684326seconds.
2017:12:27 11:51:22 pm Accessibility scan for yakamanation-nsn.gov took 0.00027990341186523seconds.
2017:12:27 11:51:22 pm Accessibility scan for iawg.gov took 0.13820099830627seconds.
2017:12:27 11:51:22 pm Accessibility scan for frtib.gov took 0.13006711006165seconds.
2017:12:27 11:51:22 pm Accessibility scan for ramona-nsn.gov took 0.00028395652770996seconds.
2017:12:27 11:51:22 pm Accessibility scan for evus.gov took 0.14230394363403seconds.
2017:12:27 11:51:22 pm Accessibility scan for ethicsburg.gov took 0.13587808609009seconds.
2017:12:27 11:51:22 pm Accessibility scan for kaibabpaiute-nsn.gov took 0.00029802322387695seconds.
2017:12:27 11:51:23 pm Accessibility scan for grantsolutions.gov took 0.17128086090088seconds.
2017:12:27 11:51:23 pm Accessibility scan for forfeiture.gov took 0.16403388977051seconds.
2017:12:27 11:51:23 pm Accessibility scan for cep.gov took 0.14388108253479seconds.
2017:12:27 11:51:23 pm Accessibility scan for consumer.gov took 0.14437699317932seconds.
2017:12:27 11:51:23 pm Accessibility scan for nano.gov took 0.13454413414001seconds.
2017:12:27 11:51:23 pm Accessibility scan for marine.gov took 0.14891505241394seconds.
2017:12:27 11:51:23 pm Accessibility scan for myira.gov took 0.1366069316864seconds.
2017:12:27 11:51:24 pm Accessibility scan for harp.gov took 0.15626192092896seconds.
2017:12:27 11:51:24 pm Accessibility scan for ttb.gov took 0.12363314628601seconds.
2017:12:27 11:51:24 pm Accessibility scan for ipp.gov took 0.13189387321472seconds.
2017:12:27 11:51:24 pm Accessibility scan for doleta.gov took 0.18439412117004seconds.
2017:12:27 11:51:24 pm Accessibility scan for sno-nsn.gov took 0.00028610229492188seconds.
2017:12:27 11:51:24 pm Accessibility scan for sciencebase.gov took 0.15655493736267seconds.
2017:12:27 11:51:24 pm Accessibility scan for fgdc.gov took 0.14941096305847seconds.
2017:12:27 11:51:25 pm Accessibility scan for organdonor.gov took 0.23301196098328seconds.
2017:12:27 11:51:25 pm Accessibility scan for donotcall.gov took 0.13838195800781seconds.
2017:12:27 11:51:25 pm Accessibility scan for neglecteddiseases.gov took 0.13694095611572seconds.
2017:12:27 11:51:25 pm Accessibility scan for bondpro.gov took 0.13236498832703seconds.
2017:12:27 11:51:25 pm Accessibility scan for lep.gov took 0.13910794258118seconds.
2017:12:27 11:51:25 pm Accessibility scan for fletc.gov took 0.16099095344543seconds.
2017:12:27 11:51:25 pm Accessibility scan for cftc.gov took 0.14082193374634seconds.
2017:12:27 11:51:26 pm Accessibility scan for ayudaconmibanco.gov took 0.157142162323seconds.
2017:12:27 11:51:26 pm Accessibility scan for millelacsband-nsn.gov took 0.00029492378234863seconds.
2017:12:27 11:51:26 pm Accessibility scan for warmsprings-nsn.gov took 0.00027799606323242seconds.
2017:12:27 11:51:26 pm Accessibility scan for visitthecapitol.gov took 0.1078519821167seconds.
2017:12:27 11:51:26 pm Accessibility scan for getsmartaboutdrugs.gov took 0.13658404350281seconds.
2017:12:27 11:51:26 pm Accessibility scan for pay.gov took 0.16723394393921seconds.
2017:12:27 11:51:26 pm Accessibility scan for smarterskies.gov took 0.12894916534424seconds.
2017:12:27 11:51:26 pm Accessibility scan for cancer.gov took 0.18695688247681seconds.
2017:12:27 11:51:26 pm Accessibility scan for wiltonrancheria-nsn.gov took 0.00030899047851562seconds.
2017:12:27 11:51:26 pm Accessibility scan for pechanga-nsn.gov took 0.00024700164794922seconds.
2017:12:27 11:51:26 pm Accessibility scan for papahanaumokuakea.gov took 0.14089584350586seconds.
2017:12:27 11:51:27 pm Accessibility scan for usdebitcard.gov took 0.13675808906555seconds.
2017:12:27 11:51:27 pm Accessibility scan for ice.gov took 0.19007802009583seconds.
2017:12:27 11:51:27 pm Accessibility scan for treasuryauctions.gov took 0.12534809112549seconds.
2017:12:27 11:51:27 pm Accessibility scan for usbg.gov took 0.13508892059326seconds.
2017:12:27 11:51:27 pm Accessibility scan for campo-nsn.gov took 0.0002748966217041seconds.
2017:12:27 11:51:27 pm Accessibility scan for frtr.gov took 0.12985181808472seconds.
2017:12:27 11:51:27 pm Accessibility scan for nixonlibrary.gov took 0.20094180107117seconds.
2017:12:27 11:51:27 pm Accessibility scan for nfr-nsn.gov took 0.00026297569274902seconds.
2017:12:27 11:51:28 pm Accessibility scan for complaintreferralexpress.gov took 0.13691687583923seconds.
2017:12:27 11:51:28 pm Accessibility scan for cncsoig.gov took 0.12919616699219seconds.
2017:12:27 11:51:28 pm Accessibility scan for hhs.gov took 0.25297713279724seconds.
2017:12:27 11:51:28 pm Accessibility scan for atf.gov took 0.12877511978149seconds.
2017:12:27 11:51:28 pm Accessibility scan for nwtrb.gov took 0.12942695617676seconds.
2017:12:27 11:51:28 pm Accessibility scan for eftps.gov took 0.16373515129089seconds.
2017:12:27 11:51:28 pm Accessibility scan for iat.gov took 0.14011001586914seconds.
2017:12:27 11:51:29 pm Accessibility scan for sierrawild.gov took 0.13639092445374seconds.
2017:12:27 11:51:29 pm Accessibility scan for iarpa-ideas.gov took 0.17076992988586seconds.
2017:12:27 11:51:29 pm Accessibility scan for bpa.gov took 0.14933514595032seconds.
2017:12:27 11:51:29 pm Accessibility scan for lagunapueblo-nsn.gov took 0.00027203559875488seconds.
2017:12:27 11:51:29 pm Accessibility scan for disasterassistance.gov took 0.14382910728455seconds.
2017:12:27 11:51:29 pm Accessibility scan for fedidcard.gov took 0.13299489021301seconds.
2017:12:27 11:51:29 pm Accessibility scan for dfafacts.gov took 0.16326284408569seconds.
2017:12:27 11:51:29 pm Accessibility scan for tswg.gov took 0.12837910652161seconds.
2017:12:27 11:51:30 pm Accessibility scan for arctic.gov took 0.13798904418945seconds.
2017:12:27 11:51:30 pm Accessibility scan for itdashboard.gov took 0.15514492988586seconds.
2017:12:27 11:51:30 pm Accessibility scan for ccthita-nsn.gov took 0.00031089782714844seconds.
2017:12:27 11:51:30 pm Accessibility scan for psa.gov took 0.14738893508911seconds.
2017:12:27 11:51:30 pm Accessibility scan for abandonedmines.gov took 0.18890404701233seconds.
2017:12:27 11:51:30 pm Accessibility scan for kbic-nsn.gov took 0.00032305717468262seconds.
2017:12:27 11:51:30 pm Accessibility scan for surgeongeneral.gov took 0.17431807518005seconds.
2017:12:27 11:51:30 pm Accessibility scan for ftccomplaintassistant.gov took 0.15015292167664seconds.
2017:12:27 11:51:31 pm Accessibility scan for alzheimers.gov took 0.13193988800049seconds.
2017:12:27 11:51:31 pm Accessibility scan for mechoopda-nsn.gov took 0.00028800964355469seconds.
2017:12:27 11:51:31 pm Accessibility scan for occhelps.gov took 0.14195418357849seconds.
2017:12:27 11:51:31 pm Accessibility scan for listo.gov took 0.15137195587158seconds.
2017:12:27 11:51:31 pm Accessibility scan for fordlibrarymuseum.gov took 0.14712691307068seconds.
2017:12:27 11:51:31 pm Accessibility scan for nitrd.gov took 0.19603514671326seconds.
2017:12:27 11:51:31 pm Accessibility scan for usastaffing.gov took 0.15627908706665seconds.
2017:12:27 11:51:31 pm Accessibility scan for donaciondeorganos.gov took 0.14260697364807seconds.
2017:12:27 11:51:31 pm Accessibility scan for lco-nsn.gov took 0.00029492378234863seconds.
2017:12:27 11:51:32 pm Accessibility scan for rcfl.gov took 0.13936400413513seconds.
2017:12:27 11:51:32 pm Accessibility scan for tsp.gov took 0.14584398269653seconds.
2017:12:27 11:51:32 pm Accessibility scan for samhsa.gov took 0.13573288917542seconds.
2017:12:27 11:51:32 pm Accessibility scan for cdatribe-nsn.gov took 0.00029802322387695seconds.
2017:12:27 11:51:32 pm Accessibility scan for presidentialinnovationfellows.gov took 0.16192507743835seconds.
2017:12:27 11:51:32 pm Accessibility scan for helpwithmymortgage.gov took 0.14209485054016seconds.
2017:12:27 11:51:32 pm Accessibility scan for ncjrs.gov took 0.17727088928223seconds.
2017:12:27 11:51:33 pm Accessibility scan for moneyfactory.gov took 0.14055609703064seconds.
2017:12:27 11:51:33 pm Accessibility scan for treaslockbox.gov took 0.13857483863831seconds.
2017:12:27 11:51:33 pm Accessibility scan for nationalbank.gov took 0.14805603027344seconds.
2017:12:27 11:51:33 pm Accessibility scan for eisenhowermemorial.gov took 0.14038896560669seconds.
2017:12:27 11:51:33 pm Accessibility scan for swo-nsn.gov took 0.00034880638122559seconds.
2017:12:27 11:51:33 pm Accessibility scan for dotgov.gov took 0.15496611595154seconds.
2017:12:27 11:51:33 pm Accessibility scan for opensource.gov took 0.19187712669373seconds.
2017:12:27 11:51:33 pm Accessibility scan for llnl.gov took 0.14654111862183seconds.
2017:12:27 11:51:34 pm Accessibility scan for girlshealth.gov took 0.13488602638245seconds.
2017:12:27 11:51:34 pm Accessibility scan for crhc-nsn.gov took 0.0003209114074707seconds.
2017:12:27 11:51:34 pm Accessibility scan for usmint.gov took 0.14118504524231seconds.
2017:12:27 11:51:34 pm Accessibility scan for colusa-nsn.gov took 0.00028800964355469seconds.
2017:12:27 11:51:34 pm Accessibility scan for nutritionevidencelibrary.gov took 0.13295412063599seconds.
2017:12:27 11:51:34 pm Accessibility scan for fhfaoig.gov took 0.14169096946716seconds.
2017:12:27 11:51:34 pm Accessibility scan for youthrules.gov took 0.1530179977417seconds.
2017:12:27 11:51:34 pm Accessibility scan for ihs.gov took 0.15598392486572seconds.
2017:12:27 11:51:35 pm Accessibility scan for boem.gov took 0.19037389755249seconds.
2017:12:27 11:51:35 pm Accessibility scan for fafsa.gov took 0.15818810462952seconds.
2017:12:27 11:51:35 pm Accessibility scan for inl.gov took 0.16465711593628seconds.
2017:12:27 11:51:35 pm Accessibility scan for namus.gov took 0.14084601402283seconds.
2017:12:27 11:51:35 pm Accessibility scan for healthdata.gov took 0.13961100578308seconds.
2017:12:27 11:51:35 pm Accessibility scan for nmsc.gov took 0.12126398086548seconds.
2017:12:27 11:51:35 pm Accessibility scan for its.gov took 0.12623906135559seconds.
2017:12:27 11:51:35 pm Accessibility scan for fedshirevets.gov took 0.13484191894531seconds.
2017:12:27 11:51:36 pm Accessibility scan for nbrc.gov took 0.12463307380676seconds.
2017:12:27 11:51:36 pm Accessibility scan for sba.gov took 0.27192997932434seconds.
2017:12:27 11:51:36 pm Accessibility scan for utahfireinfo.gov took 0.13894200325012seconds.
2017:12:27 11:51:36 pm Accessibility scan for jiv-nsn.gov took 0.00031900405883789seconds.
2017:12:27 11:51:36 pm Accessibility scan for climate.gov took 0.13429808616638seconds.
2017:12:27 11:51:36 pm Accessibility scan for cia.gov took 0.13389992713928seconds.
2017:12:27 11:51:36 pm Accessibility scan for fec.gov took 0.13694715499878seconds.
2017:12:27 11:51:37 pm Accessibility scan for ovcttac.gov took 0.1466372013092seconds.
2017:12:27 11:51:37 pm Accessibility scan for govsales.gov took 0.12889409065247seconds.
2017:12:27 11:51:37 pm Accessibility scan for insurekidsnow.gov took 0.19488716125488seconds.
2017:12:27 11:51:37 pm Accessibility scan for mgi.gov took 0.18898415565491seconds.
2017:12:27 11:51:37 pm Accessibility scan for savingsbond.gov took 0.13604688644409seconds.
2017:12:27 11:51:37 pm Accessibility scan for makinghomeaffordable.gov took 0.14651107788086seconds.
2017:12:27 11:51:38 pm Accessibility scan for energycodes.gov took 0.14959597587585seconds.
2017:12:27 11:51:38 pm Accessibility scan for ahrq.gov took 0.14673495292664seconds.
2017:12:27 11:51:38 pm Accessibility scan for onrr.gov took 0.14532494544983seconds.
2017:12:27 11:51:38 pm Accessibility scan for brb-nsn.gov took 0.0002899169921875seconds.
2017:12:27 11:51:38 pm Accessibility scan for fedinvest.gov took 0.17815709114075seconds.
2017:12:27 11:51:38 pm Accessibility scan for yochadehe-nsn.gov took 0.00031280517578125seconds.
2017:12:27 11:51:38 pm Accessibility scan for sam.gov took 0.14970302581787seconds.
2017:12:27 11:51:38 pm Accessibility scan for everykidinapark.gov took 0.14400696754456seconds.
2017:12:27 11:51:38 pm Accessibility scan for pawneenation-nsn.gov took 0.00032401084899902seconds.
2017:12:27 11:51:38 pm Accessibility scan for lcacommons.gov took 0.1656289100647seconds.
2017:12:27 11:51:39 pm Accessibility scan for bioeco.gov took 0.096014976501465seconds.
2017:12:27 11:51:39 pm Accessibility scan for ucrdatatool.gov took 0.20529007911682seconds.
2017:12:27 11:51:39 pm Accessibility scan for energystar.gov took 0.15800714492798seconds.
2017:12:27 11:51:39 pm Accessibility scan for uspto.gov took 0.16920399665833seconds.
2017:12:27 11:51:39 pm Accessibility scan for cybersecurity.gov took 0.20405983924866seconds.
2017:12:27 11:51:39 pm Accessibility scan for fdms.gov took 0.13283109664917seconds.
2017:12:27 11:51:40 pm Accessibility scan for usability.gov took 0.15200304985046seconds.
2017:12:27 11:51:40 pm Accessibility scan for healthfinder.gov took 0.15092587471008seconds.
2017:12:27 11:51:40 pm Accessibility scan for forestsandrangelands.gov took 0.1338369846344seconds.
2017:12:27 11:51:40 pm Accessibility scan for ffiec.gov took 0.14146614074707seconds.
2017:12:27 11:51:40 pm Accessibility scan for fmshrc.gov took 0.14316320419312seconds.
2017:12:27 11:51:40 pm Accessibility scan for heritageabroad.gov took 0.20415496826172seconds.
2017:12:27 11:51:40 pm Accessibility scan for mitchellcountyks.gov took 0.0027611255645752seconds.
2017:12:27 11:51:41 pm Accessibility scan for osac.gov took 0.14942407608032seconds.
2017:12:27 11:51:41 pm Accessibility scan for bts.gov took 0.13533711433411seconds.
2017:12:27 11:51:41 pm Accessibility scan for time.gov took 0.15285992622375seconds.
2017:12:27 11:51:41 pm Accessibility scan for itis.gov took 0.12760806083679seconds.
2017:12:27 11:51:41 pm Accessibility scan for ipac.gov took 0.12970304489136seconds.
2017:12:27 11:51:41 pm Accessibility scan for fortsillapache-nsn.gov took 0.00030708312988281seconds.
2017:12:27 11:51:41 pm Accessibility scan for faa.gov took 0.13204598426819seconds.
2017:12:27 11:51:41 pm Accessibility scan for state.gov took 0.15931296348572seconds.
2017:12:27 11:51:41 pm Accessibility scan for directoasucuenta.gov took 0.14244699478149seconds.
2017:12:27 11:51:42 pm Accessibility scan for capitol.gov took 0.13914394378662seconds.
2017:12:27 11:51:42 pm Accessibility scan for cfo.gov took 0.14240980148315seconds.
2017:12:27 11:51:42 pm Accessibility scan for ojjdp.gov took 0.13365507125854seconds.
2017:12:27 11:51:42 pm Accessibility scan for va.gov took 0.17521405220032seconds.
2017:12:27 11:51:42 pm Accessibility scan for plainlanguage.gov took 0.12830591201782seconds.
2017:12:27 11:51:42 pm Accessibility scan for drugabuse.gov took 0.1817090511322seconds.
2017:12:27 11:51:43 pm Accessibility scan for cbp.gov took 0.17420792579651seconds.
2017:12:27 11:51:43 pm Accessibility scan for cybercareers.gov took 0.13736605644226seconds.
2017:12:27 11:51:43 pm Accessibility scan for cuidadodesalud.gov took 0.13656806945801seconds.
2017:12:27 11:51:43 pm Accessibility scan for obamalibrary.gov took 0.27035903930664seconds.
2017:12:27 11:51:43 pm Accessibility scan for lmrcouncil.gov took 0.1818220615387seconds.
2017:12:27 11:51:43 pm Accessibility scan for smart.gov took 0.1226110458374seconds.
2017:12:27 11:51:44 pm Accessibility scan for dsac.gov took 0.13692688941956seconds.
2017:12:27 11:51:44 pm Accessibility scan for nemi.gov took 0.19094800949097seconds.
2017:12:27 11:51:44 pm Accessibility scan for consumerfinance.gov took 0.17091798782349seconds.
2017:12:27 11:51:44 pm Accessibility scan for osmre.gov took 0.13853192329407seconds.
2017:12:27 11:51:44 pm Accessibility scan for cfa.gov took 0.13642692565918seconds.
2017:12:27 11:51:44 pm Accessibility scan for fdicseguro.gov took 0.12762308120728seconds.
2017:12:27 11:51:44 pm Accessibility scan for banknet.gov took 0.13685297966003seconds.
2017:12:27 11:51:45 pm Accessibility scan for lcrmscp.gov took 0.13120007514954seconds.
2017:12:27 11:51:45 pm Accessibility scan for benefits.gov took 0.15277600288391seconds.
2017:12:27 11:51:45 pm Accessibility scan for grants.gov took 0.14600586891174seconds.
2017:12:27 11:51:45 pm Accessibility scan for bankcustomerassistance.gov took 0.17320203781128seconds.
2017:12:27 11:51:45 pm Accessibility scan for nmb.gov took 0.13136506080627seconds.
2017:12:27 11:51:45 pm Accessibility scan for 911commission.gov took 0.13143491744995seconds.
2017:12:27 11:51:45 pm Accessibility scan for fttesttwai.gov took 0.1285228729248seconds.
2017:12:27 11:51:46 pm Accessibility scan for landfire.gov took 0.14277291297913seconds.
2017:12:27 11:51:46 pm Accessibility scan for fcg.gov took 0.1309061050415seconds.
2017:12:27 11:51:46 pm Accessibility scan for cbca.gov took 0.13599801063538seconds.
2017:12:27 11:51:46 pm Accessibility scan for cayuganation-nsn.gov took 0.00026297569274902seconds.
2017:12:27 11:51:46 pm Accessibility scan for safecar.gov took 0.11295795440674seconds.
2017:12:27 11:51:46 pm Accessibility scan for gsaig.gov took 0.17284893989563seconds.
2017:12:27 11:51:46 pm Accessibility scan for bjs.gov took 0.12517619132996seconds.
2017:12:27 11:51:46 pm Accessibility scan for nhl.gov took 0.13955187797546seconds.
2017:12:27 11:51:47 pm Accessibility scan for amberalert.gov took 0.14487099647522seconds.
2017:12:27 11:51:47 pm Accessibility scan for ignet.gov took 0.14875602722168seconds.
2017:12:27 11:51:47 pm Accessibility scan for esrs.gov took 0.13102602958679seconds.
2017:12:27 11:51:47 pm Accessibility scan for safetyact.gov took 0.13439583778381seconds.
2017:12:27 11:51:47 pm Accessibility scan for webharvest.gov took 0.13793301582336seconds.
2017:12:27 11:51:47 pm Accessibility scan for treasuryscams.gov took 0.15634107589722seconds.
2017:12:27 11:51:47 pm Accessibility scan for biomassboard.gov took 0.17002701759338seconds.
2017:12:27 11:51:47 pm Accessibility scan for eyak-nsn.gov took 0.00034785270690918seconds.
2017:12:27 11:51:48 pm Accessibility scan for firescience.gov took 0.14418697357178seconds.
2017:12:27 11:51:48 pm Accessibility scan for denali.gov took 0.1430721282959seconds.
2017:12:27 11:51:48 pm Accessibility scan for nifc.gov took 0.14584803581238seconds.
2017:12:27 11:51:48 pm Accessibility scan for manufacturing.gov took 0.16372394561768seconds.
2017:12:27 11:51:48 pm Accessibility scan for ntrc.gov took 0.14958095550537seconds.
2017:12:27 11:51:48 pm Accessibility scan for redcliff-nsn.gov took 0.00028491020202637seconds.
2017:12:27 11:51:48 pm Accessibility scan for nlrb.gov took 0.15121698379517seconds.
2017:12:27 11:51:49 pm Accessibility scan for ccac.gov took 0.18509197235107seconds.
2017:12:27 11:51:49 pm Accessibility scan for qatesttwai.gov took 0.22137308120728seconds.
2017:12:27 11:51:49 pm Accessibility scan for unlocktalent.gov took 0.14217114448547seconds.
2017:12:27 11:51:49 pm Accessibility scan for broadbandmap.gov took 0.14548802375793seconds.
2017:12:27 11:51:49 pm Accessibility scan for helpwithmycreditcardbank.gov took 0.17005014419556seconds.
2017:12:27 11:51:49 pm Accessibility scan for aoc.gov took 0.12017798423767seconds.
2017:12:27 11:51:49 pm Accessibility scan for ukb-nsn.gov took 0.00037407875061035seconds.
2017:12:27 11:51:49 pm Accessibility scan for srpmic-nsn.gov took 0.00029897689819336seconds.
2017:12:27 11:51:49 pm Accessibility scan for safecom.gov took 0.13226985931396seconds.
2017:12:27 11:51:50 pm Accessibility scan for segurosocial.gov took 0.1534960269928seconds.
2017:12:27 11:51:50 pm Accessibility scan for osha.gov took 0.1767749786377seconds.
2017:12:27 11:51:50 pm Accessibility scan for adf.gov took 0.15258502960205seconds.
2017:12:27 11:51:50 pm Accessibility scan for bja.gov took 0.13513493537903seconds.
2017:12:27 11:51:50 pm Accessibility scan for fsgb.gov took 0.13832187652588seconds.
2017:12:27 11:51:50 pm Accessibility scan for fsrs.gov took 0.13386297225952seconds.
2017:12:27 11:51:50 pm Accessibility scan for csb.gov took 0.14211392402649seconds.
2017:12:27 11:51:51 pm Accessibility scan for buyaccessible.gov took 0.14304089546204seconds.
2017:12:27 11:51:51 pm Accessibility scan for weather.gov took 0.13704800605774seconds.
2017:12:27 11:51:51 pm Accessibility scan for onhir.gov took 0.14764499664307seconds.
2017:12:27 11:51:51 pm Accessibility scan for wlci.gov took 0.19018912315369seconds.
2017:12:27 11:51:51 pm Accessibility scan for cwc.gov took 0.16427707672119seconds.
2017:12:27 11:51:51 pm Accessibility scan for isotopes.gov took 0.14491701126099seconds.
2017:12:27 11:51:52 pm Accessibility scan for digitalgov.gov took 0.12933492660522seconds.
2017:12:27 11:51:52 pm Accessibility scan for cahtotribe-nsn.gov took 0.00032615661621094seconds.
2017:12:27 11:51:52 pm Accessibility scan for lps.gov took 0.13833403587341seconds.
2017:12:27 11:51:52 pm Accessibility scan for fws.gov took 0.13155102729797seconds.
2017:12:27 11:51:52 pm Accessibility scan for odni.gov took 0.15012502670288seconds.
2017:12:27 11:51:52 pm Accessibility scan for arm.gov took 0.14024305343628seconds.
2017:12:27 11:51:52 pm Accessibility scan for df.gov took 0.1722149848938seconds.
2017:12:27 11:51:52 pm Accessibility scan for fsd.gov took 0.14701509475708seconds.
2017:12:27 11:51:53 pm Accessibility scan for cjis.gov took 0.1521520614624seconds.
2017:12:27 11:51:53 pm Accessibility scan for usap.gov took 0.14804792404175seconds.
2017:12:27 11:51:53 pm Accessibility scan for indianaffairs.gov took 0.18029499053955seconds.
2017:12:27 11:51:53 pm Accessibility scan for cpsc.gov took 0.15638303756714seconds.
2017:12:27 11:51:53 pm Accessibility scan for bluelakerancheria-nsn.gov took 0.00027585029602051seconds.
2017:12:27 11:51:53 pm Accessibility scan for santaana-nsn.gov took 0.00024008750915527seconds.
2017:12:27 11:51:53 pm Accessibility scan for truman.gov took 0.13926911354065seconds.
2017:12:27 11:51:53 pm Accessibility scan for tax.gov took 0.15724086761475seconds.
2017:12:27 11:51:54 pm Accessibility scan for usa.gov took 0.14857387542725seconds.
2017:12:27 11:51:54 pm Accessibility scan for evergladesrestoration.gov took 0.13396000862122seconds.
2017:12:27 11:51:54 pm Accessibility scan for idealab.gov took 0.13095116615295seconds.
2017:12:27 11:51:54 pm Accessibility scan for medpac.gov took 0.17849612236023seconds.
2017:12:27 11:51:54 pm Accessibility scan for ftc.gov took 0.14997100830078seconds.
2017:12:27 11:51:54 pm Accessibility scan for epic.gov took 0.14985394477844seconds.
2017:12:27 11:51:54 pm Accessibility scan for pic.gov took 0.14064502716064seconds.
2017:12:27 11:51:55 pm Accessibility scan for vetbiz.gov took 0.16251015663147seconds.
2017:12:27 11:51:55 pm Accessibility scan for usbr.gov took 0.13828206062317seconds.
2017:12:27 11:51:55 pm Accessibility scan for esc.gov took 0.12995386123657seconds.
2017:12:27 11:51:55 pm Accessibility scan for nersc.gov took 0.14872717857361seconds.
2017:12:27 11:51:55 pm Accessibility scan for eia.gov took 0.17181181907654seconds.
2017:12:27 11:51:55 pm Accessibility scan for eyenote.gov took 0.12582802772522seconds.
2017:12:27 11:51:55 pm Accessibility scan for usaspending.gov took 0.15127301216125seconds.
2017:12:27 11:51:56 pm Accessibility scan for bankanswers.gov took 0.19067811965942seconds.
2017:12:27 11:51:56 pm Accessibility scan for dol.gov took 0.24793791770935seconds.
2017:12:27 11:51:56 pm Accessibility scan for burnspaiute-nsn.gov took 0.00027608871459961seconds.
2017:12:27 11:51:56 pm Accessibility scan for max.gov took 0.13860607147217seconds.
2017:12:27 11:51:56 pm Accessibility scan for eac.gov took 0.17005586624146seconds.
2017:12:27 11:51:56 pm Accessibility scan for feedthefuture.gov took 0.16866302490234seconds.
2017:12:27 11:51:56 pm Accessibility scan for govbenefits.gov took 0.15407609939575seconds.
2017:12:27 11:51:56 pm Accessibility scan for shoalwaterbay-nsn.gov took 0.00030207633972168seconds.
2017:12:27 11:51:57 pm Accessibility scan for usccr.gov took 0.15788006782532seconds.
2017:12:27 11:51:57 pm Accessibility scan for whitehouse.gov took 0.17315316200256seconds.
2017:12:27 11:51:57 pm Accessibility scan for justice.gov took 0.14373993873596seconds.
2017:12:27 11:51:57 pm Accessibility scan for usembassy.gov took 0.14154195785522seconds.
2017:12:27 11:51:57 pm Accessibility scan for ninilchiktribe-nsn.gov took 0.00027203559875488seconds.
2017:12:27 11:51:57 pm Accessibility scan for chilkoot-nsn.gov took 0.00023984909057617seconds.
2017:12:27 11:51:57 pm Accessibility scan for chcoc.gov took 0.14013910293579seconds.
2017:12:27 11:51:57 pm Accessibility scan for rocis.gov took 0.13987994194031seconds.
2017:12:27 11:51:57 pm Accessibility scan for nisqually-nsn.gov took 0.00028014183044434seconds.
2017:12:27 11:51:57 pm Accessibility scan for sanmanuel-nsn.gov took 0.00024199485778809seconds.
2017:12:27 11:51:58 pm Accessibility scan for jimmycarterlibrary.gov took 0.13903903961182seconds.
2017:12:27 11:51:58 pm Accessibility scan for nhtsa.gov took 0.1435718536377seconds.
2017:12:27 11:51:58 pm Accessibility scan for hualapai-nsn.gov took 0.00038409233093262seconds.
2017:12:27 11:51:58 pm Accessibility scan for nrojr.gov took 0.16227197647095seconds.
2017:12:27 11:51:58 pm Accessibility scan for sbir.gov took 0.1554388999939seconds.
2017:12:27 11:51:58 pm Accessibility scan for econsumer.gov took 0.1376531124115seconds.
2017:12:27 11:51:58 pm Accessibility scan for mmc.gov took 0.14158821105957seconds.
2017:12:27 11:51:58 pm Accessibility scan for nist.gov took 0.14683699607849seconds.
2017:12:27 11:51:59 pm Accessibility scan for acus.gov took 0.16836810112seconds.
2017:12:27 11:51:59 pm Accessibility scan for sv-nsn.gov took 0.00029420852661133seconds.
2017:12:27 11:51:59 pm Accessibility scan for usaid.gov took 0.13823294639587seconds.
2017:12:27 11:51:59 pm Accessibility scan for hanford.gov took 0.1361780166626seconds.
2017:12:27 11:51:59 pm Accessibility scan for fema.gov took 0.16104507446289seconds.
2017:12:27 11:51:59 pm Accessibility scan for imls.gov took 0.19639682769775seconds.
2017:12:27 11:51:59 pm Accessibility scan for economicinclusion.gov took 0.14534497261047seconds.
2017:12:27 11:51:59 pm Accessibility scan for juvenilecouncil.gov took 0.12965202331543seconds.
2017:12:27 11:52:00 pm Accessibility scan for osti.gov took 0.14099311828613seconds.
2017:12:27 11:52:00 pm Accessibility scan for nutrition.gov took 0.1419689655304seconds.
2017:12:27 11:52:00 pm Accessibility scan for agingstats.gov took 0.13024306297302seconds.
2017:12:27 11:52:00 pm Accessibility scan for ktik-nsn.gov took 0.00029397010803223seconds.
2017:12:27 11:52:00 pm Accessibility scan for tva.gov took 0.14301586151123seconds.
2017:12:27 11:52:00 pm Accessibility scan for acquisition.gov took 0.14912486076355seconds.
2017:12:27 11:52:00 pm Accessibility scan for intelligence.gov took 0.17770099639893seconds.
2017:12:27 11:52:01 pm Accessibility scan for realpropertyprofile.gov took 0.13432478904724seconds.
2017:12:27 11:52:01 pm Accessibility scan for gps.gov took 0.16516900062561seconds.
2017:12:27 11:52:01 pm Accessibility scan for smartgrid.gov took 0.13574194908142seconds.
2017:12:27 11:52:01 pm Accessibility scan for facadatabase.gov took 0.14061093330383seconds.
2017:12:27 11:52:01 pm Accessibility scan for gsaauctions.gov took 0.1600980758667seconds.
2017:12:27 11:52:01 pm Accessibility scan for clinicaltrials.gov took 0.17709493637085seconds.
2017:12:27 11:52:01 pm Accessibility scan for snap.gov took 0.13820004463196seconds.
2017:12:27 11:52:02 pm Accessibility scan for eda.gov took 0.14837598800659seconds.
2017:12:27 11:52:02 pm Accessibility scan for pcah.gov took 0.13721513748169seconds.
2017:12:27 11:52:02 pm Accessibility scan for ibwc.gov took 0.15342903137207seconds.
2017:12:27 11:52:02 pm Accessibility scan for sandia.gov took 0.13719892501831seconds.
2017:12:27 11:52:02 pm Accessibility scan for anl.gov took 0.14538502693176seconds.
2017:12:27 11:52:02 pm Accessibility scan for kayentatownship-nsn.gov took 0.00031208992004395seconds.
2017:12:27 11:52:02 pm Accessibility scan for usadf.gov took 0.15718603134155seconds.
2017:12:27 11:52:02 pm Accessibility scan for stopbullying.gov took 0.14871597290039seconds.
2017:12:27 11:52:03 pm Accessibility scan for hiv.gov took 0.16433787345886seconds.
2017:12:27 11:52:03 pm Accessibility scan for guidelines.gov took 0.13505887985229seconds.
2017:12:27 11:52:03 pm Accessibility scan for lbl.gov took 0.15588402748108seconds.
2017:12:27 11:52:03 pm Accessibility scan for usmarshals.gov took 0.13798093795776seconds.
2017:12:27 11:52:03 pm Accessibility scan for cupcao.gov took 0.18067288398743seconds.
2017:12:27 11:52:03 pm Accessibility scan for usalearning.gov took 0.14828300476074seconds.
2017:12:27 11:52:04 pm Accessibility scan for jccs.gov took 0.1320219039917seconds.
2017:12:27 11:52:04 pm Accessibility scan for csosa.gov took 0.13523316383362seconds.
2017:12:27 11:52:04 pm Accessibility scan for financialresearch.gov took 0.13819599151611seconds.
2017:12:27 11:52:04 pm Accessibility scan for fmc.gov took 0.15617203712463seconds.
2017:12:27 11:52:04 pm Accessibility scan for flra.gov took 0.15989708900452seconds.
2017:12:27 11:52:04 pm Accessibility scan for sustainability.gov took 0.18895196914673seconds.
2017:12:27 11:52:04 pm Accessibility scan for srmt-nsn.gov took 0.00027799606323242seconds.
2017:12:27 11:52:05 pm Accessibility scan for bsee.gov took 0.54895496368408seconds.
2017:12:27 11:52:05 pm Accessibility scan for ed.gov took 0.1368100643158seconds.
2017:12:27 11:52:05 pm Accessibility scan for yakamafish-nsn.gov took 0.00031304359436035seconds.
2017:12:27 11:52:05 pm Accessibility scan for nationalresourcedirectory.gov took 0.13617300987244seconds.
2017:12:27 11:52:05 pm Accessibility scan for mojavedata.gov took 0.14957308769226seconds.
2017:12:27 11:52:05 pm Accessibility scan for bankhelp.gov took 0.1326858997345seconds.
2017:12:27 11:52:06 pm Accessibility scan for pbgc.gov took 0.13344407081604seconds.
2017:12:27 11:52:06 pm Accessibility scan for stopalcoholabuse.gov took 0.12514185905457seconds.
2017:12:27 11:52:06 pm Accessibility scan for sec.gov took 0.14879608154297seconds.
2017:12:27 11:52:06 pm Accessibility scan for helpwithmycheckingaccount.gov took 0.14310193061829seconds.
2017:12:27 11:52:06 pm Accessibility scan for energy.gov took 0.16289401054382seconds.
2017:12:27 11:52:06 pm Accessibility scan for 9-11commission.gov took 0.18623208999634seconds.
2017:12:27 11:52:06 pm Accessibility scan for ic3.gov took 0.14273190498352seconds.
2017:12:27 11:52:07 pm Accessibility scan for ginniemae.gov took 0.13993906974792seconds.
2017:12:27 11:52:07 pm Accessibility scan for sftool.gov took 0.16072511672974seconds.
2017:12:27 11:52:07 pm Accessibility scan for fapiis.gov took 0.12921595573425seconds.
2017:12:27 11:52:07 pm Accessibility scan for tmdci-nsn.gov took 0.00029706954956055seconds.
2017:12:27 11:52:07 pm Accessibility scan for studentloans.gov took 0.13051795959473seconds.
2017:12:27 11:52:07 pm Accessibility scan for scidac.gov took 0.14127898216248seconds.
2017:12:27 11:52:07 pm Accessibility scan for intelink.gov took 0.16900587081909seconds.
2017:12:27 11:52:07 pm Accessibility scan for helpwithmymortgagebank.gov took 0.14553999900818seconds.
2017:12:27 11:52:08 pm Accessibility scan for vistacampus.gov took 0.15494108200073seconds.
2017:12:27 11:52:08 pm Accessibility scan for sustainablecommunities.gov took 0.14098691940308seconds.
2017:12:27 11:52:08 pm Accessibility scan for transportation.gov took 0.13484907150269seconds.
2017:12:27 11:52:08 pm Accessibility scan for coyotevalley-nsn.gov took 0.00030112266540527seconds.
2017:12:27 11:52:08 pm Accessibility scan for dnsops.gov took 0.13610696792603seconds.
2017:12:27 11:52:08 pm Accessibility scan for sworm.gov took 0.1257472038269seconds.
2017:12:27 11:52:08 pm Accessibility scan for docline.gov took 0.18540978431702seconds.
2017:12:27 11:52:08 pm Accessibility scan for ferc.gov took 0.15846514701843seconds.
2017:12:27 11:52:09 pm Accessibility scan for abmc.gov took 0.13847994804382seconds.
2017:12:27 11:52:09 pm Accessibility scan for intelligencecareers.gov took 0.14333081245422seconds.
2017:12:27 11:52:09 pm Accessibility scan for fda.gov took 0.12920999526978seconds.
2017:12:27 11:52:09 pm Accessibility scan for tulaliptribes-nsn.gov took 0.00028491020202637seconds.
2017:12:27 11:52:09 pm Accessibility scan for doi.gov took 0.12446117401123seconds.
2017:12:27 11:52:09 pm Accessibility scan for bats.gov took 0.13067412376404seconds.
2017:12:27 11:52:09 pm Accessibility scan for ise.gov took 0.15789604187012seconds.
2017:12:27 11:52:09 pm Accessibility scan for icass.gov took 0.13325095176697seconds.
2017:12:27 11:52:10 pm Accessibility scan for ready.gov took 0.14164400100708seconds.
2017:12:27 11:52:10 pm Accessibility scan for hopi-nsn.gov took 0.00029301643371582seconds.
2017:12:27 11:52:10 pm Accessibility scan for gcdamp.gov took 0.12463903427124seconds.
2017:12:27 11:52:10 pm Accessibility scan for archives.gov took 0.13585114479065seconds.
2017:12:27 11:52:10 pm Accessibility scan for campusdrugprevention.gov took 0.13918089866638seconds.
2017:12:27 11:52:10 pm Accessibility scan for recoverymonth.gov took 0.1475350856781seconds.
2017:12:27 11:52:10 pm Accessibility scan for nbm.gov took 0.19487500190735seconds.
2017:12:27 11:52:10 pm Accessibility scan for childstats.gov took 0.16564607620239seconds.
2017:12:27 11:52:11 pm Accessibility scan for watermonitor.gov took 0.13263487815857seconds.
2017:12:27 11:52:11 pm Accessibility scan for paymentaccuracy.gov took 0.13376212120056seconds.
2017:12:27 11:52:11 pm Accessibility scan for helpwithmycreditcard.gov took 0.13646292686462seconds.
2017:12:27 11:52:11 pm Accessibility scan for fueleconomy.gov took 0.14378309249878seconds.
2017:12:27 11:52:11 pm Accessibility scan for swpa.gov took 0.13585901260376seconds.
2017:12:27 11:52:11 pm Accessibility scan for gsa.gov took 0.18403196334839seconds.
2017:12:27 11:52:12 pm Accessibility scan for adr.gov took 0.15242409706116seconds.
2017:12:27 11:52:12 pm Accessibility scan for healthypeople.gov took 0.1943199634552seconds.
2017:12:27 11:52:12 pm Accessibility scan for ada.gov took 0.14406085014343seconds.
2017:12:27 11:52:12 pm Accessibility scan for brc.gov took 0.1329300403595seconds.
2017:12:27 11:52:12 pm Accessibility scan for fnal.gov took 0.13617205619812seconds.
2017:12:27 11:52:12 pm Accessibility scan for pnnl.gov took 0.14062190055847seconds.
2017:12:27 11:52:12 pm Accessibility scan for saferproduct.gov took 0.13037085533142seconds.
2017:12:27 11:52:12 pm Accessibility scan for aguacaliente-nsn.gov took 0.00028896331787109seconds.
2017:12:27 11:52:13 pm Accessibility scan for g5.gov took 0.12875699996948seconds.
2017:12:27 11:52:13 pm Accessibility scan for relocatefeds.gov took 0.13096189498901seconds.
2017:12:27 11:52:13 pm Accessibility scan for fincen.gov took 0.16320013999939seconds.
2017:12:27 11:52:13 pm Accessibility scan for arc.gov took 0.14083003997803seconds.
2017:12:27 11:52:13 pm Accessibility scan for osc.gov took 0.14237904548645seconds.
2017:12:27 11:52:13 pm Accessibility scan for invasivespeciesinfo.gov took 0.14669108390808seconds.
2017:12:27 11:52:13 pm Accessibility scan for osagenation-nsn.gov took 0.00031089782714844seconds.
2017:12:27 11:52:13 pm Accessibility scan for adlnet.gov took 0.13318395614624seconds.
2017:12:27 11:52:14 pm Accessibility scan for genome.gov took 0.13836812973022seconds.
2017:12:27 11:52:14 pm Accessibility scan for hpultribe-nsn.gov took 0.00037217140197754seconds.
2017:12:27 11:52:14 pm Accessibility scan for fbi.gov took 0.13222408294678seconds.
2017:12:27 11:52:14 pm Accessibility scan for employeeexpress.gov took 0.13816785812378seconds.
2017:12:27 11:52:14 pm Accessibility scan for iaf.gov took 0.18203997612seconds.
2017:12:27 11:52:14 pm Accessibility scan for reginfo.gov took 0.14439797401428seconds.
2017:12:27 11:52:14 pm Accessibility scan for nagb.gov took 0.14772009849548seconds.
2017:12:27 11:52:14 pm Accessibility scan for blm.gov took 0.14574098587036seconds.
2017:12:27 11:52:15 pm Accessibility scan for iad.gov took 0.12912392616272seconds.
2017:12:27 11:52:15 pm Accessibility scan for fca.gov took 0.14003801345825seconds.
2017:12:27 11:52:15 pm Accessibility scan for opic.gov took 0.14961099624634seconds.
2017:12:27 11:52:15 pm Accessibility scan for dni.gov took 0.14583301544189seconds.
2017:12:27 11:52:15 pm Accessibility scan for dea.gov took 0.19454097747803seconds.
2017:12:27 11:52:15 pm Accessibility scan for ovc.gov took 0.14623999595642seconds.
2017:12:27 11:52:15 pm Accessibility scan for miccosukee-nsn.gov took 0.00030016899108887seconds.
2017:12:27 11:52:15 pm Accessibility scan for uscirf.gov took 0.17680501937866seconds.
2017:12:27 11:52:15 pm Accessibility scan for laguna-nsn.gov took 0.00034403800964355seconds.
2017:12:27 11:52:16 pm Accessibility scan for ornl.gov took 0.14770078659058seconds.
2017:12:27 11:52:16 pm Accessibility scan for abilityone.gov took 0.12267804145813seconds.
2017:12:27 11:52:16 pm Accessibility scan for census.gov took 0.14362716674805seconds.
2017:12:27 11:52:16 pm Accessibility scan for ncpc.gov took 0.12507295608521seconds.
2017:12:27 11:52:16 pm Accessibility scan for afadvantage.gov took 0.12769603729248seconds.
2017:12:27 11:52:16 pm Accessibility scan for nationalservice.gov took 0.19521594047546seconds.
2017:12:27 11:52:16 pm Accessibility scan for patriotbonds.gov took 0.13037300109863seconds.
2017:12:27 11:52:17 pm Accessibility scan for usich.gov took 0.17433214187622seconds.
2017:12:27 11:52:17 pm Accessibility scan for hudoig.gov took 0.14034700393677seconds.
2017:12:27 11:52:17 pm Accessibility scan for fleta.gov took 0.17636203765869seconds.
2017:12:27 11:52:17 pm Accessibility scan for apps.gov took 0.17338609695435seconds.
2017:12:27 11:52:17 pm Accessibility scan for whitehouseconferenceonaging.gov took 0.17387914657593seconds.
2017:12:27 11:52:17 pm Accessibility scan for nga.gov took 0.15020799636841seconds.
2017:12:27 11:52:18 pm Accessibility scan for fmi.gov took 0.12821316719055seconds.
2017:12:27 11:52:18 pm Accessibility scan for northforkrancheria-nsn.gov took 0.00027608871459961seconds.
2017:12:27 11:52:18 pm Accessibility scan for nsa.gov took 0.13877105712891seconds.
2017:12:27 11:52:18 pm Accessibility scan for commerce.gov took 0.16347813606262seconds.
2017:12:27 11:52:18 pm Accessibility scan for womenshealth.gov took 0.14104986190796seconds.
2017:12:27 11:52:18 pm Accessibility scan for hud.gov took 0.13367199897766seconds.
2017:12:27 11:52:18 pm Accessibility scan for firecode.gov took 0.17010402679443seconds.
2017:12:27 11:52:18 pm Accessibility scan for swinomish-nsn.gov took 0.00027298927307129seconds.
2017:12:27 11:52:18 pm Accessibility scan for access-board.gov took 0.14229512214661seconds.
2017:12:27 11:52:19 pm Accessibility scan for fcsic.gov took 0.13530397415161seconds.
2017:12:27 11:52:19 pm Accessibility scan for homesales.gov took 0.13105607032776seconds.
2017:12:27 11:52:19 pm Accessibility scan for nrd.gov took 0.13474202156067seconds.
2017:12:27 11:52:19 pm Accessibility scan for reporting.gov took 0.12359714508057seconds.
2017:12:27 11:52:19 pm Accessibility scan for anstaskforce.gov took 0.15558409690857seconds.
2017:12:27 11:52:19 pm Accessibility scan for integrity.gov took 0.21273899078369seconds.
2017:12:27 11:52:20 pm Accessibility scan for connect.gov took 0.13827586174011seconds.
2017:12:27 11:52:20 pm Accessibility scan for sbst.gov took 0.13385200500488seconds.
2017:12:27 11:52:20 pm Accessibility scan for safercar.gov took 0.15179300308228seconds.
2017:12:27 11:52:20 pm Accessibility scan for osagecongress-nsn.gov took 0.00030994415283203seconds.
2017:12:27 11:52:20 pm Accessibility scan for niem.gov took 0.149258852005seconds.
2017:12:27 11:52:20 pm Accessibility scan for fbo.gov took 0.12811899185181seconds.
2017:12:27 11:52:20 pm Accessibility scan for oge.gov took 0.16653180122375seconds.
2017:12:27 11:52:20 pm Accessibility scan for robodeidentidad.gov took 0.15031599998474seconds.
2017:12:27 11:52:21 pm Accessibility scan for lsc.gov took 0.17555999755859seconds.
2017:12:27 11:52:21 pm Accessibility scan for irsvideos.gov took 0.13311195373535seconds.
2017:12:27 11:52:21 pm Accessibility scan for salmonrecovery.gov took 0.16127300262451seconds.
2017:12:27 11:52:21 pm Accessibility scan for cao.gov took 0.16654896736145seconds.
2017:12:27 11:52:21 pm Accessibility scan for biopreferred.gov took 0.15365099906921seconds.
2017:12:27 11:52:21 pm Accessibility scan for cio.gov took 0.15566802024841seconds.
2017:12:27 11:52:21 pm Accessibility scan for ofda.gov took 0.13439202308655seconds.
2017:12:27 11:52:21 pm Accessibility scan for kawaika-nsn.gov took 0.00028300285339355seconds.
2017:12:27 11:52:22 pm Accessibility scan for thecoolspot.gov took 0.14184498786926seconds.
2017:12:27 11:52:22 pm Accessibility scan for alaskacenters.gov took 0.13807201385498seconds.
2017:12:27 11:52:22 pm Accessibility scan for uscis.gov took 0.1359920501709seconds.
2017:12:27 11:52:22 pm Accessibility scan for fpds.gov took 0.16945791244507seconds.
2017:12:27 11:52:22 pm Accessibility scan for globalchange.gov took 0.19941210746765seconds.
2017:12:27 11:52:22 pm Accessibility scan for isotope.gov took 0.21435594558716seconds.
2017:12:27 11:52:23 pm Accessibility scan for medalofvalor.gov took 0.13042187690735seconds.
2017:12:27 11:52:23 pm Accessibility scan for medicare.gov took 0.14757895469666seconds.
2017:12:27 11:52:23 pm Accessibility scan for innovation.gov took 0.11980581283569seconds.
2017:12:27 11:52:23 pm Accessibility scan for fpc.gov took 0.13359689712524seconds.
2017:12:27 11:52:23 pm Accessibility scan for clintonlibrary.gov took 0.13558316230774seconds.
2017:12:27 11:52:23 pm Accessibility scan for consumersentinel.gov took 0.14871406555176seconds.
2017:12:27 11:52:23 pm Accessibility scan for solardecathlon.gov took 0.14166498184204seconds.
2017:12:27 11:52:24 pm Accessibility scan for ppirs.gov took 0.1363468170166seconds.
2017:12:27 11:52:24 pm Accessibility scan for mptn-nsn.gov took 0.00032782554626465seconds.
2017:12:27 11:52:24 pm Accessibility scan for wildlifeadaptationstrategy.gov took 0.1322979927063seconds.
2017:12:27 11:52:24 pm Accessibility scan for brac.gov took 0.14911079406738seconds.
2017:12:27 11:52:24 pm Accessibility scan for trafficsafetymarketing.gov took 0.16251611709595seconds.
2017:12:27 11:52:24 pm Accessibility scan for nigc.gov took 0.1461660861969seconds.
2017:12:27 11:52:24 pm Accessibility scan for science360.gov took 0.18407607078552seconds.
2017:12:27 11:52:24 pm Accessibility scan for nro.gov took 0.12881088256836seconds.
2017:12:27 11:52:25 pm Accessibility scan for nccs.gov took 0.13011288642883seconds.
2017:12:27 11:52:25 pm Accessibility scan for cdc.gov took 0.12997198104858seconds.
2017:12:27 11:52:25 pm Accessibility scan for recalls.gov took 0.18888902664185seconds.
2017:12:27 11:52:25 pm Accessibility scan for pclob.gov took 0.17916512489319seconds.
2017:12:27 11:52:25 pm Accessibility scan for stopfakes.gov took 0.24506497383118seconds.
2017:12:27 11:52:26 pm Accessibility scan for usds.gov took 0.14539194107056seconds.
2017:12:27 11:52:26 pm Accessibility scan for nolaenvironmental.gov took 0.13496708869934seconds.
2017:12:27 11:52:26 pm Accessibility scan for performance.gov took 0.150062084198seconds.
2017:12:27 11:52:26 pm Accessibility scan for fdicconnect.gov took 0.12908411026001seconds.
2017:12:27 11:52:26 pm Accessibility scan for lmvsci.gov took 0.13529419898987seconds.
2017:12:27 11:52:26 pm Accessibility scan for businessdefense.gov took 0.13431787490845seconds.
2017:12:27 11:52:26 pm Accessibility scan for cyber.gov took 0.13539409637451seconds.
2017:12:27 11:52:27 pm Accessibility scan for history.gov took 0.2180380821228seconds.
2017:12:27 11:52:27 pm Accessibility scan for iprcenter.gov took 0.14018297195435seconds.
2017:12:27 11:52:27 pm Accessibility scan for identitytheft.gov took 0.19315099716187seconds.
2017:12:27 11:52:27 pm Accessibility scan for gsaxcess.gov took 0.17678284645081seconds.
2017:12:27 11:52:27 pm Accessibility scan for symbols.gov took 0.13677215576172seconds.
2017:12:27 11:52:27 pm Accessibility scan for itrd.gov took 0.1416871547699seconds.
2017:12:27 11:52:27 pm Accessibility scan for vaccines.gov took 0.14234304428101seconds.
2017:12:27 11:52:28 pm Accessibility scan for ntis.gov took 0.29123497009277seconds.
2017:12:27 11:52:28 pm Accessibility scan for aha-nsn.gov took 0.00030612945556641seconds.
2017:12:27 11:52:28 pm Accessibility scan for childwelfare.gov took 0.15338110923767seconds.
2017:12:27 11:52:28 pm Accessibility scan for medicalcountermeasures.gov took 0.12925887107849seconds.
2017:12:27 11:52:28 pm Accessibility scan for contractdirectory.gov took 0.13699102401733seconds.
2017:12:27 11:52:28 pm Accessibility scan for huduser.gov took 0.14819693565369seconds.
2017:12:27 11:52:28 pm Accessibility scan for hoopa-nsn.gov took 0.00027704238891602seconds.
2017:12:27 11:52:28 pm Accessibility scan for slgs.gov took 0.13928508758545seconds.
2017:12:27 11:52:29 pm Accessibility scan for ofcm.gov took 0.13384485244751seconds.
2017:12:27 11:52:29 pm Accessibility scan for americathebeautifulquarters.gov took 0.13571786880493seconds.
2017:12:27 11:52:29 pm Accessibility scan for militaryconsumer.gov took 0.19725394248962seconds.
2017:12:27 11:52:29 pm Accessibility scan for safeocs.gov took 0.15718197822571seconds.
2017:12:27 11:52:29 pm Accessibility scan for nnlm.gov took 0.15526413917542seconds.
2017:12:27 11:52:29 pm Accessibility scan for fara.gov took 0.13112378120422seconds.
2017:12:27 11:52:30 pm Accessibility scan for usphs.gov took 0.14732909202576seconds.
2017:12:27 11:52:30 pm Accessibility scan for smartcheck.gov took 0.13822412490845seconds.
2017:12:27 11:52:30 pm Accessibility scan for selectagents.gov took 0.13315582275391seconds.
2017:12:27 11:52:30 pm Accessibility scan for ars-grin.gov took 0.13483500480652seconds.
2017:12:27 11:52:30 pm Accessibility scan for crimesolutions.gov took 0.19396209716797seconds.
2017:12:27 11:52:30 pm Accessibility scan for cnss.gov took 0.14487910270691seconds.
2017:12:27 11:52:30 pm Accessibility scan for deaecom.gov took 0.131915807724seconds.
2017:12:27 11:52:30 pm Accessibility scan for jacksonrancheria-nsn.gov took 0.00029206275939941seconds.
2017:12:27 11:52:31 pm Accessibility scan for pretrialservices.gov took 0.13862991333008seconds.
2017:12:27 11:52:31 pm Accessibility scan for us-cert.gov took 0.14450907707214seconds.
2017:12:27 11:52:31 pm Accessibility scan for mcc.gov took 0.13618302345276seconds.
2017:12:27 11:52:31 pm Accessibility scan for ems.gov took 0.15579080581665seconds.
2017:12:27 11:52:31 pm Accessibility scan for lummi-nsn.gov took 0.00030803680419922seconds.
2017:12:27 11:52:31 pm Accessibility scan for acwi.gov took 0.14710092544556seconds.
2017:12:27 11:52:31 pm Accessibility scan for challenge.gov took 0.16831207275391seconds.
2017:12:27 11:52:31 pm Accessibility scan for occ.gov took 0.1446168422699seconds.
2017:12:27 11:52:32 pm Accessibility scan for usitc.gov took 0.15210509300232seconds.
2017:12:27 11:52:32 pm Accessibility scan for nationsreportcard.gov took 0.13633179664612seconds.
2017:12:27 11:52:32 pm Accessibility scan for execsec.gov took 0.20438599586487seconds.
2017:12:27 11:52:32 pm Accessibility scan for usgs.gov took 0.16302800178528seconds.
2017:12:27 11:52:32 pm Accessibility scan for comptrollerofthecurrency.gov took 0.19258403778076seconds.
2017:12:27 11:52:32 pm Accessibility scan for phc-nsn.gov took 0.00028705596923828seconds.
2017:12:27 11:52:32 pm Accessibility scan for fbiic.gov took 0.12691402435303seconds.
2017:12:27 11:52:32 pm Accessibility scan for chitimacha.gov took 0.00028800964355469seconds.
2017:12:27 11:52:33 pm Accessibility scan for safertruck.gov took 0.16663908958435seconds.
2017:12:27 11:52:33 pm Accessibility scan for southernute-nsn.gov took 0.00033807754516602seconds.
2017:12:27 11:52:33 pm Accessibility scan for federalreserve.gov took 0.14502000808716seconds.
2017:12:27 11:52:33 pm Accessibility scan for trade.gov took 0.14413499832153seconds.
2017:12:27 11:52:33 pm Accessibility scan for fcpotawatomi-nsn.gov took 0.00029206275939941seconds.
2017:12:27 11:52:33 pm Accessibility scan for justthinktwice.gov took 0.1674439907074seconds.
2017:12:27 11:52:33 pm Accessibility scan for dnfsb.gov took 0.14172506332397seconds.
2017:12:27 11:52:33 pm Accessibility scan for bosque.gov took 0.17776799201965seconds.
2017:12:27 11:52:34 pm Accessibility scan for cloud.gov took 0.14663219451904seconds.
2017:12:27 11:52:34 pm Accessibility scan for nehrp.gov took 0.13277006149292seconds.
2017:12:27 11:52:34 pm Accessibility scan for hrsa.gov took 0.13663101196289seconds.
2017:12:27 11:52:34 pm Accessibility scan for siteidiq.gov took 0.1412501335144seconds.
2017:12:27 11:52:34 pm Accessibility scan for nicsezcheckfbi.gov took 0.1333179473877seconds.
2017:12:27 11:52:34 pm Accessibility scan for veterans.gov took 0.14946603775024seconds.
2017:12:27 11:52:34 pm Accessibility scan for usda.gov took 0.15138816833496seconds.
2017:12:27 11:52:35 pm Accessibility scan for ots.gov took 0.13994097709656seconds.
2017:12:27 11:52:35 pm Accessibility scan for frpg.gov took 0.13545203208923seconds.
2017:12:27 11:52:35 pm Accessibility scan for uspsoig.gov took 0.14747714996338seconds.
2017:12:27 11:52:35 pm Accessibility scan for fdicig.gov took 0.15631890296936seconds.
2017:12:27 11:52:35 pm Accessibility scan for rosebudsiouxtribe-nsn.gov took 0.00034809112548828seconds.
2017:12:27 11:52:35 pm Accessibility scan for buyusa.gov took 0.17148804664612seconds.
2017:12:27 11:52:35 pm Accessibility scan for nicic.gov took 0.21309685707092seconds.
2017:12:27 11:52:35 pm Accessibility scan for fdic.gov took 0.16781210899353seconds.
2017:12:27 11:52:36 pm Accessibility scan for regulations.gov took 0.13576197624207seconds.
2017:12:27 11:52:36 pm Accessibility scan for anchorit.gov took 0.14393091201782seconds.
2017:12:27 11:52:36 pm Accessibility scan for vcf.gov took 0.13112092018127seconds.
2017:12:27 11:52:36 pm Accessibility scan for oversight.gov took 0.14444589614868seconds.
2017:12:27 11:52:36 pm Accessibility scan for fea.gov took 0.14870095252991seconds.
2017:12:27 11:52:36 pm Accessibility scan for fdicoig.gov took 0.16028118133545seconds.
2017:12:27 11:52:37 pm Accessibility scan for bankcustomer.gov took 0.1479959487915seconds.
2017:12:27 11:52:37 pm Accessibility scan for fedpartnership.gov took 0.14162302017212seconds.
2017:12:27 11:52:37 pm Accessibility scan for mspb.gov took 0.17168092727661seconds.
2017:12:27 11:52:37 pm Accessibility scan for nps.gov took 0.14749598503113seconds.
2017:12:27 11:52:37 pm Accessibility scan for mtbs.gov took 0.13885402679443seconds.
2017:12:27 11:52:37 pm Accessibility scan for orau.gov took 0.16809391975403seconds.
2017:12:27 11:52:37 pm Accessibility scan for pascuayaqui-nsn.gov took 0.00027608871459961seconds.
2017:12:27 11:52:37 pm Accessibility scan for nvb-nsn.gov took 0.00024294853210449seconds.
2017:12:27 11:52:37 pm Accessibility scan for jusfc.gov took 0.13041210174561seconds.
2017:12:27 11:52:38 pm Accessibility scan for eta-find.gov took 0.14027500152588seconds.
2017:12:27 11:52:38 pm Accessibility scan for cendi.gov took 0.13376808166504seconds.
2017:12:27 11:52:38 pm Accessibility scan for fatherhood.gov took 0.14511799812317seconds.
2017:12:27 11:52:38 pm Accessibility scan for crimevictims.gov took 0.13657212257385seconds.
2017:12:27 11:52:38 pm Accessibility scan for pracomment.gov took 0.12714791297913seconds.
2017:12:27 11:52:38 pm Accessibility scan for nsep.gov took 0.1813759803772seconds.
2017:12:27 11:52:38 pm Accessibility scan for ustda.gov took 0.15759801864624seconds.
2017:12:27 11:52:39 pm Accessibility scan for login.gov took 0.13217902183533seconds.
2017:12:27 11:52:39 pm Accessibility scan for labor.gov took 0.13112282752991seconds.
2017:12:27 11:52:39 pm Accessibility scan for soboba-nsn.gov took 0.00028800964355469seconds.
2017:12:27 11:52:39 pm Accessibility scan for ngc.gov took 0.14477205276489seconds.
2017:12:27 11:52:39 pm Accessibility scan for gcmrc.gov took 0.16740083694458seconds.
2017:12:27 11:52:39 pm Accessibility scan for fedcenter.gov took 0.14390397071838seconds.
2017:12:27 11:52:39 pm Accessibility scan for consumidor.gov took 0.18793988227844seconds.
2017:12:27 11:52:39 pm Accessibility scan for restorethegulf.gov took 0.15627503395081seconds.
2017:12:27 11:52:40 pm Accessibility scan for phe.gov took 0.13710188865662seconds.
2017:12:27 11:52:40 pm Accessibility scan for pci-nsn.gov took 0.00027203559875488seconds.
2017:12:27 11:52:40 pm Accessibility scan for gunlaketribe-nsn.gov took 0.00025010108947754seconds.
2017:12:27 11:52:40 pm Accessibility scan for barona-nsn.gov took 0.00023889541625977seconds.
2017:12:27 11:52:40 pm Accessibility scan for mbda.gov took 0.15498208999634seconds.
2017:12:27 11:52:40 pm Accessibility scan for klamathrestoration.gov took 0.14724016189575seconds.
2017:12:27 11:52:40 pm Accessibility scan for goes-r.gov took 0.12862205505371seconds.
2017:12:27 11:52:40 pm Accessibility scan for bia.gov took 0.16022801399231seconds.
2017:12:27 11:52:40 pm Accessibility scan for sigtarp.gov took 0.19864392280579seconds.
2017:12:27 11:52:41 pm Accessibility scan for mitigationcommission.gov took 0.12554907798767seconds.
2017:12:27 11:52:41 pm Accessibility scan for paskenta-nsn.gov took 0.00036001205444336seconds.
2017:12:27 11:52:41 pm Accessibility scan for globe.gov took 0.12799596786499seconds.
2017:12:27 11:52:41 pm Accessibility scan for smokefree.gov took 0.15138101577759seconds.
2017:12:27 11:52:41 pm Accessibility scan for uscurrency.gov took 0.14498400688171seconds.
2017:12:27 11:52:41 pm Accessibility scan for jobcorps.gov took 0.19484496116638seconds.
2017:12:27 11:52:41 pm Accessibility scan for wizard.gov took 0.22931003570557seconds.
2017:12:27 11:52:42 pm Accessibility scan for healthcare.gov took 0.1651029586792seconds.
2017:12:27 11:52:42 pm Accessibility scan for code.gov took 0.13843297958374seconds.
2017:12:27 11:52:42 pm Accessibility scan for udall.gov took 0.13969898223877seconds.
2017:12:27 11:52:42 pm Accessibility scan for federalreserveconsumerhelp.gov took 0.15578389167786seconds.
2017:12:27 11:52:42 pm Accessibility scan for mymedicare.gov took 0.14189219474792seconds.
2017:12:27 11:52:42 pm Accessibility scan for dod.gov took 0.1357250213623seconds.
2017:12:27 11:52:42 pm Accessibility scan for lanl.gov took 0.14474606513977seconds.
2017:12:27 11:52:43 pm Accessibility scan for data.gov took 0.14699983596802seconds.
2017:12:27 11:52:43 pm Accessibility scan for ncd.gov took 0.19911193847656seconds.
2017:12:27 11:52:43 pm Accessibility scan for prc.gov took 0.13726282119751seconds.
2017:12:27 11:52:43 pm Accessibility scan for pauma-nsn.gov took 0.00028705596923828seconds.
2017:12:27 11:52:43 pm Accessibility scan for iarpa.gov took 0.14373517036438seconds.
2017:12:27 11:52:43 pm Accessibility scan for asap.gov took 0.13160705566406seconds.
2017:12:27 11:52:43 pm Accessibility scan for pmf.gov took 0.18599009513855seconds.
2017:12:27 11:52:44 pm Accessibility scan for ourdocuments.gov took 0.19464182853699seconds.
2017:12:27 11:52:44 pm Accessibility scan for saferproducts.gov took 0.14636898040771seconds.
2017:12:27 11:52:44 pm Accessibility scan for broadband.gov took 0.18178415298462seconds.
2017:12:27 11:52:44 pm Accessibility scan for bep.gov took 0.14184808731079seconds.
2017:12:27 11:52:44 pm Accessibility scan for selectusa.gov took 0.13510704040527seconds.
2017:12:27 11:52:44 pm Accessibility scan for geoplatform.gov took 0.15861582756042seconds.
2017:12:27 11:52:44 pm Accessibility scan for nsopw.gov took 0.14909195899963seconds.
2017:12:27 11:52:45 pm Accessibility scan for noaa.gov took 0.13124799728394seconds.
2017:12:27 11:52:45 pm Accessibility scan for nationalbankhelp.gov took 0.1408679485321seconds.
2017:12:27 11:52:45 pm Accessibility scan for bop.gov took 0.13220906257629seconds.
2017:12:27 11:52:45 pm Accessibility scan for menominee-nsn.gov took 0.00031113624572754seconds.
2017:12:27 11:52:45 pm Accessibility scan for nfpors.gov took 0.19594502449036seconds.
2017:12:27 11:52:45 pm Accessibility scan for macpac.gov took 0.14280796051025seconds.
2017:12:27 11:52:45 pm Accessibility scan for nnss.gov took 0.1457941532135seconds.
2017:12:27 11:52:46 pm Accessibility scan for export.gov took 0.14806795120239seconds.
2017:12:27 11:52:46 pm Accessibility scan for aviationweather.gov took 0.14606499671936seconds.
2017:12:27 11:52:46 pm Accessibility scan for stb.gov took 0.14865803718567seconds.
2017:12:27 11:52:46 pm Accessibility scan for fhfa.gov took 0.13173317909241seconds.
2017:12:27 11:52:46 pm Accessibility scan for sdr.gov took 0.14534616470337seconds.
2017:12:27 11:52:46 pm Accessibility scan for mcn-nsn.gov took 0.00029587745666504seconds.
2017:12:27 11:52:46 pm Accessibility scan for jwod.gov took 0.16857600212097seconds.
2017:12:27 11:52:46 pm Accessibility scan for dhs.gov took 0.14292693138123seconds.
2017:12:27 11:52:47 pm Accessibility scan for computersforlearning.gov took 0.1544349193573seconds.
2017:12:27 11:52:47 pm Accessibility scan for worker.gov took 0.13508009910583seconds.
2017:12:27 11:52:47 pm Accessibility scan for healthit.gov took 0.12897396087646seconds.
2017:12:27 11:52:47 pm Accessibility scan for stopmedicarefraud.gov took 0.13171887397766seconds.
2017:12:27 11:52:47 pm Accessibility scan for unicor.gov took 0.14663195610046seconds.
2017:12:27 11:52:47 pm Accessibility scan for ftcefile.gov took 0.17556095123291seconds.
2017:12:27 11:52:47 pm Accessibility scan for secretservice.gov took 0.13309001922607seconds.
2017:12:27 11:52:48 pm Accessibility scan for arts.gov took 0.13767695426941seconds.
2017:12:27 11:52:48 pm Accessibility scan for ecpic.gov took 0.14909696578979seconds.
2017:12:27 11:52:48 pm Accessibility scan for cms.gov took 0.13698792457581seconds.
2017:12:27 11:52:48 pm Accessibility scan for savingsbonds.gov took 0.13294100761414seconds.
2017:12:27 11:52:48 pm Accessibility scan for iowatribe-nsn.gov took 0.00026106834411621seconds.
2017:12:27 11:52:48 pm Accessibility scan for cmts.gov took 0.1252589225769seconds.
2017:12:27 11:52:48 pm Accessibility scan for aff.gov took 0.15637707710266seconds.
2017:12:27 11:52:48 pm Accessibility scan for atfonline.gov took 0.17142581939697seconds.
2017:12:27 11:52:49 pm Accessibility scan for tsa.gov took 0.14482188224792seconds.
2017:12:27 11:52:49 pm Accessibility scan for bbg.gov took 0.14740610122681seconds.
2017:12:27 11:52:49 pm Accessibility scan for myra.gov took 0.14480900764465seconds.
2017:12:27 11:52:49 pm Accessibility scan for privacyshield.gov took 0.13186287879944seconds.
2017:12:27 11:52:49 pm Accessibility scan for defense.gov took 0.16188287734985seconds.
2017:12:27 11:52:49 pm Accessibility scan for scc-nsn.gov took 0.00027799606323242seconds.
2017:12:27 11:52:49 pm Accessibility scan for sji.gov took 0.17313480377197seconds.
2017:12:27 11:52:49 pm Accessibility scan for oshrc.gov took 0.14634585380554seconds.
2017:12:27 11:52:50 pm Accessibility scan for esa.gov took 0.15858101844788seconds.
2017:12:27 11:52:50 pm Accessibility scan for eklutna-nsn.gov took 0.0003359317779541seconds.
2017:12:27 11:52:50 pm Accessibility scan for nationalgangcenter.gov took 0.14380097389221seconds.
2017:12:27 11:52:50 pm Accessibility scan for hydrogen.gov took 0.15000200271606seconds.
2017:12:27 11:52:50 pm Accessibility scan for pol-nsn.gov took 0.00028800964355469seconds.
2017:12:27 11:52:50 pm Accessibility scan for wdol.gov took 0.14156293869019seconds.
2017:12:27 11:52:50 pm Accessibility scan for middletownrancheria-nsn.gov took 0.00029420852661133seconds.
2017:12:27 11:52:50 pm Accessibility scan for uspis.gov took 0.13486313819885seconds.
2017:12:27 11:52:50 pm Accessibility scan for marinecadastre.gov took 0.14971804618835seconds.
2017:12:27 11:52:50 pm Accessibility scan for ltbbodawa-nsn.gov took 0.0003199577331543seconds.
2017:12:27 11:52:50 pm Accessibility Scans for all domains is finished.
