2018:01:04 12:31:57 pm Starting Scan
2018:01:04 12:31:57 pm Collecting HTTPS and DAP data from Pulse
2018:01:04 12:32:09 pm Accessibility scan for foreignassistance.gov took 6.0499441623688seconds.
2018:01:04 12:32:11 pm Accessibility scan for nrel.gov took 1.9289319515228seconds.
2018:01:04 12:32:12 pm Accessibility scan for youth.gov took 1.0871679782867seconds.
2018:01:04 12:32:13 pm Accessibility scan for uspsinnovates.gov took 0.39250016212463seconds.
2018:01:04 12:32:13 pm Accessibility scan for badriver-nsn.gov took 0.00031495094299316seconds.
2018:01:04 12:32:13 pm Accessibility scan for nafri.gov took 0.72461104393005seconds.
2018:01:04 12:32:14 pm Accessibility scan for bnl.gov took 0.59880614280701seconds.
2018:01:04 12:32:15 pm Accessibility scan for psc.gov took 0.42606711387634seconds.
2018:01:04 12:32:15 pm Accessibility scan for santarosacahuilla-nsn.gov took 0.0002129077911377seconds.
2018:01:04 12:32:15 pm Accessibility scan for choosemyplate.gov took 0.62420797348022seconds.
2018:01:04 12:32:16 pm Accessibility scan for guideline.gov took 0.6629900932312seconds.
2018:01:04 12:32:16 pm Accessibility scan for casl.gov took 0.25259494781494seconds.
2018:01:04 12:32:17 pm Accessibility scan for fireleadership.gov took 1.0410051345825seconds.
2018:01:04 12:32:17 pm Accessibility scan for bls.gov took 0.28186011314392seconds.
2018:01:04 12:32:17 pm Accessibility scan for uppersiouxcommunity-nsn.gov took 0.00039911270141602seconds.
2018:01:04 12:32:17 pm Accessibility scan for morongo-nsn.gov took 0.00025010108947754seconds.
2018:01:04 12:32:17 pm Accessibility scan for mtc.gov took 0.00024700164794922seconds.
2018:01:04 12:32:18 pm Accessibility scan for feb.gov took 0.79930710792542seconds.
2018:01:04 12:32:18 pm Accessibility scan for federalinvestments.gov took 0.18809390068054seconds.
2018:01:04 12:32:19 pm Accessibility scan for acl.gov took 0.60435009002686seconds.
2018:01:04 12:32:19 pm Accessibility scan for gsaadvantage.gov took 0.15100884437561seconds.
2018:01:04 12:32:19 pm Accessibility scan for fishwatch.gov took 0.14226698875427seconds.
2018:01:04 12:32:19 pm Accessibility scan for citizenscience.gov took 0.22056102752686seconds.
2018:01:04 12:32:20 pm Accessibility scan for ameslab.gov took 0.44293189048767seconds.
2018:01:04 12:32:20 pm Accessibility scan for 911.gov took 0.17427515983582seconds.
2018:01:04 12:32:21 pm Accessibility scan for hru.gov took 1.1460721492767seconds.
2018:01:04 12:32:22 pm Accessibility scan for nrc.gov took 0.26030206680298seconds.
2018:01:04 12:32:22 pm Accessibility scan for ntsb.gov took 0.19736003875732seconds.
2018:01:04 12:32:22 pm Accessibility scan for america.gov took 0.20803189277649seconds.
2018:01:04 12:32:22 pm Accessibility scan for otoe-nsn.gov took 0.00026416778564453seconds.
2018:01:04 12:32:22 pm Accessibility scan for nij.gov took 0.28109693527222seconds.
2018:01:04 12:32:22 pm Accessibility scan for oea.gov took 0.18210697174072seconds.
2018:01:04 12:32:23 pm Accessibility scan for rivers.gov took 0.44893193244934seconds.
2018:01:04 12:32:23 pm Accessibility scan for govloans.gov took 0.25251507759094seconds.
2018:01:04 12:32:23 pm Accessibility scan for firstnet.gov took 0.1584939956665seconds.
2018:01:04 12:32:24 pm Accessibility scan for idmanagement.gov took 0.25847911834717seconds.
2018:01:04 12:32:24 pm Accessibility scan for continentalshelf.gov took 0.35174083709717seconds.
2018:01:04 12:32:24 pm Accessibility scan for mrlc.gov took 0.38562107086182seconds.
2018:01:04 12:32:25 pm Accessibility scan for usaseanconnect.gov took 0.37851691246033seconds.
2018:01:04 12:32:25 pm Accessibility scan for mentalhealth.gov took 0.20231795310974seconds.
2018:01:04 12:32:25 pm Accessibility scan for foia.gov took 0.23661303520203seconds.
2018:01:04 12:32:25 pm Accessibility scan for pokagonband-nsn.gov took 0.0001981258392334seconds.
2018:01:04 12:32:25 pm Accessibility scan for usajobs.gov took 0.27667903900146seconds.
2018:01:04 12:32:25 pm Accessibility scan for oneida-nsn.gov took 0.00031781196594238seconds.
2018:01:04 12:32:25 pm Accessibility scan for estoo-nsn.gov took 0.00023794174194336seconds.
2018:01:04 12:32:25 pm Accessibility scan for scottsvalley-nsn.gov took 0.00024890899658203seconds.
2018:01:04 12:32:26 pm Accessibility scan for telework.gov took 0.28540420532227seconds.
2018:01:04 12:32:26 pm Accessibility scan for crow-nsn.gov took 0.00020599365234375seconds.
2018:01:04 12:32:26 pm Accessibility scan for irs.gov took 0.23702502250671seconds.
2018:01:04 12:32:26 pm Accessibility scan for tolowa-nsn.gov took 0.0003199577331543seconds.
2018:01:04 12:32:26 pm Accessibility scan for search.gov took 0.20940899848938seconds.
2018:01:04 12:32:26 pm Accessibility scan for godirect.gov took 0.25036191940308seconds.
2018:01:04 12:32:27 pm Accessibility scan for workplace.gov took 0.18332195281982seconds.
2018:01:04 12:32:27 pm Accessibility scan for asc.gov took 0.45265102386475seconds.
2018:01:04 12:32:27 pm Accessibility scan for preserveamerica.gov took 0.26104402542114seconds.
2018:01:04 12:32:28 pm Accessibility scan for stateoig.gov took 0.2923469543457seconds.
2018:01:04 12:32:28 pm Accessibility scan for foodsafety.gov took 0.12941122055054seconds.
2018:01:04 12:32:29 pm Accessibility scan for digitalliteracy.gov took 0.88360118865967seconds.
2018:01:04 12:32:29 pm Accessibility scan for jamesmadison.gov took 0.3040509223938seconds.
2018:01:04 12:32:29 pm Accessibility scan for presidentialserviceawards.gov took 0.1444308757782seconds.
2018:01:04 12:32:29 pm Accessibility scan for omaha-nsn.gov took 0.00033998489379883seconds.
2018:01:04 12:32:29 pm Accessibility scan for eeoc.gov took 0.28316593170166seconds.
2018:01:04 12:32:29 pm Accessibility scan for fvap.gov took 0.2420380115509seconds.
2018:01:04 12:32:30 pm Accessibility scan for realestatesales.gov took 0.15577006340027seconds.
2018:01:04 12:32:30 pm Accessibility scan for drought.gov took 0.22059607505798seconds.
2018:01:04 12:32:30 pm Accessibility scan for nbc.gov took 0.26727795600891seconds.
2018:01:04 12:32:30 pm Accessibility scan for nasa.gov took 0.20253396034241seconds.
2018:01:04 12:32:30 pm Accessibility scan for letgirlslearn.gov took 0.1550600528717seconds.
2018:01:04 12:32:31 pm Accessibility scan for achp.gov took 0.14804601669312seconds.
2018:01:04 12:32:31 pm Accessibility scan for medlineplus.gov took 0.2348849773407seconds.
2018:01:04 12:32:31 pm Accessibility scan for ustr.gov took 0.22134804725647seconds.
2018:01:04 12:32:31 pm Accessibility scan for whistleblower.gov took 0.29181313514709seconds.
2018:01:04 12:32:32 pm Accessibility scan for e-enterprise.gov took 0.19636988639832seconds.
2018:01:04 12:32:32 pm Accessibility scan for mymoney.gov took 0.13207101821899seconds.
2018:01:04 12:32:32 pm Accessibility scan for crit-nsn.gov took 0.00037598609924316seconds.
2018:01:04 12:32:32 pm Accessibility scan for cpnireporting.gov took 0.17075991630554seconds.
2018:01:04 12:32:32 pm Accessibility scan for nwcg.gov took 0.14711689949036seconds.
2018:01:04 12:32:32 pm Accessibility scan for coralreef.gov took 0.14082407951355seconds.
2018:01:04 12:32:33 pm Accessibility scan for opm.gov took 0.36504697799683seconds.
2018:01:04 12:32:33 pm Accessibility scan for cfda.gov took 0.24317502975464seconds.
2018:01:04 12:32:33 pm Accessibility scan for sacandfoxnation-nsn.gov took 0.00021004676818848seconds.
2018:01:04 12:32:33 pm Accessibility scan for science.gov took 0.23842406272888seconds.
2018:01:04 12:32:33 pm Accessibility scan for reaganlibrary.gov took 0.18619608879089seconds.
2018:01:04 12:32:33 pm Accessibility scan for airnow.gov took 0.24915981292725seconds.
2018:01:04 12:32:34 pm Accessibility scan for epa.gov took 0.26548886299133seconds.
2018:01:04 12:32:34 pm Accessibility scan for helpwithmybank.gov took 0.20162987709045seconds.
2018:01:04 12:32:34 pm Accessibility scan for capnhq.gov took 0.17569994926453seconds.
2018:01:04 12:32:34 pm Accessibility scan for poolsafely.gov took 0.17549800872803seconds.
2018:01:04 12:32:34 pm Accessibility scan for vote.gov took 0.17157101631165seconds.
2018:01:04 12:32:35 pm Accessibility scan for scijinks.gov took 0.31918096542358seconds.
2018:01:04 12:32:35 pm Accessibility scan for malwareinvestigator.gov took 0.18989610671997seconds.
2018:01:04 12:32:35 pm Accessibility scan for poolsafety.gov took 0.12056612968445seconds.
2018:01:04 12:32:35 pm Accessibility scan for pepfar.gov took 0.18231511116028seconds.
2018:01:04 12:32:36 pm Accessibility scan for fan.gov took 0.28119587898254seconds.
2018:01:04 12:32:36 pm Accessibility scan for jem.gov took 0.15993714332581seconds.
2018:01:04 12:32:36 pm Accessibility scan for whistleblowers.gov took 0.13601398468018seconds.
2018:01:04 12:32:36 pm Accessibility scan for landimaging.gov took 0.19942188262939seconds.
2018:01:04 12:32:36 pm Accessibility scan for srs.gov took 0.1670880317688seconds.
2018:01:04 12:32:36 pm Accessibility scan for treasuryhunt.gov took 0.2434549331665seconds.
2018:01:04 12:32:37 pm Accessibility scan for digital.gov took 0.26150393486023seconds.
2018:01:04 12:32:37 pm Accessibility scan for treasurydirect.gov took 0.12282490730286seconds.
2018:01:04 12:32:37 pm Accessibility scan for mashpeewampanoagtribe-nsn.gov took 0.0001978874206543seconds.
2018:01:04 12:32:37 pm Accessibility scan for health.gov took 0.13960003852844seconds.
2018:01:04 12:32:37 pm Accessibility scan for wrp.gov took 0.1526210308075seconds.
2018:01:04 12:32:37 pm Accessibility scan for tonation-nsn.gov took 0.00028109550476074seconds.
2018:01:04 12:32:37 pm Accessibility scan for moneyfactorystore.gov took 0.14598679542542seconds.
2018:01:04 12:32:37 pm Accessibility scan for digitaldashboard.gov took 0.12260007858276seconds.
2018:01:04 12:32:38 pm Accessibility scan for childreninadversity.gov took 0.16721606254578seconds.
2018:01:04 12:32:38 pm Accessibility scan for medicaid.gov took 0.12253713607788seconds.
2018:01:04 12:32:38 pm Accessibility scan for afrh.gov took 0.14740514755249seconds.
2018:01:04 12:32:38 pm Accessibility scan for ussm.gov took 0.13815879821777seconds.
2018:01:04 12:32:38 pm Accessibility scan for flightschoolcandidates.gov took 0.17558908462524seconds.
2018:01:04 12:32:38 pm Accessibility scan for vehiclehistory.gov took 0.13929200172424seconds.
2018:01:04 12:32:38 pm Accessibility scan for rrb.gov took 0.1699550151825seconds.
2018:01:04 12:32:39 pm Accessibility scan for cpars.gov took 0.15032005310059seconds.
2018:01:04 12:32:39 pm Accessibility scan for mesagrandeband-nsn.gov took 0.00020599365234375seconds.
2018:01:04 12:32:39 pm Accessibility scan for nationalbanknet.gov took 0.16772484779358seconds.
2018:01:04 12:32:39 pm Accessibility scan for volunteer.gov took 0.12600088119507seconds.
2018:01:04 12:32:39 pm Accessibility scan for vef.gov took 0.12887620925903seconds.
2018:01:04 12:32:39 pm Accessibility scan for tulerivertribe-nsn.gov took 0.00020599365234375seconds.
2018:01:04 12:32:39 pm Accessibility scan for micmac-nsn.gov took 0.00017714500427246seconds.
2018:01:04 12:32:39 pm Accessibility scan for lca.gov took 0.13036394119263seconds.
2018:01:04 12:32:39 pm Accessibility scan for fbijobs.gov took 0.23846507072449seconds.
2018:01:04 12:32:40 pm Accessibility scan for savingsbondwizard.gov took 0.18449401855469seconds.
2018:01:04 12:32:40 pm Accessibility scan for tsunami.gov took 0.20661902427673seconds.
2018:01:04 12:32:40 pm Accessibility scan for sac.gov took 0.11803388595581seconds.
2018:01:04 12:32:40 pm Accessibility scan for neh.gov took 0.1850860118866seconds.
2018:01:04 12:32:40 pm Accessibility scan for recreation.gov took 0.21243190765381seconds.
2018:01:04 12:32:40 pm Accessibility scan for investor.gov took 0.1858549118042seconds.
2018:01:04 12:32:41 pm Accessibility scan for collegedrinkingprevention.gov took 0.32252788543701seconds.
2018:01:04 12:32:41 pm Accessibility scan for fs.fed.us took 0.14767384529114seconds.
2018:01:04 12:32:41 pm Accessibility scan for presidio.gov took 0.13295698165894seconds.
2018:01:04 12:32:41 pm Accessibility scan for doioig.gov took 0.20425009727478seconds.
2018:01:04 12:32:41 pm Accessibility scan for ncrc.gov took 0.13863492012024seconds.
2018:01:04 12:32:42 pm Accessibility scan for fai.gov took 0.15662384033203seconds.
2018:01:04 12:32:42 pm Accessibility scan for fcc.gov took 0.12214612960815seconds.
2018:01:04 12:32:42 pm Accessibility scan for dra.gov took 0.14806604385376seconds.
2018:01:04 12:32:42 pm Accessibility scan for pmi.gov took 0.14474892616272seconds.
2018:01:04 12:32:42 pm Accessibility scan for ssa.gov took 0.13955402374268seconds.
2018:01:04 12:32:42 pm Accessibility scan for isletapueblo-nsn.gov took 0.0003509521484375seconds.
2018:01:04 12:32:42 pm Accessibility scan for lacoast.gov took 0.13494181632996seconds.
2018:01:04 12:32:42 pm Accessibility scan for mohican-nsn.gov took 0.00025296211242676seconds.
2018:01:04 12:32:42 pm Accessibility scan for qvir-nsn.gov took 0.00019502639770508seconds.
2018:01:04 12:32:42 pm Accessibility scan for stopfraud.gov took 0.14568305015564seconds.
2018:01:04 12:32:43 pm Accessibility scan for firstrespondertraining.gov took 0.13779306411743seconds.
2018:01:04 12:32:43 pm Accessibility scan for ncua.gov took 0.12542700767517seconds.
2018:01:04 12:32:43 pm Accessibility scan for amtrakoig.gov took 0.19472694396973seconds.
2018:01:04 12:32:43 pm Accessibility scan for bea.gov took 0.31516003608704seconds.
2018:01:04 12:32:43 pm Accessibility scan for crt2014-2024review.gov took 0.27827787399292seconds.
2018:01:04 12:32:44 pm Accessibility scan for sss.gov took 0.11983203887939seconds.
2018:01:04 12:32:44 pm Accessibility scan for vets.gov took 0.52014589309692seconds.
2018:01:04 12:32:44 pm Accessibility scan for nih.gov took 0.19193482398987seconds.
2018:01:04 12:32:44 pm Accessibility scan for wapa.gov took 0.1661159992218seconds.
2018:01:04 12:32:45 pm Accessibility scan for peacecorps.gov took 0.15232110023499seconds.
2018:01:04 12:32:45 pm Accessibility scan for fmcs.gov took 0.12549996376038seconds.
2018:01:04 12:32:45 pm Accessibility scan for ssab.gov took 0.1256959438324seconds.
2018:01:04 12:32:45 pm Accessibility scan for research.gov took 0.15573787689209seconds.
2018:01:04 12:32:45 pm Accessibility scan for cttso.gov took 0.16426301002502seconds.
2018:01:04 12:32:45 pm Accessibility scan for ncirc.gov took 0.12000513076782seconds.
2018:01:04 12:32:45 pm Accessibility scan for mycreditunion.gov took 0.14211511611938seconds.
2018:01:04 12:32:46 pm Accessibility scan for earthsystemprediction.gov took 0.19847011566162seconds.
2018:01:04 12:32:46 pm Accessibility scan for cdfifund.gov took 0.15769410133362seconds.
2018:01:04 12:32:46 pm Accessibility scan for fedramp.gov took 0.17198395729065seconds.
2018:01:04 12:32:46 pm Accessibility scan for tachi-yokut-nsn.gov took 0.00022411346435547seconds.
2018:01:04 12:32:46 pm Accessibility scan for empowhr.gov took 0.15376615524292seconds.
2018:01:04 12:32:46 pm Accessibility scan for caddonation-nsn.gov took 0.00021004676818848seconds.
2018:01:04 12:32:46 pm Accessibility scan for msha.gov took 0.1185998916626seconds.
2018:01:04 12:32:46 pm Accessibility scan for faasafety.gov took 0.16900300979614seconds.
2018:01:04 12:32:47 pm Accessibility scan for fercalt.gov took 0.1862199306488seconds.
2018:01:04 12:32:47 pm Accessibility scan for taaps.gov took 0.13630199432373seconds.
2018:01:04 12:32:47 pm Accessibility scan for ojp.gov took 0.17925405502319seconds.
2018:01:04 12:32:47 pm Accessibility scan for locatorplus.gov took 0.14614009857178seconds.
2018:01:04 12:32:47 pm Accessibility scan for itap.gov took 0.17369413375854seconds.
2018:01:04 12:32:48 pm Accessibility scan for geomac.gov took 0.25729489326477seconds.
2018:01:04 12:32:48 pm Accessibility scan for nsf.gov took 0.15857481956482seconds.
2018:01:04 12:32:48 pm Accessibility scan for nationalmap.gov took 0.17309999465942seconds.
2018:01:04 12:32:48 pm Accessibility scan for section508.gov took 0.20891213417053seconds.
2018:01:04 12:32:48 pm Accessibility scan for endingthedocumentgame.gov took 0.12152695655823seconds.
2018:01:04 12:32:48 pm Accessibility scan for treasury.gov took 0.13269710540771seconds.
2018:01:04 12:32:48 pm Accessibility scan for pppl.gov took 0.12382507324219seconds.
2018:01:04 12:32:49 pm Accessibility scan for ttbonline.gov took 0.22329211235046seconds.
2018:01:04 12:32:49 pm Accessibility scan for yakamanation-nsn.gov took 0.0001978874206543seconds.
2018:01:04 12:32:49 pm Accessibility scan for iawg.gov took 0.17842316627502seconds.
2018:01:04 12:32:49 pm Accessibility scan for frtib.gov took 0.12200617790222seconds.
2018:01:04 12:32:49 pm Accessibility scan for ramona-nsn.gov took 0.0002589225769043seconds.
2018:01:04 12:32:49 pm Accessibility scan for evus.gov took 0.13933992385864seconds.
2018:01:04 12:32:49 pm Accessibility scan for ethicsburg.gov took 0.13233590126038seconds.
2018:01:04 12:32:49 pm Accessibility scan for kaibabpaiute-nsn.gov took 0.00031399726867676seconds.
2018:01:04 12:32:49 pm Accessibility scan for grantsolutions.gov took 0.13445281982422seconds.
2018:01:04 12:32:50 pm Accessibility scan for forfeiture.gov took 0.12414002418518seconds.
2018:01:04 12:32:50 pm Accessibility scan for cep.gov took 0.12333607673645seconds.
2018:01:04 12:32:50 pm Accessibility scan for consumer.gov took 0.18812608718872seconds.
2018:01:04 12:32:50 pm Accessibility scan for nano.gov took 0.25928902626038seconds.
2018:01:04 12:32:50 pm Accessibility scan for marine.gov took 0.14803099632263seconds.
2018:01:04 12:32:50 pm Accessibility scan for myira.gov took 0.24433517456055seconds.
2018:01:04 12:32:51 pm Accessibility scan for harp.gov took 0.14442896842957seconds.
2018:01:04 12:32:51 pm Accessibility scan for ttb.gov took 0.11777305603027seconds.
2018:01:04 12:32:51 pm Accessibility scan for ipp.gov took 0.13483595848083seconds.
2018:01:04 12:32:51 pm Accessibility scan for doleta.gov took 0.15076899528503seconds.
2018:01:04 12:32:51 pm Accessibility scan for sno-nsn.gov took 0.00034499168395996seconds.
2018:01:04 12:32:51 pm Accessibility scan for sciencebase.gov took 0.14272403717041seconds.
2018:01:04 12:32:51 pm Accessibility scan for fgdc.gov took 0.16073894500732seconds.
2018:01:04 12:32:51 pm Accessibility scan for organdonor.gov took 0.15793514251709seconds.
2018:01:04 12:32:52 pm Accessibility scan for donotcall.gov took 0.18542003631592seconds.
2018:01:04 12:32:52 pm Accessibility scan for neglecteddiseases.gov took 0.129558801651seconds.
2018:01:04 12:32:52 pm Accessibility scan for bondpro.gov took 0.17839598655701seconds.
2018:01:04 12:32:52 pm Accessibility scan for lep.gov took 0.13760900497437seconds.
2018:01:04 12:32:52 pm Accessibility scan for fletc.gov took 0.12774991989136seconds.
2018:01:04 12:32:52 pm Accessibility scan for cftc.gov took 0.17673301696777seconds.
2018:01:04 12:32:53 pm Accessibility scan for ayudaconmibanco.gov took 0.19249892234802seconds.
2018:01:04 12:32:53 pm Accessibility scan for millelacsband-nsn.gov took 0.00022315979003906seconds.
2018:01:04 12:32:53 pm Accessibility scan for warmsprings-nsn.gov took 0.00020885467529297seconds.
2018:01:04 12:32:53 pm Accessibility scan for visitthecapitol.gov took 0.13691997528076seconds.
2018:01:04 12:32:53 pm Accessibility scan for getsmartaboutdrugs.gov took 0.14187598228455seconds.
2018:01:04 12:32:53 pm Accessibility scan for pay.gov took 0.14718890190125seconds.
2018:01:04 12:32:53 pm Accessibility scan for smarterskies.gov took 0.14353680610657seconds.
2018:01:04 12:32:53 pm Accessibility scan for cancer.gov took 0.14723801612854seconds.
2018:01:04 12:32:53 pm Accessibility scan for wiltonrancheria-nsn.gov took 0.00021195411682129seconds.
2018:01:04 12:32:53 pm Accessibility scan for pechanga-nsn.gov took 0.00018405914306641seconds.
2018:01:04 12:32:53 pm Accessibility scan for papahanaumokuakea.gov took 0.15059804916382seconds.
2018:01:04 12:32:54 pm Accessibility scan for usdebitcard.gov took 0.21064496040344seconds.
2018:01:04 12:32:54 pm Accessibility scan for ice.gov took 0.13165020942688seconds.
2018:01:04 12:32:54 pm Accessibility scan for treasuryauctions.gov took 0.12328386306763seconds.
2018:01:04 12:32:54 pm Accessibility scan for usbg.gov took 0.13465619087219seconds.
2018:01:04 12:32:54 pm Accessibility scan for campo-nsn.gov took 0.00029706954956055seconds.
2018:01:04 12:32:54 pm Accessibility scan for frtr.gov took 0.12306499481201seconds.
2018:01:04 12:32:54 pm Accessibility scan for nixonlibrary.gov took 0.14310717582703seconds.
2018:01:04 12:32:54 pm Accessibility scan for nfr-nsn.gov took 0.00021576881408691seconds.
2018:01:04 12:32:54 pm Accessibility scan for complaintreferralexpress.gov took 0.13153386116028seconds.
2018:01:04 12:32:55 pm Accessibility scan for cncsoig.gov took 0.13415503501892seconds.
2018:01:04 12:32:55 pm Accessibility scan for hhs.gov took 0.15565204620361seconds.
2018:01:04 12:32:55 pm Accessibility scan for atf.gov took 0.12431597709656seconds.
2018:01:04 12:32:55 pm Accessibility scan for nwtrb.gov took 0.12755298614502seconds.
2018:01:04 12:32:55 pm Accessibility scan for eftps.gov took 0.16920208930969seconds.
2018:01:04 12:32:55 pm Accessibility scan for iat.gov took 0.12378001213074seconds.
2018:01:04 12:32:56 pm Accessibility scan for sierrawild.gov took 0.24643707275391seconds.
2018:01:04 12:32:56 pm Accessibility scan for iarpa-ideas.gov took 0.12692308425903seconds.
2018:01:04 12:32:56 pm Accessibility scan for bpa.gov took 0.22112107276917seconds.
2018:01:04 12:32:56 pm Accessibility scan for lagunapueblo-nsn.gov took 0.00019693374633789seconds.
2018:01:04 12:32:56 pm Accessibility scan for disasterassistance.gov took 0.16026902198792seconds.
2018:01:04 12:32:56 pm Accessibility scan for fedidcard.gov took 0.14148187637329seconds.
2018:01:04 12:32:56 pm Accessibility scan for dfafacts.gov took 0.16930413246155seconds.
2018:01:04 12:32:57 pm Accessibility scan for tswg.gov took 0.1425940990448seconds.
2018:01:04 12:32:57 pm Accessibility scan for arctic.gov took 0.14925718307495seconds.
2018:01:04 12:32:57 pm Accessibility scan for itdashboard.gov took 0.14662003517151seconds.
2018:01:04 12:32:57 pm Accessibility scan for ccthita-nsn.gov took 0.00021815299987793seconds.
2018:01:04 12:32:57 pm Accessibility scan for psa.gov took 0.18387007713318seconds.
2018:01:04 12:32:57 pm Accessibility scan for abandonedmines.gov took 0.14649796485901seconds.
2018:01:04 12:32:57 pm Accessibility scan for kbic-nsn.gov took 0.00020408630371094seconds.
2018:01:04 12:32:57 pm Accessibility scan for surgeongeneral.gov took 0.15907883644104seconds.
2018:01:04 12:32:57 pm Accessibility scan for ftccomplaintassistant.gov took 0.15264081954956seconds.
2018:01:04 12:32:58 pm Accessibility scan for alzheimers.gov took 0.1228039264679seconds.
2018:01:04 12:32:58 pm Accessibility scan for mechoopda-nsn.gov took 0.0003349781036377seconds.
2018:01:04 12:32:58 pm Accessibility scan for occhelps.gov took 0.13415598869324seconds.
2018:01:04 12:32:58 pm Accessibility scan for listo.gov took 0.12306189537048seconds.
2018:01:04 12:32:58 pm Accessibility scan for fordlibrarymuseum.gov took 0.14049816131592seconds.
2018:01:04 12:32:58 pm Accessibility scan for nitrd.gov took 0.1498908996582seconds.
2018:01:04 12:32:58 pm Accessibility scan for usastaffing.gov took 0.13279604911804seconds.
2018:01:04 12:32:58 pm Accessibility scan for donaciondeorganos.gov took 0.13032984733582seconds.
2018:01:04 12:32:58 pm Accessibility scan for lco-nsn.gov took 0.00019383430480957seconds.
2018:01:04 12:32:59 pm Accessibility scan for rcfl.gov took 0.12438797950745seconds.
2018:01:04 12:32:59 pm Accessibility scan for tsp.gov took 0.1500928401947seconds.
2018:01:04 12:32:59 pm Accessibility scan for samhsa.gov took 0.15444397926331seconds.
2018:01:04 12:32:59 pm Accessibility scan for cdatribe-nsn.gov took 0.0003509521484375seconds.
2018:01:04 12:32:59 pm Accessibility scan for presidentialinnovationfellows.gov took 0.13595199584961seconds.
2018:01:04 12:32:59 pm Accessibility scan for helpwithmymortgage.gov took 0.12465596199036seconds.
2018:01:04 12:32:59 pm Accessibility scan for ncjrs.gov took 0.14459204673767seconds.
2018:01:04 12:32:59 pm Accessibility scan for moneyfactory.gov took 0.15618300437927seconds.
2018:01:04 12:32:59 pm Accessibility scan for treaslockbox.gov took 0.11889314651489seconds.
2018:01:04 12:33:00 pm Accessibility scan for nationalbank.gov took 0.14485001564026seconds.
2018:01:04 12:33:00 pm Accessibility scan for eisenhowermemorial.gov took 0.20021986961365seconds.
2018:01:04 12:33:00 pm Accessibility scan for swo-nsn.gov took 0.00031208992004395seconds.
2018:01:04 12:33:00 pm Accessibility scan for dotgov.gov took 0.11982607841492seconds.
2018:01:04 12:33:00 pm Accessibility scan for opensource.gov took 0.13003993034363seconds.
2018:01:04 12:33:00 pm Accessibility scan for llnl.gov took 0.11903095245361seconds.
2018:01:04 12:33:00 pm Accessibility scan for girlshealth.gov took 0.1666259765625seconds.
2018:01:04 12:33:00 pm Accessibility scan for crhc-nsn.gov took 0.00020694732666016seconds.
2018:01:04 12:33:01 pm Accessibility scan for usmint.gov took 0.1638388633728seconds.
2018:01:04 12:33:01 pm Accessibility scan for colusa-nsn.gov took 0.00020599365234375seconds.
2018:01:04 12:33:01 pm Accessibility scan for nutritionevidencelibrary.gov took 0.12432813644409seconds.
2018:01:04 12:33:01 pm Accessibility scan for fhfaoig.gov took 0.13861584663391seconds.
2018:01:04 12:33:01 pm Accessibility scan for youthrules.gov took 0.16512703895569seconds.
2018:01:04 12:33:01 pm Accessibility scan for ihs.gov took 0.16168618202209seconds.
2018:01:04 12:33:01 pm Accessibility scan for boem.gov took 0.15450596809387seconds.
2018:01:04 12:33:01 pm Accessibility scan for fafsa.gov took 0.12412190437317seconds.
2018:01:04 12:33:02 pm Accessibility scan for inl.gov took 0.15683102607727seconds.
2018:01:04 12:33:02 pm Accessibility scan for namus.gov took 0.12242007255554seconds.
2018:01:04 12:33:02 pm Accessibility scan for healthdata.gov took 0.15740513801575seconds.
2018:01:04 12:33:02 pm Accessibility scan for nmsc.gov took 0.11717510223389seconds.
2018:01:04 12:33:02 pm Accessibility scan for its.gov took 0.11975693702698seconds.
2018:01:04 12:33:02 pm Accessibility scan for fedshirevets.gov took 0.14086890220642seconds.
2018:01:04 12:33:02 pm Accessibility scan for nbrc.gov took 0.15599179267883seconds.
2018:01:04 12:33:03 pm Accessibility scan for sba.gov took 0.14310908317566seconds.
2018:01:04 12:33:03 pm Accessibility scan for utahfireinfo.gov took 0.14826011657715seconds.
2018:01:04 12:33:03 pm Accessibility scan for jiv-nsn.gov took 0.00022602081298828seconds.
2018:01:04 12:33:03 pm Accessibility scan for climate.gov took 0.14576101303101seconds.
2018:01:04 12:33:03 pm Accessibility scan for cia.gov took 0.12763094902039seconds.
2018:01:04 12:33:03 pm Accessibility scan for fec.gov took 0.14229512214661seconds.
2018:01:04 12:33:03 pm Accessibility scan for ovcttac.gov took 0.17262291908264seconds.
2018:01:04 12:33:03 pm Accessibility scan for govsales.gov took 0.1383159160614seconds.
2018:01:04 12:33:04 pm Accessibility scan for insurekidsnow.gov took 0.14997482299805seconds.
2018:01:04 12:33:04 pm Accessibility scan for mgi.gov took 0.12175488471985seconds.
2018:01:04 12:33:04 pm Accessibility scan for savingsbond.gov took 0.12539410591125seconds.
2018:01:04 12:33:04 pm Accessibility scan for makinghomeaffordable.gov took 0.14935088157654seconds.
2018:01:04 12:33:04 pm Accessibility scan for energycodes.gov took 0.1616039276123seconds.
2018:01:04 12:33:04 pm Accessibility scan for ahrq.gov took 0.14939188957214seconds.
2018:01:04 12:33:04 pm Accessibility scan for onrr.gov took 0.12695980072021seconds.
2018:01:04 12:33:04 pm Accessibility scan for brb-nsn.gov took 0.00033783912658691seconds.
2018:01:04 12:33:05 pm Accessibility scan for fedinvest.gov took 0.14265990257263seconds.
2018:01:04 12:33:05 pm Accessibility scan for yochadehe-nsn.gov took 0.00021791458129883seconds.
2018:01:04 12:33:05 pm Accessibility scan for sam.gov took 0.12014603614807seconds.
2018:01:04 12:33:05 pm Accessibility scan for everykidinapark.gov took 0.12413287162781seconds.
2018:01:04 12:33:05 pm Accessibility scan for pawneenation-nsn.gov took 0.00030994415283203seconds.
2018:01:04 12:33:05 pm Accessibility scan for lcacommons.gov took 0.12501215934753seconds.
2018:01:04 12:33:05 pm Accessibility scan for bioeco.gov took 0.13499593734741seconds.
2018:01:04 12:33:05 pm Accessibility scan for ucrdatatool.gov took 0.14689898490906seconds.
2018:01:04 12:33:05 pm Accessibility scan for energystar.gov took 0.13195300102234seconds.
2018:01:04 12:33:05 pm Accessibility scan for uspto.gov took 0.12739896774292seconds.
2018:01:04 12:33:06 pm Accessibility scan for cybersecurity.gov took 0.18170189857483seconds.
2018:01:04 12:33:06 pm Accessibility scan for fdms.gov took 0.12360405921936seconds.
2018:01:04 12:33:06 pm Accessibility scan for usability.gov took 0.15711212158203seconds.
2018:01:04 12:33:06 pm Accessibility scan for healthfinder.gov took 0.12898302078247seconds.
2018:01:04 12:33:06 pm Accessibility scan for forestsandrangelands.gov took 0.14723920822144seconds.
2018:01:04 12:33:06 pm Accessibility scan for ffiec.gov took 0.12195014953613seconds.
2018:01:04 12:33:06 pm Accessibility scan for fmshrc.gov took 0.13200306892395seconds.
2018:01:04 12:33:07 pm Accessibility scan for heritageabroad.gov took 0.19880700111389seconds.
2018:01:04 12:33:07 pm Accessibility scan for mitchellcountyks.gov took 0.0003209114074707seconds.
2018:01:04 12:33:07 pm Accessibility scan for osac.gov took 0.13317584991455seconds.
2018:01:04 12:33:07 pm Accessibility scan for bts.gov took 0.12544298171997seconds.
2018:01:04 12:33:07 pm Accessibility scan for time.gov took 0.14718794822693seconds.
2018:01:04 12:33:07 pm Accessibility scan for itis.gov took 0.1215648651123seconds.
2018:01:04 12:33:07 pm Accessibility scan for ipac.gov took 0.11907696723938seconds.
2018:01:04 12:33:07 pm Accessibility scan for fortsillapache-nsn.gov took 0.00022792816162109seconds.
2018:01:04 12:33:07 pm Accessibility scan for faa.gov took 0.13333916664124seconds.
2018:01:04 12:33:08 pm Accessibility scan for state.gov took 0.14351987838745seconds.
2018:01:04 12:33:08 pm Accessibility scan for directoasucuenta.gov took 0.15371918678284seconds.
2018:01:04 12:33:08 pm Accessibility scan for capitol.gov took 0.14987301826477seconds.
2018:01:04 12:33:08 pm Accessibility scan for cfo.gov took 0.17988801002502seconds.
2018:01:04 12:33:08 pm Accessibility scan for ojjdp.gov took 0.12450003623962seconds.
2018:01:04 12:33:08 pm Accessibility scan for va.gov took 0.13686990737915seconds.
2018:01:04 12:33:08 pm Accessibility scan for plainlanguage.gov took 0.11865305900574seconds.
2018:01:04 12:33:09 pm Accessibility scan for drugabuse.gov took 0.22294592857361seconds.
2018:01:04 12:33:09 pm Accessibility scan for cbp.gov took 0.127032995224seconds.
2018:01:04 12:33:09 pm Accessibility scan for cybercareers.gov took 0.12509512901306seconds.
2018:01:04 12:33:09 pm Accessibility scan for cuidadodesalud.gov took 0.12798190116882seconds.
2018:01:04 12:33:09 pm Accessibility scan for obamalibrary.gov took 0.31075286865234seconds.
2018:01:04 12:33:10 pm Accessibility scan for lmrcouncil.gov took 0.2108199596405seconds.
2018:01:04 12:33:10 pm Accessibility scan for smart.gov took 0.15570712089539seconds.
2018:01:04 12:33:10 pm Accessibility scan for dsac.gov took 0.12233996391296seconds.
2018:01:04 12:33:10 pm Accessibility scan for nemi.gov took 0.12776780128479seconds.
2018:01:04 12:33:10 pm Accessibility scan for consumerfinance.gov took 0.13049292564392seconds.
2018:01:04 12:33:10 pm Accessibility scan for osmre.gov took 0.11931085586548seconds.
2018:01:04 12:33:10 pm Accessibility scan for cfa.gov took 0.11984801292419seconds.
2018:01:04 12:33:10 pm Accessibility scan for fdicseguro.gov took 0.11869311332703seconds.
2018:01:04 12:33:11 pm Accessibility scan for banknet.gov took 0.14612603187561seconds.
2018:01:04 12:33:11 pm Accessibility scan for lcrmscp.gov took 0.1248779296875seconds.
2018:01:04 12:33:11 pm Accessibility scan for benefits.gov took 0.14179611206055seconds.
2018:01:04 12:33:11 pm Accessibility scan for grants.gov took 0.14102005958557seconds.
2018:01:04 12:33:11 pm Accessibility scan for bankcustomerassistance.gov took 0.12575888633728seconds.
2018:01:04 12:33:11 pm Accessibility scan for nmb.gov took 0.12631988525391seconds.
2018:01:04 12:33:11 pm Accessibility scan for 911commission.gov took 0.1233229637146seconds.
2018:01:04 12:33:12 pm Accessibility scan for fttesttwai.gov took 0.12579011917114seconds.
2018:01:04 12:33:12 pm Accessibility scan for landfire.gov took 0.1730260848999seconds.
2018:01:04 12:33:12 pm Accessibility scan for fcg.gov took 0.12204098701477seconds.
2018:01:04 12:33:12 pm Accessibility scan for cbca.gov took 0.12582206726074seconds.
2018:01:04 12:33:12 pm Accessibility scan for cayuganation-nsn.gov took 0.00029706954956055seconds.
2018:01:04 12:33:12 pm Accessibility scan for safecar.gov took 0.1166079044342seconds.
2018:01:04 12:33:12 pm Accessibility scan for gsaig.gov took 0.13200211524963seconds.
2018:01:04 12:33:12 pm Accessibility scan for bjs.gov took 0.12685799598694seconds.
2018:01:04 12:33:12 pm Accessibility scan for nhl.gov took 0.11788296699524seconds.
2018:01:04 12:33:13 pm Accessibility scan for amberalert.gov took 0.12332797050476seconds.
2018:01:04 12:33:13 pm Accessibility scan for ignet.gov took 0.13711309432983seconds.
2018:01:04 12:33:13 pm Accessibility scan for esrs.gov took 0.12752389907837seconds.
2018:01:04 12:33:13 pm Accessibility scan for safetyact.gov took 0.12641501426697seconds.
2018:01:04 12:33:13 pm Accessibility scan for webharvest.gov took 0.14311695098877seconds.
2018:01:04 12:33:13 pm Accessibility scan for treasuryscams.gov took 0.12823605537415seconds.
2018:01:04 12:33:13 pm Accessibility scan for biomassboard.gov took 0.13714289665222seconds.
2018:01:04 12:33:13 pm Accessibility scan for eyak-nsn.gov took 0.00031685829162598seconds.
2018:01:04 12:33:13 pm Accessibility scan for firescience.gov took 0.12107586860657seconds.
2018:01:04 12:33:14 pm Accessibility scan for denali.gov took 0.13103890419006seconds.
2018:01:04 12:33:14 pm Accessibility scan for nifc.gov took 0.137934923172seconds.
2018:01:04 12:33:14 pm Accessibility scan for manufacturing.gov took 0.20058608055115seconds.
2018:01:04 12:33:14 pm Accessibility scan for ntrc.gov took 0.16015481948853seconds.
2018:01:04 12:33:14 pm Accessibility scan for redcliff-nsn.gov took 0.00020003318786621seconds.
2018:01:04 12:33:14 pm Accessibility scan for nlrb.gov took 0.14429807662964seconds.
2018:01:04 12:33:14 pm Accessibility scan for ccac.gov took 0.12209892272949seconds.
2018:01:04 12:33:14 pm Accessibility scan for qatesttwai.gov took 0.13600611686707seconds.
2018:01:04 12:33:15 pm Accessibility scan for unlocktalent.gov took 0.14239501953125seconds.
2018:01:04 12:33:15 pm Accessibility scan for broadbandmap.gov took 0.13704800605774seconds.
2018:01:04 12:33:15 pm Accessibility scan for helpwithmycreditcardbank.gov took 0.14016795158386seconds.
2018:01:04 12:33:15 pm Accessibility scan for aoc.gov took 0.15442991256714seconds.
2018:01:04 12:33:15 pm Accessibility scan for ukb-nsn.gov took 0.0001990795135498seconds.
2018:01:04 12:33:15 pm Accessibility scan for srpmic-nsn.gov took 0.00016999244689941seconds.
2018:01:04 12:33:15 pm Accessibility scan for safecom.gov took 0.1312780380249seconds.
2018:01:04 12:33:15 pm Accessibility scan for segurosocial.gov took 0.21256613731384seconds.
2018:01:04 12:33:16 pm Accessibility scan for osha.gov took 0.14175510406494seconds.
2018:01:04 12:33:16 pm Accessibility scan for adf.gov took 0.11999416351318seconds.
2018:01:04 12:33:16 pm Accessibility scan for bja.gov took 0.12348222732544seconds.
2018:01:04 12:33:16 pm Accessibility scan for fsgb.gov took 0.13530015945435seconds.
2018:01:04 12:33:16 pm Accessibility scan for fsrs.gov took 0.12677192687988seconds.
2018:01:04 12:33:16 pm Accessibility scan for csb.gov took 0.15447402000427seconds.
2018:01:04 12:33:16 pm Accessibility scan for buyaccessible.gov took 0.15199112892151seconds.
2018:01:04 12:33:17 pm Accessibility scan for weather.gov took 0.14260387420654seconds.
2018:01:04 12:33:17 pm Accessibility scan for onhir.gov took 0.12624192237854seconds.
2018:01:04 12:33:17 pm Accessibility scan for wlci.gov took 0.1230640411377seconds.
2018:01:04 12:33:17 pm Accessibility scan for cwc.gov took 0.12079501152039seconds.
2018:01:04 12:33:17 pm Accessibility scan for isotopes.gov took 0.14262413978577seconds.
2018:01:04 12:33:17 pm Accessibility scan for digitalgov.gov took 0.12158989906311seconds.
2018:01:04 12:33:17 pm Accessibility scan for cahtotribe-nsn.gov took 0.0002288818359375seconds.
2018:01:04 12:33:17 pm Accessibility scan for lps.gov took 0.13475489616394seconds.
2018:01:04 12:33:17 pm Accessibility scan for fws.gov took 0.16291499137878seconds.
2018:01:04 12:33:18 pm Accessibility scan for odni.gov took 0.14345288276672seconds.
2018:01:04 12:33:18 pm Accessibility scan for arm.gov took 0.1204948425293seconds.
2018:01:04 12:33:18 pm Accessibility scan for df.gov took 0.13580083847046seconds.
2018:01:04 12:33:18 pm Accessibility scan for fsd.gov took 0.12134695053101seconds.
2018:01:04 12:33:18 pm Accessibility scan for cjis.gov took 0.12505793571472seconds.
2018:01:04 12:33:18 pm Accessibility scan for usap.gov took 0.13850212097168seconds.
2018:01:04 12:33:18 pm Accessibility scan for indianaffairs.gov took 0.14281392097473seconds.
2018:01:04 12:33:19 pm Accessibility scan for cpsc.gov took 0.17641806602478seconds.
2018:01:04 12:33:19 pm Accessibility scan for bluelakerancheria-nsn.gov took 0.00020599365234375seconds.
2018:01:04 12:33:19 pm Accessibility scan for santaana-nsn.gov took 0.00019693374633789seconds.
2018:01:04 12:33:19 pm Accessibility scan for truman.gov took 0.13968110084534seconds.
2018:01:04 12:33:19 pm Accessibility scan for tax.gov took 0.12528204917908seconds.
2018:01:04 12:33:19 pm Accessibility scan for usa.gov took 0.13826203346252seconds.
2018:01:04 12:33:19 pm Accessibility scan for evergladesrestoration.gov took 0.14395093917847seconds.
2018:01:04 12:33:19 pm Accessibility scan for idealab.gov took 0.12337207794189seconds.
2018:01:04 12:33:19 pm Accessibility scan for medpac.gov took 0.1505880355835seconds.
2018:01:04 12:33:20 pm Accessibility scan for ftc.gov took 0.23069095611572seconds.
2018:01:04 12:33:20 pm Accessibility scan for epic.gov took 0.14962601661682seconds.
2018:01:04 12:33:20 pm Accessibility scan for pic.gov took 0.1465699672699seconds.
2018:01:04 12:33:20 pm Accessibility scan for vetbiz.gov took 0.12799501419067seconds.
2018:01:04 12:33:20 pm Accessibility scan for usbr.gov took 0.14540195465088seconds.
2018:01:04 12:33:20 pm Accessibility scan for esc.gov took 0.11828899383545seconds.
2018:01:04 12:33:20 pm Accessibility scan for nersc.gov took 0.13534593582153seconds.
2018:01:04 12:33:21 pm Accessibility scan for eia.gov took 0.18186092376709seconds.
2018:01:04 12:33:21 pm Accessibility scan for eyenote.gov took 0.12297391891479seconds.
2018:01:04 12:33:21 pm Accessibility scan for usaspending.gov took 0.21378397941589seconds.
2018:01:04 12:33:21 pm Accessibility scan for bankanswers.gov took 0.13883185386658seconds.
2018:01:04 12:33:21 pm Accessibility scan for dol.gov took 0.16981291770935seconds.
2018:01:04 12:33:21 pm Accessibility scan for burnspaiute-nsn.gov took 0.0002129077911377seconds.
2018:01:04 12:33:21 pm Accessibility scan for max.gov took 0.15165019035339seconds.
2018:01:04 12:33:22 pm Accessibility scan for eac.gov took 0.159010887146seconds.
2018:01:04 12:33:22 pm Accessibility scan for feedthefuture.gov took 0.14204001426697seconds.
2018:01:04 12:33:22 pm Accessibility scan for govbenefits.gov took 0.15494894981384seconds.
2018:01:04 12:33:22 pm Accessibility scan for shoalwaterbay-nsn.gov took 0.00032997131347656seconds.
2018:01:04 12:33:22 pm Accessibility scan for usccr.gov took 0.15505695343018seconds.
2018:01:04 12:33:22 pm Accessibility scan for whitehouse.gov took 0.14441084861755seconds.
2018:01:04 12:33:22 pm Accessibility scan for justice.gov took 0.22187304496765seconds.
2018:01:04 12:33:23 pm Accessibility scan for usembassy.gov took 0.14008903503418seconds.
2018:01:04 12:33:23 pm Accessibility scan for ninilchiktribe-nsn.gov took 0.0003199577331543seconds.
2018:01:04 12:33:23 pm Accessibility scan for chilkoot-nsn.gov took 0.00025606155395508seconds.
2018:01:04 12:33:23 pm Accessibility scan for chcoc.gov took 0.12833404541016seconds.
2018:01:04 12:33:23 pm Accessibility scan for rocis.gov took 0.14489412307739seconds.
2018:01:04 12:33:23 pm Accessibility scan for nisqually-nsn.gov took 0.00045418739318848seconds.
2018:01:04 12:33:23 pm Accessibility scan for sanmanuel-nsn.gov took 0.00031900405883789seconds.
2018:01:04 12:33:23 pm Accessibility scan for jimmycarterlibrary.gov took 0.13767290115356seconds.
2018:01:04 12:33:23 pm Accessibility scan for nhtsa.gov took 0.13326692581177seconds.
2018:01:04 12:33:23 pm Accessibility scan for hualapai-nsn.gov took 0.0003960132598877seconds.
2018:01:04 12:33:23 pm Accessibility scan for nrojr.gov took 0.12250590324402seconds.
2018:01:04 12:33:23 pm Accessibility scan for sbir.gov took 0.15950012207031seconds.
2018:01:04 12:33:24 pm Accessibility scan for econsumer.gov took 0.16913509368896seconds.
2018:01:04 12:33:24 pm Accessibility scan for mmc.gov took 0.14740300178528seconds.
2018:01:04 12:33:24 pm Accessibility scan for nist.gov took 0.12235689163208seconds.
2018:01:04 12:33:24 pm Accessibility scan for acus.gov took 0.14017415046692seconds.
2018:01:04 12:33:24 pm Accessibility scan for sv-nsn.gov took 0.00031185150146484seconds.
2018:01:04 12:33:24 pm Accessibility scan for usaid.gov took 0.13070678710938seconds.
2018:01:04 12:33:24 pm Accessibility scan for hanford.gov took 0.12101006507874seconds.
2018:01:04 12:33:24 pm Accessibility scan for fema.gov took 0.12828493118286seconds.
2018:01:04 12:33:24 pm Accessibility scan for imls.gov took 0.15033793449402seconds.
2018:01:04 12:33:25 pm Accessibility scan for economicinclusion.gov took 0.15504097938538seconds.
2018:01:04 12:33:25 pm Accessibility scan for juvenilecouncil.gov took 0.11723613739014seconds.
2018:01:04 12:33:25 pm Accessibility scan for osti.gov took 0.13761901855469seconds.
2018:01:04 12:33:25 pm Accessibility scan for nutrition.gov took 0.12827706336975seconds.
2018:01:04 12:33:25 pm Accessibility scan for agingstats.gov took 0.14103603363037seconds.
2018:01:04 12:33:25 pm Accessibility scan for ktik-nsn.gov took 0.00020003318786621seconds.
2018:01:04 12:33:25 pm Accessibility scan for tva.gov took 0.13706493377686seconds.
2018:01:04 12:33:25 pm Accessibility scan for acquisition.gov took 0.12154388427734seconds.
2018:01:04 12:33:26 pm Accessibility scan for intelligence.gov took 0.16412496566772seconds.
2018:01:04 12:33:26 pm Accessibility scan for realpropertyprofile.gov took 0.12853097915649seconds.
2018:01:04 12:33:26 pm Accessibility scan for gps.gov took 0.12164998054504seconds.
2018:01:04 12:33:26 pm Accessibility scan for smartgrid.gov took 0.14273381233215seconds.
2018:01:04 12:33:26 pm Accessibility scan for facadatabase.gov took 0.13348722457886seconds.
2018:01:04 12:33:26 pm Accessibility scan for gsaauctions.gov took 0.12057495117188seconds.
2018:01:04 12:33:26 pm Accessibility scan for clinicaltrials.gov took 0.14763402938843seconds.
2018:01:04 12:33:27 pm Accessibility scan for snap.gov took 0.15121698379517seconds.
2018:01:04 12:33:27 pm Accessibility scan for eda.gov took 0.14576196670532seconds.
2018:01:04 12:33:27 pm Accessibility scan for pcah.gov took 0.13005495071411seconds.
2018:01:04 12:33:27 pm Accessibility scan for ibwc.gov took 0.12765598297119seconds.
2018:01:04 12:33:27 pm Accessibility scan for sandia.gov took 0.13234496116638seconds.
2018:01:04 12:33:27 pm Accessibility scan for anl.gov took 0.1399610042572seconds.
2018:01:04 12:33:27 pm Accessibility scan for kayentatownship-nsn.gov took 0.00023412704467773seconds.
2018:01:04 12:33:27 pm Accessibility scan for usadf.gov took 0.13493990898132seconds.
2018:01:04 12:33:27 pm Accessibility scan for stopbullying.gov took 0.17219209671021seconds.
2018:01:04 12:33:28 pm Accessibility scan for hiv.gov took 0.17732310295105seconds.
2018:01:04 12:33:28 pm Accessibility scan for guidelines.gov took 0.14476704597473seconds.
2018:01:04 12:33:28 pm Accessibility scan for lbl.gov took 0.15508103370667seconds.
2018:01:04 12:33:28 pm Accessibility scan for usmarshals.gov took 0.14603281021118seconds.
2018:01:04 12:33:28 pm Accessibility scan for cupcao.gov took 0.135990858078seconds.
2018:01:04 12:33:28 pm Accessibility scan for usalearning.gov took 0.23371291160583seconds.
2018:01:04 12:33:29 pm Accessibility scan for jccs.gov took 0.13201308250427seconds.
2018:01:04 12:33:29 pm Accessibility scan for csosa.gov took 0.15964484214783seconds.
2018:01:04 12:33:29 pm Accessibility scan for financialresearch.gov took 0.13017010688782seconds.
2018:01:04 12:33:29 pm Accessibility scan for fmc.gov took 0.14996314048767seconds.
2018:01:04 12:33:29 pm Accessibility scan for flra.gov took 0.15069580078125seconds.
2018:01:04 12:33:29 pm Accessibility scan for sustainability.gov took 0.13129782676697seconds.
2018:01:04 12:33:29 pm Accessibility scan for srmt-nsn.gov took 0.00021719932556152seconds.
2018:01:04 12:33:29 pm Accessibility scan for bsee.gov took 0.13032698631287seconds.
2018:01:04 12:33:30 pm Accessibility scan for ed.gov took 0.12518191337585seconds.
2018:01:04 12:33:30 pm Accessibility scan for yakamafish-nsn.gov took 0.00021505355834961seconds.
2018:01:04 12:33:30 pm Accessibility scan for nationalresourcedirectory.gov took 0.13451814651489seconds.
2018:01:04 12:33:30 pm Accessibility scan for mojavedata.gov took 0.19298219680786seconds.
2018:01:04 12:33:30 pm Accessibility scan for bankhelp.gov took 0.14711999893188seconds.
2018:01:04 12:33:30 pm Accessibility scan for pbgc.gov took 0.12233185768127seconds.
2018:01:04 12:33:30 pm Accessibility scan for stopalcoholabuse.gov took 0.11949706077576seconds.
2018:01:04 12:33:30 pm Accessibility scan for sec.gov took 0.13767910003662seconds.
2018:01:04 12:33:31 pm Accessibility scan for helpwithmycheckingaccount.gov took 0.12753701210022seconds.
2018:01:04 12:33:31 pm Accessibility scan for energy.gov took 0.12514495849609seconds.
2018:01:04 12:33:31 pm Accessibility scan for 9-11commission.gov took 0.1525239944458seconds.
2018:01:04 12:33:31 pm Accessibility scan for ic3.gov took 0.13222503662109seconds.
2018:01:04 12:33:31 pm Accessibility scan for ginniemae.gov took 0.14545106887817seconds.
2018:01:04 12:33:31 pm Accessibility scan for sftool.gov took 0.13069701194763seconds.
2018:01:04 12:33:31 pm Accessibility scan for fapiis.gov took 0.1245059967041seconds.
2018:01:04 12:33:31 pm Accessibility scan for tmdci-nsn.gov took 0.00032305717468262seconds.
2018:01:04 12:33:32 pm Accessibility scan for studentloans.gov took 0.12359309196472seconds.
2018:01:04 12:33:32 pm Accessibility scan for scidac.gov took 0.1487500667572seconds.
2018:01:04 12:33:32 pm Accessibility scan for intelink.gov took 0.17386913299561seconds.
2018:01:04 12:33:32 pm Accessibility scan for helpwithmymortgagebank.gov took 0.15799188613892seconds.
2018:01:04 12:33:32 pm Accessibility scan for vistacampus.gov took 0.12212800979614seconds.
2018:01:04 12:33:32 pm Accessibility scan for sustainablecommunities.gov took 0.13355779647827seconds.
2018:01:04 12:33:32 pm Accessibility scan for transportation.gov took 0.12503004074097seconds.
2018:01:04 12:33:32 pm Accessibility scan for coyotevalley-nsn.gov took 0.00031900405883789seconds.
2018:01:04 12:33:33 pm Accessibility scan for dnsops.gov took 0.13475823402405seconds.
2018:01:04 12:33:33 pm Accessibility scan for sworm.gov took 0.1404390335083seconds.
2018:01:04 12:33:33 pm Accessibility scan for docline.gov took 0.12167000770569seconds.
2018:01:04 12:33:33 pm Accessibility scan for ferc.gov took 0.12950611114502seconds.
2018:01:04 12:33:33 pm Accessibility scan for abmc.gov took 0.16582298278809seconds.
2018:01:04 12:33:33 pm Accessibility scan for intelligencecareers.gov took 0.12901091575623seconds.
2018:01:04 12:33:33 pm Accessibility scan for fda.gov took 0.14899206161499seconds.
2018:01:04 12:33:33 pm Accessibility scan for tulaliptribes-nsn.gov took 0.00034093856811523seconds.
2018:01:04 12:33:33 pm Accessibility scan for doi.gov took 0.12209796905518seconds.
2018:01:04 12:33:34 pm Accessibility scan for bats.gov took 0.12313604354858seconds.
2018:01:04 12:33:34 pm Accessibility scan for ise.gov took 0.1219961643219seconds.
2018:01:04 12:33:34 pm Accessibility scan for icass.gov took 0.13348412513733seconds.
2018:01:04 12:33:34 pm Accessibility scan for ready.gov took 0.12518191337585seconds.
2018:01:04 12:33:34 pm Accessibility scan for hopi-nsn.gov took 0.00033879280090332seconds.
2018:01:04 12:33:34 pm Accessibility scan for gcdamp.gov took 0.12223505973816seconds.
2018:01:04 12:33:34 pm Accessibility scan for archives.gov took 0.13674402236938seconds.
2018:01:04 12:33:34 pm Accessibility scan for campusdrugprevention.gov took 0.14364695549011seconds.
2018:01:04 12:33:35 pm Accessibility scan for recoverymonth.gov took 0.15133619308472seconds.
2018:01:04 12:33:35 pm Accessibility scan for nbm.gov took 0.13580012321472seconds.
2018:01:04 12:33:35 pm Accessibility scan for childstats.gov took 0.12604904174805seconds.
2018:01:04 12:33:35 pm Accessibility scan for watermonitor.gov took 0.12708592414856seconds.
2018:01:04 12:33:35 pm Accessibility scan for paymentaccuracy.gov took 0.13965916633606seconds.
2018:01:04 12:33:35 pm Accessibility scan for helpwithmycreditcard.gov took 0.13243913650513seconds.
2018:01:04 12:33:35 pm Accessibility scan for fueleconomy.gov took 0.12840700149536seconds.
2018:01:04 12:33:35 pm Accessibility scan for swpa.gov took 0.12076306343079seconds.
2018:01:04 12:33:36 pm Accessibility scan for gsa.gov took 0.17291402816772seconds.
2018:01:04 12:33:36 pm Accessibility scan for adr.gov took 0.13072681427002seconds.
2018:01:04 12:33:36 pm Accessibility scan for healthypeople.gov took 0.13538599014282seconds.
2018:01:04 12:33:36 pm Accessibility scan for ada.gov took 0.16168904304504seconds.
2018:01:04 12:33:36 pm Accessibility scan for brc.gov took 0.13558411598206seconds.
2018:01:04 12:33:36 pm Accessibility scan for fnal.gov took 0.12890100479126seconds.
2018:01:04 12:33:36 pm Accessibility scan for pnnl.gov took 0.13038301467896seconds.
2018:01:04 12:33:37 pm Accessibility scan for saferproduct.gov took 0.18340396881104seconds.
2018:01:04 12:33:37 pm Accessibility scan for aguacaliente-nsn.gov took 0.00020694732666016seconds.
2018:01:04 12:33:37 pm Accessibility scan for g5.gov took 0.12600612640381seconds.
2018:01:04 12:33:37 pm Accessibility scan for relocatefeds.gov took 0.12383508682251seconds.
2018:01:04 12:33:37 pm Accessibility scan for fincen.gov took 0.1356508731842seconds.
2018:01:04 12:33:37 pm Accessibility scan for arc.gov took 0.17516303062439seconds.
2018:01:04 12:33:37 pm Accessibility scan for osc.gov took 0.13725304603577seconds.
2018:01:04 12:33:37 pm Accessibility scan for invasivespeciesinfo.gov took 0.135666847229seconds.
2018:01:04 12:33:37 pm Accessibility scan for osagenation-nsn.gov took 0.00020718574523926seconds.
2018:01:04 12:33:38 pm Accessibility scan for adlnet.gov took 0.18882608413696seconds.
2018:01:04 12:33:38 pm Accessibility scan for genome.gov took 0.13007211685181seconds.
2018:01:04 12:33:38 pm Accessibility scan for hpultribe-nsn.gov took 0.00023913383483887seconds.
2018:01:04 12:33:38 pm Accessibility scan for fbi.gov took 0.12299108505249seconds.
2018:01:04 12:33:38 pm Accessibility scan for employeeexpress.gov took 0.12914109230042seconds.
2018:01:04 12:33:38 pm Accessibility scan for iaf.gov took 0.14864087104797seconds.
2018:01:04 12:33:38 pm Accessibility scan for reginfo.gov took 0.12295699119568seconds.
2018:01:04 12:33:38 pm Accessibility scan for nagb.gov took 0.1615879535675seconds.
2018:01:04 12:33:39 pm Accessibility scan for blm.gov took 0.1726279258728seconds.
2018:01:04 12:33:39 pm Accessibility scan for iad.gov took 0.11902189254761seconds.
2018:01:04 12:33:39 pm Accessibility scan for fca.gov took 0.12690186500549seconds.
2018:01:04 12:33:39 pm Accessibility scan for opic.gov took 0.13254117965698seconds.
2018:01:04 12:33:39 pm Accessibility scan for dni.gov took 0.13451385498047seconds.
2018:01:04 12:33:39 pm Accessibility scan for dea.gov took 0.14017510414124seconds.
2018:01:04 12:33:39 pm Accessibility scan for ovc.gov took 0.15822792053223seconds.
2018:01:04 12:33:39 pm Accessibility scan for miccosukee-nsn.gov took 0.00022196769714355seconds.
2018:01:04 12:33:40 pm Accessibility scan for uscirf.gov took 0.14427900314331seconds.
2018:01:04 12:33:40 pm Accessibility scan for laguna-nsn.gov took 0.00025486946105957seconds.
2018:01:04 12:33:40 pm Accessibility scan for ornl.gov took 0.13913989067078seconds.
2018:01:04 12:33:40 pm Accessibility scan for abilityone.gov took 0.12831401824951seconds.
2018:01:04 12:33:40 pm Accessibility scan for census.gov took 0.12630105018616seconds.
2018:01:04 12:33:40 pm Accessibility scan for ncpc.gov took 0.1261260509491seconds.
2018:01:04 12:33:40 pm Accessibility scan for afadvantage.gov took 0.12001585960388seconds.
2018:01:04 12:33:40 pm Accessibility scan for nationalservice.gov took 0.14901685714722seconds.
2018:01:04 12:33:41 pm Accessibility scan for patriotbonds.gov took 0.18935084342957seconds.
2018:01:04 12:33:41 pm Accessibility scan for usich.gov took 0.14807415008545seconds.
2018:01:04 12:33:41 pm Accessibility scan for hudoig.gov took 0.12841892242432seconds.
2018:01:04 12:33:41 pm Accessibility scan for fleta.gov took 0.13294291496277seconds.
2018:01:04 12:33:41 pm Accessibility scan for apps.gov took 0.13282513618469seconds.
2018:01:04 12:33:41 pm Accessibility scan for whitehouseconferenceonaging.gov took 0.12951898574829seconds.
2018:01:04 12:33:41 pm Accessibility scan for nga.gov took 0.14036393165588seconds.
2018:01:04 12:33:42 pm Accessibility scan for fmi.gov took 0.13470101356506seconds.
2018:01:04 12:33:42 pm Accessibility scan for northforkrancheria-nsn.gov took 0.00033402442932129seconds.
2018:01:04 12:33:42 pm Accessibility scan for nsa.gov took 0.15861392021179seconds.
2018:01:04 12:33:42 pm Accessibility scan for commerce.gov took 0.1762011051178seconds.
2018:01:04 12:33:42 pm Accessibility scan for womenshealth.gov took 0.13478994369507seconds.
2018:01:04 12:33:42 pm Accessibility scan for hud.gov took 0.11866402626038seconds.
2018:01:04 12:33:42 pm Accessibility scan for firecode.gov took 0.13915801048279seconds.
2018:01:04 12:33:42 pm Accessibility scan for swinomish-nsn.gov took 0.00031185150146484seconds.
2018:01:04 12:33:42 pm Accessibility scan for access-board.gov took 0.12451100349426seconds.
2018:01:04 12:33:42 pm Accessibility scan for fcsic.gov took 0.1259708404541seconds.
2018:01:04 12:33:43 pm Accessibility scan for homesales.gov took 0.16460800170898seconds.
2018:01:04 12:33:43 pm Accessibility scan for nrd.gov took 0.12119698524475seconds.
2018:01:04 12:33:43 pm Accessibility scan for reporting.gov took 0.12688517570496seconds.
2018:01:04 12:33:43 pm Accessibility scan for anstaskforce.gov took 0.14686703681946seconds.
2018:01:04 12:33:43 pm Accessibility scan for integrity.gov took 0.13638091087341seconds.
2018:01:04 12:33:43 pm Accessibility scan for connect.gov took 0.13573789596558seconds.
2018:01:04 12:33:43 pm Accessibility scan for sbst.gov took 0.1295177936554seconds.
2018:01:04 12:33:44 pm Accessibility scan for safercar.gov took 0.14433693885803seconds.
2018:01:04 12:33:44 pm Accessibility scan for osagecongress-nsn.gov took 0.00020718574523926seconds.
2018:01:04 12:33:44 pm Accessibility scan for niem.gov took 0.15355396270752seconds.
2018:01:04 12:33:44 pm Accessibility scan for fbo.gov took 0.12021708488464seconds.
2018:01:04 12:33:44 pm Accessibility scan for oge.gov took 0.13767290115356seconds.
2018:01:04 12:33:44 pm Accessibility scan for robodeidentidad.gov took 0.14461779594421seconds.
2018:01:04 12:33:44 pm Accessibility scan for lsc.gov took 0.15491199493408seconds.
2018:01:04 12:33:44 pm Accessibility scan for irsvideos.gov took 0.12689113616943seconds.
2018:01:04 12:33:45 pm Accessibility scan for salmonrecovery.gov took 0.13472294807434seconds.
2018:01:04 12:33:45 pm Accessibility scan for cao.gov took 0.15480613708496seconds.
2018:01:04 12:33:45 pm Accessibility scan for biopreferred.gov took 0.15638995170593seconds.
2018:01:04 12:33:45 pm Accessibility scan for cio.gov took 0.12688708305359seconds.
2018:01:04 12:33:45 pm Accessibility scan for ofda.gov took 0.13397407531738seconds.
2018:01:04 12:33:45 pm Accessibility scan for kawaika-nsn.gov took 0.00030899047851562seconds.
2018:01:04 12:33:45 pm Accessibility scan for thecoolspot.gov took 0.15705394744873seconds.
2018:01:04 12:33:45 pm Accessibility scan for alaskacenters.gov took 0.12227892875671seconds.
2018:01:04 12:33:46 pm Accessibility scan for uscis.gov took 0.13882088661194seconds.
2018:01:04 12:33:46 pm Accessibility scan for fpds.gov took 0.14194011688232seconds.
2018:01:04 12:33:46 pm Accessibility scan for globalchange.gov took 0.13398098945618seconds.
2018:01:04 12:33:46 pm Accessibility scan for isotope.gov took 0.15634608268738seconds.
2018:01:04 12:33:46 pm Accessibility scan for medalofvalor.gov took 0.12775206565857seconds.
2018:01:04 12:33:46 pm Accessibility scan for medicare.gov took 0.14830708503723seconds.
2018:01:04 12:33:46 pm Accessibility scan for innovation.gov took 0.13453698158264seconds.
2018:01:04 12:33:47 pm Accessibility scan for fpc.gov took 0.13629198074341seconds.
2018:01:04 12:33:47 pm Accessibility scan for clintonlibrary.gov took 0.12872505187988seconds.
2018:01:04 12:33:47 pm Accessibility scan for consumersentinel.gov took 0.128249168396seconds.
2018:01:04 12:33:47 pm Accessibility scan for solardecathlon.gov took 0.14592003822327seconds.
2018:01:04 12:33:47 pm Accessibility scan for ppirs.gov took 0.13155913352966seconds.
2018:01:04 12:33:47 pm Accessibility scan for mptn-nsn.gov took 0.00026202201843262seconds.
2018:01:04 12:33:47 pm Accessibility scan for wildlifeadaptationstrategy.gov took 0.15819096565247seconds.
2018:01:04 12:33:47 pm Accessibility scan for brac.gov took 0.12573885917664seconds.
2018:01:04 12:33:47 pm Accessibility scan for trafficsafetymarketing.gov took 0.12865090370178seconds.
2018:01:04 12:33:48 pm Accessibility scan for nigc.gov took 0.13030195236206seconds.
2018:01:04 12:33:48 pm Accessibility scan for science360.gov took 0.17409205436707seconds.
2018:01:04 12:33:48 pm Accessibility scan for nro.gov took 0.12115812301636seconds.
2018:01:04 12:33:48 pm Accessibility scan for nccs.gov took 0.12084603309631seconds.
2018:01:04 12:33:48 pm Accessibility scan for cdc.gov took 0.14171290397644seconds.
2018:01:04 12:33:48 pm Accessibility scan for recalls.gov took 0.16853785514832seconds.
2018:01:04 12:33:48 pm Accessibility scan for pclob.gov took 0.13773083686829seconds.
2018:01:04 12:33:49 pm Accessibility scan for stopfakes.gov took 0.15755915641785seconds.
2018:01:04 12:33:49 pm Accessibility scan for usds.gov took 0.13591313362122seconds.
2018:01:04 12:33:49 pm Accessibility scan for nolaenvironmental.gov took 0.12760901451111seconds.
2018:01:04 12:33:49 pm Accessibility scan for performance.gov took 0.12062382698059seconds.
2018:01:04 12:33:49 pm Accessibility scan for fdicconnect.gov took 0.1498441696167seconds.
2018:01:04 12:33:49 pm Accessibility scan for lmvsci.gov took 0.129469871521seconds.
2018:01:04 12:33:49 pm Accessibility scan for businessdefense.gov took 0.14323711395264seconds.
2018:01:04 12:33:50 pm Accessibility scan for cyber.gov took 0.13010191917419seconds.
2018:01:04 12:33:50 pm Accessibility scan for history.gov took 0.14229202270508seconds.
2018:01:04 12:33:50 pm Accessibility scan for iprcenter.gov took 0.12657499313354seconds.
2018:01:04 12:33:50 pm Accessibility scan for identitytheft.gov took 0.14732789993286seconds.
2018:01:04 12:33:50 pm Accessibility scan for gsaxcess.gov took 0.12607192993164seconds.
2018:01:04 12:33:50 pm Accessibility scan for symbols.gov took 0.1412661075592seconds.
2018:01:04 12:33:50 pm Accessibility scan for itrd.gov took 0.12669610977173seconds.
2018:01:04 12:33:51 pm Accessibility scan for vaccines.gov took 0.19046187400818seconds.
2018:01:04 12:33:51 pm Accessibility scan for ntis.gov took 0.12446689605713seconds.
2018:01:04 12:33:51 pm Accessibility scan for aha-nsn.gov took 0.00023508071899414seconds.
2018:01:04 12:33:51 pm Accessibility scan for childwelfare.gov took 0.12902808189392seconds.
2018:01:04 12:33:51 pm Accessibility scan for medicalcountermeasures.gov took 0.14119410514832seconds.
2018:01:04 12:33:51 pm Accessibility scan for contractdirectory.gov took 0.12263298034668seconds.
2018:01:04 12:33:51 pm Accessibility scan for huduser.gov took 0.12709379196167seconds.
2018:01:04 12:33:51 pm Accessibility scan for hoopa-nsn.gov took 0.00021195411682129seconds.
2018:01:04 12:33:51 pm Accessibility scan for slgs.gov took 0.12498807907104seconds.
2018:01:04 12:33:52 pm Accessibility scan for ofcm.gov took 0.14500904083252seconds.
2018:01:04 12:33:52 pm Accessibility scan for americathebeautifulquarters.gov took 0.15636301040649seconds.
2018:01:04 12:33:52 pm Accessibility scan for militaryconsumer.gov took 0.13254690170288seconds.
2018:01:04 12:33:52 pm Accessibility scan for safeocs.gov took 0.1359589099884seconds.
2018:01:04 12:33:52 pm Accessibility scan for nnlm.gov took 0.13492393493652seconds.
2018:01:04 12:33:52 pm Accessibility scan for fara.gov took 0.12495899200439seconds.
2018:01:04 12:33:52 pm Accessibility scan for usphs.gov took 0.1493821144104seconds.
2018:01:04 12:33:52 pm Accessibility scan for smartcheck.gov took 0.14830684661865seconds.
2018:01:04 12:33:53 pm Accessibility scan for selectagents.gov took 0.39285087585449seconds.
2018:01:04 12:33:53 pm Accessibility scan for ars-grin.gov took 0.12791705131531seconds.
2018:01:04 12:33:53 pm Accessibility scan for crimesolutions.gov took 0.17662787437439seconds.
2018:01:04 12:33:53 pm Accessibility scan for cnss.gov took 0.14104294776917seconds.
2018:01:04 12:33:53 pm Accessibility scan for deaecom.gov took 0.12705111503601seconds.
2018:01:04 12:33:53 pm Accessibility scan for jacksonrancheria-nsn.gov took 0.00034904479980469seconds.
2018:01:04 12:33:54 pm Accessibility scan for pretrialservices.gov took 0.18084001541138seconds.
2018:01:04 12:33:54 pm Accessibility scan for us-cert.gov took 0.13698220252991seconds.
2018:01:04 12:33:54 pm Accessibility scan for mcc.gov took 0.15596604347229seconds.
2018:01:04 12:33:54 pm Accessibility scan for ems.gov took 0.12777590751648seconds.
2018:01:04 12:33:54 pm Accessibility scan for lummi-nsn.gov took 0.00033187866210938seconds.
2018:01:04 12:33:54 pm Accessibility scan for acwi.gov took 0.16395616531372seconds.
2018:01:04 12:33:54 pm Accessibility scan for challenge.gov took 0.13233804702759seconds.
2018:01:04 12:33:55 pm Accessibility scan for occ.gov took 0.16932702064514seconds.
2018:01:04 12:33:55 pm Accessibility scan for usitc.gov took 0.17231106758118seconds.
2018:01:04 12:33:55 pm Accessibility scan for nationsreportcard.gov took 0.14253401756287seconds.
2018:01:04 12:33:55 pm Accessibility scan for execsec.gov took 0.14544701576233seconds.
2018:01:04 12:33:55 pm Accessibility scan for usgs.gov took 0.13135695457458seconds.
2018:01:04 12:33:55 pm Accessibility scan for comptrollerofthecurrency.gov took 0.14477705955505seconds.
2018:01:04 12:33:55 pm Accessibility scan for phc-nsn.gov took 0.00020003318786621seconds.
2018:01:04 12:33:55 pm Accessibility scan for fbiic.gov took 0.13786816596985seconds.
2018:01:04 12:33:55 pm Accessibility scan for chitimacha.gov took 0.00032687187194824seconds.
2018:01:04 12:33:56 pm Accessibility scan for safertruck.gov took 0.14425492286682seconds.
2018:01:04 12:33:56 pm Accessibility scan for southernute-nsn.gov took 0.00021910667419434seconds.
2018:01:04 12:33:56 pm Accessibility scan for federalreserve.gov took 0.13734292984009seconds.
2018:01:04 12:33:56 pm Accessibility scan for trade.gov took 0.13632202148438seconds.
2018:01:04 12:33:56 pm Accessibility scan for fcpotawatomi-nsn.gov took 0.00032711029052734seconds.
2018:01:04 12:33:56 pm Accessibility scan for justthinktwice.gov took 0.12827610969543seconds.
2018:01:04 12:33:56 pm Accessibility scan for dnfsb.gov took 0.12445306777954seconds.
2018:01:04 12:33:56 pm Accessibility scan for bosque.gov took 0.13661813735962seconds.
2018:01:04 12:33:56 pm Accessibility scan for cloud.gov took 0.12858414649963seconds.
2018:01:04 12:33:56 pm Accessibility scan for nehrp.gov took 0.12526988983154seconds.
2018:01:04 12:33:57 pm Accessibility scan for hrsa.gov took 0.1735680103302seconds.
2018:01:04 12:33:57 pm Accessibility scan for siteidiq.gov took 0.12637519836426seconds.
2018:01:04 12:33:57 pm Accessibility scan for nicsezcheckfbi.gov took 0.12134885787964seconds.
2018:01:04 12:33:57 pm Accessibility scan for veterans.gov took 0.12218499183655seconds.
2018:01:04 12:33:57 pm Accessibility scan for usda.gov took 0.19260692596436seconds.
2018:01:04 12:33:57 pm Accessibility scan for ots.gov took 0.13883709907532seconds.
2018:01:04 12:33:58 pm Accessibility scan for frpg.gov took 0.17538690567017seconds.
2018:01:04 12:33:58 pm Accessibility scan for uspsoig.gov took 0.1518669128418seconds.
2018:01:04 12:33:58 pm Accessibility scan for fdicig.gov took 0.12962198257446seconds.
2018:01:04 12:33:58 pm Accessibility scan for rosebudsiouxtribe-nsn.gov took 0.00021696090698242seconds.
2018:01:04 12:33:58 pm Accessibility scan for buyusa.gov took 0.12503600120544seconds.
2018:01:04 12:33:58 pm Accessibility scan for nicic.gov took 0.13010501861572seconds.
2018:01:04 12:33:58 pm Accessibility scan for fdic.gov took 0.12596702575684seconds.
2018:01:04 12:33:58 pm Accessibility scan for regulations.gov took 0.1296820640564seconds.
2018:01:04 12:33:58 pm Accessibility scan for anchorit.gov took 0.15313196182251seconds.
2018:01:04 12:33:59 pm Accessibility scan for vcf.gov took 0.14031004905701seconds.
2018:01:04 12:33:59 pm Accessibility scan for oversight.gov took 0.13676905632019seconds.
2018:01:04 12:33:59 pm Accessibility scan for fea.gov took 0.12327003479004seconds.
2018:01:04 12:33:59 pm Accessibility scan for fdicoig.gov took 0.12347483634949seconds.
2018:01:04 12:33:59 pm Accessibility scan for bankcustomer.gov took 0.12670803070068seconds.
2018:01:04 12:33:59 pm Accessibility scan for fedpartnership.gov took 0.1477038860321seconds.
2018:01:04 12:33:59 pm Accessibility scan for mspb.gov took 0.13584995269775seconds.
2018:01:04 12:34:00 pm Accessibility scan for nps.gov took 0.23305606842041seconds.
2018:01:04 12:34:00 pm Accessibility scan for mtbs.gov took 0.13897585868835seconds.
2018:01:04 12:34:00 pm Accessibility scan for orau.gov took 0.12255311012268seconds.
2018:01:04 12:34:00 pm Accessibility scan for pascuayaqui-nsn.gov took 0.00020384788513184seconds.
2018:01:04 12:34:00 pm Accessibility scan for nvb-nsn.gov took 0.00028204917907715seconds.
2018:01:04 12:34:00 pm Accessibility scan for jusfc.gov took 0.13179612159729seconds.
2018:01:04 12:34:00 pm Accessibility scan for eta-find.gov took 0.12344312667847seconds.
2018:01:04 12:34:00 pm Accessibility scan for cendi.gov took 0.13790988922119seconds.
2018:01:04 12:34:00 pm Accessibility scan for fatherhood.gov took 0.12932300567627seconds.
2018:01:04 12:34:01 pm Accessibility scan for crimevictims.gov took 0.12975692749023seconds.
2018:01:04 12:34:01 pm Accessibility scan for pracomment.gov took 0.14717316627502seconds.
2018:01:04 12:34:01 pm Accessibility scan for nsep.gov took 0.15021896362305seconds.
2018:01:04 12:34:01 pm Accessibility scan for ustda.gov took 0.1544201374054seconds.
2018:01:04 12:34:01 pm Accessibility scan for login.gov took 0.12851715087891seconds.
2018:01:04 12:34:01 pm Accessibility scan for labor.gov took 0.13960003852844seconds.
2018:01:04 12:34:01 pm Accessibility scan for soboba-nsn.gov took 0.0002129077911377seconds.
2018:01:04 12:34:01 pm Accessibility scan for ngc.gov took 0.13206386566162seconds.
2018:01:04 12:34:02 pm Accessibility scan for gcmrc.gov took 0.1348659992218seconds.
2018:01:04 12:34:02 pm Accessibility scan for fedcenter.gov took 0.13069105148315seconds.
2018:01:04 12:34:02 pm Accessibility scan for consumidor.gov took 0.15200901031494seconds.
2018:01:04 12:34:02 pm Accessibility scan for restorethegulf.gov took 0.14735007286072seconds.
2018:01:04 12:34:02 pm Accessibility scan for phe.gov took 0.15950298309326seconds.
2018:01:04 12:34:02 pm Accessibility scan for pci-nsn.gov took 0.0003049373626709seconds.
2018:01:04 12:34:02 pm Accessibility scan for gunlaketribe-nsn.gov took 0.00025606155395508seconds.
2018:01:04 12:34:02 pm Accessibility scan for barona-nsn.gov took 0.00017094612121582seconds.
2018:01:04 12:34:02 pm Accessibility scan for mbda.gov took 0.14617085456848seconds.
2018:01:04 12:34:02 pm Accessibility scan for klamathrestoration.gov took 0.13492202758789seconds.
2018:01:04 12:34:03 pm Accessibility scan for goes-r.gov took 0.15717911720276seconds.
2018:01:04 12:34:03 pm Accessibility scan for bia.gov took 0.12474799156189seconds.
2018:01:04 12:34:03 pm Accessibility scan for sigtarp.gov took 0.14996290206909seconds.
2018:01:04 12:34:03 pm Accessibility scan for mitigationcommission.gov took 0.11867904663086seconds.
2018:01:04 12:34:03 pm Accessibility scan for paskenta-nsn.gov took 0.00022697448730469seconds.
2018:01:04 12:34:03 pm Accessibility scan for globe.gov took 0.11657500267029seconds.
2018:01:04 12:34:03 pm Accessibility scan for smokefree.gov took 0.20279216766357seconds.
2018:01:04 12:34:03 pm Accessibility scan for uscurrency.gov took 0.13354992866516seconds.
2018:01:04 12:34:04 pm Accessibility scan for jobcorps.gov took 0.13638806343079seconds.
2018:01:04 12:34:04 pm Accessibility scan for wizard.gov took 0.14399886131287seconds.
2018:01:04 12:34:04 pm Accessibility scan for healthcare.gov took 0.14744091033936seconds.
2018:01:04 12:34:04 pm Accessibility scan for code.gov took 0.15618491172791seconds.
2018:01:04 12:34:04 pm Accessibility scan for udall.gov took 0.14871096611023seconds.
2018:01:04 12:34:04 pm Accessibility scan for federalreserveconsumerhelp.gov took 0.13046479225159seconds.
2018:01:04 12:34:04 pm Accessibility scan for mymedicare.gov took 0.1649010181427seconds.
2018:01:04 12:34:05 pm Accessibility scan for dod.gov took 0.12428498268127seconds.
2018:01:04 12:34:05 pm Accessibility scan for lanl.gov took 0.1260941028595seconds.
2018:01:04 12:34:05 pm Accessibility scan for data.gov took 0.12975907325745seconds.
2018:01:04 12:34:05 pm Accessibility scan for ncd.gov took 0.13385486602783seconds.
2018:01:04 12:34:05 pm Accessibility scan for prc.gov took 0.13080286979675seconds.
2018:01:04 12:34:05 pm Accessibility scan for pauma-nsn.gov took 0.00020217895507812seconds.
2018:01:04 12:34:05 pm Accessibility scan for iarpa.gov took 0.15033507347107seconds.
2018:01:04 12:34:05 pm Accessibility scan for asap.gov took 0.12223887443542seconds.
2018:01:04 12:34:06 pm Accessibility scan for pmf.gov took 0.18316292762756seconds.
2018:01:04 12:34:06 pm Accessibility scan for ourdocuments.gov took 0.14082598686218seconds.
2018:01:04 12:34:06 pm Accessibility scan for saferproducts.gov took 0.13608193397522seconds.
2018:01:04 12:34:06 pm Accessibility scan for broadband.gov took 0.14986300468445seconds.
2018:01:04 12:34:06 pm Accessibility scan for bep.gov took 0.12136006355286seconds.
2018:01:04 12:34:06 pm Accessibility scan for selectusa.gov took 0.13551187515259seconds.
2018:01:04 12:34:06 pm Accessibility scan for geoplatform.gov took 0.14937591552734seconds.
2018:01:04 12:34:07 pm Accessibility scan for nsopw.gov took 0.20029807090759seconds.
2018:01:04 12:34:07 pm Accessibility scan for noaa.gov took 0.13181614875793seconds.
2018:01:04 12:34:07 pm Accessibility scan for nationalbankhelp.gov took 0.12855195999146seconds.
2018:01:04 12:34:07 pm Accessibility scan for bop.gov took 0.12267708778381seconds.
2018:01:04 12:34:07 pm Accessibility scan for menominee-nsn.gov took 0.0002140998840332seconds.
2018:01:04 12:34:07 pm Accessibility scan for nfpors.gov took 0.13105416297913seconds.
2018:01:04 12:34:07 pm Accessibility scan for macpac.gov took 0.14381408691406seconds.
2018:01:04 12:34:07 pm Accessibility scan for nnss.gov took 0.13161778450012seconds.
2018:01:04 12:34:08 pm Accessibility scan for export.gov took 0.20045590400696seconds.
2018:01:04 12:34:08 pm Accessibility scan for aviationweather.gov took 0.14842796325684seconds.
2018:01:04 12:34:08 pm Accessibility scan for stb.gov took 0.12800312042236seconds.
2018:01:04 12:34:08 pm Accessibility scan for fhfa.gov took 0.13091897964478seconds.
2018:01:04 12:34:08 pm Accessibility scan for sdr.gov took 0.13811206817627seconds.
2018:01:04 12:34:08 pm Accessibility scan for mcn-nsn.gov took 0.00028014183044434seconds.
2018:01:04 12:34:08 pm Accessibility scan for jwod.gov took 0.12376999855042seconds.
2018:01:04 12:34:08 pm Accessibility scan for dhs.gov took 0.12940001487732seconds.
2018:01:04 12:34:09 pm Accessibility scan for computersforlearning.gov took 0.1614089012146seconds.
2018:01:04 12:34:09 pm Accessibility scan for worker.gov took 0.13590002059937seconds.
2018:01:04 12:34:09 pm Accessibility scan for healthit.gov took 0.14315605163574seconds.
2018:01:04 12:34:09 pm Accessibility scan for stopmedicarefraud.gov took 0.13048696517944seconds.
2018:01:04 12:34:09 pm Accessibility scan for unicor.gov took 0.14346194267273seconds.
2018:01:04 12:34:09 pm Accessibility scan for ftcefile.gov took 0.13171792030334seconds.
2018:01:04 12:34:09 pm Accessibility scan for secretservice.gov took 0.14594483375549seconds.
2018:01:04 12:34:09 pm Accessibility scan for arts.gov took 0.12104797363281seconds.
2018:01:04 12:34:10 pm Accessibility scan for ecpic.gov took 0.13230299949646seconds.
2018:01:04 12:34:10 pm Accessibility scan for cms.gov took 0.15337920188904seconds.
2018:01:04 12:34:10 pm Accessibility scan for savingsbonds.gov took 0.12484192848206seconds.
2018:01:04 12:34:10 pm Accessibility scan for iowatribe-nsn.gov took 0.00033903121948242seconds.
2018:01:04 12:34:10 pm Accessibility scan for cmts.gov took 0.12020683288574seconds.
2018:01:04 12:34:10 pm Accessibility scan for aff.gov took 0.13992810249329seconds.
2018:01:04 12:34:10 pm Accessibility scan for atfonline.gov took 0.12048506736755seconds.
2018:01:04 12:34:10 pm Accessibility scan for tsa.gov took 0.15646696090698seconds.
2018:01:04 12:34:11 pm Accessibility scan for bbg.gov took 0.14913392066956seconds.
2018:01:04 12:34:11 pm Accessibility scan for myra.gov took 0.13939499855042seconds.
2018:01:04 12:34:11 pm Accessibility scan for privacyshield.gov took 0.13212299346924seconds.
2018:01:04 12:34:11 pm Accessibility scan for defense.gov took 0.16430306434631seconds.
2018:01:04 12:34:11 pm Accessibility scan for scc-nsn.gov took 0.00020909309387207seconds.
2018:01:04 12:34:11 pm Accessibility scan for sji.gov took 0.13126993179321seconds.
2018:01:04 12:34:11 pm Accessibility scan for oshrc.gov took 0.17962503433228seconds.
2018:01:04 12:34:11 pm Accessibility scan for esa.gov took 0.15913414955139seconds.
2018:01:04 12:34:11 pm Accessibility scan for eklutna-nsn.gov took 0.00019598007202148seconds.
2018:01:04 12:34:12 pm Accessibility scan for nationalgangcenter.gov took 0.16337919235229seconds.
2018:01:04 12:34:12 pm Accessibility scan for hydrogen.gov took 0.14583396911621seconds.
2018:01:04 12:34:12 pm Accessibility scan for pol-nsn.gov took 0.00032186508178711seconds.
2018:01:04 12:34:12 pm Accessibility scan for wdol.gov took 0.12472295761108seconds.
2018:01:04 12:34:12 pm Accessibility scan for middletownrancheria-nsn.gov took 0.00021195411682129seconds.
2018:01:04 12:34:12 pm Accessibility scan for uspis.gov took 0.12619590759277seconds.
2018:01:04 12:34:12 pm Accessibility scan for marinecadastre.gov took 0.20497393608093seconds.
2018:01:04 12:34:12 pm Accessibility scan for ltbbodawa-nsn.gov took 0.00030899047851562seconds.
2018:01:04 12:34:12 pm Accessibility Scans for all domains is finished.
