2017:10:29 06:45:08 pm Starting Scan
2017:10:29 06:45:08 pm Collecting HTTPS and DAP data from Pulse
2017:10:29 06:45:08 pm Running Technology Scan for site 18f.gov
2017:10:29 06:45:11 pm 
Start HTTPS and DAP Scan 18f.gov
2017:10:29 06:45:16 pm 
Start Domain and SSL Scan for 18f.gov
2017:10:29 06:45:23 pm Executed Command ' dig 18f.gov +short ' Successfully
2017:10:29 06:45:23 pm Executed Command ' dig 18f.gov +short ' Successfully
2017:10:29 06:45:23 pm 
Start Mobile Scan for 18f.gov
2017:10:29 06:45:32 pm 
Start Site Speed Scan for 18f.gov
2017:10:29 07:51:13 pm Starting Scan
2017:10:29 07:51:13 pm Collecting HTTPS and DAP data from Pulse
2017:10:29 07:51:13 pm Running Technology Scan for site 18f.gov
2017:10:29 07:51:17 pm 
Start HTTPS and DAP Scan 18f.gov
2017:10:29 07:51:19 pm 
Start Domain and SSL Scan for 18f.gov
2017:10:29 07:51:26 pm Executed Command ' dig 18f.gov +short ' Successfully
2017:10:29 07:51:26 pm Executed Command ' dig 18f.gov +short ' Successfully
2017:10:29 07:51:30 pm 
Start Mobile Scan for 18f.gov
2017:10:29 07:51:33 pm 
Start Site Speed Scan for 18f.gov
2017:10:29 07:53:15 pm Starting Scan
2017:10:29 07:53:15 pm Collecting HTTPS and DAP data from Pulse
2017:10:29 07:53:15 pm Running Technology Scan for site 18f.gov
2017:10:29 07:53:18 pm 
Start HTTPS and DAP Scan 18f.gov
2017:10:29 07:53:20 pm 
Start Domain and SSL Scan for 18f.gov
2017:10:29 07:53:26 pm Executed Command ' dig 18f.gov +short ' Successfully
2017:10:29 07:53:26 pm Executed Command ' dig 18f.gov +short ' Successfully
2017:10:29 07:53:30 pm 
Start Mobile Scan for 18f.gov
2017:10:29 07:54:06 pm 
Start Site Speed Scan for 18f.gov
