2017:04:18 12:37:04 am Colleting website Generic Information
2017:04:18 12:37:04 am Executed Command ' dig https://www.18f.gov +short ' Successfully
2017:04:18 12:37:04 am Executed Command ' dig 18f.gov +short ' Successfully
2017:04:18 12:38:23 am Colleting website Generic Information
2017:04:18 12:38:23 am Executed Command ' dig https://www.18f.gov +short ' Successfully
2017:04:18 12:38:23 am Executed Command ' dig 18f.gov +short ' Successfully
2017:04:18 03:31:56 pm Colleting website Generic Information
2017:04:18 03:31:56 pm Executed Command ' dig https://www.18f.gov +short ' Successfully
2017:04:18 03:31:56 pm Executed Command ' dig 18f.gov +short ' Successfully
2017:04:18 03:32:00 pm Executed Command ' ../scripts/ssl_script.sh 18f.gov ' Successfully
2017:04:18 04:02:41 pm Colleting website Generic Information
2017:04:18 04:02:41 pm Executed Command ' dig https://www.18f.gov +short ' Successfully
2017:04:18 04:02:41 pm Executed Command ' dig 18f.gov +short ' Successfully
2017:04:18 04:02:45 pm Executed Command ' ../scripts/ssl_script.sh 18f.gov ' Successfully
2017:04:18 04:20:11 pm Colleting website Generic Information
2017:04:18 04:20:11 pm Executed Command ' dig https://www.18f.gov +short ' Successfully
2017:04:18 04:20:11 pm Executed Command ' dig 18f.gov +short ' Successfully
2017:04:18 04:20:15 pm Executed Command ' ../scripts/ssl_script.sh 18f.gov ' Successfully
2017:04:18 04:24:22 pm Colleting website Generic Information
2017:04:18 04:24:22 pm Executed Command ' dig https://www.18f.gov +short ' Successfully
2017:04:18 04:24:22 pm Executed Command ' dig 18f.gov +short ' Successfully
2017:04:18 04:24:27 pm Executed Command ' ../scripts/ssl_script.sh 18f.gov ' Successfully
2017:04:18 04:25:20 pm Colleting website Generic Information
2017:04:18 04:25:20 pm Executed Command ' dig https://www.18f.gov +short ' Successfully
2017:04:18 04:25:20 pm Executed Command ' dig 18f.gov +short ' Successfully
2017:04:18 04:25:27 pm Executed Command ' ../scripts/ssl_script.sh 18f.gov ' Successfully
