2017:11:06 01:34:38 pm Starting Scan
2017:11:06 01:34:38 pm Collecting HTTPS and DAP data from Pulse
2017:11:06 01:34:38 pm Running Technology Scan for site ich.gov
2017:11:06 01:34:43 pm Running Technology Scan for site icjointduty.gov
2017:11:06 01:34:49 pm Running Technology Scan for site idealab.gov
2017:11:06 01:34:53 pm Running Technology Scan for site identitytheft.gov
2017:11:06 01:35:01 pm Running Technology Scan for site idmanagement.gov
2017:11:06 01:35:10 pm Running Technology Scan for site idtheft.gov
2017:11:06 01:35:18 pm Running Technology Scan for site iedison.gov
2017:11:06 01:36:08 pm Running Technology Scan for site ignet.gov
2017:11:06 01:37:19 pm Running Technology Scan for site ihs.gov
2017:11:06 01:37:28 pm Running Technology Scan for site iiog.gov
2017:11:06 01:37:31 pm Running Technology Scan for site imls.gov
2017:11:06 01:37:39 pm Running Technology Scan for site indianaffairs.gov
2017:11:06 01:37:48 pm Running Technology Scan for site inel.gov
2017:11:06 01:38:11 pm Running Technology Scan for site info.gov
2017:11:06 01:38:17 pm Running Technology Scan for site inl.gov
2017:11:06 01:39:03 pm Running Technology Scan for site insurekidsnow.gov
2017:11:06 01:39:10 pm Running Technology Scan for site integrity.gov
2017:11:06 01:39:16 pm Running Technology Scan for site intelink.gov
2017:11:06 01:39:20 pm Running Technology Scan for site intelligence.gov
2017:11:06 01:39:25 pm Running Technology Scan for site intelligencecareers.gov
2017:11:06 01:39:30 pm Running Technology Scan for site interior.gov
2017:11:06 01:39:38 pm Running Technology Scan for site interpol.gov
2017:11:06 01:39:46 pm Running Technology Scan for site invasivespecies.gov
2017:11:06 01:39:50 pm Running Technology Scan for site invasivespeciesinfo.gov
2017:11:06 01:39:57 pm Running Technology Scan for site investor.gov
2017:11:06 01:40:04 pm Running Technology Scan for site ioss.gov
2017:11:06 01:40:07 pm Running Technology Scan for site ipac.gov
2017:11:06 01:40:11 pm Running Technology Scan for site ipcc-wg2.gov
2017:11:06 01:40:14 pm Running Technology Scan for site ipm.gov
2017:11:06 01:40:17 pm Running Technology Scan for site ipp.gov
2017:11:06 01:40:21 pm Running Technology Scan for site iprcenter.gov
2017:11:06 01:42:33 pm Running Technology Scan for site irs.gov
2017:11:06 01:43:26 pm Running Technology Scan for site irsauctions.gov
2017:11:06 01:43:31 pm Running Technology Scan for site irssales.gov
2017:11:06 01:43:35 pm Running Technology Scan for site irsvideos.gov
2017:11:06 01:43:42 pm Running Technology Scan for site ise.gov
2017:11:06 01:45:54 pm Running Technology Scan for site isitdoneyet.gov
2017:11:06 01:46:02 pm Running Technology Scan for site itap.gov
2017:11:06 01:46:08 pm Running Technology Scan for site itdashboard.gov
2017:11:06 01:46:13 pm Running Technology Scan for site itis.gov
2017:11:06 01:46:22 pm Running Technology Scan for site itrd.gov
2017:11:06 01:46:25 pm Running Technology Scan for site its.gov
2017:11:06 01:46:29 pm Running Technology Scan for site jamesmadison.gov
2017:11:06 01:46:32 pm Running Technology Scan for site jccs.gov
2017:11:06 01:46:37 pm Running Technology Scan for site jct.gov
2017:11:06 01:46:43 pm Running Technology Scan for site jem.gov
2017:11:06 01:46:52 pm Running Technology Scan for site jewishheritage.gov
2017:11:06 01:46:56 pm Running Technology Scan for site jewishheritagemonth.gov
2017:11:06 01:47:03 pm Running Technology Scan for site jimmycarterlibrary.gov
2017:11:06 01:47:08 pm Running Technology Scan for site jobcorps.gov
2017:11:06 01:47:17 pm Running Technology Scan for site joiningforces.gov
2017:11:06 01:47:20 pm Running Technology Scan for site judicialconference.gov
2017:11:06 01:47:24 pm Running Technology Scan for site justice.gov
2017:11:06 01:47:32 pm Running Technology Scan for site justthinktwice.gov
2017:11:06 01:47:41 pm Running Technology Scan for site juvenilecouncil.gov
2017:11:06 01:47:45 pm Running Technology Scan for site jwod.gov
2017:11:06 01:49:56 pm Running Technology Scan for site kids.gov
2017:11:06 01:50:02 pm Running Technology Scan for site klamathrestoration.gov
2017:11:06 01:50:09 pm Running Technology Scan for site labor.gov
2017:11:06 01:50:13 pm Running Technology Scan for site lacoast.gov
2017:11:06 01:50:25 pm Running Technology Scan for site landfire.gov
2017:11:06 01:50:29 pm Running Technology Scan for site landimaging.gov
2017:11:06 01:50:33 pm Running Technology Scan for site lanl.gov
2017:11:06 01:50:42 pm Running Technology Scan for site latinofarmerclaims.gov
2017:11:06 01:50:45 pm Running Technology Scan for site law.gov
2017:11:06 01:50:49 pm Running Technology Scan for site lbl.gov
2017:11:06 01:53:00 pm Running Technology Scan for site lca.gov
2017:11:06 01:53:09 pm Running Technology Scan for site lcacommons.gov
2017:11:06 01:53:16 pm Running Technology Scan for site lcrmscp.gov
2017:11:06 01:53:20 pm Running Technology Scan for site learnandserve.gov
2017:11:06 01:53:24 pm Running Technology Scan for site learnatf.gov
2017:11:06 01:53:54 pm Running Technology Scan for site learndoj.gov
2017:11:06 01:53:58 pm Running Technology Scan for site learnperformance.gov
2017:11:06 01:54:01 pm Running Technology Scan for site lep.gov
2017:11:06 01:54:07 pm Running Technology Scan for site letgirlslearn.gov
2017:11:06 01:54:16 pm Running Technology Scan for site letsmove.gov
2017:11:06 01:54:19 pm Running Technology Scan for site libraryofcongress.gov
2017:11:06 01:54:24 pm Running Technology Scan for site lifeline.gov
2017:11:06 01:56:34 pm Running Technology Scan for site lis.gov
2017:11:06 01:56:40 pm Running Technology Scan for site listo.gov
2017:11:06 01:56:46 pm Running Technology Scan for site literacy.gov
2017:11:06 01:56:50 pm Running Technology Scan for site llis.gov
2017:11:06 01:56:53 pm Running Technology Scan for site llnl.gov
2017:11:06 01:56:59 pm Running Technology Scan for site lmrcouncil.gov
2017:11:06 01:57:03 pm Running Technology Scan for site lmvsci.gov
2017:11:06 01:57:12 pm Running Technology Scan for site loc.gov
2017:11:06 01:57:17 pm Running Technology Scan for site locatorplus.gov
2017:11:06 01:57:25 pm Running Technology Scan for site loctps.gov
2017:11:06 01:57:28 pm Running Technology Scan for site login.gov
2017:11:06 01:57:36 pm Running Technology Scan for site longtermcare.gov
2017:11:06 01:57:40 pm Running Technology Scan for site lps.gov
2017:11:06 01:57:45 pm Running Technology Scan for site lsc.gov
2017:11:06 01:57:51 pm Running Technology Scan for site macpac.gov
2017:11:06 01:57:58 pm Running Technology Scan for site mail.gov
2017:11:06 02:00:09 pm Running Technology Scan for site majorityleader.gov
2017:11:06 02:00:12 pm Running Technology Scan for site majoritywhip.gov
2017:11:06 02:00:16 pm Running Technology Scan for site makinghomeaffordable.gov
2017:11:06 02:00:22 pm Running Technology Scan for site malwareinvestigator.gov
2017:11:06 02:00:26 pm Running Technology Scan for site manufacturing.gov
2017:11:06 02:00:32 pm Running Technology Scan for site marine.gov
2017:11:06 02:00:38 pm Running Technology Scan for site marinecadastre.gov
2017:11:06 02:01:28 pm Running Technology Scan for site max.gov
2017:11:06 02:01:34 pm Running Technology Scan for site mbda.gov
2017:11:06 02:02:47 pm Running Technology Scan for site mcc.gov
2017:11:06 02:02:56 pm Running Technology Scan for site mda.gov
2017:11:06 02:05:07 pm Running Technology Scan for site medalofvalor.gov
2017:11:06 02:05:48 pm Running Technology Scan for site medicaid.gov
2017:11:06 02:05:56 pm Running Technology Scan for site medicalcountermeasures.gov
2017:11:06 02:06:04 pm Running Technology Scan for site medicalreservecorps.gov
2017:11:06 02:06:09 pm Running Technology Scan for site medicare.gov
2017:11:06 02:06:18 pm Running Technology Scan for site medlineplus.gov
2017:11:06 02:06:26 pm Running Technology Scan for site medpac.gov
2017:11:06 02:08:36 pm Running Technology Scan for site mentalhealth.gov
2017:11:06 02:08:43 pm Running Technology Scan for site mentor.gov
2017:11:06 02:10:53 pm Running Technology Scan for site mesh.gov
2017:11:06 02:11:02 pm Running Technology Scan for site mgi.gov
2017:11:06 02:11:10 pm Running Technology Scan for site mha.gov
2017:11:06 02:11:21 pm Running Technology Scan for site mimedicare.gov
2017:11:06 02:11:31 pm Running Technology Scan for site mitigationcommission.gov
2017:11:06 02:11:35 pm Running Technology Scan for site mlkday.gov
2017:11:06 02:13:46 pm Running Technology Scan for site mmc.gov
2017:11:06 02:13:51 pm Running Technology Scan for site mojavedata.gov
2017:11:06 02:13:56 pm Running Technology Scan for site moneyfactory.gov
2017:11:06 02:14:04 pm Running Technology Scan for site moneyfactorystore.gov
2017:11:06 02:14:07 pm Running Technology Scan for site mrlc.gov
2017:11:06 02:14:13 pm Running Technology Scan for site msb.gov
2017:11:06 02:14:16 pm Running Technology Scan for site msha.gov
2017:11:06 02:14:20 pm Running Technology Scan for site mspb.gov
2017:11:06 02:14:30 pm Running Technology Scan for site mtbs.gov
2017:11:06 02:14:36 pm Running Technology Scan for site mycreditunion.gov
2017:11:06 02:14:39 pm Running Technology Scan for site myfdic.gov
2017:11:06 02:14:44 pm Running Technology Scan for site myfdicinsurance.gov
2017:11:06 02:14:48 pm Running Technology Scan for site myira.gov
2017:11:06 02:14:55 pm Running Technology Scan for site mymedicare.gov
2017:11:06 02:15:02 pm Running Technology Scan for site mymoney.gov
2017:11:06 02:15:09 pm Running Technology Scan for site myplate.gov
2017:11:06 02:15:17 pm Running Technology Scan for site myra.gov
2017:11:06 02:15:23 pm Running Technology Scan for site nafri.gov
2017:11:06 02:15:29 pm Running Technology Scan for site nagb.gov
2017:11:06 02:16:22 pm Running Technology Scan for site namus.gov
2017:11:06 02:16:27 pm Running Technology Scan for site nano.gov
2017:11:06 02:16:34 pm Running Technology Scan for site nara.gov
2017:11:06 02:16:42 pm Running Technology Scan for site nasa.gov
2017:11:06 02:16:50 pm Running Technology Scan for site nationalbank.gov
2017:11:06 02:16:56 pm Running Technology Scan for site nationalbankhelp.gov
2017:11:06 02:17:02 pm Running Technology Scan for site nationalbanknet.gov
2017:11:06 02:17:08 pm Running Technology Scan for site nationalgangcenter.gov
2017:11:06 02:17:14 pm Running Technology Scan for site nationalhousing.gov
2017:11:06 02:17:59 pm Running Technology Scan for site nationalhousinglocator.gov
2017:11:06 02:18:46 pm Running Technology Scan for site nationalmap.gov
2017:11:06 02:18:51 pm Running Technology Scan for site nationalresourcedirectory.gov
2017:11:06 02:21:02 pm Running Technology Scan for site nationalservice.gov
2017:11:06 02:21:09 pm Running Technology Scan for site nationalserviceresources.gov
2017:11:06 02:23:19 pm Running Technology Scan for site nationsreportcard.gov
2017:11:06 02:23:51 pm Running Technology Scan for site nativeamericanheritagemonth.gov
2017:11:06 02:23:58 pm Running Technology Scan for site nativeonestop.gov
2017:11:06 02:24:03 pm Running Technology Scan for site navycash.gov
2017:11:06 02:24:08 pm Running Technology Scan for site nbc.gov
2017:11:06 02:24:13 pm Running Technology Scan for site nbib.gov
2017:11:06 02:24:19 pm Running Technology Scan for site nbm.gov
2017:11:06 02:24:25 pm Running Technology Scan for site nbrc.gov
2017:11:06 02:24:29 pm Running Technology Scan for site ncd.gov
2017:11:06 02:24:34 pm Running Technology Scan for site ncifcrf.gov
2017:11:06 02:25:24 pm Running Technology Scan for site ncirc.gov
2017:11:06 02:25:30 pm Running Technology Scan for site ncix.gov
2017:11:06 02:25:33 pm Running Technology Scan for site ncjrs.gov
2017:11:06 02:26:32 pm Running Technology Scan for site ncpc.gov
2017:11:06 02:26:35 pm Running Technology Scan for site ncpw.gov
2017:11:06 02:26:44 pm Running Technology Scan for site ncsc.gov
2017:11:06 02:26:50 pm Running Technology Scan for site nctc.gov
2017:11:06 02:26:55 pm Running Technology Scan for site ncua.gov
2017:11:06 02:26:59 pm Running Technology Scan for site nea.gov
2017:11:06 02:27:02 pm Running Technology Scan for site neglecteddiseases.gov
2017:11:06 02:27:10 pm Running Technology Scan for site neh.gov
2017:11:06 02:27:13 pm Running Technology Scan for site nehrp.gov
2017:11:06 02:30:00 pm Running Technology Scan for site nel.gov
2017:11:06 02:30:05 pm Running Technology Scan for site nemi.gov
2017:11:06 02:30:09 pm Running Technology Scan for site nepa.gov
2017:11:06 02:32:56 pm Running Technology Scan for site nersc.gov
2017:11:06 02:33:06 pm Running Technology Scan for site neup.gov
2017:11:06 02:33:45 pm Running Technology Scan for site newmoney.gov
2017:11:06 02:33:49 pm Running Technology Scan for site nfpors.gov
2017:11:06 02:33:54 pm Running Technology Scan for site nga.gov
2017:11:06 02:34:00 pm Running Technology Scan for site ngc.gov
2017:11:06 02:34:05 pm Running Technology Scan for site nhl.gov
2017:11:06 02:34:50 pm Running Technology Scan for site nhtsa.gov
2017:11:06 02:34:55 pm Running Technology Scan for site nic.gov
2017:11:06 02:35:02 pm Running Technology Scan for site nicic.gov
2017:11:06 02:35:09 pm Running Technology Scan for site nicsezcheckfbi.gov
2017:11:06 02:35:13 pm Running Technology Scan for site niem.gov
2017:11:06 02:35:20 pm Running Technology Scan for site nifc.gov
2017:11:06 02:35:25 pm Running Technology Scan for site nigc.gov
2017:11:06 02:35:36 pm Running Technology Scan for site nih.gov
2017:11:06 02:36:05 pm Running Technology Scan for site nihseniorhealth.gov
2017:11:06 02:36:11 pm Running Technology Scan for site niosh.gov
2017:11:06 02:36:16 pm Running Technology Scan for site nist.gov
2017:11:06 02:36:22 pm Running Technology Scan for site nitrd.gov
2017:11:06 02:36:30 pm Running Technology Scan for site nixonlibrary.gov
2017:11:06 02:36:35 pm Running Technology Scan for site nlm.gov
2017:11:06 02:36:43 pm Running Technology Scan for site nlrb.gov
2017:11:06 02:36:52 pm Running Technology Scan for site nls.gov
2017:11:06 02:37:37 pm Running Technology Scan for site nmb.gov
2017:11:06 02:37:40 pm Running Technology Scan for site nmcourt.fed.us
2017:11:06 02:37:49 pm Running Technology Scan for site nmsc.gov
2017:11:06 02:38:38 pm Running Technology Scan for site nmvtis.gov
2017:11:06 02:39:17 pm Running Technology Scan for site nnlm.gov
2017:11:06 02:39:51 pm Running Technology Scan for site nnss.gov
2017:11:06 02:39:55 pm Running Technology Scan for site noaa.gov
2017:11:06 02:42:47 pm Running Technology Scan for site nolaenvironmental.gov
2017:11:06 02:42:55 pm Running Technology Scan for site nps.gov
2017:11:06 02:43:02 pm Running Technology Scan for site nrc.gov
2017:11:06 02:43:07 pm Running Technology Scan for site nrd.gov
2017:11:06 02:45:20 pm Running Technology Scan for site nrel.gov
2017:11:06 02:45:28 pm Running Technology Scan for site nro.gov
2017:11:06 02:47:38 pm Running Technology Scan for site nrojr.gov
2017:11:06 02:49:49 pm Running Technology Scan for site nsa.gov
2017:11:06 02:49:54 pm Running Technology Scan for site nsep.gov
2017:11:06 02:49:59 pm Running Technology Scan for site nsf.gov
2017:11:06 02:50:14 pm Running Technology Scan for site nsopr.gov
2017:11:06 02:50:21 pm Running Technology Scan for site nsopw.gov
2017:11:06 02:50:28 pm Running Technology Scan for site nstic.gov
2017:11:06 02:50:50 pm Running Technology Scan for site ntdprogram.gov
2017:11:06 02:50:54 pm Running Technology Scan for site ntis.gov
2017:11:06 02:50:58 pm Running Technology Scan for site ntsb.gov
2017:11:06 02:51:03 pm Running Technology Scan for site nutrition.gov
2017:11:06 02:51:08 pm Running Technology Scan for site nutritionevidencelibrary.gov
2017:11:06 02:51:11 pm Running Technology Scan for site nvtc.gov
2017:11:06 02:53:22 pm Running Technology Scan for site nwbc.gov
2017:11:06 02:53:28 pm Running Technology Scan for site nwcg.gov
2017:11:06 02:53:32 pm Running Technology Scan for site nwtrb.gov
2017:11:06 02:53:35 pm Running Technology Scan for site occ.gov
2017:11:06 02:53:44 pm Running Technology Scan for site occhelps.gov
2017:11:06 02:53:52 pm Running Technology Scan for site odni.gov
2017:11:06 02:53:59 pm Running Technology Scan for site oea.gov
2017:11:06 02:54:04 pm Running Technology Scan for site ofcm.gov
2017:11:06 02:54:28 pm Running Technology Scan for site ofda.gov
2017:11:06 02:54:33 pm Running Technology Scan for site ofr.gov
2017:11:06 02:54:39 pm Running Technology Scan for site oge.gov
2017:11:06 02:54:48 pm Running Technology Scan for site ogis.gov
2017:11:06 02:54:54 pm Running Technology Scan for site ojjdp.gov
2017:11:06 02:55:41 pm Running Technology Scan for site omb.gov
2017:11:06 02:55:49 pm Running Technology Scan for site omblog.gov
2017:11:06 02:55:52 pm Running Technology Scan for site ondcp.gov
2017:11:06 02:55:59 pm Running Technology Scan for site onguardonline.gov
2017:11:06 02:56:05 pm Running Technology Scan for site onhir.gov
2017:11:06 02:56:11 pm Running Technology Scan for site onlineonguard.gov
2017:11:06 02:56:14 pm Running Technology Scan for site onrr.gov
2017:11:06 02:56:18 pm Running Technology Scan for site openinternet.gov
2017:11:06 02:58:29 pm Running Technology Scan for site opensource.gov
2017:11:06 02:58:35 pm Running Technology Scan for site openworld.gov
2017:11:06 02:58:43 pm Running Technology Scan for site opic.gov
2017:11:06 02:58:50 pm Running Technology Scan for site opm.gov
2017:11:06 02:58:58 pm Running Technology Scan for site orau.gov
2017:11:06 02:59:06 pm Running Technology Scan for site organdonor.gov
2017:11:06 02:59:12 pm Running Technology Scan for site ornl.gov
2017:11:06 02:59:20 pm Running Technology Scan for site osac.gov
2017:11:06 03:01:39 pm Running Technology Scan for site osc.gov
2017:11:06 03:01:47 pm Running Technology Scan for site osha.gov
2017:11:06 03:01:51 pm Running Technology Scan for site oshrc.gov
2017:11:06 03:01:57 pm Running Technology Scan for site osm.gov
2017:11:06 03:02:01 pm Running Technology Scan for site osmre.gov
2017:11:06 03:04:12 pm Running Technology Scan for site osti.gov
2017:11:06 03:04:44 pm Running Technology Scan for site ostp.gov
2017:11:06 03:04:53 pm Running Technology Scan for site ots.gov
2017:11:06 03:05:01 pm Running Technology Scan for site ourdocuments.gov
2017:11:06 03:05:05 pm Running Technology Scan for site ovc.gov
2017:11:06 03:05:11 pm Running Technology Scan for site ovcttac.gov
2017:11:06 03:05:20 pm Running Technology Scan for site oversight.gov
2017:11:06 03:06:28 pm Running Technology Scan for site pacer.gov
2017:11:06 03:06:32 pm Running Technology Scan for site pandemicflu.gov
2017:11:06 03:06:46 pm Running Technology Scan for site papahanaumokuakea.gov
2017:11:06 03:07:14 pm Running Technology Scan for site patriotbonds.gov
2017:11:06 03:07:37 pm Running Technology Scan for site pay.gov
2017:11:06 03:07:44 pm Running Technology Scan for site paymentaccuracy.gov
2017:11:06 03:07:49 pm Running Technology Scan for site pbgc.gov
2017:11:06 03:08:57 pm Running Technology Scan for site pcah.gov
2017:11:06 03:09:03 pm Running Technology Scan for site pclob.gov
2017:11:06 03:09:09 pm Running Technology Scan for site peacecorps.gov
2017:11:06 03:09:17 pm Running Technology Scan for site pentagon.gov
2017:11:06 03:09:22 pm Running Technology Scan for site pepfar.gov
2017:11:06 03:09:26 pm Running Technology Scan for site performance.gov
2017:11:06 03:09:35 pm Running Technology Scan for site phe.gov
2017:11:06 03:09:39 pm Running Technology Scan for site pic.gov
2017:11:06 03:09:45 pm Running Technology Scan for site piedrasblancas.gov
2017:11:06 03:09:56 pm Running Technology Scan for site pif.gov
2017:11:06 03:10:02 pm Running Technology Scan for site pix.gov
2017:11:06 03:10:09 pm Running Technology Scan for site plainlanguage.gov
2017:11:06 03:10:13 pm Running Technology Scan for site pmf.gov
2017:11:06 03:10:23 pm Running Technology Scan for site pmi.gov
2017:11:06 03:10:33 pm Running Technology Scan for site pnl.gov
2017:11:06 03:10:40 pm Running Technology Scan for site pnnl.gov
2017:11:06 03:10:47 pm Running Technology Scan for site poolsafely.gov
2017:11:06 03:10:51 pm Running Technology Scan for site poolsafety.gov
2017:11:06 03:10:56 pm Running Technology Scan for site postoffice.gov
2017:11:06 03:13:06 pm Running Technology Scan for site ppdcecc.gov
2017:11:06 03:15:17 pm Running Technology Scan for site ppirs.gov
2017:11:06 03:15:20 pm Running Technology Scan for site pppl.gov
2017:11:06 03:17:32 pm Running Technology Scan for site pracomment.gov
2017:11:06 03:17:37 pm Running Technology Scan for site prc.gov
2017:11:06 03:17:44 pm Running Technology Scan for site pregunteleakaren.gov
2017:11:06 03:17:49 pm Running Technology Scan for site preserveamerica.gov
2017:11:06 03:20:04 pm Running Technology Scan for site presidentialdocuments.gov
2017:11:06 03:20:09 pm Running Technology Scan for site presidentialinnovationfellows.gov
2017:11:06 03:20:15 pm Running Technology Scan for site presidentialserviceawards.gov
2017:11:06 03:20:21 pm Running Technology Scan for site presidio.gov
2017:11:06 03:22:15 pm Running Technology Scan for site pretrialservices.gov
2017:11:06 03:22:22 pm Running Technology Scan for site primarysources.gov
2017:11:06 03:22:25 pm Running Technology Scan for site privacycouncil.gov
2017:11:06 03:22:28 pm Running Technology Scan for site privacyshield.gov
2017:11:06 03:22:32 pm Running Technology Scan for site projectsafechildhood.gov
2017:11:06 03:22:38 pm Running Technology Scan for site projectsafeneighborhoods.gov
2017:11:06 03:23:20 pm Running Technology Scan for site protecciondelconsumidor.gov
2017:11:06 03:23:29 pm Running Technology Scan for site protectyourmove.gov
2017:11:06 03:23:33 pm Running Technology Scan for site psa.gov
2017:11:06 03:23:40 pm Running Technology Scan for site psc.gov
2017:11:06 03:23:49 pm Running Technology Scan for site pscr.gov
2017:11:06 03:24:29 pm Running Technology Scan for site psn.gov
2017:11:06 03:24:32 pm Running Technology Scan for site psob.gov
2017:11:06 03:25:12 pm Running Technology Scan for site ptf.gov
2017:11:06 03:25:15 pm Running Technology Scan for site pubmed.gov
2017:11:06 03:25:57 pm Running Technology Scan for site qart.gov
2017:11:06 03:26:02 pm Running Technology Scan for site qatesttwai.gov
2017:11:06 03:26:05 pm Running Technology Scan for site quic.gov
2017:11:06 03:26:09 pm Running Technology Scan for site rcfl.gov
2017:11:06 03:28:19 pm Running Technology Scan for site reachhigher.gov
2017:11:06 03:28:22 pm Running Technology Scan for site read.gov
2017:11:06 03:28:26 pm Running Technology Scan for site ready.gov
2017:11:06 03:28:32 pm Running Technology Scan for site readybusiness.gov
2017:11:06 03:28:38 pm Running Technology Scan for site reaganlibrary.gov
2017:11:06 03:28:47 pm Running Technology Scan for site realestatesales.gov
2017:11:06 03:28:51 pm Running Technology Scan for site realpropertyprofile.gov
2017:11:06 03:28:59 pm Running Technology Scan for site recalls.gov
2017:11:06 03:29:03 pm Running Technology Scan for site recoverymonth.gov
2017:11:06 03:29:13 pm Running Technology Scan for site recreation.gov
2017:11:06 03:29:21 pm Running Technology Scan for site reginfo.gov
2017:11:06 03:29:29 pm Running Technology Scan for site regulations.gov
2017:11:06 03:29:36 pm Running Technology Scan for site relocatefeds.gov
2017:11:06 03:29:45 pm Running Technology Scan for site reo.gov
2017:11:06 03:29:52 pm Running Technology Scan for site reportband.gov
2017:11:06 03:30:00 pm Running Technology Scan for site republicans.gov
2017:11:06 03:32:11 pm Running Technology Scan for site research.gov
2017:11:06 03:32:18 pm Running Technology Scan for site restorethegulf.gov
2017:11:06 03:32:47 pm Running Technology Scan for site rivers.gov
2017:11:06 03:32:52 pm Running Technology Scan for site robodeidentidad.gov
2017:11:06 03:33:00 pm Running Technology Scan for site rocis.gov
2017:11:06 03:33:05 pm Running Technology Scan for site rrb.gov
2017:11:06 03:33:11 pm Running Technology Scan for site sac.gov
2017:11:06 03:33:16 pm Running Technology Scan for site safecom.gov
2017:11:06 03:33:19 pm Running Technology Scan for site safecomprogram.gov
2017:11:06 03:33:24 pm Running Technology Scan for site safeocs.gov
2017:11:06 03:33:30 pm Running Technology Scan for site safercar.gov
2017:11:06 03:33:35 pm Running Technology Scan for site saferproduct.gov
2017:11:06 03:33:39 pm Running Technology Scan for site saferproducts.gov
2017:11:06 03:33:43 pm Running Technology Scan for site safertruck.gov
2017:11:06 03:33:50 pm Running Technology Scan for site safetyact.gov
2017:11:06 03:33:54 pm Running Technology Scan for site safetyvideos.gov
2017:11:06 03:34:00 pm Running Technology Scan for site safeyouth.gov
2017:11:06 03:34:04 pm Running Technology Scan for site salmonrecovery.gov
2017:11:06 03:34:31 pm Running Technology Scan for site sam.gov
2017:11:06 03:34:40 pm Running Technology Scan for site samhsa.gov
2017:11:06 03:34:44 pm Running Technology Scan for site sandia.gov
2017:11:06 03:36:55 pm Running Technology Scan for site save.gov
2017:11:06 03:36:58 pm Running Technology Scan for site saveaward.gov
2017:11:06 03:37:01 pm Running Technology Scan for site savingsbond.gov
2017:11:06 03:37:06 pm Running Technology Scan for site savingsbonds.gov
2017:11:06 03:37:11 pm Running Technology Scan for site savingsbondwizard.gov
2017:11:06 03:37:15 pm Running Technology Scan for site sba.gov
2017:11:06 03:37:25 pm Running Technology Scan for site sbir.gov
2017:11:06 03:37:30 pm Running Technology Scan for site sbst.gov
2017:11:06 03:37:35 pm Running Technology Scan for site science.gov
2017:11:06 03:37:53 pm Running Technology Scan for site science360.gov
2017:11:06 03:37:59 pm Running Technology Scan for site sciencebase.gov
2017:11:06 03:38:10 pm Running Technology Scan for site scra.gov
2017:11:06 03:38:18 pm Running Technology Scan for site sdr.gov
2017:11:06 03:38:43 pm Running Technology Scan for site sec.gov
2017:11:06 03:38:49 pm Running Technology Scan for site secretservice.gov
2017:11:06 03:38:53 pm Running Technology Scan for site section108.gov
2017:11:06 03:38:57 pm Running Technology Scan for site section508.gov
2017:11:06 03:39:03 pm Running Technology Scan for site seguridadconsumidor.gov
2017:11:06 03:39:07 pm Running Technology Scan for site segurosocial.gov
2017:11:06 03:40:03 pm Running Technology Scan for site selectagents.gov
2017:11:06 03:40:06 pm Running Technology Scan for site selectusa.gov
2017:11:06 03:40:10 pm Running Technology Scan for site sen.gov
2017:11:06 03:40:15 pm Running Technology Scan for site senate.gov
2017:11:06 03:40:23 pm Running Technology Scan for site senatecalendar.gov
2017:11:06 03:40:28 pm Running Technology Scan for site seniorcorps.gov
2017:11:06 03:42:39 pm Running Technology Scan for site sentinel.gov
2017:11:06 03:42:50 pm Running Technology Scan for site serve.gov
2017:11:06 03:42:58 pm Running Technology Scan for site service.gov
2017:11:06 03:43:02 pm Running Technology Scan for site servicelearning.gov
2017:11:06 03:43:06 pm Running Technology Scan for site servicemembers.gov
2017:11:06 03:43:13 pm Running Technology Scan for site sftool.gov
2017:11:06 03:43:23 pm Running Technology Scan for site sharetheroadsafely.gov
2017:11:06 03:43:27 pm Running Technology Scan for site sierrawild.gov
2017:11:06 03:43:31 pm Running Technology Scan for site sigar.gov
2017:11:06 03:45:44 pm Running Technology Scan for site sigtarp.gov
2017:11:06 03:45:50 pm Running Technology Scan for site siteidiq.gov
2017:11:06 03:45:53 pm Running Technology Scan for site sji.gov
2017:11:06 03:46:51 pm Running Technology Scan for site slgs.gov
2017:11:06 03:46:56 pm Running Technology Scan for site smartcheck.gov
2017:11:06 03:47:03 pm Running Technology Scan for site smartgrid.gov
2017:11:06 03:47:31 pm Running Technology Scan for site smokefree.gov
2017:11:06 03:48:19 pm Running Technology Scan for site snap.gov
2017:11:06 03:48:24 pm Running Technology Scan for site socialsecurity.gov
2017:11:06 03:49:21 pm Running Technology Scan for site solardecathlon.gov
2017:11:06 03:49:24 pm Running Technology Scan for site spaceweather.gov
2017:11:06 03:52:17 pm Running Technology Scan for site speaker.gov
2017:11:06 03:52:21 pm Running Technology Scan for site spectrum.gov
2017:11:06 03:52:27 pm Running Technology Scan for site srs.gov
2017:11:06 03:52:33 pm Running Technology Scan for site ssa.gov
2017:11:06 03:53:29 pm Running Technology Scan for site ssab.gov
2017:11:06 03:55:40 pm Running Technology Scan for site sss.gov
2017:11:06 03:55:44 pm Running Technology Scan for site standards.gov
2017:11:06 03:56:26 pm Running Technology Scan for site start2farm.gov
2017:11:06 03:56:29 pm Running Technology Scan for site state.gov
2017:11:06 03:56:32 pm Running Technology Scan for site stateoig.gov
2017:11:06 03:56:36 pm Running Technology Scan for site stb.gov
2017:11:06 03:56:39 pm Running Technology Scan for site stennis.gov
2017:11:06 03:56:46 pm Running Technology Scan for site stopalcoholabuse.gov
2017:11:06 03:56:51 pm Running Technology Scan for site stopbullying.gov
2017:11:06 03:56:55 pm Running Technology Scan for site stopfakes.gov
2017:11:06 03:56:59 pm Running Technology Scan for site stopfraud.gov
2017:11:06 03:57:06 pm Running Technology Scan for site stopmedicarefraud.gov
2017:11:06 03:57:14 pm Running Technology Scan for site strategicsourcing.gov
2017:11:06 03:57:18 pm Running Technology Scan for site strongmiddleclass.gov
2017:11:06 03:57:22 pm Running Technology Scan for site strongports.gov
2017:11:06 03:57:30 pm Running Technology Scan for site studentaid.gov
2017:11:06 03:57:59 pm Running Technology Scan for site studentloans.gov
2017:11:06 03:58:32 pm Running Technology Scan for site supportthevoter.gov
2017:11:06 03:58:35 pm Running Technology Scan for site supremecourt.gov
2017:11:06 03:58:42 pm Running Technology Scan for site supremecourtus.gov
2017:11:06 03:58:46 pm Running Technology Scan for site surgeongeneral.gov
2017:11:06 03:58:50 pm Running Technology Scan for site sustainability.gov
2017:11:06 03:58:55 pm Running Technology Scan for site sustainablecommunities.gov
2017:11:06 03:58:59 pm Running Technology Scan for site swpa.gov
2017:11:06 04:01:46 pm Running Technology Scan for site symbols.gov
2017:11:06 04:01:52 pm Running Technology Scan for site taaps.gov
2017:11:06 04:01:58 pm Running Technology Scan for site tax.gov
2017:11:06 04:02:04 pm Running Technology Scan for site taxreform.gov
2017:11:06 04:02:09 pm Running Technology Scan for site teachingprimarysources.gov
2017:11:06 04:02:13 pm Running Technology Scan for site teachingwithprimarysources.gov
2017:11:06 04:02:16 pm Running Technology Scan for site telework.gov
2017:11:06 04:02:25 pm Running Technology Scan for site tfhrc.gov
2017:11:06 04:02:28 pm Running Technology Scan for site thecoolspot.gov
2017:11:06 04:03:18 pm Running Technology Scan for site therealcost.gov
2017:11:06 04:03:25 pm Running Technology Scan for site thisfreelife.gov
2017:11:06 04:03:30 pm Running Technology Scan for site thomas.gov
2017:11:06 04:03:34 pm Running Technology Scan for site tigta.gov
2017:11:06 04:03:39 pm Running Technology Scan for site time.gov
2017:11:06 04:04:01 pm Running Technology Scan for site tobacco.gov
2017:11:06 04:04:06 pm Running Technology Scan for site tox21.gov
2017:11:06 04:04:12 pm Running Technology Scan for site tps.gov
2017:11:06 04:04:15 pm Running Technology Scan for site trade.gov
2017:11:06 04:04:20 pm Running Technology Scan for site trafficsafetymarketing.gov
2017:11:06 04:04:29 pm Running Technology Scan for site transparency.gov
2017:11:06 04:04:33 pm Running Technology Scan for site transportation.gov
2017:11:06 04:04:39 pm Running Technology Scan for site treas.gov
2017:11:06 04:05:04 pm Running Technology Scan for site treaslockbox.gov
2017:11:06 04:05:07 pm Running Technology Scan for site treasury.fed.us
2017:11:06 04:05:11 pm Running Technology Scan for site treasury.gov
2017:11:06 04:05:35 pm Running Technology Scan for site treasuryauctions.gov
2017:11:06 04:05:40 pm Running Technology Scan for site treasurydirect.gov
2017:11:06 04:05:46 pm Running Technology Scan for site treasuryhunt.gov
2017:11:06 04:05:50 pm Running Technology Scan for site treasuryscams.gov
2017:11:06 04:05:57 pm Running Technology Scan for site tribaljusticeandsafety.gov
2017:11:06 04:06:03 pm Running Technology Scan for site truman.gov
2017:11:06 04:06:09 pm Running Technology Scan for site tsa.gov
2017:11:06 04:06:15 pm Running Technology Scan for site tsc.gov
2017:11:06 04:08:25 pm Running Technology Scan for site tsp.gov
2017:11:06 04:08:32 pm Running Technology Scan for site tsunami.gov
2017:11:06 04:09:17 pm Running Technology Scan for site tswg.gov
2017:11:06 04:09:21 pm Running Technology Scan for site ttb.gov
2017:11:06 04:09:27 pm Running Technology Scan for site ttbonline.gov
2017:11:06 04:09:33 pm Running Technology Scan for site tva.gov
2017:11:06 04:09:42 pm Running Technology Scan for site tvaoig.gov
2017:11:06 04:09:45 pm Running Technology Scan for site ucrdatatool.gov
2017:11:06 04:09:50 pm Running Technology Scan for site udall.gov
2017:11:06 04:09:56 pm Running Technology Scan for site unicor.gov
2017:11:06 04:10:01 pm Running Technology Scan for site unionreports.gov
2017:11:06 04:12:12 pm Running Technology Scan for site unitedstates.gov
2017:11:06 04:12:18 pm Running Technology Scan for site unitedstatescongress.gov
2017:11:06 04:12:21 pm Running Technology Scan for site unlocktalent.gov
2017:11:06 04:12:30 pm Running Technology Scan for site urbanwaters.gov
2017:11:06 04:12:36 pm Running Technology Scan for site us-cert.gov
2017:11:06 04:12:40 pm Running Technology Scan for site us.gov
2017:11:06 04:12:49 pm Running Technology Scan for site usa.gov
2017:11:06 04:12:56 pm Running Technology Scan for site usability.gov
2017:11:06 04:13:04 pm Running Technology Scan for site usadf.gov
2017:11:06 04:13:12 pm Running Technology Scan for site usagov.gov
2017:11:06 04:13:20 pm Running Technology Scan for site usaid.gov
2017:11:06 04:13:27 pm Running Technology Scan for site usajobs.gov
2017:11:06 04:13:34 pm Running Technology Scan for site usalearning.gov
2017:11:06 04:13:40 pm Running Technology Scan for site usandc.gov
2017:11:06 04:13:44 pm Running Technology Scan for site usap.gov
2017:11:06 04:13:51 pm Running Technology Scan for site usaperformance.gov
2017:11:06 04:13:54 pm Running Technology Scan for site usaseanconnect.gov
2017:11:06 04:16:05 pm Running Technology Scan for site usaspending.gov
2017:11:06 04:16:12 pm Running Technology Scan for site usastaffing.gov
2017:11:06 04:16:17 pm Running Technology Scan for site usbankruptcy.gov
2017:11:06 04:16:21 pm Running Technology Scan for site usbg.gov
2017:11:06 04:16:25 pm Running Technology Scan for site usbr.gov
2017:11:06 04:16:31 pm Running Technology Scan for site uscapital.gov
2017:11:06 04:16:35 pm Running Technology Scan for site uscapitol.gov
2017:11:06 04:16:38 pm Running Technology Scan for site uscapitolpolice.gov
2017:11:06 04:16:42 pm Running Technology Scan for site uscc.gov
2017:11:06 04:16:48 pm Running Technology Scan for site usccr.gov
2017:11:06 04:18:59 pm Running Technology Scan for site uscirf.gov
2017:11:06 04:19:05 pm Running Technology Scan for site uscis.gov
2017:11:06 04:19:12 pm Running Technology Scan for site uscode.gov
2017:11:06 04:19:17 pm Running Technology Scan for site uscongress.gov
2017:11:06 04:19:21 pm Running Technology Scan for site usconsulate.gov
2017:11:06 04:19:24 pm Running Technology Scan for site uscourts.gov
2017:11:06 04:19:28 pm Running Technology Scan for site uscp.gov
2017:11:06 04:19:32 pm Running Technology Scan for site uscurrency.gov
2017:11:06 04:19:39 pm Running Technology Scan for site usda.gov
2017:11:06 04:19:45 pm Running Technology Scan for site usdebitcard.gov
2017:11:06 04:19:50 pm Running Technology Scan for site usdigitalservice.gov
2017:11:06 04:19:54 pm Running Technology Scan for site usdoj.gov
2017:11:06 04:20:01 pm Running Technology Scan for site usds.gov
2017:11:06 04:20:06 pm Running Technology Scan for site usembassy-mexico.gov
2017:11:06 04:20:09 pm Running Technology Scan for site usembassy.gov
2017:11:06 04:20:12 pm Running Technology Scan for site userra.gov
2017:11:06 04:20:20 pm Running Technology Scan for site usgcrp.gov
2017:11:06 04:22:32 pm Running Technology Scan for site usgeo.gov
2017:11:06 04:22:37 pm Running Technology Scan for site usgovernment.gov
2017:11:06 04:22:43 pm Running Technology Scan for site usgovernmentmanual.gov
2017:11:06 04:22:48 pm Running Technology Scan for site usgs.gov
2017:11:06 04:22:58 pm Running Technology Scan for site usich.gov
2017:11:06 04:23:06 pm Running Technology Scan for site usint.gov
2017:11:06 04:23:09 pm Running Technology Scan for site usip.gov
2017:11:06 04:23:12 pm Running Technology Scan for site usitc.gov
2017:11:06 04:23:18 pm Running Technology Scan for site usmarshals.gov
2017:11:06 04:23:23 pm Running Technology Scan for site usmint.gov
2017:11:06 04:23:29 pm Running Technology Scan for site usmission.gov
2017:11:06 04:23:33 pm Running Technology Scan for site usphs.gov
2017:11:06 04:23:38 pm Running Technology Scan for site uspis.gov
2017:11:06 04:23:56 pm Running Technology Scan for site usprobation.gov
2017:11:06 04:24:00 pm Running Technology Scan for site usps.gov
2017:11:06 04:24:03 pm Running Technology Scan for site uspsinnovates.gov
2017:11:06 04:26:14 pm Running Technology Scan for site uspsoig.gov
2017:11:06 04:26:20 pm Running Technology Scan for site uspto.gov
2017:11:06 04:26:28 pm Running Technology Scan for site ussc.gov
2017:11:06 04:26:32 pm Running Technology Scan for site ussm.gov
2017:11:06 04:26:41 pm Running Technology Scan for site ustaxcourt.gov
2017:11:06 04:26:49 pm Running Technology Scan for site ustda.gov
2017:11:06 04:26:55 pm Running Technology Scan for site ustr.gov
2017:11:06 04:27:00 pm Running Technology Scan for site ustreas.gov
2017:11:06 04:27:07 pm Running Technology Scan for site usvpp.gov
2017:11:06 04:27:10 pm Running Technology Scan for site utahfireinfo.gov
2017:11:06 04:27:16 pm Running Technology Scan for site va.gov
2017:11:06 04:27:21 pm Running Technology Scan for site vaccines.gov
2017:11:06 04:27:27 pm Running Technology Scan for site vcf.gov
2017:11:06 04:27:32 pm Running Technology Scan for site vef.gov
2017:11:06 04:27:39 pm Running Technology Scan for site vehiclehistory.gov
2017:11:06 04:28:30 pm Running Technology Scan for site vetbiz.gov
2017:11:06 04:28:34 pm Running Technology Scan for site veterans.gov
2017:11:06 04:28:37 pm Running Technology Scan for site vets.gov
2017:11:06 04:28:47 pm Running Technology Scan for site visitthecapital.gov
2017:11:06 04:28:50 pm Running Technology Scan for site visitthecapitol.gov
2017:11:06 04:28:58 pm Running Technology Scan for site vista.gov
2017:11:06 04:29:01 pm Running Technology Scan for site vistacampus.gov
2017:11:06 04:29:05 pm Running Technology Scan for site voa.gov
2017:11:06 04:29:10 pm Running Technology Scan for site volcano.gov
2017:11:06 04:29:14 pm Running Technology Scan for site volunteer.gov
2017:11:06 04:29:18 pm Running Technology Scan for site volunteeringinamerica.gov
2017:11:06 04:29:24 pm Running Technology Scan for site vote.gov
2017:11:06 04:29:29 pm Running Technology Scan for site votebymail.gov
2017:11:06 04:29:32 pm Running Technology Scan for site wapa.gov
2017:11:06 04:30:18 pm Running Technology Scan for site wartimecontracting.gov
2017:11:06 04:32:29 pm Running Technology Scan for site watermonitor.gov
2017:11:06 04:32:34 pm Running Technology Scan for site wdol.gov
2017:11:06 04:32:39 pm Running Technology Scan for site weather.gov
2017:11:06 04:32:43 pm Running Technology Scan for site webharvest.gov
2017:11:06 04:32:49 pm Running Technology Scan for site welcometousa.gov
2017:11:06 04:32:53 pm Running Technology Scan for site wh.gov
2017:11:06 04:33:00 pm Running Technology Scan for site whistleblower.gov
2017:11:06 04:33:09 pm Running Technology Scan for site whistleblowers.gov
2017:11:06 04:33:14 pm Running Technology Scan for site whitehouse.gov
2017:11:06 04:33:22 pm Running Technology Scan for site whitehouseconferenceonaging.gov
2017:11:06 04:33:26 pm Running Technology Scan for site whitehousedrugpolicy.gov
2017:11:06 04:33:34 pm Running Technology Scan for site wildfire.gov
2017:11:06 04:33:38 pm Running Technology Scan for site wildlifeadaptationstrategy.gov
2017:11:06 04:33:44 pm Running Technology Scan for site wizard.gov
2017:11:06 04:33:48 pm Running Technology Scan for site wlci.gov
2017:11:06 04:33:59 pm Running Technology Scan for site womenfarmerclaims.gov
2017:11:06 04:34:02 pm Running Technology Scan for site womenshealth.gov
2017:11:06 04:34:06 pm Running Technology Scan for site womenshistorymonth.gov
2017:11:06 04:34:15 pm Running Technology Scan for site worker.gov
2017:11:06 04:34:20 pm Running Technology Scan for site workplace.gov
2017:11:06 04:34:25 pm Running Technology Scan for site worldwar1centennial.gov
2017:11:06 04:34:29 pm Running Technology Scan for site wrp.gov
2017:11:06 04:34:35 pm Running Technology Scan for site ymp.gov
2017:11:06 04:35:14 pm Running Technology Scan for site youth.gov
2017:11:06 04:35:20 pm Running Technology Scan for site youthgo.gov
2017:11:06 04:35:23 pm Running Technology Scan for site youthrules.gov
2017:11:06 04:35:29 pm Running Technology Scan for site atcreform.gov
2017:11:06 04:35:37 pm Running Technology Scan for site bam.gov
2017:11:06 04:35:41 pm Running Technology Scan for site budgetlob.gov
2017:11:06 04:35:49 pm Running Technology Scan for site businessdefense.gov
2017:11:06 04:35:53 pm Running Technology Scan for site campusdrugprevention.gov
2017:11:06 04:36:01 pm Running Technology Scan for site casl.gov
2017:11:06 04:36:05 pm Running Technology Scan for site cdcpartners.gov
2017:11:06 04:36:09 pm Running Technology Scan for site crb.gov
2017:11:06 04:36:15 pm Running Technology Scan for site dcsc.gov
2017:11:06 04:36:18 pm Running Technology Scan for site df.gov
2017:11:06 04:38:29 pm Running Technology Scan for site e-verify.gov
2017:11:06 04:38:33 pm Running Technology Scan for site earthsystemprediction.gov
2017:11:06 04:39:13 pm Running Technology Scan for site everify.gov
2017:11:06 04:39:18 pm Running Technology Scan for site fueleconomy.gov
2017:11:06 04:39:23 pm Running Technology Scan for site isotope.gov
2017:11:06 04:39:30 pm Running Technology Scan for site isotopes.gov
2017:11:06 04:39:34 pm Running Technology Scan for site militaryconsumer.gov
2017:11:06 04:39:40 pm Running Technology Scan for site nccrc.gov
2017:11:06 04:39:48 pm Running Technology Scan for site nccs.gov
2017:11:06 04:39:56 pm Running Technology Scan for site ncrc.gov
2017:11:06 04:40:03 pm Running Technology Scan for site ntrc.gov
2017:11:06 04:40:06 pm Running Technology Scan for site obamalibrary.gov
2017:11:06 04:40:14 pm Running Technology Scan for site obamawhitehouse.gov
2017:11:06 04:40:20 pm Running Technology Scan for site orlando.gov
2017:11:06 04:40:24 pm Running Technology Scan for site scidac.gov
2017:11:06 04:40:29 pm Running Technology Scan for site scijinks.gov
2017:11:06 04:40:36 pm Running Technology Scan for site smarterskies.gov
2017:11:06 04:40:42 pm Running Technology Scan for site smokeybear.gov
2017:11:06 04:40:47 pm Running Technology Scan for site sns.gov
2017:11:06 04:40:51 pm Running Technology Scan for site trainingproviderresults.gov
2017:11:06 04:41:08 pm Running Technology Scan for site consumerfinancialbureau.gov
2017:11:06 04:41:16 pm Running Technology Scan for site digital.gov
2017:11:06 04:41:27 pm Running Technology Scan for site peacecore.gov
2017:11:06 04:41:30 pm Running Technology Scan for site peacecorp.gov
2017:11:06 04:41:35 pm Running Technology Scan for site notalone.gov
