2017:08:30 01:26:49 pm Starting Scan
2017:08:30 01:26:49 pm Collecting HTTPS and DAP data from Pulse
2017:08:30 01:26:49 pm Running Technology Scan for site 18f.gov
2017:08:30 01:27:10 pm Running Technology Scan for site 9-11commission.gov
2017:08:30 01:27:19 pm Running Technology Scan for site 911.gov
2017:08:30 01:27:27 pm Running Technology Scan for site 911commission.gov
2017:08:30 01:27:35 pm Running Technology Scan for site aapi.gov
2017:08:30 01:27:52 pm Running Technology Scan for site abandonedmines.gov
2017:08:30 01:28:00 pm Running Technology Scan for site abilityone.gov
2017:08:30 01:28:11 pm Running Technology Scan for site abmc.gov
2017:08:30 01:28:20 pm Running Technology Scan for site access-board.gov
2017:08:30 01:28:28 pm Running Technology Scan for site acf.gov
2017:08:30 01:28:35 pm Running Technology Scan for site achp.gov
2017:08:30 01:28:43 pm Running Technology Scan for site acl.gov
2017:08:30 01:29:00 pm Running Technology Scan for site acquisition.gov
2017:08:30 01:29:09 pm Running Technology Scan for site acus.gov
2017:08:30 01:29:16 pm Running Technology Scan for site acwi.gov
2017:08:30 01:29:24 pm Running Technology Scan for site ada.gov
2017:08:30 01:29:31 pm Running Technology Scan for site adf.gov
2017:08:30 01:29:39 pm Running Technology Scan for site adlnet.gov
2017:08:30 01:29:46 pm Running Technology Scan for site admongo.gov
2017:08:30 01:29:54 pm Running Technology Scan for site adr.gov
2017:08:30 01:30:02 pm Running Technology Scan for site afadvantage.gov
2017:08:30 01:30:09 pm Running Technology Scan for site aff.gov
2017:08:30 01:30:17 pm Running Technology Scan for site afrh.gov
2017:08:30 01:30:25 pm Running Technology Scan for site africanamericanhistorymonth.gov
2017:08:30 01:30:32 pm Running Technology Scan for site afterschool.gov
2017:08:30 01:30:44 pm Running Technology Scan for site aging.gov
2017:08:30 01:30:51 pm Running Technology Scan for site agingstats.gov
2017:08:30 01:31:01 pm Running Technology Scan for site ahcpr.gov
2017:08:30 01:31:10 pm Running Technology Scan for site ahrq.gov
2017:08:30 01:31:19 pm Running Technology Scan for site aidrefugees.gov
2017:08:30 01:31:27 pm Running Technology Scan for site aids.gov
2017:08:30 01:31:35 pm Running Technology Scan for site airnow.gov
2017:08:30 01:31:43 pm Running Technology Scan for site alaskacenters.gov
2017:08:30 01:31:50 pm Running Technology Scan for site alertaenlinea.gov
2017:08:30 01:31:58 pm Running Technology Scan for site altusandc.gov
2017:08:30 01:32:06 pm Running Technology Scan for site alzheimers.gov
2017:08:30 01:32:13 pm Running Technology Scan for site ama.gov
2017:08:30 01:32:21 pm Running Technology Scan for site amberalert.gov
2017:08:30 01:32:29 pm Running Technology Scan for site america.gov
2017:08:30 01:32:39 pm Running Technology Scan for site americanmemory.gov
2017:08:30 01:32:47 pm Running Technology Scan for site americasheroesatwork.gov
2017:08:30 01:33:18 pm Running Technology Scan for site americaslibrary.gov
2017:08:30 01:33:25 pm Running Technology Scan for site americasstory.gov
2017:08:30 01:33:33 pm Running Technology Scan for site americastory.gov
2017:08:30 01:33:49 pm Running Technology Scan for site americathebeautifulquarters.gov
2017:08:30 01:33:58 pm Running Technology Scan for site americore.gov
2017:08:30 01:34:09 pm Running Technology Scan for site americorp.gov
2017:08:30 01:34:17 pm Running Technology Scan for site americorps.gov
2017:08:30 01:34:27 pm Running Technology Scan for site americorpsconnect.gov
2017:08:30 01:34:34 pm Running Technology Scan for site americorpsweek.gov
2017:08:30 01:34:41 pm Running Technology Scan for site ameslab.gov
2017:08:30 01:34:49 pm Running Technology Scan for site amtrakoig.gov
2017:08:30 01:34:58 pm Running Technology Scan for site anchorit.gov
2017:08:30 01:35:05 pm Running Technology Scan for site anl.gov
2017:08:30 01:35:13 pm Running Technology Scan for site annualcreditreport.gov
2017:08:30 01:35:20 pm Running Technology Scan for site anstaskforce.gov
2017:08:30 01:35:28 pm Running Technology Scan for site aoa.gov
2017:08:30 01:35:35 pm Running Technology Scan for site aoc.gov
2017:08:30 01:35:45 pm Running Technology Scan for site ap.gov
2017:08:30 01:36:02 pm Running Technology Scan for site app.gov
2017:08:30 01:36:09 pm Running Technology Scan for site applicationmanager.gov
2017:08:30 01:36:17 pm Running Technology Scan for site apps.gov
2017:08:30 01:36:25 pm Running Technology Scan for site arc.gov
2017:08:30 01:36:33 pm Running Technology Scan for site archives.gov
2017:08:30 01:36:44 pm Running Technology Scan for site arctic.gov
2017:08:30 01:36:51 pm Running Technology Scan for site arm.gov
2017:08:30 01:36:59 pm Running Technology Scan for site ars-grin.gov
2017:08:30 01:37:06 pm Running Technology Scan for site arts.gov
2017:08:30 01:37:14 pm Running Technology Scan for site asap.gov
2017:08:30 01:37:22 pm Running Technology Scan for site asc.gov
2017:08:30 01:37:29 pm Running Technology Scan for site asianpacificheritage.gov
2017:08:30 01:37:36 pm Running Technology Scan for site askkaren.gov
2017:08:30 01:37:46 pm Running Technology Scan for site astrongmiddleclass.gov
2017:08:30 01:37:54 pm Running Technology Scan for site atf.gov
2017:08:30 01:38:01 pm Running Technology Scan for site atfonline.gov
2017:08:30 01:38:08 pm Running Technology Scan for site atvsafety.gov
2017:08:30 01:38:16 pm Running Technology Scan for site aviationweather.gov
2017:08:30 01:38:25 pm Running Technology Scan for site ayudaconmibanco.gov
2017:08:30 01:38:33 pm Running Technology Scan for site bankanswers.gov
2017:08:30 01:38:40 pm Running Technology Scan for site bankcustomer.gov
2017:08:30 01:38:48 pm Running Technology Scan for site bankcustomerassistance.gov
2017:08:30 01:38:55 pm Running Technology Scan for site bankhelp.gov
2017:08:30 01:39:03 pm Running Technology Scan for site banknet.gov
2017:08:30 01:39:10 pm Running Technology Scan for site bankruptcy.gov
2017:08:30 01:39:18 pm Running Technology Scan for site bats.gov
2017:08:30 01:39:25 pm Running Technology Scan for site bbg.gov
2017:08:30 01:39:33 pm Running Technology Scan for site bcfp.gov
2017:08:30 01:39:41 pm Running Technology Scan for site bea.gov
2017:08:30 01:39:48 pm Running Technology Scan for site befoodsafe.gov
2017:08:30 01:39:57 pm Running Technology Scan for site benefits.gov
2017:08:30 01:40:05 pm Running Technology Scan for site bep.gov
2017:08:30 01:40:12 pm Running Technology Scan for site betobaccofree.gov
2017:08:30 01:40:19 pm Running Technology Scan for site bfelob.gov
2017:08:30 01:40:27 pm Running Technology Scan for site bfem.gov
2017:08:30 01:40:34 pm Running Technology Scan for site bia.gov
2017:08:30 01:40:42 pm Running Technology Scan for site bioeco.gov
2017:08:30 01:40:51 pm Running Technology Scan for site bioethics.gov
2017:08:30 01:41:03 pm Running Technology Scan for site biomassboard.gov
2017:08:30 01:41:10 pm Running Technology Scan for site biometriccoe.gov
2017:08:30 01:41:18 pm Running Technology Scan for site biometrics.gov
2017:08:30 01:41:25 pm Running Technology Scan for site biopreferred.gov
2017:08:30 01:41:33 pm Running Technology Scan for site bja.gov
2017:08:30 01:41:41 pm Running Technology Scan for site bldrdoc.gov
2017:08:30 01:41:48 pm Running Technology Scan for site blm.gov
2017:08:30 01:41:56 pm Running Technology Scan for site bls.gov
2017:08:30 01:42:03 pm Running Technology Scan for site bnl.gov
2017:08:30 01:42:11 pm Running Technology Scan for site boem.gov
2017:08:30 01:42:20 pm Running Technology Scan for site boemre.gov
2017:08:30 01:42:27 pm Running Technology Scan for site bondpro.gov
2017:08:30 01:42:35 pm Running Technology Scan for site bop.gov
2017:08:30 01:42:42 pm Running Technology Scan for site bosque.gov
2017:08:30 01:42:52 pm Running Technology Scan for site bpa.gov
2017:08:30 01:42:59 pm Running Technology Scan for site brac.gov
2017:08:30 01:43:07 pm Running Technology Scan for site brainhealth.gov
2017:08:30 01:43:15 pm Running Technology Scan for site brc.gov
2017:08:30 01:43:26 pm Running Technology Scan for site broadband.gov
2017:08:30 01:43:37 pm Running Technology Scan for site broadbandmap.gov
2017:08:30 01:43:45 pm Running Technology Scan for site bsee.gov
2017:08:30 01:43:52 pm Running Technology Scan for site bts.gov
2017:08:30 01:44:00 pm Running Technology Scan for site budget.gov
2017:08:30 01:44:08 pm Running Technology Scan for site buildingamerica.gov
2017:08:30 01:44:15 pm Running Technology Scan for site business.gov
2017:08:30 01:44:23 pm Running Technology Scan for site businessusa.gov
2017:08:30 01:44:31 pm Running Technology Scan for site buyaccessible.gov
2017:08:30 01:44:38 pm Running Technology Scan for site buyusa.gov
2017:08:30 01:44:47 pm Running Technology Scan for site cancer.gov
2017:08:30 01:44:55 pm Running Technology Scan for site cancernet.gov
2017:08:30 01:45:04 pm Running Technology Scan for site cao.gov
2017:08:30 01:45:13 pm Running Technology Scan for site cap.gov
2017:08:30 01:45:20 pm Running Technology Scan for site capitol.gov
2017:08:30 01:45:28 pm Running Technology Scan for site capnhq.gov
2017:08:30 01:45:35 pm Running Technology Scan for site cbca.gov
2017:08:30 01:45:46 pm Running Technology Scan for site cbo.gov
2017:08:30 01:45:54 pm Running Technology Scan for site cbonews.gov
2017:08:30 01:46:05 pm Running Technology Scan for site cbp.gov
2017:08:30 01:46:13 pm Running Technology Scan for site ccac.gov
2017:08:30 01:46:20 pm Running Technology Scan for site cdc.gov
2017:08:30 01:46:28 pm Running Technology Scan for site cdfifund.gov
2017:08:30 01:46:35 pm Running Technology Scan for site cebaf.gov
2017:08:30 01:46:43 pm Running Technology Scan for site cecc.gov
2017:08:30 01:46:50 pm Running Technology Scan for site cendi.gov
2017:08:30 01:46:58 pm Running Technology Scan for site census.gov
2017:08:30 01:47:07 pm Running Technology Scan for site cep.gov
2017:08:30 01:47:15 pm Running Technology Scan for site cfa.gov
2017:08:30 01:47:23 pm Running Technology Scan for site cfda.gov
2017:08:30 01:47:31 pm Running Technology Scan for site cfo.gov
2017:08:30 01:47:49 pm Running Technology Scan for site cfoc.gov
2017:08:30 01:48:00 pm Running Technology Scan for site cfpa.gov
2017:08:30 01:48:08 pm Running Technology Scan for site cfpb.gov
2017:08:30 01:48:15 pm Running Technology Scan for site cftc.gov
2017:08:30 01:48:23 pm Running Technology Scan for site challenge.gov
2017:08:30 01:48:31 pm Running Technology Scan for site challenges.gov
2017:08:30 01:48:38 pm Running Technology Scan for site changeofaddress.gov
2017:08:30 01:48:46 pm Running Technology Scan for site chcoc.gov
2017:08:30 01:48:54 pm Running Technology Scan for site chemsafety.gov
2017:08:30 01:49:01 pm Running Technology Scan for site childreninadversity.gov
2017:08:30 01:49:09 pm Running Technology Scan for site childstats.gov
2017:08:30 01:49:17 pm Running Technology Scan for site childwelfare.gov
2017:08:30 01:49:25 pm Running Technology Scan for site chinacommission.gov
2017:08:30 01:49:42 pm Running Technology Scan for site choosemyplate.gov
2017:08:30 01:49:49 pm Running Technology Scan for site christophercolumbusfoundation.gov
2017:08:30 01:50:00 pm Running Technology Scan for site cia.gov
2017:08:30 01:50:08 pm Running Technology Scan for site cio.gov
2017:08:30 01:50:16 pm Running Technology Scan for site ciso.gov
2017:08:30 01:50:25 pm Running Technology Scan for site citizencorps.gov
2017:08:30 01:50:33 pm Running Technology Scan for site citizenscience.gov
2017:08:30 01:50:41 pm Running Technology Scan for site civilrightsusa.gov
2017:08:30 01:50:48 pm Running Technology Scan for site cjis.gov
2017:08:30 01:50:59 pm Running Technology Scan for site climate.gov
2017:08:30 01:51:07 pm Running Technology Scan for site clinicaltrials.gov
2017:08:30 01:51:15 pm Running Technology Scan for site clintonlibrary.gov
2017:08:30 01:51:22 pm Running Technology Scan for site cloud.gov
2017:08:30 01:51:30 pm Running Technology Scan for site cms.gov
2017:08:30 01:51:38 pm Running Technology Scan for site cmts.gov
2017:08:30 01:51:45 pm Running Technology Scan for site cncs.gov
2017:08:30 01:51:53 pm Running Technology Scan for site cncsoig.gov
2017:08:30 01:52:00 pm Running Technology Scan for site cns.gov
2017:08:30 01:52:07 pm Running Technology Scan for site cnss.gov
2017:08:30 01:52:18 pm Running Technology Scan for site coastalamerica.gov
2017:08:30 01:52:25 pm Running Technology Scan for site code.gov
2017:08:30 01:52:43 pm Running Technology Scan for site collegedrinkingprevention.gov
2017:08:30 01:52:50 pm Running Technology Scan for site collegenavigator.gov
2017:08:30 01:52:57 pm Running Technology Scan for site commerce.gov
2017:08:30 01:53:05 pm Running Technology Scan for site complaintreferralexpress.gov
2017:08:30 01:53:14 pm Running Technology Scan for site compliance.gov
2017:08:30 01:53:22 pm Running Technology Scan for site comptrollerofthecurrency.gov
2017:08:30 01:53:29 pm Running Technology Scan for site computers4learning.gov
2017:08:30 01:53:37 pm Running Technology Scan for site computersforlearning.gov
2017:08:30 01:53:44 pm Running Technology Scan for site congress.gov
2017:08:30 01:53:52 pm Running Technology Scan for site congressionaldirectory.gov
2017:08:30 01:54:02 pm Running Technology Scan for site congressionalrecord.gov
2017:08:30 01:54:10 pm Running Technology Scan for site connect.gov
2017:08:30 01:54:18 pm Running Technology Scan for site consumer.gov
2017:08:30 01:54:25 pm Running Technology Scan for site consumeraction.gov
2017:08:30 01:54:33 pm Running Technology Scan for site consumerbureau.gov
2017:08:30 01:54:41 pm Running Technology Scan for site consumerfinance.gov
2017:08:30 01:54:48 pm Running Technology Scan for site consumerfinancial.gov
2017:08:30 01:54:55 pm Running Technology Scan for site consumerfinancialprotectionbureau.gov
2017:08:30 01:55:06 pm Running Technology Scan for site consumerprotection.gov
2017:08:30 01:55:14 pm Running Technology Scan for site consumerprotectionbureau.gov
2017:08:30 01:55:21 pm Running Technology Scan for site consumidor.gov
2017:08:30 01:55:28 pm Running Technology Scan for site continentalshelf.gov
2017:08:30 01:55:36 pm Running Technology Scan for site contractdirectory.gov
2017:08:30 01:55:43 pm Running Technology Scan for site copyright.gov
2017:08:30 01:55:51 pm Running Technology Scan for site coralreef.gov
2017:08:30 01:56:02 pm Running Technology Scan for site cpars.gov
2017:08:30 01:56:10 pm Running Technology Scan for site cpnireporting.gov
2017:08:30 01:56:21 pm Running Technology Scan for site cpsc.gov
2017:08:30 01:56:29 pm Running Technology Scan for site crimesolutions.gov
2017:08:30 01:56:37 pm Running Technology Scan for site crimevictims.gov
2017:08:30 01:56:44 pm Running Technology Scan for site crt2014-2024review.gov
2017:08:30 01:56:52 pm Running Technology Scan for site csb.gov
2017:08:30 01:57:03 pm Running Technology Scan for site csce.gov
2017:08:30 01:57:14 pm Running Technology Scan for site csosa.fed.us
2017:08:30 01:57:21 pm Running Technology Scan for site csosa.gov
2017:08:30 01:57:29 pm Running Technology Scan for site ctoc.gov
2017:08:30 01:57:36 pm Running Technology Scan for site cttso.gov
2017:08:30 01:57:43 pm Running Technology Scan for site cuidadodesalud.gov
2017:08:30 01:57:51 pm Running Technology Scan for site cupcao.gov
2017:08:30 01:57:58 pm Running Technology Scan for site cwc.gov
2017:08:30 01:58:09 pm Running Technology Scan for site cyber.gov
2017:08:30 01:58:17 pm Running Technology Scan for site cybercareers.gov
2017:08:30 01:58:24 pm Running Technology Scan for site cybercrime.gov
2017:08:30 01:58:32 pm Running Technology Scan for site cybersecurity.gov
2017:08:30 01:58:40 pm Running Technology Scan for site data.gov
2017:08:30 01:58:49 pm Running Technology Scan for site dc3on.gov
2017:08:30 01:58:58 pm Running Technology Scan for site dea.gov
2017:08:30 01:59:08 pm Running Technology Scan for site deadiversion.gov
2017:08:30 01:59:16 pm Running Technology Scan for site deaecom.gov
2017:08:30 01:59:23 pm Running Technology Scan for site defense.gov
2017:08:30 01:59:41 pm Running Technology Scan for site democraticleader.gov
2017:08:30 01:59:50 pm Running Technology Scan for site democraticwhip.gov
2017:08:30 01:59:58 pm Running Technology Scan for site dems.gov
2017:08:30 02:00:07 pm Running Technology Scan for site denali.gov
2017:08:30 02:00:19 pm Running Technology Scan for site dfafacts.gov
2017:08:30 02:00:28 pm Running Technology Scan for site dhhs.gov
2017:08:30 02:00:35 pm Running Technology Scan for site dhs.gov
2017:08:30 02:00:43 pm Running Technology Scan for site diabetescommittee.gov
2017:08:30 02:00:51 pm Running Technology Scan for site dietaryguidelines.gov
2017:08:30 02:00:58 pm Running Technology Scan for site digitalgov.gov
2017:08:30 02:01:05 pm Running Technology Scan for site digitalliteracy.gov
2017:08:30 02:01:13 pm Running Technology Scan for site digitalpreservation.gov
2017:08:30 02:01:21 pm Running Technology Scan for site digitizationguidelines.gov
2017:08:30 02:01:29 pm Running Technology Scan for site directoasucuenta.gov
2017:08:30 02:01:39 pm Running Technology Scan for site disability.gov
2017:08:30 02:01:47 pm Running Technology Scan for site disasterassistance.gov
2017:08:30 02:01:56 pm Running Technology Scan for site disasterhousing.gov
2017:08:30 02:02:18 pm Running Technology Scan for site distracteddriving.gov
2017:08:30 02:02:42 pm Running Technology Scan for site distraction.gov
2017:08:30 02:03:00 pm Running Technology Scan for site dnfsb.gov
2017:08:30 02:03:08 pm Running Technology Scan for site dni.gov
2017:08:30 02:03:16 pm Running Technology Scan for site dnsops.gov
2017:08:30 02:03:35 pm Running Technology Scan for site doc.gov
2017:08:30 02:03:51 pm Running Technology Scan for site docline.gov
2017:08:30 02:03:59 pm Running Technology Scan for site dod.gov
2017:08:30 02:04:07 pm Running Technology Scan for site doe.gov
2017:08:30 02:04:14 pm Running Technology Scan for site doi.gov
2017:08:30 02:04:21 pm Running Technology Scan for site doioig.gov
2017:08:30 02:04:29 pm Running Technology Scan for site dol.gov
2017:08:30 02:04:36 pm Running Technology Scan for site doleta.gov
2017:08:30 02:04:44 pm Running Technology Scan for site donaciondeorganos.gov
2017:08:30 02:04:54 pm Running Technology Scan for site donotcall.gov
2017:08:30 02:05:01 pm Running Technology Scan for site dontserveteens.gov
2017:08:30 02:05:09 pm Running Technology Scan for site dot.gov
2017:08:30 02:05:17 pm Running Technology Scan for site dotgov.gov
2017:08:30 02:05:24 pm Running Technology Scan for site dotideahub.gov
2017:08:30 02:05:32 pm Running Technology Scan for site dottrafficrecords.gov
2017:08:30 02:05:39 pm Running Technology Scan for site dra.gov
2017:08:30 02:05:47 pm Running Technology Scan for site drought.gov
2017:08:30 02:05:54 pm Running Technology Scan for site drugabuse.gov
2017:08:30 02:06:02 pm Running Technology Scan for site drywallresponse.gov
2017:08:30 02:06:09 pm Running Technology Scan for site dsac.gov
2017:08:30 02:06:20 pm Running Technology Scan for site dtv.gov
2017:08:30 02:06:31 pm Running Technology Scan for site e-enterprise.gov
2017:08:30 02:06:42 pm Running Technology Scan for site eac.gov
2017:08:30 02:06:52 pm Running Technology Scan for site eaglecash.gov
2017:08:30 02:06:59 pm Running Technology Scan for site earmarks.gov
2017:08:30 02:07:07 pm Running Technology Scan for site earthquake.gov
2017:08:30 02:07:15 pm Running Technology Scan for site ecfr.gov
2017:08:30 02:07:22 pm Running Technology Scan for site economicinclusion.gov
2017:08:30 02:07:30 pm Running Technology Scan for site econsumer.gov
2017:08:30 02:07:37 pm Running Technology Scan for site ecopartnerships.gov
2017:08:30 02:07:45 pm Running Technology Scan for site ecpic.gov
2017:08:30 02:07:52 pm Running Technology Scan for site ecr.gov
2017:08:30 02:08:01 pm Running Technology Scan for site ed.gov
2017:08:30 02:08:08 pm Running Technology Scan for site eda.gov
2017:08:30 02:08:16 pm Running Technology Scan for site edison.gov
2017:08:30 02:08:23 pm Running Technology Scan for site edpubs.gov
2017:08:30 02:08:31 pm Running Technology Scan for site education.gov
2017:08:30 02:08:38 pm Running Technology Scan for site eeoc.gov
2017:08:30 02:08:46 pm Running Technology Scan for site eftps.gov
2017:08:30 02:08:54 pm Running Technology Scan for site egov.gov
2017:08:30 02:09:02 pm Running Technology Scan for site eia.gov
2017:08:30 02:09:21 pm Running Technology Scan for site eisenhowermemorial.gov
2017:08:30 02:09:39 pm Running Technology Scan for site eldercare.gov
2017:08:30 02:09:48 pm Running Technology Scan for site elderjustice.gov
2017:08:30 02:09:57 pm Running Technology Scan for site emergency-federal-register.gov
2017:08:30 02:10:05 pm Running Technology Scan for site employeeexpress.gov
2017:08:30 02:10:16 pm Running Technology Scan for site empowhr.gov
2017:08:30 02:10:24 pm Running Technology Scan for site ems.gov
2017:08:30 02:10:34 pm Running Technology Scan for site endingthedocumentgame.gov
2017:08:30 02:10:42 pm Running Technology Scan for site energy.gov
2017:08:30 02:10:54 pm Running Technology Scan for site energycodes.gov
2017:08:30 02:11:05 pm Running Technology Scan for site energysaver.gov
2017:08:30 02:11:14 pm Running Technology Scan for site energysavers.gov
2017:08:30 02:11:22 pm Running Technology Scan for site energystar.gov
2017:08:30 02:11:31 pm Running Technology Scan for site eop.gov
2017:08:30 02:11:41 pm Running Technology Scan for site epa.gov
2017:08:30 02:12:06 pm Running Technology Scan for site epic.gov
2017:08:30 02:12:14 pm Running Technology Scan for site errp.gov
2017:08:30 02:12:22 pm Running Technology Scan for site esa.gov
2017:08:30 02:12:32 pm Running Technology Scan for site esc.gov
2017:08:30 02:12:41 pm Running Technology Scan for site eseclab.gov
2017:08:30 02:12:51 pm Running Technology Scan for site esrs.gov
2017:08:30 02:13:00 pm Running Technology Scan for site eta-find.gov
2017:08:30 02:13:10 pm Running Technology Scan for site ethics.gov
2017:08:30 02:13:19 pm Running Technology Scan for site ethicsburg.gov
2017:08:30 02:13:29 pm Running Technology Scan for site evergladesrestoration.gov
2017:08:30 02:13:38 pm Running Technology Scan for site everykidinapark.gov
2017:08:30 02:13:48 pm Running Technology Scan for site evus.gov
2017:08:30 02:13:57 pm Running Technology Scan for site execsec.gov
2017:08:30 02:14:05 pm Running Technology Scan for site exim.gov
2017:08:30 02:14:16 pm Running Technology Scan for site exploretsp.gov
2017:08:30 02:14:25 pm Running Technology Scan for site export.gov
2017:08:30 02:14:34 pm Running Technology Scan for site eyenote.gov
2017:08:30 02:14:42 pm Running Technology Scan for site faa.gov
2017:08:30 02:14:50 pm Running Technology Scan for site faasafety.gov
2017:08:30 02:14:59 pm Running Technology Scan for site faca.gov
2017:08:30 02:15:10 pm Running Technology Scan for site facadatabase.gov
2017:08:30 02:15:19 pm Running Technology Scan for site fafsa.gov
2017:08:30 02:15:27 pm Running Technology Scan for site fai.gov
2017:08:30 02:15:36 pm Running Technology Scan for site fan.gov
2017:08:30 02:15:44 pm Running Technology Scan for site fapiis.gov
2017:08:30 02:15:53 pm Running Technology Scan for site faq.gov
2017:08:30 02:16:02 pm Running Technology Scan for site fara.gov
2017:08:30 02:16:11 pm Running Technology Scan for site farmerclaims.gov
2017:08:30 02:16:28 pm Running Technology Scan for site fasab.gov
2017:08:30 02:16:36 pm Running Technology Scan for site fatherhood.gov
2017:08:30 02:16:44 pm Running Technology Scan for site fbi.gov
2017:08:30 02:16:52 pm Running Technology Scan for site fbiic.gov
2017:08:30 02:17:00 pm Running Technology Scan for site fbijobs.gov
2017:08:30 02:17:10 pm Running Technology Scan for site fbo.gov
2017:08:30 02:17:18 pm Running Technology Scan for site fca.gov
2017:08:30 02:17:27 pm Running Technology Scan for site fcc.gov
2017:08:30 02:17:35 pm Running Technology Scan for site fccuniversity.gov
2017:08:30 02:17:43 pm Running Technology Scan for site fcg.gov
2017:08:30 02:17:51 pm Running Technology Scan for site fcic.gov
2017:08:30 02:17:59 pm Running Technology Scan for site fcsic.gov
2017:08:30 02:18:07 pm Running Technology Scan for site fda.gov
2017:08:30 02:18:19 pm Running Technology Scan for site fdic.gov
2017:08:30 02:18:32 pm Running Technology Scan for site fdicconnect.gov
2017:08:30 02:18:39 pm Running Technology Scan for site fdicig.gov
2017:08:30 02:18:48 pm Running Technology Scan for site fdicoig.gov
2017:08:30 02:18:56 pm Running Technology Scan for site fdicseguro.gov
2017:08:30 02:19:05 pm Running Technology Scan for site fdlp.gov
2017:08:30 02:19:15 pm Running Technology Scan for site fdms.gov
2017:08:30 02:19:24 pm Running Technology Scan for site fdsys.gov
2017:08:30 02:19:35 pm Running Technology Scan for site fea.gov
2017:08:30 02:19:47 pm Running Technology Scan for site feb.gov
2017:08:30 02:19:55 pm Running Technology Scan for site fec.gov
2017:08:30 02:20:04 pm Running Technology Scan for site fedbizopps.gov
2017:08:30 02:20:12 pm Running Technology Scan for site fedcenter.gov
2017:08:30 02:20:20 pm Running Technology Scan for site federalcourts.gov
2017:08:30 02:20:28 pm Running Technology Scan for site federalinvestments.gov
2017:08:30 02:20:37 pm Running Technology Scan for site federaljobs.gov
2017:08:30 02:20:46 pm Running Technology Scan for site federalprobation.gov
2017:08:30 02:20:54 pm Running Technology Scan for site federalregister.gov
2017:08:30 02:21:04 pm Running Technology Scan for site federalreserve.gov
2017:08:30 02:21:13 pm Running Technology Scan for site federalreserveconsumerhelp.gov
2017:08:30 02:21:23 pm Running Technology Scan for site federalrules.gov
2017:08:30 02:21:31 pm Running Technology Scan for site fedidcard.gov
2017:08:30 02:21:40 pm Running Technology Scan for site fedinvest.gov
2017:08:30 02:21:48 pm Running Technology Scan for site fedjobs.gov
2017:08:30 02:21:57 pm Running Technology Scan for site fedpartnership.gov
2017:08:30 02:22:06 pm Running Technology Scan for site fedramp.gov
2017:08:30 02:22:14 pm Running Technology Scan for site fedreg.gov
2017:08:30 02:22:22 pm Running Technology Scan for site fedrooms.gov
2017:08:30 02:22:33 pm Running Technology Scan for site fedshirevets.gov
2017:08:30 02:22:42 pm Running Technology Scan for site fedspending.gov
2017:08:30 02:22:51 pm Running Technology Scan for site feedthefuture.gov
2017:08:30 02:22:59 pm Running Technology Scan for site fegli.gov
2017:08:30 02:23:08 pm Running Technology Scan for site fema.gov
2017:08:30 02:23:18 pm Running Technology Scan for site femalefarmerclaims.gov
2017:08:30 02:23:35 pm Running Technology Scan for site ferc.gov
2017:08:30 02:23:46 pm Running Technology Scan for site fercalt.gov
2017:08:30 02:23:54 pm Running Technology Scan for site ffiec.gov
2017:08:30 02:24:02 pm Running Technology Scan for site fgdc.gov
2017:08:30 02:24:21 pm Running Technology Scan for site fha.gov
2017:08:30 02:24:29 pm Running Technology Scan for site fhfa.gov
2017:08:30 02:24:36 pm Running Technology Scan for site fhfaoig.gov
2017:08:30 02:24:45 pm Running Technology Scan for site fido.gov
2017:08:30 02:24:56 pm Running Technology Scan for site financialresearch.gov
2017:08:30 02:25:04 pm Running Technology Scan for site financialstability.gov
2017:08:30 02:25:12 pm Running Technology Scan for site fincen.gov
2017:08:30 02:25:20 pm Running Technology Scan for site findyouthinfo.gov
2017:08:30 02:25:31 pm Running Technology Scan for site firecode.gov
2017:08:30 02:25:39 pm Running Technology Scan for site fireleadership.gov
2017:08:30 02:25:46 pm Running Technology Scan for site firenet.gov
2017:08:30 02:25:54 pm Running Technology Scan for site firescience.gov
2017:08:30 02:26:03 pm Running Technology Scan for site firstfreedom.gov
2017:08:30 02:26:11 pm Running Technology Scan for site firstgov.gov
2017:08:30 02:26:19 pm Running Technology Scan for site firstnet.gov
2017:08:30 02:26:29 pm Running Technology Scan for site firstresponder.gov
2017:08:30 02:26:38 pm Running Technology Scan for site firstrespondertraining.gov
2017:08:30 02:26:47 pm Running Technology Scan for site fiscalcommission.gov
2017:08:30 02:26:58 pm Running Technology Scan for site fishwatch.gov
2017:08:30 02:27:06 pm Running Technology Scan for site fitness.gov
2017:08:30 02:27:18 pm Running Technology Scan for site fjc.gov
2017:08:30 02:27:26 pm Running Technology Scan for site fleta.gov
2017:08:30 02:27:43 pm Running Technology Scan for site fletc.gov
2017:08:30 02:28:00 pm Running Technology Scan for site flightschoolcandidates.gov
2017:08:30 02:28:09 pm Running Technology Scan for site floodsmart.gov
2017:08:30 02:28:17 pm Running Technology Scan for site flra.gov
2017:08:30 02:28:25 pm Running Technology Scan for site flu.gov
2017:08:30 02:28:33 pm Running Technology Scan for site fmc.gov
2017:08:30 02:28:41 pm Running Technology Scan for site fmcs.gov
2017:08:30 02:28:51 pm Running Technology Scan for site fmi.gov
2017:08:30 02:29:00 pm Running Technology Scan for site fmshrc.gov
2017:08:30 02:29:08 pm Running Technology Scan for site fnal.gov
2017:08:30 02:29:18 pm Running Technology Scan for site foia.gov
2017:08:30 02:29:27 pm Running Technology Scan for site foodsafety.gov
2017:08:30 02:29:35 pm Running Technology Scan for site foodsafetyjobs.gov
2017:08:30 02:29:45 pm Running Technology Scan for site foodsafetyworkinggroup.gov
2017:08:30 02:29:57 pm Running Technology Scan for site fordlibrarymuseum.gov
2017:08:30 02:30:06 pm Running Technology Scan for site foreignassistance.gov
2017:08:30 02:30:14 pm Running Technology Scan for site forensicscience.gov
2017:08:30 02:30:26 pm Running Technology Scan for site forestsandrangelands.gov
2017:08:30 02:30:34 pm Running Technology Scan for site forfeiture.gov
2017:08:30 02:30:42 pm Running Technology Scan for site forms.gov
2017:08:30 02:30:50 pm Running Technology Scan for site fpc.gov
2017:08:30 02:31:02 pm Running Technology Scan for site fpds.gov
2017:08:30 02:31:11 pm Running Technology Scan for site freecreditreport.gov
2017:08:30 02:31:22 pm Running Technology Scan for site freshempire.gov
2017:08:30 02:31:34 pm Running Technology Scan for site frpg.gov
2017:08:30 02:31:42 pm Running Technology Scan for site frtib.gov
2017:08:30 02:31:50 pm Running Technology Scan for site frtr.gov
2017:08:30 02:31:58 pm Running Technology Scan for site fruitsandveggiesmatter.gov
2017:08:30 02:32:06 pm Running Technology Scan for site fs.fed.us
2017:08:30 02:32:17 pm Running Technology Scan for site fsafeds.gov
2017:08:30 02:32:25 pm Running Technology Scan for site fsapubs.gov
2017:08:30 02:32:33 pm Running Technology Scan for site fsd.gov
2017:08:30 02:32:42 pm Running Technology Scan for site fsgb.gov
2017:08:30 02:32:50 pm Running Technology Scan for site fsoc.gov
2017:08:30 02:32:58 pm Running Technology Scan for site fsrs.gov
2017:08:30 02:33:06 pm Running Technology Scan for site ftc.gov
2017:08:30 02:33:15 pm Running Technology Scan for site ftccomplaintassistant.gov
2017:08:30 02:33:23 pm Running Technology Scan for site ftcefile.gov
2017:08:30 02:33:32 pm Running Technology Scan for site fttesttwai.gov
2017:08:30 02:33:40 pm Running Technology Scan for site fvap.gov
2017:08:30 02:33:49 pm Running Technology Scan for site fws.gov
2017:08:30 02:33:57 pm Running Technology Scan for site g5.gov
2017:08:30 02:34:05 pm Running Technology Scan for site gao.gov
2017:08:30 02:34:17 pm Running Technology Scan for site gaonet.gov
2017:08:30 02:34:29 pm Running Technology Scan for site gcdamp.gov
2017:08:30 02:34:37 pm Running Technology Scan for site gcmrc.gov
2017:08:30 02:34:48 pm Running Technology Scan for site genome.gov
2017:08:30 02:34:56 pm Running Technology Scan for site geocommunicator.gov
2017:08:30 02:35:03 pm Running Technology Scan for site geomac.gov
2017:08:30 02:35:14 pm Running Technology Scan for site geoplatform.gov
2017:08:30 02:35:22 pm Running Technology Scan for site georgewbushlibrary.gov
2017:08:30 02:35:30 pm Running Technology Scan for site getinvolved.gov
2017:08:30 02:35:41 pm Running Technology Scan for site getsmartaboutdrugs.gov
2017:08:30 02:35:49 pm Running Technology Scan for site getyouhome.gov
2017:08:30 02:35:57 pm Running Technology Scan for site ghi.gov
2017:08:30 02:36:05 pm Running Technology Scan for site ginniemae.gov
2017:08:30 02:36:13 pm Running Technology Scan for site girlshealth.gov
2017:08:30 02:36:21 pm Running Technology Scan for site globalchange.gov
2017:08:30 02:36:33 pm Running Technology Scan for site globalentry.gov
2017:08:30 02:36:41 pm Running Technology Scan for site globalhealth.gov
2017:08:30 02:36:49 pm Running Technology Scan for site globe.gov
2017:08:30 02:37:00 pm Running Technology Scan for site gobierno.gov
2017:08:30 02:37:08 pm Running Technology Scan for site gobiernousa.gov
2017:08:30 02:37:16 pm Running Technology Scan for site godirect.gov
2017:08:30 02:37:24 pm Running Technology Scan for site goes-r.gov
2017:08:30 02:37:41 pm Running Technology Scan for site golearn.gov
2017:08:30 02:37:50 pm Running Technology Scan for site gop.gov
2017:08:30 02:37:58 pm Running Technology Scan for site gopleader.gov
2017:08:30 02:38:06 pm Running Technology Scan for site govbenefits.gov
2017:08:30 02:38:14 pm Running Technology Scan for site governmentjobs.gov
2017:08:30 02:38:22 pm Running Technology Scan for site govinfo.gov
2017:08:30 02:38:33 pm Running Technology Scan for site govloans.gov
2017:08:30 02:38:41 pm Running Technology Scan for site govsales.gov
2017:08:30 02:38:49 pm Running Technology Scan for site gpo.gov
2017:08:30 02:39:00 pm Running Technology Scan for site gps.gov
2017:08:30 02:39:08 pm Running Technology Scan for site grants.gov
2017:08:30 02:39:18 pm Running Technology Scan for site grantsolutions.gov
2017:08:30 02:39:26 pm Running Technology Scan for site greatagain.gov
2017:08:30 02:39:34 pm Running Technology Scan for site green.gov
2017:08:30 02:39:42 pm Running Technology Scan for site greengov.gov
2017:08:30 02:39:51 pm Running Technology Scan for site gsa.gov
2017:08:30 02:40:02 pm Running Technology Scan for site gsaadvantage.gov
2017:08:30 02:40:10 pm Running Technology Scan for site gsaauctions.gov
2017:08:30 02:40:18 pm Running Technology Scan for site gsaig.gov
2017:08:30 02:40:27 pm Running Technology Scan for site gsaxcess.gov
2017:08:30 02:40:35 pm Running Technology Scan for site guideline.gov
2017:08:30 02:40:43 pm Running Technology Scan for site guidelines.gov
2017:08:30 02:40:51 pm Running Technology Scan for site gwa.gov
2017:08:30 02:40:59 pm Running Technology Scan for site hanford.gov
2017:08:30 02:41:11 pm Running Technology Scan for site harp.gov
2017:08:30 02:41:19 pm Running Technology Scan for site hc.gov
2017:08:30 02:41:27 pm Running Technology Scan for site hcqualitycommission.gov
2017:08:30 02:41:35 pm Running Technology Scan for site health.gov
2017:08:30 02:41:43 pm Running Technology Scan for site healthcare.gov
2017:08:30 02:41:51 pm Running Technology Scan for site healthdata.gov
2017:08:30 02:41:59 pm Running Technology Scan for site healthfinder.gov
2017:08:30 02:42:08 pm Running Technology Scan for site healthindicators.gov
2017:08:30 02:42:26 pm Running Technology Scan for site healthit.gov
2017:08:30 02:42:34 pm Running Technology Scan for site healthreform.gov
2017:08:30 02:42:41 pm Running Technology Scan for site healthypeople.gov
2017:08:30 02:42:49 pm Running Technology Scan for site hearttruth.gov
2017:08:30 02:42:57 pm Running Technology Scan for site helpingamericasyouth.gov
2017:08:30 02:43:09 pm Running Technology Scan for site helpwithmybank.gov
2017:08:30 02:43:17 pm Running Technology Scan for site helpwithmycheckingaccount.gov
2017:08:30 02:43:26 pm Running Technology Scan for site helpwithmycreditcard.gov
2017:08:30 02:43:34 pm Running Technology Scan for site helpwithmycreditcardbank.gov
2017:08:30 02:43:42 pm Running Technology Scan for site helpwithmymortgage.gov
2017:08:30 02:43:50 pm Running Technology Scan for site helpwithmymortgagebank.gov
2017:08:30 02:43:59 pm Running Technology Scan for site hhs.gov
2017:08:30 02:44:08 pm Running Technology Scan for site hhsoig.gov
2017:08:30 02:44:16 pm Running Technology Scan for site highperformancebuildings.gov
2017:08:30 02:44:23 pm Running Technology Scan for site hispanicfarmerclaims.gov
2017:08:30 02:44:40 pm Running Technology Scan for site hispanicheritagemonth.gov
2017:08:30 02:44:48 pm Running Technology Scan for site history.gov
2017:08:30 02:45:06 pm Running Technology Scan for site hiv.gov
2017:08:30 02:45:17 pm Running Technology Scan for site homeenergyscore.gov
2017:08:30 02:45:25 pm Running Technology Scan for site homelandsecurity.gov
2017:08:30 02:45:34 pm Running Technology Scan for site homesales.gov
2017:08:30 02:45:42 pm Running Technology Scan for site house.gov
2017:08:30 02:45:50 pm Running Technology Scan for site housecalendar.gov
2017:08:30 02:45:59 pm Running Technology Scan for site housecommunications.gov
2017:08:30 02:46:09 pm Running Technology Scan for site housedemocrats.gov
2017:08:30 02:46:19 pm Running Technology Scan for site housedems.gov
2017:08:30 02:46:29 pm Running Technology Scan for site houselive.gov
2017:08:30 02:46:37 pm Running Technology Scan for site housenewsletters.gov
2017:08:30 02:46:45 pm Running Technology Scan for site howto.gov
2017:08:30 02:46:53 pm Running Technology Scan for site hrsa.gov
2017:08:30 02:47:01 pm Running Technology Scan for site hru.gov
2017:08:30 02:47:09 pm Running Technology Scan for site hsr.gov
2017:08:30 02:47:17 pm Running Technology Scan for site hud.gov
2017:08:30 02:47:25 pm Running Technology Scan for site hudoig.gov
2017:08:30 02:47:42 pm Running Technology Scan for site huduser.gov
2017:08:30 02:47:52 pm Running Technology Scan for site humanities.gov
2017:08:30 02:48:00 pm Running Technology Scan for site humanrights.gov
2017:08:30 02:48:12 pm Running Technology Scan for site hurricanes.gov
2017:08:30 02:48:23 pm Running Technology Scan for site hydrogen.gov
2017:08:30 02:48:31 pm Running Technology Scan for site iab.gov
2017:08:30 02:48:39 pm Running Technology Scan for site iad.gov
2017:08:30 02:48:47 pm Running Technology Scan for site iaf.gov
2017:08:30 02:48:55 pm Running Technology Scan for site iarpa-ideas.gov
2017:08:30 02:49:03 pm Running Technology Scan for site iarpa.gov
2017:08:30 02:49:11 pm Running Technology Scan for site iat.gov
2017:08:30 02:49:19 pm Running Technology Scan for site iawg.gov
2017:08:30 02:49:28 pm Running Technology Scan for site ibb.gov
2017:08:30 02:49:37 pm Running Technology Scan for site ibwc.gov
2017:08:30 02:49:46 pm Running Technology Scan for site ic3.gov
2017:08:30 02:49:53 pm Running Technology Scan for site icass.gov
2017:08:30 02:50:01 pm Running Technology Scan for site icbemp.gov
2017:08:30 02:50:09 pm Running Technology Scan for site ice.gov
2017:08:30 02:50:17 pm Running Technology Scan for site ich.gov
2017:08:30 02:50:25 pm Running Technology Scan for site icjointduty.gov
2017:08:30 02:50:33 pm Running Technology Scan for site idealab.gov
2017:08:30 02:50:40 pm Running Technology Scan for site identitytheft.gov
2017:08:30 02:50:57 pm Running Technology Scan for site idmanagement.gov
2017:08:30 02:51:08 pm Running Technology Scan for site idtheft.gov
2017:08:30 02:51:19 pm Running Technology Scan for site iedison.gov
2017:08:30 02:51:27 pm Running Technology Scan for site ignet.gov
2017:08:30 02:51:35 pm Running Technology Scan for site ihs.gov
2017:08:30 02:51:43 pm Running Technology Scan for site iiog.gov
2017:08:30 02:51:54 pm Running Technology Scan for site imls.gov
2017:08:30 02:52:04 pm Running Technology Scan for site indianaffairs.gov
2017:08:30 02:52:12 pm Running Technology Scan for site inel.gov
2017:08:30 02:52:21 pm Running Technology Scan for site info.gov
2017:08:30 02:52:30 pm Running Technology Scan for site inl.gov
2017:08:30 02:52:40 pm Running Technology Scan for site insurekidsnow.gov
2017:08:30 02:52:48 pm Running Technology Scan for site integrity.gov
2017:08:30 02:52:55 pm Running Technology Scan for site intelink.gov
2017:08:30 02:53:04 pm Running Technology Scan for site intelligence.gov
2017:08:30 02:53:13 pm Running Technology Scan for site intelligencecareers.gov
2017:08:30 02:53:23 pm Running Technology Scan for site interior.gov
2017:08:30 02:53:31 pm Running Technology Scan for site interpol.gov
2017:08:30 02:53:39 pm Running Technology Scan for site invasivespecies.gov
2017:08:30 02:53:46 pm Running Technology Scan for site invasivespeciesinfo.gov
2017:08:30 02:53:54 pm Running Technology Scan for site investor.gov
2017:08:30 02:54:02 pm Running Technology Scan for site ioss.gov
2017:08:30 02:54:11 pm Running Technology Scan for site ipac.gov
2017:08:30 02:54:18 pm Running Technology Scan for site ipcc-wg2.gov
2017:08:30 02:54:29 pm Running Technology Scan for site ipm.gov
2017:08:30 02:54:37 pm Running Technology Scan for site ipp.gov
2017:08:30 02:54:44 pm Running Technology Scan for site iprcenter.gov
2017:08:30 02:54:56 pm Running Technology Scan for site irs.gov
2017:08:30 02:55:04 pm Running Technology Scan for site irsauctions.gov
2017:08:30 02:55:12 pm Running Technology Scan for site irssales.gov
2017:08:30 02:55:19 pm Running Technology Scan for site irsvideos.gov
2017:08:30 02:55:27 pm Running Technology Scan for site ise.gov
2017:08:30 02:55:38 pm Running Technology Scan for site isitdoneyet.gov
2017:08:30 02:55:47 pm Running Technology Scan for site itap.gov
2017:08:30 02:55:55 pm Running Technology Scan for site itdashboard.gov
2017:08:30 02:56:05 pm Running Technology Scan for site itis.gov
2017:08:30 02:56:13 pm Running Technology Scan for site itrd.gov
2017:08:30 02:56:20 pm Running Technology Scan for site its.gov
2017:08:30 02:56:29 pm Running Technology Scan for site jamesmadison.gov
2017:08:30 02:56:37 pm Running Technology Scan for site jccs.gov
2017:08:30 02:56:45 pm Running Technology Scan for site jct.gov
2017:08:30 02:56:52 pm Running Technology Scan for site jem.gov
2017:08:30 02:57:00 pm Running Technology Scan for site jewishheritage.gov
2017:08:30 02:57:08 pm Running Technology Scan for site jewishheritagemonth.gov
2017:08:30 02:57:15 pm Running Technology Scan for site jimmycarterlibrary.gov
2017:08:30 02:57:23 pm Running Technology Scan for site jobcorps.gov
2017:08:30 02:57:31 pm Running Technology Scan for site joiningforces.gov
2017:08:30 02:57:42 pm Running Technology Scan for site judicialconference.gov
2017:08:30 02:57:50 pm Running Technology Scan for site justice.gov
2017:08:30 02:57:58 pm Running Technology Scan for site justthinktwice.gov
2017:08:30 02:58:06 pm Running Technology Scan for site juvenilecouncil.gov
2017:08:30 02:58:13 pm Running Technology Scan for site jwod.gov
2017:08:30 02:58:24 pm Running Technology Scan for site kids.gov
2017:08:30 02:58:32 pm Running Technology Scan for site klamathrestoration.gov
2017:08:30 02:58:40 pm Running Technology Scan for site labor.gov
2017:08:30 02:58:47 pm Running Technology Scan for site lacoast.gov
2017:08:30 02:59:05 pm Running Technology Scan for site landfire.gov
2017:08:30 02:59:13 pm Running Technology Scan for site landimaging.gov
2017:08:30 02:59:20 pm Running Technology Scan for site lanl.gov
2017:08:30 02:59:29 pm Running Technology Scan for site latinofarmerclaims.gov
2017:08:30 02:59:40 pm Running Technology Scan for site law.gov
2017:08:30 02:59:48 pm Running Technology Scan for site lbl.gov
2017:08:30 02:59:59 pm Running Technology Scan for site lca.gov
2017:08:30 03:00:08 pm Running Technology Scan for site lcacommons.gov
2017:08:30 03:00:16 pm Running Technology Scan for site lcrmscp.gov
2017:08:30 03:00:23 pm Running Technology Scan for site learnandserve.gov
2017:08:30 03:00:40 pm Running Technology Scan for site learnatf.gov
2017:08:30 03:00:47 pm Running Technology Scan for site learndoj.gov
2017:08:30 03:00:55 pm Running Technology Scan for site learnperformance.gov
2017:08:30 03:01:06 pm Running Technology Scan for site lep.gov
2017:08:30 03:01:13 pm Running Technology Scan for site letgirlslearn.gov
2017:08:30 03:01:25 pm Running Technology Scan for site letsmove.gov
2017:08:30 03:01:36 pm Running Technology Scan for site libraryofcongress.gov
2017:08:30 03:01:44 pm Running Technology Scan for site lifeline.gov
2017:08:30 03:01:55 pm Running Technology Scan for site lis.gov
2017:08:30 03:02:03 pm Running Technology Scan for site listo.gov
2017:08:30 03:02:11 pm Running Technology Scan for site literacy.gov
2017:08:30 03:02:18 pm Running Technology Scan for site llis.gov
2017:08:30 03:02:26 pm Running Technology Scan for site llnl.gov
2017:08:30 03:02:33 pm Running Technology Scan for site lmrcouncil.gov
2017:08:30 03:02:41 pm Running Technology Scan for site lmvsci.gov
2017:08:30 03:02:48 pm Running Technology Scan for site loc.gov
2017:08:30 03:02:56 pm Running Technology Scan for site locatorplus.gov
2017:08:30 03:03:03 pm Running Technology Scan for site loctps.gov
2017:08:30 03:03:10 pm Running Technology Scan for site login.gov
2017:08:30 03:03:18 pm Running Technology Scan for site longtermcare.gov
2017:08:30 03:03:25 pm Running Technology Scan for site lps.gov
2017:08:30 03:03:32 pm Running Technology Scan for site lsc.gov
2017:08:30 03:03:40 pm Running Technology Scan for site macpac.gov
2017:08:30 03:03:57 pm Running Technology Scan for site mail.gov
2017:08:30 03:04:08 pm Running Technology Scan for site majorityleader.gov
2017:08:30 03:04:16 pm Running Technology Scan for site majoritywhip.gov
2017:08:30 03:04:26 pm Running Technology Scan for site makinghomeaffordable.gov
2017:08:30 03:04:34 pm Running Technology Scan for site malwareinvestigator.gov
2017:08:30 03:04:41 pm Running Technology Scan for site manufacturing.gov
2017:08:30 03:04:48 pm Running Technology Scan for site marine.gov
2017:08:30 03:04:56 pm Running Technology Scan for site marinecadastre.gov
2017:08:30 03:05:04 pm Running Technology Scan for site max.gov
2017:08:30 03:05:11 pm Running Technology Scan for site mbda.gov
2017:08:30 03:05:18 pm Running Technology Scan for site mcc.gov
2017:08:30 03:05:27 pm Running Technology Scan for site mda.gov
2017:08:30 03:05:38 pm Running Technology Scan for site medalofvalor.gov
2017:08:30 03:05:46 pm Running Technology Scan for site medicaid.gov
2017:08:30 03:05:54 pm Running Technology Scan for site medicalcountermeasures.gov
2017:08:30 03:06:01 pm Running Technology Scan for site medicalreservecorps.gov
2017:08:30 03:06:08 pm Running Technology Scan for site medicare.gov
2017:08:30 03:06:16 pm Running Technology Scan for site medlineplus.gov
2017:08:30 03:06:24 pm Running Technology Scan for site medpac.gov
2017:08:30 03:06:35 pm Running Technology Scan for site mentalhealth.gov
2017:08:30 03:06:43 pm Running Technology Scan for site mentor.gov
2017:08:30 03:06:59 pm Running Technology Scan for site mesh.gov
2017:08:30 03:07:07 pm Running Technology Scan for site mgi.gov
2017:08:30 03:07:14 pm Running Technology Scan for site mha.gov
2017:08:30 03:07:22 pm Running Technology Scan for site mimedicare.gov
2017:08:30 03:07:31 pm Running Technology Scan for site mitigationcommission.gov
2017:08:30 03:07:39 pm Running Technology Scan for site mlkday.gov
2017:08:30 03:07:50 pm Running Technology Scan for site mmc.gov
2017:08:30 03:08:00 pm Running Technology Scan for site mojavedata.gov
2017:08:30 03:08:08 pm Running Technology Scan for site moneyfactory.gov
2017:08:30 03:08:16 pm Running Technology Scan for site moneyfactorystore.gov
2017:08:30 03:08:23 pm Running Technology Scan for site mrlc.gov
2017:08:30 03:08:31 pm Running Technology Scan for site msb.gov
2017:08:30 03:08:38 pm Running Technology Scan for site msha.gov
2017:08:30 03:08:45 pm Running Technology Scan for site mspb.gov
2017:08:30 03:08:52 pm Running Technology Scan for site mtbs.gov
2017:08:30 03:09:09 pm Running Technology Scan for site mycreditunion.gov
2017:08:30 03:09:17 pm Running Technology Scan for site myfdic.gov
2017:08:30 03:09:24 pm Running Technology Scan for site myfdicinsurance.gov
2017:08:30 03:09:35 pm Running Technology Scan for site myira.gov
2017:08:30 03:09:43 pm Running Technology Scan for site mymedicare.gov
2017:08:30 03:10:01 pm Running Technology Scan for site mymoney.gov
2017:08:30 03:10:12 pm Running Technology Scan for site myplate.gov
2017:08:30 03:10:20 pm Running Technology Scan for site myra.gov
2017:08:30 03:10:27 pm Running Technology Scan for site nafri.gov
2017:08:30 03:10:35 pm Running Technology Scan for site nagb.gov
2017:08:30 03:10:59 pm Running Technology Scan for site namus.gov
2017:08:30 03:11:06 pm Running Technology Scan for site nano.gov
2017:08:30 03:11:14 pm Running Technology Scan for site nara.gov
2017:08:30 03:11:32 pm Running Technology Scan for site nasa.gov
2017:08:30 03:11:42 pm Running Technology Scan for site nationalbank.gov
2017:08:30 03:11:50 pm Running Technology Scan for site nationalbankhelp.gov
2017:08:30 03:11:59 pm Running Technology Scan for site nationalbanknet.gov
2017:08:30 03:12:07 pm Running Technology Scan for site nationalgangcenter.gov
2017:08:30 03:12:25 pm Running Technology Scan for site nationalhousing.gov
2017:08:30 03:12:34 pm Running Technology Scan for site nationalhousinglocator.gov
2017:08:30 03:12:41 pm Running Technology Scan for site nationalmap.gov
2017:08:30 03:12:53 pm Running Technology Scan for site nationalresourcedirectory.gov
2017:08:30 03:13:04 pm Running Technology Scan for site nationalservice.gov
2017:08:30 03:13:13 pm Running Technology Scan for site nationalserviceresources.gov
2017:08:30 03:13:24 pm Running Technology Scan for site nationsreportcard.gov
2017:08:30 03:13:32 pm Running Technology Scan for site nativeamericanheritagemonth.gov
2017:08:30 03:13:41 pm Running Technology Scan for site nativeonestop.gov
2017:08:30 03:13:48 pm Running Technology Scan for site navycash.gov
2017:08:30 03:13:55 pm Running Technology Scan for site nbc.gov
2017:08:30 03:14:03 pm Running Technology Scan for site nbib.gov
2017:08:30 03:14:11 pm Running Technology Scan for site nbm.gov
2017:08:30 03:14:19 pm Running Technology Scan for site nbrc.gov
2017:08:30 03:14:26 pm Running Technology Scan for site ncd.gov
2017:08:30 03:14:34 pm Running Technology Scan for site ncifcrf.gov
2017:08:30 03:14:51 pm Running Technology Scan for site ncirc.gov
2017:08:30 03:14:59 pm Running Technology Scan for site ncix.gov
2017:08:30 03:15:06 pm Running Technology Scan for site ncjrs.gov
2017:08:30 03:15:14 pm Running Technology Scan for site ncpc.gov
2017:08:30 03:15:22 pm Running Technology Scan for site ncpw.gov
2017:08:30 03:15:33 pm Running Technology Scan for site ncsc.gov
2017:08:30 03:15:41 pm Running Technology Scan for site nctc.gov
2017:08:30 03:15:52 pm Running Technology Scan for site ncua.gov
2017:08:30 03:15:59 pm Running Technology Scan for site nea.gov
2017:08:30 03:16:07 pm Running Technology Scan for site neglecteddiseases.gov
2017:08:30 03:16:16 pm Running Technology Scan for site neh.gov
2017:08:30 03:16:24 pm Running Technology Scan for site nehrp.gov
2017:08:30 03:16:35 pm Running Technology Scan for site nel.gov
2017:08:30 03:16:52 pm Running Technology Scan for site nemi.gov
2017:08:30 03:17:00 pm Running Technology Scan for site nepa.gov
2017:08:30 03:17:13 pm Running Technology Scan for site nersc.gov
2017:08:30 03:17:24 pm Running Technology Scan for site neup.gov
2017:08:30 03:17:32 pm Running Technology Scan for site newmoney.gov
2017:08:30 03:17:45 pm Running Technology Scan for site nfpors.gov
2017:08:30 03:17:56 pm Running Technology Scan for site nga.gov
2017:08:30 03:18:14 pm Running Technology Scan for site ngc.gov
2017:08:30 03:18:27 pm Running Technology Scan for site nhl.gov
2017:08:30 03:18:38 pm Running Technology Scan for site nhtsa.gov
2017:08:30 03:18:49 pm Running Technology Scan for site nic.gov
2017:08:30 03:19:00 pm Running Technology Scan for site nicic.gov
2017:08:30 03:19:10 pm Running Technology Scan for site nicsezcheckfbi.gov
2017:08:30 03:19:18 pm Running Technology Scan for site niem.gov
2017:08:30 03:19:26 pm Running Technology Scan for site nifc.gov
2017:08:30 03:19:44 pm Running Technology Scan for site nigc.gov
2017:08:30 03:19:52 pm Running Technology Scan for site nih.gov
2017:08:30 03:20:01 pm Running Technology Scan for site nihseniorhealth.gov
2017:08:30 03:20:13 pm Running Technology Scan for site niosh.gov
2017:08:30 03:20:21 pm Running Technology Scan for site nist.gov
2017:08:30 03:20:30 pm Running Technology Scan for site nitrd.gov
2017:08:30 03:20:38 pm Running Technology Scan for site nixonlibrary.gov
2017:08:30 03:20:47 pm Running Technology Scan for site nlm.gov
2017:08:30 03:20:57 pm Running Technology Scan for site nlrb.gov
2017:08:30 03:21:04 pm Running Technology Scan for site nls.gov
2017:08:30 03:21:13 pm Running Technology Scan for site nmb.gov
2017:08:30 03:21:21 pm Running Technology Scan for site nmcourt.fed.us
2017:08:30 03:21:29 pm Running Technology Scan for site nmsc.gov
2017:08:30 03:21:39 pm Running Technology Scan for site nmvtis.gov
2017:08:30 03:21:47 pm Running Technology Scan for site nnlm.gov
2017:08:30 03:21:54 pm Running Technology Scan for site nnss.gov
2017:08:30 03:22:02 pm Running Technology Scan for site noaa.gov
2017:08:30 03:22:13 pm Running Technology Scan for site nolaenvironmental.gov
2017:08:30 03:22:21 pm Running Technology Scan for site notalone.gov
2017:08:30 03:22:29 pm Running Technology Scan for site nps.gov
2017:08:30 03:22:37 pm Running Technology Scan for site nrc.gov
2017:08:30 03:22:45 pm Running Technology Scan for site nrd.gov
2017:08:30 03:22:54 pm Running Technology Scan for site nrel.gov
2017:08:30 03:23:03 pm Running Technology Scan for site nro.gov
2017:08:30 03:23:14 pm Running Technology Scan for site nrojr.gov
