2018:08:04 02:02:43 pm Starting Scan
2018:08:04 02:02:45 pm Running Technology Scan for site comptrollerofthecurrency.gov
2018:08:04 02:02:54 pm Running Technology Scan for site epic.gov
2018:08:04 02:03:00 pm Running Technology Scan for site export.gov
2018:08:04 02:03:10 pm Running Technology Scan for site fcc.gov
2018:08:04 02:03:19 pm Running Technology Scan for site helpwithmybank.gov
2018:08:04 02:03:26 pm Running Technology Scan for site helpwithmymortgagebank.gov
2018:08:04 02:03:32 pm Running Technology Scan for site lcacommons.gov
2018:08:04 02:03:41 pm Running Technology Scan for site occ.gov
2018:08:04 02:03:49 pm Running Technology Scan for site ots.gov
2018:08:04 02:03:59 pm Running Technology Scan for site snap.gov
2018:08:04 02:04:04 pm Running Technology Scan for site thecoolspot.gov
2018:08:04 02:09:51 pm Starting Scan
2018:08:04 02:09:52 pm 
Start Mobile Scan for acf.gov
2018:08:04 02:10:24 pm 
Start Mobile Scan for aff.gov
2018:08:04 02:10:26 pm 
Start Mobile Scan for afrh.gov
2018:08:04 02:10:27 pm 
Start Mobile Scan for afterschool.gov
2018:08:04 02:11:28 pm 
Start Mobile Scan for altusandc.gov
2018:08:04 02:11:30 pm 
Start Mobile Scan for ameslab.gov
2018:08:04 02:11:32 pm 
Start Mobile Scan for anl.gov
2018:08:04 02:11:33 pm 
Start Mobile Scan for app.gov
2018:08:04 02:11:35 pm 
Start Mobile Scan for ars-grin.gov
2018:08:04 02:11:37 pm 
Start Mobile Scan for bankruptcy.gov
2018:08:04 02:11:38 pm 
Start Mobile Scan for bats.gov
2018:08:04 02:12:39 pm 
Start Mobile Scan for bfem.gov
2018:08:04 02:12:40 pm 
Start Mobile Scan for bioethics.gov
2018:08:04 02:13:12 pm 
Start Mobile Scan for bldrdoc.gov
2018:08:04 02:13:13 pm 
Start Mobile Scan for boemre.gov
2018:08:04 02:13:15 pm 
Start Mobile Scan for bop.gov
2018:08:04 02:13:16 pm 
Start Mobile Scan for brc.gov
2018:08:04 02:13:17 pm 
Start Mobile Scan for broadbandmap.gov
2018:08:04 02:13:39 pm 
Start Mobile Scan for bts.gov
2018:08:04 02:13:41 pm 
Start Mobile Scan for cap.gov
2018:08:04 02:13:57 pm 
Start Mobile Scan for cbonews.gov
2018:08:04 02:14:58 pm 
Start Mobile Scan for cendi.gov
2018:08:04 02:15:29 pm 
Start Mobile Scan for cfoc.gov
2018:08:04 02:15:30 pm 
Start Mobile Scan for changeofaddress.gov
2018:08:04 02:15:31 pm 
Start Mobile Scan for cmts.gov
2018:08:04 02:15:33 pm 
Start Mobile Scan for cncs.gov
2018:08:04 02:16:04 pm 
Start Mobile Scan for cns.gov
2018:08:04 02:16:35 pm 
Start Mobile Scan for cnss.gov
2018:08:04 02:16:37 pm 
Start Mobile Scan for consumerfinancialprotectionbureau.gov
2018:08:04 02:17:38 pm 
Start Mobile Scan for cpars.gov
2018:08:04 02:17:39 pm 
Start Mobile Scan for csosa.fed.us
2018:08:04 02:17:41 pm 
Start Mobile Scan for csosa.gov
2018:08:04 02:18:42 pm 
Start Mobile Scan for cyber.gov
2018:08:04 02:18:44 pm 
Start Mobile Scan for cybersecurity.gov
2018:08:04 02:18:47 pm 
Start Mobile Scan for dc3on.gov
2018:08:04 02:18:48 pm 
Start Mobile Scan for deaecom.gov
2018:08:04 02:18:49 pm 
Start Mobile Scan for dfafacts.gov
2018:08:04 02:19:50 pm 
Start Mobile Scan for disasterhousing.gov
2018:08:04 02:20:01 pm 
Start Mobile Scan for dnfsb.gov
2018:08:04 02:20:03 pm 
Start Mobile Scan for dod.gov
2018:08:04 02:20:05 pm 
Start Mobile Scan for doe.gov
2018:08:04 02:20:06 pm 
Start Mobile Scan for doioig.gov
2018:08:04 02:20:08 pm 
Start Mobile Scan for empowhr.gov
2018:08:04 02:20:10 pm 
Start Mobile Scan for eseclab.gov
2018:08:04 02:21:10 pm 
Start Mobile Scan for evus.gov
2018:08:04 02:21:12 pm 
Start Mobile Scan for exim.gov
2018:08:04 02:21:13 pm 
Start Mobile Scan for faa.gov
2018:08:04 02:21:14 pm 
Start Mobile Scan for fccuniversity.gov
2018:08:04 02:21:15 pm 
Start Mobile Scan for fcg.gov
2018:08:04 02:21:17 pm 
Start Mobile Scan for fda.gov
2018:08:04 02:21:18 pm 
Start Mobile Scan for fdicconnect.gov
2018:08:04 02:21:20 pm 
Start Mobile Scan for fedbizopps.gov
2018:08:04 02:21:21 pm 
Start Mobile Scan for federalcourts.gov
2018:08:04 02:21:22 pm 
Start Mobile Scan for federalprobation.gov
2018:08:04 02:21:23 pm 
Start Mobile Scan for federalrules.gov
2018:08:04 02:21:25 pm 
Start Mobile Scan for feedthefuture.gov
2018:08:04 02:21:26 pm 
Start Mobile Scan for fercalt.gov
2018:08:04 02:22:27 pm 
Start Mobile Scan for fha.gov
2018:08:04 02:22:28 pm 
Start Mobile Scan for fhfa.gov
2018:08:04 02:22:29 pm 
Start Mobile Scan for firecode.gov
2018:08:04 02:23:30 pm 
Start Mobile Scan for firenet.gov
2018:08:04 02:23:31 pm 
Start Mobile Scan for firescience.gov
2018:08:04 02:24:32 pm 
Start Mobile Scan for fishwatch.gov
2018:08:04 02:24:33 pm 
Start Mobile Scan for flu.gov
2018:08:04 02:24:35 pm 
Start Mobile Scan for forfeiture.gov
2018:08:04 02:24:36 pm 
Start Mobile Scan for fs.fed.us
2018:08:04 02:25:00 pm 
Start Mobile Scan for gcdamp.gov
2018:08:04 02:25:01 pm 
Start Mobile Scan for getyouhome.gov
2018:08:04 02:25:02 pm 
Start Mobile Scan for globalentry.gov
2018:08:04 02:25:04 pm 
Start Mobile Scan for golearn.gov
2018:08:04 02:25:05 pm 
Start Mobile Scan for govbenefits.gov
2018:08:04 02:25:07 pm 
Start Mobile Scan for gsaauctions.gov
2018:08:04 02:25:42 pm 
Start Mobile Scan for homesales.gov
2018:08:04 02:25:43 pm 
Start Mobile Scan for housenewsletters.gov
2018:08:04 02:25:45 pm 
Start Mobile Scan for hud.gov
2018:08:04 02:25:56 pm 
Start Mobile Scan for iat.gov
2018:08:04 02:25:57 pm 
Start Mobile Scan for icass.gov
2018:08:04 02:25:58 pm 
Start Mobile Scan for inel.gov
2018:08:04 02:25:59 pm 
Start Mobile Scan for intelink.gov
2018:08:04 02:26:01 pm 
Start Mobile Scan for ioss.gov
2018:08:04 02:26:03 pm 
Start Mobile Scan for ipac.gov
2018:08:04 02:26:04 pm 
Start Mobile Scan for itrd.gov
2018:08:04 02:27:05 pm 
Start Mobile Scan for jccs.gov
2018:08:04 02:27:07 pm 
Start Mobile Scan for judicialconference.gov
2018:08:04 02:27:08 pm 
Start Mobile Scan for lanl.gov
2018:08:04 02:27:11 pm 
Start Mobile Scan for learnatf.gov
2018:08:04 02:27:13 pm 
Start Mobile Scan for lmrcouncil.gov
2018:08:04 02:27:14 pm 
Start Mobile Scan for longtermcare.gov
2018:08:04 02:27:15 pm 
Start Mobile Scan for lps.gov
2018:08:04 02:27:16 pm 
Start Mobile Scan for medicalcountermeasures.gov
2018:08:04 02:27:23 pm 
Start Mobile Scan for mrlc.gov
2018:08:04 02:27:24 pm 
Start Mobile Scan for msha.gov
2018:08:04 02:27:25 pm 
Start Mobile Scan for nbc.gov
2018:08:04 02:27:26 pm 
Start Mobile Scan for nbm.gov
2018:08:04 02:27:30 pm 
Start Mobile Scan for ncifcrf.gov
2018:08:04 02:27:32 pm 
Start Mobile Scan for ncpw.gov
2018:08:04 02:27:39 pm 
Start Mobile Scan for nihseniorhealth.gov
2018:08:04 02:27:40 pm 
Start Mobile Scan for niosh.gov
2018:08:04 02:27:42 pm 
Start Mobile Scan for nls.gov
2018:08:04 02:28:29 pm 
Start Mobile Scan for nmb.gov
2018:08:04 02:28:30 pm 
Start Mobile Scan for nmsc.gov
2018:08:04 02:28:32 pm 
Start Mobile Scan for nrc.gov
2018:08:04 02:28:33 pm 
Start Mobile Scan for nro.gov
2018:08:04 02:28:34 pm 
Start Mobile Scan for nwcg.gov
2018:08:04 02:28:36 pm 
Start Mobile Scan for ofcm.gov
2018:08:04 02:28:37 pm 
Start Mobile Scan for osac.gov
2018:08:04 02:29:44 pm 
Start Mobile Scan for oversight.gov
2018:08:04 02:30:45 pm 
Start Mobile Scan for pentagon.gov
2018:08:04 02:30:47 pm 
Start Mobile Scan for ppirs.gov
2018:08:04 02:30:49 pm 
Start Mobile Scan for pppl.gov
2018:08:04 02:31:50 pm 
Start Mobile Scan for pracomment.gov
2018:08:04 02:31:51 pm 
Start Mobile Scan for pretrialservices.gov
2018:08:04 02:32:52 pm 
Start Mobile Scan for protectyourmove.gov
2018:08:04 02:32:53 pm 
Start Mobile Scan for psa.gov
2018:08:04 02:33:53 pm 
Start Mobile Scan for ptf.gov
2018:08:04 02:33:55 pm 
Start Mobile Scan for realestatesales.gov
2018:08:04 02:34:31 pm 
Start Mobile Scan for reo.gov
2018:08:04 02:34:59 pm 
Start Mobile Scan for safecom.gov
2018:08:04 02:35:00 pm 
Start Mobile Scan for safeyouth.gov
2018:08:04 02:35:01 pm 
Start Mobile Scan for sdr.gov
2018:08:04 02:35:02 pm 
Start Mobile Scan for secretservice.gov
2018:08:04 02:35:03 pm 
Start Mobile Scan for selectagents.gov
2018:08:04 02:35:04 pm 
Start Mobile Scan for service.gov
2018:08:04 02:35:05 pm 
Start Mobile Scan for sftool.gov
2018:08:04 02:36:06 pm 
Start Mobile Scan for siteidiq.gov
2018:08:04 02:36:07 pm 
Start Mobile Scan for solardecathlon.gov
2018:08:04 02:36:08 pm 
Start Mobile Scan for srs.gov
2018:08:04 02:36:09 pm 
Start Mobile Scan for sss.gov
2018:08:04 02:36:34 pm 
Start Mobile Scan for stateoig.gov
2018:08:04 02:36:36 pm 
Start Mobile Scan for stopalcoholabuse.gov
2018:08:04 02:36:37 pm 
Start Mobile Scan for studentloans.gov
2018:08:04 02:37:37 pm 
Start Mobile Scan for sustainablecommunities.gov
2018:08:04 02:37:38 pm 
Start Mobile Scan for tfhrc.gov
2018:08:04 02:37:39 pm 
Start Mobile Scan for transparency.gov
2018:08:04 02:37:40 pm 
Start Mobile Scan for ttbonline.gov
2018:08:04 02:37:47 pm 
Start Mobile Scan for unionreports.gov
2018:08:04 02:38:47 pm 
Start Mobile Scan for usbankruptcy.gov
2018:08:04 02:38:48 pm 
Start Mobile Scan for usphs.gov
2018:08:04 02:38:50 pm 
Start Mobile Scan for usprobation.gov
2018:08:04 02:38:52 pm 
Start Mobile Scan for usps.gov
2018:08:04 02:38:53 pm 
Start Mobile Scan for ussc.gov
2018:08:04 02:38:53 pm 
Start Mobile Scan for vetbiz.gov
2018:08:04 02:38:55 pm 
Start Mobile Scan for wildfire.gov
2018:08:04 02:38:56 pm 
Start Mobile Scan for workplace.gov
2018:08:04 02:38:58 pm 
Start Mobile Scan for casl.gov
2018:08:04 02:38:59 pm 
Start Mobile Scan for cdcpartners.gov
2018:08:04 02:39:00 pm 
Start Mobile Scan for df.gov
2018:08:04 02:39:02 pm 
Start Mobile Scan for nccs.gov
2018:08:04 02:39:03 pm 
Start Mobile Scan for ncrc.gov
2018:08:04 02:39:05 pm 
Start Mobile Scan for ntrc.gov
2018:08:04 02:39:06 pm 
Start Mobile Scan for Domain
2018:08:04 02:39:06 pm 
Start Mobile Scan for consumerfinancialbureau.gov
2018:08:04 02:39:08 pm 
Start Mobile Scan for aftac.gov
2018:08:04 02:39:09 pm 
Start Mobile Scan for ag.gov
2018:08:04 02:40:09 pm 
Start Mobile Scan for arsusda.gov
2018:08:04 02:40:11 pm 
Start Mobile Scan for cigie.gov
2018:08:04 02:40:12 pm 
Start Mobile Scan for clinicaltrial.gov
2018:08:04 02:40:13 pm 
Start Mobile Scan for digitaldashboard.gov
2018:08:04 02:40:14 pm 
Start Mobile Scan for doeal.gov
2018:08:04 02:41:15 pm 
Start Mobile Scan for dol-esa.gov
2018:08:04 02:41:17 pm 
Start Mobile Scan for drugfreeworkplace.gov
2018:08:04 02:41:24 pm 
Start Mobile Scan for fpki-lab.gov
2018:08:04 02:41:27 pm 
Start Mobile Scan for fpki.gov
2018:08:04 02:41:30 pm 
Start Mobile Scan for frb.gov
2018:08:04 02:42:30 pm 
Start Mobile Scan for identitysandbox.gov
2018:08:04 02:42:31 pm 
Start Mobile Scan for itc.gov
2018:08:04 02:42:33 pm 
Start Mobile Scan for jccbi.gov
2018:08:04 02:42:34 pm 
Start Mobile Scan for jusfc.gov
2018:08:04 02:42:46 pm 
Start Mobile Scan for mcctest.gov
2018:08:04 02:43:47 pm 
Start Mobile Scan for mms.gov
2018:08:04 02:43:48 pm 
Start Mobile Scan for mtmc.gov
2018:08:04 02:43:49 pm 
Start Mobile Scan for nationalchildrensstudy.gov
2018:08:04 02:44:50 pm 
Start Mobile Scan for networx.gov
2018:08:04 02:45:50 pm 
Start Mobile Scan for nrc-gateway.gov
2018:08:04 02:46:51 pm 
Start Mobile Scan for nrelhub.gov
2018:08:04 02:46:53 pm 
Start Mobile Scan for osis.gov
2018:08:04 02:46:54 pm 
Start Mobile Scan for pci.gov
2018:08:04 02:46:56 pm 
Start Mobile Scan for pitc.gov
2018:08:04 02:46:58 pm 
Start Mobile Scan for presidiotrust.gov
2018:08:04 02:46:59 pm 
Start Mobile Scan for ptt.gov
2018:08:04 02:48:00 pm 
Start Mobile Scan for rl.gov
2018:08:04 02:48:01 pm 
Start Mobile Scan for sandbox.gov
2018:08:04 02:48:02 pm 
Start Mobile Scan for treasuryauction.gov
2018:08:04 02:48:03 pm 
Start Mobile Scan for twai.gov
2018:08:04 02:49:04 pm 
Start Mobile Scan for ucia.gov
2018:08:04 02:49:05 pm 
Start Mobile Scan for ugov.gov
2018:08:04 02:49:07 pm 
Start Mobile Scan for uscg.gov
2018:08:04 02:49:08 pm 
Start Mobile Scan for usss.gov
2018:08:04 02:49:09 pm 
Start Mobile Scan for whaging.gov
2018:08:04 02:50:10 pm 
Start Mobile Scan for ncr.gov
2018:08:04 02:50:12 pm 
Start Mobile Scan for thepeoplesgarden.gov
2018:08:04 02:50:14 pm 
Start Mobile Scan for foiaonline.gov
2018:08:04 02:50:16 pm 
Start Mobile Scan for cavc.gov
2018:08:04 02:50:17 pm 
Start Mobile Scan for ntia.gov
2018:08:04 02:50:19 pm 
Start Mobile Scan for 18f.gov
2018:08:04 02:50:24 pm 
Start Mobile Scan for abandonedmines.gov
2018:08:04 02:51:29 pm 
Start Mobile Scan for abilityone.gov
2018:08:04 02:51:34 pm 
Start Mobile Scan for ada.gov
2018:08:04 02:51:54 pm 
Start Mobile Scan for admongo.gov
2018:08:04 02:52:06 pm 
Start Mobile Scan for adr.gov
2018:08:04 02:52:11 pm 
Start Mobile Scan for afadvantage.gov
2018:08:04 02:52:19 pm 
Start Mobile Scan for agingstats.gov
2018:08:04 02:52:37 pm 
Start Mobile Scan for ahcpr.gov
2018:08:04 02:52:45 pm 
Start Mobile Scan for ama.gov
2018:08:04 02:53:39 pm 
Start Mobile Scan for americathebeautifulquarters.gov
2018:08:04 02:53:45 pm 
Start Mobile Scan for amtrakoig.gov
2018:08:04 02:53:53 pm 
Start Mobile Scan for anstaskforce.gov
2018:08:04 02:53:58 pm 
Start Mobile Scan for ap.gov
2018:08:04 02:54:12 pm 
Start Mobile Scan for apps.gov
2018:08:04 02:54:18 pm 
Start Mobile Scan for asap.gov
2018:08:04 02:54:31 pm 
Start Mobile Scan for asc.gov
2018:08:04 02:54:32 pm 
Start Mobile Scan for atf.gov
2018:08:04 02:54:56 pm 
Start Mobile Scan for banknet.gov
2018:08:04 02:55:05 pm 
Start Mobile Scan for biomassboard.gov
2018:08:04 02:55:09 pm 
Start Mobile Scan for biopreferred.gov
2018:08:04 02:55:15 pm 
Start Mobile Scan for bpa.gov
2018:08:04 02:55:54 pm 
Start Mobile Scan for buildingamerica.gov
2018:08:04 02:56:06 pm 
Start Mobile Scan for business.gov
2018:08:04 02:56:14 pm 
Start Mobile Scan for buyaccessible.gov
2018:08:04 02:56:20 pm 
Start Mobile Scan for cbp.gov
2018:08:04 02:57:19 pm 
Start Mobile Scan for cdfifund.gov
2018:08:04 02:57:57 pm 
Start Mobile Scan for census.gov
2018:08:04 02:58:32 pm 
Start Mobile Scan for cfa.gov
2018:08:04 02:58:38 pm 
Start Mobile Scan for childreninadversity.gov
2018:08:04 02:58:45 pm 
Start Mobile Scan for chinacommission.gov
2018:08:04 02:58:58 pm 
Start Mobile Scan for cjis.gov
2018:08:04 02:59:00 pm 
Start Mobile Scan for cncsoig.gov
2018:08:04 02:59:01 pm 
Start Mobile Scan for collegenavigator.gov
2018:08:04 02:59:10 pm 
Start Mobile Scan for consumerprotection.gov
2018:08:04 02:59:39 pm 
Start Mobile Scan for consumidor.gov
2018:08:04 03:00:02 pm 
Start Mobile Scan for crt2014-2024review.gov
2018:08:04 03:00:06 pm 
Start Mobile Scan for cuidadodesalud.gov
2018:08:04 03:00:17 pm 
Start Mobile Scan for cybercareers.gov
2018:08:04 03:00:24 pm 
Start Mobile Scan for dhhs.gov
2018:08:04 03:00:32 pm 
Start Mobile Scan for digitalliteracy.gov
2018:08:04 03:00:39 pm 
Start Mobile Scan for directoasucuenta.gov
2018:08:04 03:00:46 pm 
Start Mobile Scan for disability.gov
2018:08:04 03:00:51 pm 
Start Mobile Scan for dnsops.gov
2018:08:04 03:01:07 pm 
Start Mobile Scan for docline.gov
2018:08:04 03:01:10 pm 
Start Mobile Scan for doleta.gov
2018:08:04 03:02:13 pm 
Start Mobile Scan for donotcall.gov
2018:08:04 03:02:19 pm 
Start Mobile Scan for drywallresponse.gov
2018:08:04 03:03:12 pm 
Start Mobile Scan for dsac.gov
2018:08:04 03:03:18 pm 
Start Mobile Scan for e-enterprise.gov
2018:08:04 03:03:26 pm 
Start Mobile Scan for eac.gov
2018:08:04 03:04:23 pm 
Start Mobile Scan for eaglecash.gov
2018:08:04 03:04:57 pm 
Start Mobile Scan for earmarks.gov
2018:08:04 03:05:03 pm 
Start Mobile Scan for econsumer.gov
2018:08:04 03:05:47 pm 
Start Mobile Scan for ecpic.gov
2018:08:04 03:06:24 pm 
Start Mobile Scan for eeoc.gov
2018:08:04 03:07:13 pm 
Start Mobile Scan for eftps.gov
2018:08:04 03:07:26 pm 
Start Mobile Scan for eldercare.gov
2018:08:04 03:07:33 pm 
Start Mobile Scan for employeeexpress.gov
2018:08:04 03:07:39 pm 
Start Mobile Scan for endingthedocumentgame.gov
2018:08:04 03:07:43 pm 
Start Mobile Scan for epic.gov
2018:08:04 03:08:03 pm 
Start Mobile Scan for esc.gov
2018:08:04 03:08:08 pm 
Start Mobile Scan for esrs.gov
2018:08:04 03:08:09 pm 
Start Mobile Scan for ethicsburg.gov
2018:08:04 03:08:14 pm 
Start Mobile Scan for everykidinapark.gov
2018:08:04 03:08:20 pm 
Start Mobile Scan for exploretsp.gov
2018:08:04 03:08:24 pm 
Start Mobile Scan for faca.gov
2018:08:04 03:09:19 pm 
Start Mobile Scan for facadatabase.gov
2018:08:04 03:09:22 pm 
Start Mobile Scan for fafsa.gov
2018:08:04 03:09:55 pm 
Start Mobile Scan for fan.gov
2018:08:04 03:10:15 pm 
Start Mobile Scan for fara.gov
2018:08:04 03:10:28 pm 
Start Mobile Scan for fbiic.gov
2018:08:04 03:10:32 pm 
Start Mobile Scan for fbijobs.gov
2018:08:04 03:10:52 pm 
Start Mobile Scan for fbo.gov
2018:08:04 03:10:56 pm 
Start Mobile Scan for fcsic.gov
2018:08:04 03:11:03 pm 
Start Mobile Scan for fdicig.gov
2018:08:04 03:11:07 pm 
Start Mobile Scan for fdms.gov
2018:08:04 03:11:12 pm 
Start Mobile Scan for fedcenter.gov
2018:08:04 03:11:18 pm 
Start Mobile Scan for fedidcard.gov
2018:08:04 03:11:25 pm 
Start Mobile Scan for fedjobs.gov
2018:08:04 03:11:39 pm 
Start Mobile Scan for fedshirevets.gov
2018:08:04 03:12:15 pm 
Start Mobile Scan for fhfaoig.gov
2018:08:04 03:12:21 pm 
Start Mobile Scan for financialstability.gov
2018:08:04 03:12:59 pm 
Start Mobile Scan for firstfreedom.gov
2018:08:04 03:13:14 pm 
Start Mobile Scan for flightschoolcandidates.gov
2018:08:04 03:13:20 pm 
Start Mobile Scan for fmcs.gov
2018:08:04 03:13:57 pm 
Start Mobile Scan for fordlibrarymuseum.gov
2018:08:04 03:14:48 pm 
Start Mobile Scan for fpc.gov
2018:08:04 03:15:06 pm 
Start Mobile Scan for freshempire.gov
2018:08:04 03:15:49 pm 
Start Mobile Scan for frtib.gov
2018:08:04 03:15:54 pm 
Start Mobile Scan for fsgb.gov
2018:08:04 03:16:13 pm 
Start Mobile Scan for g5.gov
2018:08:04 03:16:15 pm 
Start Mobile Scan for gcmrc.gov
2018:08:04 03:16:22 pm 
Start Mobile Scan for geocommunicator.gov
2018:08:04 03:16:47 pm 
Start Mobile Scan for geomac.gov
2018:08:04 03:16:50 pm 
Start Mobile Scan for geoplatform.gov
2018:08:04 03:17:22 pm 
Start Mobile Scan for getsmartaboutdrugs.gov
2018:08:04 03:17:30 pm 
Start Mobile Scan for godirect.gov
2018:08:04 03:17:59 pm 
Start Mobile Scan for gopleader.gov
2018:08:04 03:18:16 pm 
Start Mobile Scan for govloans.gov
2018:08:04 03:18:21 pm 
Start Mobile Scan for govsales.gov
2018:08:04 03:18:49 pm 
Start Mobile Scan for grantsolutions.gov
2018:08:04 03:18:54 pm 
Start Mobile Scan for greatagain.gov
2018:08:04 03:18:59 pm 
Start Mobile Scan for green.gov
2018:08:04 03:19:05 pm 
Start Mobile Scan for gsaadvantage.gov
2018:08:04 03:19:14 pm 
Start Mobile Scan for gsaig.gov
2018:08:04 03:19:22 pm 
Start Mobile Scan for gsaxcess.gov
2018:08:04 03:19:29 pm 
Start Mobile Scan for guideline.gov
2018:08:04 03:20:00 pm 
Start Mobile Scan for gwa.gov
2018:08:04 03:20:05 pm 
Start Mobile Scan for harp.gov
2018:08:04 03:20:10 pm 
Start Mobile Scan for hcqualitycommission.gov
2018:08:04 03:20:15 pm 
Start Mobile Scan for health.gov
2018:08:04 03:20:35 pm 
Start Mobile Scan for healthfinder.gov
2018:08:04 03:21:06 pm 
Start Mobile Scan for hearttruth.gov
2018:08:04 03:21:12 pm 
Start Mobile Scan for helpwithmybank.gov
2018:08:04 03:21:31 pm 
Start Mobile Scan for highperformancebuildings.gov
2018:08:04 03:21:44 pm 
Start Mobile Scan for history.gov
2018:08:04 03:22:22 pm 
Start Mobile Scan for housecommunications.gov
2018:08:04 03:22:24 pm 
Start Mobile Scan for howto.gov
2018:08:04 03:23:04 pm 
Start Mobile Scan for hrsa.gov
2018:08:04 03:24:03 pm 
Start Mobile Scan for hru.gov
2018:08:04 03:24:21 pm 
Start Mobile Scan for hydrogen.gov
2018:08:04 03:24:29 pm 
Start Mobile Scan for iaf.gov
2018:08:04 03:24:36 pm 
Start Mobile Scan for iarpa-ideas.gov
2018:08:04 03:24:41 pm 
Start Mobile Scan for ich.gov
2018:08:04 03:24:49 pm 
Start Mobile Scan for idealab.gov
2018:08:04 03:25:00 pm 
Start Mobile Scan for identitytheft.gov
2018:08:04 03:25:07 pm 
Start Mobile Scan for iedison.gov
2018:08:04 03:25:12 pm 
Start Mobile Scan for intelligencecareers.gov
2018:08:04 03:25:20 pm 
Start Mobile Scan for invasivespeciesinfo.gov
2018:08:04 03:25:56 pm 
Start Mobile Scan for irs.gov
2018:08:04 03:26:06 pm 
Start Mobile Scan for irsauctions.gov
2018:08:04 03:26:41 pm 
Start Mobile Scan for irssales.gov
2018:08:04 03:27:14 pm 
Start Mobile Scan for ise.gov
2018:08:04 03:27:20 pm 
Start Mobile Scan for itap.gov
2018:08:04 03:27:53 pm 
Start Mobile Scan for its.gov
2018:08:04 03:27:59 pm 
Start Mobile Scan for jct.gov
2018:08:04 03:28:13 pm 
Start Mobile Scan for jem.gov
2018:08:04 03:28:21 pm 
Start Mobile Scan for juvenilecouncil.gov
2018:08:04 03:28:24 pm 
Start Mobile Scan for jwod.gov
2018:08:04 03:28:40 pm 
Start Mobile Scan for labor.gov
2018:08:04 03:28:42 pm 
Start Mobile Scan for landimaging.gov
2018:08:04 03:29:00 pm 
Start Mobile Scan for lca.gov
2018:08:04 03:29:21 pm 
Start Mobile Scan for lcacommons.gov
2018:08:04 03:29:34 pm 
Start Mobile Scan for lep.gov
2018:08:04 03:29:35 pm 
Start Mobile Scan for letgirlslearn.gov
2018:08:04 03:30:20 pm 
Start Mobile Scan for lifeline.gov
2018:08:04 03:30:46 pm 
Start Mobile Scan for lmvsci.gov
2018:08:04 03:31:47 pm 
Start Mobile Scan for macpac.gov
2018:08:04 03:31:53 pm 
Start Mobile Scan for malwareinvestigator.gov
2018:08:04 03:32:00 pm 
Start Mobile Scan for manufacturing.gov
2018:08:04 03:32:18 pm 
Start Mobile Scan for max.gov
2018:08:04 03:32:22 pm 
Start Mobile Scan for mentalhealth.gov
2018:08:04 03:32:30 pm 
Start Mobile Scan for mentor.gov
2018:08:04 03:33:12 pm 
Start Mobile Scan for mmc.gov
2018:08:04 03:33:54 pm 
Start Mobile Scan for mspb.gov
2018:08:04 03:34:06 pm 
Start Mobile Scan for mtbs.gov
2018:08:04 03:34:13 pm 
Start Mobile Scan for mymedicare.gov
2018:08:04 03:34:48 pm 
Start Mobile Scan for mymoney.gov
2018:08:04 03:35:05 pm 
Start Mobile Scan for nagb.gov
2018:08:04 03:35:34 pm 
Start Mobile Scan for namus.gov
2018:08:04 03:35:50 pm 
Start Mobile Scan for nara.gov
2018:08:04 03:35:55 pm 
Start Mobile Scan for nationalbank.gov
2018:08:04 03:36:03 pm 
Start Mobile Scan for nationalbankhelp.gov
2018:08:04 03:36:24 pm 
Start Mobile Scan for nationalhousing.gov
2018:08:04 03:36:32 pm 
Start Mobile Scan for nationalhousinglocator.gov
2018:08:04 03:36:42 pm 
Start Mobile Scan for nbib.gov
2018:08:04 03:36:48 pm 
Start Mobile Scan for ncirc.gov
2018:08:04 03:36:52 pm 
Start Mobile Scan for ncix.gov
2018:08:04 03:36:54 pm 
Start Mobile Scan for neglecteddiseases.gov
2018:08:04 03:37:18 pm 
Start Mobile Scan for nehrp.gov
2018:08:04 03:37:31 pm 
Start Mobile Scan for nemi.gov
2018:08:04 03:37:59 pm 
Start Mobile Scan for nepa.gov
2018:08:04 03:38:06 pm 
Start Mobile Scan for nfpors.gov
2018:08:04 03:38:10 pm 
Start Mobile Scan for nic.gov
2018:08:04 03:38:16 pm 
Start Mobile Scan for nicsezcheckfbi.gov
2018:08:04 03:38:20 pm 
Start Mobile Scan for nmcourt.fed.us
2018:08:04 03:38:56 pm 
Start Mobile Scan for nutrition.gov
2018:08:04 03:39:31 pm 
Start Mobile Scan for nvtc.gov
2018:08:04 03:39:47 pm 
Start Mobile Scan for nwbc.gov
2018:08:04 03:39:51 pm 
Start Mobile Scan for nwtrb.gov
2018:08:04 03:40:04 pm 
Start Mobile Scan for oge.gov
2018:08:04 03:40:28 pm 
Start Mobile Scan for organdonor.gov
2018:08:04 03:40:48 pm 
Start Mobile Scan for ostp.gov
2018:08:04 03:40:57 pm 
Start Mobile Scan for ourdocuments.gov
2018:08:04 03:41:01 pm 
Start Mobile Scan for paymentaccuracy.gov
2018:08:04 03:41:05 pm 
Start Mobile Scan for pclob.gov
2018:08:04 03:41:22 pm 
Start Mobile Scan for pepfar.gov
2018:08:04 03:41:58 pm 
Start Mobile Scan for pic.gov
2018:08:04 03:42:04 pm 
Start Mobile Scan for pmf.gov
2018:08:04 03:42:15 pm 
Start Mobile Scan for pmi.gov
2018:08:04 03:42:54 pm 
Start Mobile Scan for pnnl.gov
2018:08:04 03:42:56 pm 
Start Mobile Scan for poolsafely.gov
2018:08:04 03:43:46 pm 
Start Mobile Scan for preserveamerica.gov
2018:08:04 03:43:56 pm 
Start Mobile Scan for presidentialinnovationfellows.gov
2018:08:04 03:44:02 pm 
Start Mobile Scan for presidentialserviceawards.gov
2018:08:04 03:44:28 pm 
Start Mobile Scan for protecciondelconsumidor.gov
2018:08:04 03:44:37 pm 
Start Mobile Scan for psob.gov
2018:08:04 03:44:47 pm 
Start Mobile Scan for qatesttwai.gov
2018:08:04 03:44:48 pm 
Start Mobile Scan for quic.gov
2018:08:04 03:44:53 pm 
Start Mobile Scan for rcfl.gov
2018:08:04 03:44:58 pm 
Start Mobile Scan for reaganlibrary.gov
2018:08:04 03:45:04 pm 
Start Mobile Scan for recalls.gov
2018:08:04 03:45:08 pm 
Start Mobile Scan for recreation.gov
2018:08:04 03:46:10 pm 
Start Mobile Scan for republicans.gov
2018:08:04 03:46:13 pm 
Start Mobile Scan for rivers.gov
2018:08:04 03:46:42 pm 
Start Mobile Scan for rocis.gov
2018:08:04 03:47:00 pm 
Start Mobile Scan for sac.gov
2018:08:04 03:47:03 pm 
Start Mobile Scan for saferproduct.gov
2018:08:04 03:47:12 pm 
Start Mobile Scan for saferproducts.gov
2018:08:04 03:47:18 pm 
Start Mobile Scan for safetyact.gov
2018:08:04 03:47:52 pm 
Start Mobile Scan for salmonrecovery.gov
2018:08:04 03:47:59 pm 
Start Mobile Scan for sam.gov
2018:08:04 03:48:05 pm 
Start Mobile Scan for savingsbond.gov
2018:08:04 03:49:04 pm 
Start Mobile Scan for sbir.gov
2018:08:04 03:49:10 pm 
Start Mobile Scan for seguridadconsumidor.gov
2018:08:04 03:50:02 pm 
Start Mobile Scan for selectusa.gov
2018:08:04 03:50:12 pm 
Start Mobile Scan for sen.gov
2018:08:04 03:50:17 pm 
Start Mobile Scan for serve.gov
2018:08:04 03:51:14 pm 
Start Mobile Scan for snap.gov
2018:08:04 03:51:20 pm 
Start Mobile Scan for spectrum.gov
2018:08:04 03:51:52 pm 
Start Mobile Scan for standards.gov
2018:08:04 03:52:13 pm 
Start Mobile Scan for stb.gov
2018:08:04 03:52:14 pm 
Start Mobile Scan for stopfraud.gov
2018:08:04 03:52:19 pm 
Start Mobile Scan for strongports.gov
2018:08:04 03:52:53 pm 
Start Mobile Scan for studentaid.gov
2018:08:04 03:52:57 pm 
Start Mobile Scan for surgeongeneral.gov
2018:08:04 03:53:06 pm 
Start Mobile Scan for symbols.gov
2018:08:04 03:53:12 pm 
Start Mobile Scan for tax.gov
2018:08:04 03:53:25 pm 
Start Mobile Scan for telework.gov
2018:08:04 03:53:54 pm 
Start Mobile Scan for thisfreelife.gov
2018:08:04 03:54:08 pm 
Start Mobile Scan for time.gov
2018:08:04 03:54:13 pm 
Start Mobile Scan for tox21.gov
2018:08:04 03:54:29 pm 
Start Mobile Scan for transportation.gov
2018:08:04 03:54:36 pm 
Start Mobile Scan for treaslockbox.gov
2018:08:04 03:54:40 pm 
Start Mobile Scan for tribaljusticeandsafety.gov
2018:08:04 03:54:53 pm 
Start Mobile Scan for truman.gov
2018:08:04 03:55:11 pm 
Start Mobile Scan for tsc.gov
2018:08:04 03:55:13 pm 
Start Mobile Scan for tsp.gov
2018:08:04 03:55:16 pm 
Start Mobile Scan for tsunami.gov
2018:08:04 03:55:25 pm 
Start Mobile Scan for tswg.gov
2018:08:04 03:55:31 pm 
Start Mobile Scan for tvaoig.gov
2018:08:04 03:56:03 pm 
Start Mobile Scan for usability.gov
2018:08:04 03:56:08 pm 
Start Mobile Scan for usaid.gov
2018:08:04 03:56:16 pm 
Start Mobile Scan for usap.gov
2018:08:04 03:56:45 pm 
Start Mobile Scan for usaspending.gov
2018:08:04 03:57:23 pm 
Start Mobile Scan for uscurrency.gov
2018:08:04 03:57:28 pm 
Start Mobile Scan for userra.gov
2018:08:04 03:57:34 pm 
Start Mobile Scan for usmint.gov
2018:08:04 03:57:40 pm 
Start Mobile Scan for uspis.gov
2018:08:04 03:57:42 pm 
Start Mobile Scan for utahfireinfo.gov
2018:08:04 03:58:09 pm 
Start Mobile Scan for vcf.gov
2018:08:04 03:58:13 pm 
Start Mobile Scan for vef.gov
2018:08:04 03:58:29 pm 
Start Mobile Scan for vehiclehistory.gov
2018:08:04 03:58:49 pm 
Start Mobile Scan for volunteer.gov
2018:08:04 03:59:03 pm 
Start Mobile Scan for votebymail.gov
2018:08:04 03:59:46 pm 
Start Mobile Scan for wapa.gov
2018:08:04 04:00:33 pm 
Start Mobile Scan for wdol.gov
2018:08:04 04:00:45 pm 
Start Mobile Scan for whitehouseconferenceonaging.gov
2018:08:04 04:00:51 pm 
Start Mobile Scan for wildlifeadaptationstrategy.gov
2018:08:04 04:00:53 pm 
Start Mobile Scan for worldwar1centennial.gov
2018:08:04 04:00:57 pm 
Start Mobile Scan for youthrules.gov
2018:08:04 04:01:03 pm 
Start Mobile Scan for budgetlob.gov
2018:08:04 04:01:07 pm 
Start Mobile Scan for businessdefense.gov
2018:08:04 04:01:09 pm 
Start Mobile Scan for e-verify.gov
2018:08:04 04:01:16 pm 
Start Mobile Scan for obamalibrary.gov
2018:08:04 04:02:23 pm 
Start Mobile Scan for scijinks.gov
2018:08:04 04:02:28 pm 
Start Mobile Scan for smarterskies.gov
2018:08:04 04:02:50 pm 
Start Mobile Scan for smokeybear.gov
2018:08:04 04:02:58 pm 
Start Mobile Scan for employer.gov
2018:08:04 04:03:08 pm 
Start Mobile Scan for hirevets.gov
2018:08:04 04:03:13 pm 
Start Mobile Scan for search.gov
2018:08:04 04:03:16 pm 
Start Mobile Scan for smart.gov
2018:08:04 04:04:16 pm 
Start Mobile Scan for childcare.gov
2018:08:04 04:04:21 pm 
Start Mobile Scan for xd.gov
2018:08:04 04:04:23 pm 
Start Mobile Scan for crisisnextdoor.gov
2018:08:04 04:04:32 pm 
Start Mobile Scan for apprenticeship.gov
2018:08:04 04:04:46 pm 
Start Mobile Scan for fraho.gov
