2018:10:25 03:59:10 pm Get Latest Websites and data from Pulse

2018:10:25 03:59:10 pm Starting Scan
2018:10:25 03:59:11 pm Running Technology Scan for site 18f.gov
2018:10:25 03:59:17 pm Running Technology Scan for site 9-11commission.gov
2018:10:25 03:59:21 pm Running Technology Scan for site 911.gov
2018:10:25 03:59:28 pm Running Technology Scan for site 911commission.gov
2018:10:25 03:59:32 pm Running Technology Scan for site abandonedmines.gov
2018:10:25 03:59:38 pm Running Technology Scan for site abilityone.gov
2018:10:25 03:59:46 pm Running Technology Scan for site abmc.gov
2018:10:25 03:59:52 pm Running Technology Scan for site access-board.gov
2018:10:25 03:59:57 pm Running Technology Scan for site acf.gov
2018:10:25 04:00:05 pm Running Technology Scan for site achp.gov
2018:10:25 04:00:14 pm Running Technology Scan for site acl.gov
2018:10:25 04:00:19 pm Running Technology Scan for site acquisition.gov
2018:10:25 04:00:24 pm Running Technology Scan for site acus.gov
2018:10:25 04:00:31 pm Running Technology Scan for site acwi.gov
2018:10:25 04:00:39 pm Running Technology Scan for site ada.gov
2018:10:25 04:00:44 pm Running Technology Scan for site adf.gov
2018:10:25 04:00:52 pm Running Technology Scan for site adlnet.gov
2018:10:25 04:00:58 pm Running Technology Scan for site admongo.gov
2018:10:25 04:01:05 pm Running Technology Scan for site adr.gov
2018:10:25 04:01:09 pm Running Technology Scan for site afadvantage.gov
2018:10:25 04:01:19 pm Running Technology Scan for site aff.gov
2018:10:25 04:01:22 pm Running Technology Scan for site afrh.gov
2018:10:25 04:01:25 pm Running Technology Scan for site afterschool.gov
2018:10:25 04:01:36 pm Running Technology Scan for site aging.gov
2018:10:25 04:01:43 pm Running Technology Scan for site agingstats.gov
2018:10:25 04:01:49 pm Running Technology Scan for site ahcpr.gov
2018:10:25 04:01:55 pm Running Technology Scan for site ahrq.gov
2018:10:25 04:02:00 pm Running Technology Scan for site aids.gov
2018:10:25 04:02:08 pm Running Technology Scan for site airnow.gov
2018:10:25 04:02:16 pm Running Technology Scan for site alaskacenters.gov
2018:10:25 04:02:20 pm Running Technology Scan for site alertaenlinea.gov
2018:10:25 04:02:27 pm Running Technology Scan for site altusandc.gov
2018:10:25 04:02:35 pm Running Technology Scan for site alzheimers.gov
2018:10:25 04:03:01 pm Running Technology Scan for site ama.gov
2018:10:25 04:03:13 pm Running Technology Scan for site amberalert.gov
2018:10:25 04:03:21 pm Running Technology Scan for site america.gov
2018:10:25 04:03:30 pm Running Technology Scan for site americathebeautifulquarters.gov
2018:10:25 04:03:42 pm Running Technology Scan for site americorp.gov
2018:10:25 04:03:47 pm Running Technology Scan for site americorps.gov
2018:10:25 04:03:52 pm Running Technology Scan for site ameslab.gov
2018:10:25 04:03:59 pm Running Technology Scan for site amtrakoig.gov
2018:10:25 04:04:06 pm Running Technology Scan for site anchorit.gov
2018:10:25 04:04:15 pm Running Technology Scan for site anl.gov
2018:10:25 04:04:18 pm Running Technology Scan for site annualcreditreport.gov
2018:10:25 04:04:24 pm Running Technology Scan for site anstaskforce.gov
2018:10:25 04:04:29 pm Running Technology Scan for site aoa.gov
2018:10:25 04:04:35 pm Running Technology Scan for site ap.gov
2018:10:25 04:05:47 pm Running Technology Scan for site app.gov
2018:10:25 04:05:50 pm Running Technology Scan for site applicationmanager.gov
2018:10:25 04:06:01 pm Running Technology Scan for site apps.gov
2018:10:25 04:06:07 pm Running Technology Scan for site arc.gov
2018:10:25 04:06:14 pm Running Technology Scan for site archives.gov
2018:10:25 04:06:22 pm Running Technology Scan for site arctic.gov
2018:10:25 04:06:27 pm Running Technology Scan for site arm.gov
2018:10:25 04:06:33 pm Running Technology Scan for site ars-grin.gov
2018:10:25 04:06:36 pm Running Technology Scan for site arts.gov
2018:10:25 04:06:42 pm Running Technology Scan for site asap.gov
2018:10:25 04:06:48 pm Running Technology Scan for site asc.gov
2018:10:25 04:06:53 pm Running Technology Scan for site askkaren.gov
2018:10:25 04:06:58 pm Running Technology Scan for site atf.gov
2018:10:25 04:07:05 pm Running Technology Scan for site atfonline.gov
2018:10:25 04:07:13 pm Running Technology Scan for site atvsafety.gov
2018:10:25 04:07:28 pm Running Technology Scan for site aviationweather.gov
2018:10:25 04:07:37 pm Running Technology Scan for site ayudaconmibanco.gov
2018:10:25 04:07:45 pm Running Technology Scan for site bankanswers.gov
2018:10:25 04:07:52 pm Running Technology Scan for site bankcustomer.gov
2018:10:25 04:08:00 pm Running Technology Scan for site bankcustomerassistance.gov
2018:10:25 04:08:10 pm Running Technology Scan for site bankhelp.gov
2018:10:25 04:08:15 pm Running Technology Scan for site banknet.gov
2018:10:25 04:08:21 pm Running Technology Scan for site bats.gov
2018:10:25 04:08:29 pm Running Technology Scan for site bbg.gov
2018:10:25 04:08:38 pm Running Technology Scan for site bcfp.gov
2018:10:25 04:08:43 pm Running Technology Scan for site bea.gov
2018:10:25 04:08:48 pm Running Technology Scan for site befoodsafe.gov
2018:10:25 04:08:55 pm Running Technology Scan for site benefits.gov
2018:10:25 04:09:04 pm Running Technology Scan for site bep.gov
2018:10:25 04:09:12 pm Running Technology Scan for site betobaccofree.gov
2018:10:25 04:09:17 pm Running Technology Scan for site bfem.gov
2018:10:25 04:09:21 pm Running Technology Scan for site bia.gov
2018:10:25 04:09:24 pm Running Technology Scan for site bioethics.gov
2018:10:25 04:09:28 pm Running Technology Scan for site biomassboard.gov
2018:10:25 04:10:08 pm Running Technology Scan for site biometriccoe.gov
2018:10:25 04:10:16 pm Running Technology Scan for site biometrics.gov
2018:10:25 04:10:24 pm Running Technology Scan for site biopreferred.gov
2018:10:25 04:10:32 pm Running Technology Scan for site bja.gov
2018:10:25 04:10:45 pm Running Technology Scan for site bldrdoc.gov
2018:10:25 04:10:48 pm Running Technology Scan for site blm.gov
2018:10:25 04:10:53 pm Running Technology Scan for site bls.gov
2018:10:25 04:11:00 pm Running Technology Scan for site bnl.gov
2018:10:25 04:11:10 pm Running Technology Scan for site boem.gov
2018:10:25 04:11:16 pm Running Technology Scan for site boemre.gov
2018:10:25 04:11:19 pm Running Technology Scan for site bondpro.gov
2018:10:25 04:11:28 pm Running Technology Scan for site bop.gov
2018:10:25 04:11:33 pm Running Technology Scan for site bosque.gov
2018:10:25 04:11:38 pm Running Technology Scan for site bpa.gov
2018:10:25 04:12:22 pm Running Technology Scan for site brac.gov
2018:10:25 04:12:29 pm Running Technology Scan for site brainhealth.gov
2018:10:25 04:13:16 pm Running Technology Scan for site brc.gov
2018:10:25 04:13:25 pm Running Technology Scan for site broadband.gov
2018:10:25 04:13:33 pm Running Technology Scan for site broadbandmap.gov
2018:10:25 04:13:39 pm Running Technology Scan for site bsee.gov
2018:10:25 04:13:42 pm Running Technology Scan for site bts.gov
2018:10:25 04:13:46 pm Running Technology Scan for site budget.gov
2018:10:25 04:13:53 pm Running Technology Scan for site buildingamerica.gov
2018:10:25 04:14:37 pm Running Technology Scan for site business.gov
2018:10:25 04:14:46 pm Running Technology Scan for site businessusa.gov
2018:10:25 04:14:54 pm Running Technology Scan for site buyaccessible.gov
2018:10:25 04:14:59 pm Running Technology Scan for site buyusa.gov
2018:10:25 04:15:05 pm Running Technology Scan for site cancer.gov
2018:10:25 04:15:32 pm Running Technology Scan for site cancernet.gov
2018:10:25 04:15:35 pm Running Technology Scan for site cao.gov
2018:10:25 04:15:43 pm Running Technology Scan for site cap.gov
2018:10:25 04:16:52 pm Running Technology Scan for site capnhq.gov
2018:10:25 04:17:58 pm Running Technology Scan for site cbca.gov
2018:10:25 04:18:04 pm Running Technology Scan for site cbp.gov
2018:10:25 04:18:10 pm Running Technology Scan for site ccac.gov
2018:10:25 04:18:15 pm Running Technology Scan for site cdc.gov
2018:10:25 04:18:25 pm Running Technology Scan for site cdfifund.gov
2018:10:25 04:18:31 pm Running Technology Scan for site cebaf.gov
2018:10:25 04:18:35 pm Running Technology Scan for site cendi.gov
2018:10:25 04:18:43 pm Running Technology Scan for site census.gov
2018:10:25 04:19:10 pm Running Technology Scan for site cep.gov
2018:10:25 04:19:36 pm Running Technology Scan for site cfa.gov
2018:10:25 04:19:43 pm Running Technology Scan for site cfda.gov
2018:10:25 04:19:51 pm Running Technology Scan for site cfo.gov
2018:10:25 04:20:02 pm Running Technology Scan for site cfoc.gov
2018:10:25 04:20:06 pm Running Technology Scan for site cfpa.gov
2018:10:25 04:20:12 pm Running Technology Scan for site cfpb.gov
2018:10:25 04:20:19 pm Running Technology Scan for site cftc.gov
2018:10:25 04:20:25 pm Running Technology Scan for site challenge.gov
2018:10:25 04:20:36 pm Running Technology Scan for site challenges.gov
2018:10:25 04:20:45 pm Running Technology Scan for site changeofaddress.gov
2018:10:25 04:20:49 pm Running Technology Scan for site chcoc.gov
2018:10:25 04:20:57 pm Running Technology Scan for site childreninadversity.gov
2018:10:25 04:21:11 pm Running Technology Scan for site childstats.gov
2018:10:25 04:21:42 pm Running Technology Scan for site childwelfare.gov
2018:10:25 04:21:48 pm Running Technology Scan for site choosemyplate.gov
2018:10:25 04:21:54 pm Running Technology Scan for site cia.gov
2018:10:25 04:22:02 pm Running Technology Scan for site cio.gov
2018:10:25 04:22:07 pm Running Technology Scan for site citizenscience.gov
2018:10:25 04:22:14 pm Running Technology Scan for site cjis.gov
2018:10:25 04:22:18 pm Running Technology Scan for site climate.gov
2018:10:25 04:23:08 pm Running Technology Scan for site clinicaltrials.gov
2018:10:25 04:23:16 pm Running Technology Scan for site clintonlibrary.gov
2018:10:25 04:23:23 pm Running Technology Scan for site cloud.gov
2018:10:25 04:23:31 pm Running Technology Scan for site cms.gov
2018:10:25 04:23:44 pm Running Technology Scan for site cmts.gov
2018:10:25 04:23:47 pm Running Technology Scan for site cncs.gov
2018:10:25 04:24:00 pm Running Technology Scan for site cncsoig.gov
2018:10:25 04:24:04 pm Running Technology Scan for site cns.gov
2018:10:25 04:24:12 pm Running Technology Scan for site cnss.gov
2018:10:25 04:24:17 pm Running Technology Scan for site code.gov
2018:10:25 04:24:23 pm Running Technology Scan for site collegedrinkingprevention.gov
2018:10:25 04:25:12 pm Running Technology Scan for site collegenavigator.gov
2018:10:25 04:25:45 pm Running Technology Scan for site commerce.gov
2018:10:25 04:27:03 pm Running Technology Scan for site complaintreferralexpress.gov
2018:10:25 04:27:11 pm Running Technology Scan for site comptrollerofthecurrency.gov
2018:10:25 04:27:21 pm Running Technology Scan for site computersforlearning.gov
2018:10:25 04:27:27 pm Running Technology Scan for site connect.gov
2018:10:25 04:27:33 pm Running Technology Scan for site consumer.gov
2018:10:25 04:27:40 pm Running Technology Scan for site consumeraction.gov
2018:10:25 04:27:49 pm Running Technology Scan for site consumerbureau.gov
2018:10:25 04:27:58 pm Running Technology Scan for site consumerfinance.gov
2018:10:25 04:28:04 pm Running Technology Scan for site consumerfinancial.gov
2018:10:25 04:28:10 pm Running Technology Scan for site consumerfinancialprotectionbureau.gov
2018:10:25 04:28:18 pm Running Technology Scan for site consumerprotection.gov
2018:10:25 04:28:24 pm Running Technology Scan for site consumerprotectionbureau.gov
2018:10:25 04:28:30 pm Running Technology Scan for site consumidor.gov
2018:10:25 04:28:36 pm Running Technology Scan for site contractdirectory.gov
2018:10:25 04:28:43 pm Running Technology Scan for site coralreef.gov
2018:10:25 04:28:51 pm Running Technology Scan for site cpars.gov
2018:10:25 04:28:55 pm Running Technology Scan for site cpnireporting.gov
2018:10:25 04:29:00 pm Running Technology Scan for site cpsc.gov
2018:10:25 04:29:06 pm Running Technology Scan for site crimesolutions.gov
2018:10:25 04:29:15 pm Running Technology Scan for site crimevictims.gov
2018:10:25 04:29:20 pm Running Technology Scan for site crt2014-2024review.gov
2018:10:25 04:29:48 pm Running Technology Scan for site csb.gov
2018:10:25 04:29:54 pm Running Technology Scan for site csosa.fed.us
2018:10:25 04:30:17 pm Running Technology Scan for site csosa.gov
2018:10:25 04:31:02 pm Running Technology Scan for site ctoc.gov
2018:10:25 04:31:10 pm Running Technology Scan for site cttso.gov
2018:10:25 04:31:17 pm Running Technology Scan for site cuidadodesalud.gov
2018:10:25 04:31:26 pm Running Technology Scan for site cupcao.gov
2018:10:25 04:31:31 pm Running Technology Scan for site cwc.gov
2018:10:25 04:31:39 pm Running Technology Scan for site cyber.gov
2018:10:25 04:31:47 pm Running Technology Scan for site cybercareers.gov
2018:10:25 04:32:00 pm Running Technology Scan for site cybercrime.gov
2018:10:25 04:32:06 pm Running Technology Scan for site cybersecurity.gov
2018:10:25 04:32:19 pm Running Technology Scan for site data.gov
2018:10:25 04:32:29 pm Running Technology Scan for site dc3on.gov
2018:10:25 04:32:33 pm Running Technology Scan for site dea.gov
2018:10:25 04:32:38 pm Running Technology Scan for site deaecom.gov
2018:10:25 04:32:42 pm Running Technology Scan for site defense.gov
2018:10:25 04:32:56 pm Running Technology Scan for site denali.gov
2018:10:25 04:33:07 pm Running Technology Scan for site dfafacts.gov
2018:10:25 04:33:16 pm Running Technology Scan for site dhhs.gov
2018:10:25 04:33:21 pm Running Technology Scan for site dhs.gov
2018:10:25 04:33:29 pm Running Technology Scan for site diabetescommittee.gov
2018:10:25 04:33:58 pm Running Technology Scan for site dietaryguidelines.gov
2018:10:25 04:34:05 pm Running Technology Scan for site digitalgov.gov
2018:10:25 04:34:11 pm Running Technology Scan for site digitalliteracy.gov
2018:10:25 04:34:19 pm Running Technology Scan for site directoasucuenta.gov
2018:10:25 04:34:27 pm Running Technology Scan for site disability.gov
2018:10:25 04:34:33 pm Running Technology Scan for site disasterassistance.gov
2018:10:25 04:34:41 pm Running Technology Scan for site disasterhousing.gov
2018:10:25 04:35:25 pm Running Technology Scan for site distracteddriving.gov
2018:10:25 04:35:31 pm Running Technology Scan for site distraction.gov
2018:10:25 04:35:37 pm Running Technology Scan for site dnfsb.gov
2018:10:25 04:35:43 pm Running Technology Scan for site dni.gov
2018:10:25 04:35:48 pm Running Technology Scan for site dnsops.gov
2018:10:25 04:35:55 pm Running Technology Scan for site doc.gov
2018:10:25 04:37:10 pm Running Technology Scan for site docline.gov
2018:10:25 04:37:16 pm Running Technology Scan for site dod.gov
2018:10:25 04:37:23 pm Running Technology Scan for site doe.gov
2018:10:25 04:37:27 pm Running Technology Scan for site doi.gov
2018:10:25 04:37:31 pm Running Technology Scan for site doioig.gov
2018:10:25 04:37:36 pm Running Technology Scan for site dol.gov
2018:10:25 04:37:48 pm Running Technology Scan for site doleta.gov
2018:10:25 04:37:54 pm Running Technology Scan for site donaciondeorganos.gov
2018:10:25 04:37:59 pm Running Technology Scan for site donotcall.gov
2018:10:25 04:38:04 pm Running Technology Scan for site dontserveteens.gov
2018:10:25 04:38:09 pm Running Technology Scan for site dot.gov
2018:10:25 04:38:16 pm Running Technology Scan for site dotgov.gov
2018:10:25 04:38:21 pm Running Technology Scan for site dotideahub.gov
2018:10:25 04:38:33 pm Running Technology Scan for site dra.gov
2018:10:25 04:38:37 pm Running Technology Scan for site drought.gov
2018:10:25 04:39:25 pm Running Technology Scan for site drugabuse.gov
2018:10:25 04:39:52 pm Running Technology Scan for site drywallresponse.gov
2018:10:25 04:39:58 pm Running Technology Scan for site dsac.gov
2018:10:25 04:40:03 pm Running Technology Scan for site dtv.gov
2018:10:25 04:40:11 pm Running Technology Scan for site e-enterprise.gov
2018:10:25 04:40:17 pm Running Technology Scan for site eac.gov
2018:10:25 04:40:25 pm Running Technology Scan for site eaglecash.gov
2018:10:25 04:40:29 pm Running Technology Scan for site earmarks.gov
2018:10:25 04:40:37 pm Running Technology Scan for site earthquake.gov
2018:10:25 04:40:43 pm Running Technology Scan for site economicinclusion.gov
2018:10:25 04:40:54 pm Running Technology Scan for site econsumer.gov
2018:10:25 04:41:02 pm Running Technology Scan for site ecpic.gov
2018:10:25 04:41:10 pm Running Technology Scan for site ecr.gov
2018:10:25 04:41:17 pm Running Technology Scan for site ed.gov
2018:10:25 04:41:48 pm Running Technology Scan for site eda.gov
2018:10:25 04:42:53 pm Running Technology Scan for site edison.gov
2018:10:25 04:43:40 pm Running Technology Scan for site edpubs.gov
2018:10:25 04:44:34 pm Running Technology Scan for site eeoc.gov
2018:10:25 04:45:42 pm Running Technology Scan for site eftps.gov
2018:10:25 04:45:52 pm Running Technology Scan for site eia.gov
2018:10:25 04:45:59 pm Running Technology Scan for site eisenhowermemorial.gov
2018:10:25 04:46:08 pm Running Technology Scan for site eldercare.gov
2018:10:25 04:46:14 pm Running Technology Scan for site elderjustice.gov
2018:10:25 04:46:19 pm Running Technology Scan for site emergency-federal-register.gov
2018:10:25 04:46:26 pm Running Technology Scan for site employeeexpress.gov
2018:10:25 04:46:35 pm Running Technology Scan for site empowhr.gov
2018:10:25 04:46:39 pm Running Technology Scan for site ems.gov
2018:10:25 04:46:44 pm Running Technology Scan for site endingthedocumentgame.gov
2018:10:25 04:46:49 pm Running Technology Scan for site energy.gov
2018:10:25 04:46:58 pm Running Technology Scan for site energycodes.gov
2018:10:25 04:47:09 pm Running Technology Scan for site energysaver.gov
2018:10:25 04:47:52 pm Running Technology Scan for site energysavers.gov
2018:10:25 04:48:34 pm Running Technology Scan for site energystar.gov
2018:10:25 04:48:40 pm Running Technology Scan for site eop.gov
2018:10:25 04:48:46 pm Running Technology Scan for site epa.gov
2018:10:25 04:48:52 pm Running Technology Scan for site epic.gov
2018:10:25 04:49:00 pm Running Technology Scan for site esa.gov
2018:10:25 04:50:09 pm Running Technology Scan for site esc.gov
2018:10:25 04:50:18 pm Running Technology Scan for site esrs.gov
2018:10:25 04:50:22 pm Running Technology Scan for site eta-find.gov
2018:10:25 04:50:28 pm Running Technology Scan for site ethicsburg.gov
2018:10:25 04:50:33 pm Running Technology Scan for site evergladesrestoration.gov
2018:10:25 04:50:41 pm Running Technology Scan for site everykidinapark.gov
2018:10:25 04:50:47 pm Running Technology Scan for site evus.gov
2018:10:25 04:50:51 pm Running Technology Scan for site execsec.gov
2018:10:25 04:50:55 pm Running Technology Scan for site exim.gov
2018:10:25 04:51:03 pm Running Technology Scan for site exploretsp.gov
2018:10:25 04:51:49 pm Running Technology Scan for site export.gov
2018:10:25 04:51:55 pm Running Technology Scan for site eyenote.gov
2018:10:25 04:51:59 pm Running Technology Scan for site faa.gov
2018:10:25 04:52:06 pm Running Technology Scan for site faasafety.gov
2018:10:25 04:52:12 pm Running Technology Scan for site faca.gov
2018:10:25 04:52:19 pm Running Technology Scan for site facadatabase.gov
2018:10:25 04:52:28 pm Running Technology Scan for site fafsa.gov
2018:10:25 04:53:00 pm Running Technology Scan for site fai.gov
2018:10:25 04:53:08 pm Running Technology Scan for site fan.gov
2018:10:25 04:53:12 pm Running Technology Scan for site fapiis.gov
2018:10:25 04:53:22 pm Running Technology Scan for site faq.gov
2018:10:25 04:53:25 pm Running Technology Scan for site fara.gov
2018:10:25 04:53:30 pm Running Technology Scan for site fatherhood.gov
2018:10:25 04:53:38 pm Running Technology Scan for site fbi.gov
2018:10:25 04:53:49 pm Running Technology Scan for site fbiic.gov
2018:10:25 04:53:54 pm Running Technology Scan for site fbijobs.gov
2018:10:25 04:53:59 pm Running Technology Scan for site fbo.gov
2018:10:25 04:54:07 pm Running Technology Scan for site fca.gov
2018:10:25 04:54:42 pm Running Technology Scan for site fcc.gov
2018:10:25 04:54:51 pm Running Technology Scan for site fccuniversity.gov
2018:10:25 04:54:56 pm Running Technology Scan for site fcg.gov
2018:10:25 04:54:59 pm Running Technology Scan for site fcic.gov
2018:10:25 04:55:03 pm Running Technology Scan for site fcsic.gov
2018:10:25 04:56:10 pm Running Technology Scan for site fda.gov
2018:10:25 04:56:13 pm Running Technology Scan for site fdic.gov
2018:10:25 04:56:17 pm Running Technology Scan for site fdicconnect.gov
2018:10:25 04:56:21 pm Running Technology Scan for site fdicig.gov
2018:10:25 04:56:28 pm Running Technology Scan for site fdicoig.gov
2018:10:25 04:56:36 pm Running Technology Scan for site fdicseguro.gov
2018:10:25 04:56:41 pm Running Technology Scan for site fdms.gov
2018:10:25 04:56:46 pm Running Technology Scan for site fea.gov
2018:10:25 04:56:54 pm Running Technology Scan for site feb.gov
2018:10:25 04:57:00 pm Running Technology Scan for site fec.gov
2018:10:25 04:57:09 pm Running Technology Scan for site fedbizopps.gov
2018:10:25 04:57:18 pm Running Technology Scan for site fedcenter.gov
2018:10:25 04:57:24 pm Running Technology Scan for site federalinvestments.gov
2018:10:25 04:57:33 pm Running Technology Scan for site federaljobs.gov
2018:10:25 04:57:39 pm Running Technology Scan for site federalreserve.gov
2018:10:25 04:57:45 pm Running Technology Scan for site federalreserveconsumerhelp.gov
2018:10:25 04:57:51 pm Running Technology Scan for site fedidcard.gov
2018:10:25 04:58:00 pm Running Technology Scan for site fedinvest.gov
2018:10:25 04:58:09 pm Running Technology Scan for site fedjobs.gov
2018:10:25 04:58:16 pm Running Technology Scan for site fedpartnership.gov
2018:10:25 04:58:21 pm Running Technology Scan for site fedramp.gov
2018:10:25 04:58:26 pm Running Technology Scan for site fedrooms.gov
2018:10:25 04:58:33 pm Running Technology Scan for site fedshirevets.gov
2018:10:25 04:58:40 pm Running Technology Scan for site feedthefuture.gov
2018:10:25 04:58:46 pm Running Technology Scan for site fegli.gov
2018:10:25 04:58:52 pm Running Technology Scan for site fema.gov
2018:10:25 04:58:58 pm Running Technology Scan for site ferc.gov
2018:10:25 04:59:04 pm Running Technology Scan for site fercalt.gov
2018:10:25 04:59:12 pm Running Technology Scan for site ffiec.gov
2018:10:25 04:59:17 pm Running Technology Scan for site fgdc.gov
2018:10:25 04:59:26 pm Running Technology Scan for site fha.gov
2018:10:25 05:00:10 pm Running Technology Scan for site fhfa.gov
2018:10:25 05:00:38 pm Running Technology Scan for site fhfaoig.gov
2018:10:25 05:00:47 pm Running Technology Scan for site financialresearch.gov
2018:10:25 05:00:55 pm Running Technology Scan for site financialstability.gov
2018:10:25 05:01:02 pm Running Technology Scan for site fincen.gov
2018:10:25 05:01:07 pm Running Technology Scan for site firecode.gov
2018:10:25 05:01:15 pm Running Technology Scan for site fireleadership.gov
2018:10:25 05:01:19 pm Running Technology Scan for site firenet.gov
2018:10:25 05:01:23 pm Running Technology Scan for site firescience.gov
2018:10:25 05:01:31 pm Running Technology Scan for site firstfreedom.gov
2018:10:25 05:01:37 pm Running Technology Scan for site firstgov.gov
2018:10:25 05:01:46 pm Running Technology Scan for site firstnet.gov
2018:10:25 05:01:51 pm Running Technology Scan for site firstresponder.gov
2018:10:25 05:01:57 pm Running Technology Scan for site firstrespondertraining.gov
2018:10:25 05:02:04 pm Running Technology Scan for site fishwatch.gov
2018:10:25 05:02:29 pm Running Technology Scan for site fitness.gov
2018:10:25 05:02:35 pm Running Technology Scan for site fleta.gov
2018:10:25 05:02:43 pm Running Technology Scan for site fletc.gov
2018:10:25 05:02:53 pm Running Technology Scan for site flightschoolcandidates.gov
2018:10:25 05:03:01 pm Running Technology Scan for site floodsmart.gov
2018:10:25 05:03:06 pm Running Technology Scan for site flra.gov
2018:10:25 05:03:13 pm Running Technology Scan for site flu.gov
2018:10:25 05:03:37 pm Running Technology Scan for site fmc.gov
2018:10:25 05:03:45 pm Running Technology Scan for site fmcs.gov
2018:10:25 05:04:03 pm Running Technology Scan for site fmi.gov
2018:10:25 05:04:11 pm Running Technology Scan for site fmshrc.gov
2018:10:25 05:04:19 pm Running Technology Scan for site fnal.gov
2018:10:25 05:04:24 pm Running Technology Scan for site foia.gov
2018:10:25 05:04:30 pm Running Technology Scan for site foodsafety.gov
2018:10:25 05:04:35 pm Running Technology Scan for site foodsafetyjobs.gov
2018:10:25 05:04:42 pm Running Technology Scan for site fordlibrarymuseum.gov
2018:10:25 05:04:46 pm Running Technology Scan for site foreignassistance.gov
2018:10:25 05:05:10 pm Running Technology Scan for site forestsandrangelands.gov
2018:10:25 05:05:16 pm Running Technology Scan for site forfeiture.gov
2018:10:25 05:05:19 pm Running Technology Scan for site forms.gov
2018:10:25 05:05:29 pm Running Technology Scan for site fpc.gov
2018:10:25 05:05:34 pm Running Technology Scan for site fpds.gov
2018:10:25 05:05:42 pm Running Technology Scan for site freshempire.gov
2018:10:25 05:05:49 pm Running Technology Scan for site frpg.gov
2018:10:25 05:05:56 pm Running Technology Scan for site frtib.gov
2018:10:25 05:06:38 pm Running Technology Scan for site frtr.gov
2018:10:25 05:06:43 pm Running Technology Scan for site fs.fed.us
2018:10:25 05:06:52 pm Running Technology Scan for site fsapubs.gov
2018:10:25 05:07:45 pm Running Technology Scan for site fsd.gov
2018:10:25 05:07:54 pm Running Technology Scan for site fsgb.gov
2018:10:25 05:08:03 pm Running Technology Scan for site fsoc.gov
2018:10:25 05:08:36 pm Running Technology Scan for site fsrs.gov
2018:10:25 05:08:41 pm Running Technology Scan for site ftc.gov
2018:10:25 05:08:54 pm Running Technology Scan for site ftccomplaintassistant.gov
2018:10:25 05:09:01 pm Running Technology Scan for site ftcefile.gov
2018:10:25 05:09:07 pm Running Technology Scan for site fvap.gov
2018:10:25 05:09:15 pm Running Technology Scan for site fws.gov
2018:10:25 05:09:21 pm Running Technology Scan for site g5.gov
2018:10:25 05:10:16 pm Running Technology Scan for site gcdamp.gov
2018:10:25 05:10:47 pm Running Technology Scan for site gcmrc.gov
2018:10:25 05:10:52 pm Running Technology Scan for site genome.gov
2018:10:25 05:11:40 pm Running Technology Scan for site geocommunicator.gov
2018:10:25 05:11:42 pm Running Technology Scan for site geomac.gov
2018:10:25 05:11:51 pm Running Technology Scan for site geoplatform.gov
2018:10:25 05:11:57 pm Running Technology Scan for site georgewbushlibrary.gov
2018:10:25 05:12:01 pm Running Technology Scan for site getsmartaboutdrugs.gov
2018:10:25 05:12:10 pm Running Technology Scan for site getyouhome.gov
2018:10:25 05:12:14 pm Running Technology Scan for site ginniemae.gov
2018:10:25 05:12:23 pm Running Technology Scan for site girlshealth.gov
2018:10:25 05:12:29 pm Running Technology Scan for site globalchange.gov
2018:10:25 05:12:35 pm Running Technology Scan for site globalentry.gov
2018:10:25 05:12:41 pm Running Technology Scan for site globalhealth.gov
2018:10:25 05:12:47 pm Running Technology Scan for site globe.gov
2018:10:25 05:12:57 pm Running Technology Scan for site gobierno.gov
2018:10:25 05:13:04 pm Running Technology Scan for site gobiernousa.gov
2018:10:25 05:13:11 pm Running Technology Scan for site godirect.gov
2018:10:25 05:13:18 pm Running Technology Scan for site goes-r.gov
2018:10:25 05:13:44 pm Running Technology Scan for site golearn.gov
2018:10:25 05:13:48 pm Running Technology Scan for site govbenefits.gov
2018:10:25 05:13:50 pm Running Technology Scan for site governmentjobs.gov
2018:10:25 05:13:56 pm Running Technology Scan for site govloans.gov
2018:10:25 05:14:02 pm Running Technology Scan for site govsales.gov
2018:10:25 05:14:08 pm Running Technology Scan for site gps.gov
2018:10:25 05:14:34 pm Running Technology Scan for site grants.gov
2018:10:25 05:14:40 pm Running Technology Scan for site grantsolutions.gov
2018:10:25 05:14:50 pm Running Technology Scan for site greatagain.gov
2018:10:25 05:14:57 pm Running Technology Scan for site green.gov
2018:10:25 05:15:00 pm Running Technology Scan for site gsa.gov
2018:10:25 05:15:08 pm Running Technology Scan for site gsaadvantage.gov
2018:10:25 05:15:13 pm Running Technology Scan for site gsaauctions.gov
2018:10:25 05:15:18 pm Running Technology Scan for site gsaig.gov
2018:10:25 05:15:24 pm Running Technology Scan for site gsaxcess.gov
2018:10:25 05:15:30 pm Running Technology Scan for site guideline.gov
2018:10:25 05:15:36 pm Running Technology Scan for site guidelines.gov
2018:10:25 05:15:43 pm Running Technology Scan for site gwa.gov
2018:10:25 05:15:48 pm Running Technology Scan for site hanford.gov
2018:10:25 05:15:56 pm Running Technology Scan for site harp.gov
2018:10:25 05:16:03 pm Running Technology Scan for site hc.gov
2018:10:25 05:16:11 pm Running Technology Scan for site hcqualitycommission.gov
2018:10:25 05:16:16 pm Running Technology Scan for site health.gov
2018:10:25 05:16:22 pm Running Technology Scan for site healthcare.gov
2018:10:25 05:16:31 pm Running Technology Scan for site healthdata.gov
2018:10:25 05:16:39 pm Running Technology Scan for site healthfinder.gov
2018:10:25 05:16:47 pm Running Technology Scan for site healthit.gov
2018:10:25 05:16:53 pm Running Technology Scan for site healthypeople.gov
2018:10:25 05:16:58 pm Running Technology Scan for site hearttruth.gov
2018:10:25 05:17:06 pm Running Technology Scan for site helpwithmybank.gov
2018:10:25 05:17:15 pm Running Technology Scan for site helpwithmycheckingaccount.gov
2018:10:25 05:17:20 pm Running Technology Scan for site helpwithmycreditcard.gov
2018:10:25 05:17:26 pm Running Technology Scan for site helpwithmycreditcardbank.gov
2018:10:25 05:17:31 pm Running Technology Scan for site helpwithmymortgage.gov
2018:10:25 05:17:39 pm Running Technology Scan for site helpwithmymortgagebank.gov
2018:10:25 05:17:45 pm Running Technology Scan for site hhs.gov
2018:10:25 05:17:51 pm Running Technology Scan for site hhsoig.gov
2018:10:25 05:17:56 pm Running Technology Scan for site highperformancebuildings.gov
2018:10:25 05:18:43 pm Running Technology Scan for site history.gov
2018:10:25 05:18:51 pm Running Technology Scan for site hiv.gov
2018:10:25 05:19:04 pm Running Technology Scan for site homeenergyscore.gov
2018:10:25 05:19:48 pm Running Technology Scan for site homelandsecurity.gov
2018:10:25 05:19:56 pm Running Technology Scan for site homesales.gov
2018:10:25 05:20:22 pm Running Technology Scan for site howto.gov
2018:10:25 05:20:30 pm Running Technology Scan for site hrsa.gov
2018:10:25 05:21:05 pm Running Technology Scan for site hru.gov
2018:10:25 05:21:14 pm Running Technology Scan for site hsr.gov
2018:10:25 05:21:23 pm Running Technology Scan for site hud.gov
2018:10:25 05:22:32 pm Running Technology Scan for site hudoig.gov
2018:10:25 05:22:37 pm Running Technology Scan for site huduser.gov
2018:10:25 05:22:44 pm Running Technology Scan for site hurricanes.gov
2018:10:25 05:23:14 pm Running Technology Scan for site hydrogen.gov
2018:10:25 05:23:56 pm Running Technology Scan for site iad.gov
2018:10:25 05:24:03 pm Running Technology Scan for site iaf.gov
2018:10:25 05:24:13 pm Running Technology Scan for site iarpa-ideas.gov
2018:10:25 05:24:20 pm Running Technology Scan for site iarpa.gov
2018:10:25 05:24:25 pm Running Technology Scan for site iat.gov
2018:10:25 05:24:28 pm Running Technology Scan for site iawg.gov
2018:10:25 05:24:36 pm Running Technology Scan for site ibb.gov
2018:10:25 05:24:44 pm Running Technology Scan for site ibwc.gov
2018:10:25 05:24:48 pm Running Technology Scan for site ic3.gov
2018:10:25 05:24:55 pm Running Technology Scan for site icass.gov
2018:10:25 05:24:58 pm Running Technology Scan for site icbemp.gov
2018:10:25 05:25:01 pm Running Technology Scan for site ich.gov
2018:10:25 05:25:07 pm Running Technology Scan for site icjointduty.gov
2018:10:25 05:25:13 pm Running Technology Scan for site idealab.gov
2018:10:25 05:25:21 pm Running Technology Scan for site identitytheft.gov
2018:10:25 05:25:30 pm Running Technology Scan for site idmanagement.gov
2018:10:25 05:25:36 pm Running Technology Scan for site idtheft.gov
2018:10:25 05:25:45 pm Running Technology Scan for site iedison.gov
2018:10:25 05:26:32 pm Running Technology Scan for site ignet.gov
2018:10:25 05:27:41 pm Running Technology Scan for site ihs.gov
2018:10:25 05:27:49 pm Running Technology Scan for site imls.gov
2018:10:25 05:27:58 pm Running Technology Scan for site indianaffairs.gov
2018:10:25 05:28:01 pm Running Technology Scan for site inel.gov
2018:10:25 05:28:29 pm Running Technology Scan for site info.gov
2018:10:25 05:28:37 pm Running Technology Scan for site inl.gov
2018:10:25 05:29:22 pm Running Technology Scan for site insurekidsnow.gov
2018:10:25 05:29:28 pm Running Technology Scan for site integrity.gov
2018:10:25 05:29:38 pm Running Technology Scan for site intelink.gov
2018:10:25 05:30:16 pm Running Technology Scan for site intelligence.gov
2018:10:25 05:30:24 pm Running Technology Scan for site intelligencecareers.gov
2018:10:25 05:30:32 pm Running Technology Scan for site interior.gov
2018:10:25 05:30:35 pm Running Technology Scan for site interpol.gov
2018:10:25 05:30:42 pm Running Technology Scan for site invasivespecies.gov
2018:10:25 05:30:46 pm Running Technology Scan for site invasivespeciesinfo.gov
2018:10:25 05:30:52 pm Running Technology Scan for site investor.gov
2018:10:25 05:30:58 pm Running Technology Scan for site ioss.gov
2018:10:25 05:31:03 pm Running Technology Scan for site ipac.gov
2018:10:25 05:31:23 pm Running Technology Scan for site ipm.gov
2018:10:25 05:31:29 pm Running Technology Scan for site ipp.gov
2018:10:25 05:31:34 pm Running Technology Scan for site iprcenter.gov
2018:10:25 05:31:40 pm Running Technology Scan for site irs.gov
2018:10:25 05:32:32 pm Running Technology Scan for site irsauctions.gov
2018:10:25 05:32:37 pm Running Technology Scan for site irssales.gov
2018:10:25 05:32:43 pm Running Technology Scan for site irsvideos.gov
2018:10:25 05:32:50 pm Running Technology Scan for site ise.gov
2018:10:25 05:32:55 pm Running Technology Scan for site isitdoneyet.gov
2018:10:25 05:33:02 pm Running Technology Scan for site itap.gov
2018:10:25 05:33:08 pm Running Technology Scan for site itdashboard.gov
2018:10:25 05:33:14 pm Running Technology Scan for site itis.gov
2018:10:25 05:33:21 pm Running Technology Scan for site itrd.gov
2018:10:25 05:33:24 pm Running Technology Scan for site its.gov
2018:10:25 05:33:29 pm Running Technology Scan for site jamesmadison.gov
2018:10:25 05:33:34 pm Running Technology Scan for site jccs.gov
2018:10:25 05:33:37 pm Running Technology Scan for site jem.gov
2018:10:25 05:33:43 pm Running Technology Scan for site jimmycarterlibrary.gov
2018:10:25 05:33:51 pm Running Technology Scan for site jobcorps.gov
2018:10:25 05:33:58 pm Running Technology Scan for site justice.gov
2018:10:25 05:34:05 pm Running Technology Scan for site justthinktwice.gov
2018:10:25 05:34:13 pm Running Technology Scan for site juvenilecouncil.gov
2018:10:25 05:34:17 pm Running Technology Scan for site jwod.gov
2018:10:25 05:34:25 pm Running Technology Scan for site kids.gov
2018:10:25 05:34:35 pm Running Technology Scan for site klamathrestoration.gov
2018:10:25 05:34:42 pm Running Technology Scan for site labor.gov
2018:10:25 05:35:02 pm Running Technology Scan for site lacoast.gov
2018:10:25 05:35:12 pm Running Technology Scan for site landfire.gov
2018:10:25 05:35:17 pm Running Technology Scan for site landimaging.gov
2018:10:25 05:35:24 pm Running Technology Scan for site lanl.gov
2018:10:25 05:35:32 pm Running Technology Scan for site lbl.gov
2018:10:25 05:35:37 pm Running Technology Scan for site lca.gov
2018:10:25 05:35:44 pm Running Technology Scan for site lcacommons.gov
2018:10:25 05:35:53 pm Running Technology Scan for site lcrmscp.gov
2018:10:25 05:36:01 pm Running Technology Scan for site learnatf.gov
2018:10:25 05:36:06 pm Running Technology Scan for site learndoj.gov
2018:10:25 05:36:11 pm Running Technology Scan for site lep.gov
2018:10:25 05:36:18 pm Running Technology Scan for site letgirlslearn.gov
2018:10:25 05:36:24 pm Running Technology Scan for site lifeline.gov
2018:10:25 05:36:33 pm Running Technology Scan for site listo.gov
2018:10:25 05:36:40 pm Running Technology Scan for site llnl.gov
2018:10:25 05:36:46 pm Running Technology Scan for site lmrcouncil.gov
2018:10:25 05:36:49 pm Running Technology Scan for site lmvsci.gov
2018:10:25 05:37:01 pm Running Technology Scan for site locatorplus.gov
2018:10:25 05:37:12 pm Running Technology Scan for site login.gov
2018:10:25 05:37:18 pm Running Technology Scan for site longtermcare.gov
2018:10:25 05:37:23 pm Running Technology Scan for site lps.gov
2018:10:25 05:37:30 pm Running Technology Scan for site lsc.gov
2018:10:25 05:37:36 pm Running Technology Scan for site macpac.gov
2018:10:25 05:37:44 pm Running Technology Scan for site mail.gov
2018:10:25 05:37:48 pm Running Technology Scan for site makinghomeaffordable.gov
2018:10:25 05:37:54 pm Running Technology Scan for site malwareinvestigator.gov
2018:10:25 05:38:23 pm Running Technology Scan for site manufacturing.gov
2018:10:25 05:38:28 pm Running Technology Scan for site marine.gov
2018:10:25 05:38:32 pm Running Technology Scan for site marinecadastre.gov
2018:10:25 05:39:24 pm Running Technology Scan for site max.gov
2018:10:25 05:39:30 pm Running Technology Scan for site mbda.gov
2018:10:25 05:40:42 pm Running Technology Scan for site mcc.gov
2018:10:25 05:40:51 pm Running Technology Scan for site medalofvalor.gov
2018:10:25 05:40:58 pm Running Technology Scan for site medicaid.gov
2018:10:25 05:41:04 pm Running Technology Scan for site medicalcountermeasures.gov
2018:10:25 05:41:11 pm Running Technology Scan for site medicare.gov
2018:10:25 05:41:18 pm Running Technology Scan for site medlineplus.gov
2018:10:25 05:41:26 pm Running Technology Scan for site medpac.gov
2018:10:25 05:41:32 pm Running Technology Scan for site mentalhealth.gov
2018:10:25 05:41:39 pm Running Technology Scan for site mentor.gov
2018:10:25 05:41:43 pm Running Technology Scan for site mesh.gov
2018:10:25 05:41:51 pm Running Technology Scan for site mgi.gov
2018:10:25 05:42:32 pm Running Technology Scan for site mha.gov
2018:10:25 05:42:38 pm Running Technology Scan for site mitigationcommission.gov
2018:10:25 05:42:42 pm Running Technology Scan for site mlkday.gov
2018:10:25 05:42:50 pm Running Technology Scan for site mmc.gov
2018:10:25 05:42:55 pm Running Technology Scan for site mojavedata.gov
2018:10:25 05:43:04 pm Running Technology Scan for site moneyfactory.gov
2018:10:25 05:43:12 pm Running Technology Scan for site moneyfactorystore.gov
2018:10:25 05:43:17 pm Running Technology Scan for site mrlc.gov
2018:10:25 05:43:20 pm Running Technology Scan for site msb.gov
2018:10:25 05:43:25 pm Running Technology Scan for site msha.gov
2018:10:25 05:43:29 pm Running Technology Scan for site mspb.gov
2018:10:25 05:43:34 pm Running Technology Scan for site mtbs.gov
2018:10:25 05:43:42 pm Running Technology Scan for site mycreditunion.gov
2018:10:25 05:43:47 pm Running Technology Scan for site myira.gov
2018:10:25 05:43:55 pm Running Technology Scan for site mymedicare.gov
2018:10:25 05:44:01 pm Running Technology Scan for site mymoney.gov
2018:10:25 05:44:08 pm Running Technology Scan for site myplate.gov
2018:10:25 05:44:14 pm Running Technology Scan for site myra.gov
2018:10:25 05:44:22 pm Running Technology Scan for site nafri.gov
2018:10:25 05:44:34 pm Running Technology Scan for site nagb.gov
2018:10:25 05:45:27 pm Running Technology Scan for site namus.gov
2018:10:25 05:45:36 pm Running Technology Scan for site nano.gov
2018:10:25 05:45:42 pm Running Technology Scan for site nara.gov
2018:10:25 05:45:50 pm Running Technology Scan for site nasa.gov
2018:10:25 05:45:58 pm Running Technology Scan for site nationalbank.gov
2018:10:25 05:46:04 pm Running Technology Scan for site nationalbankhelp.gov
2018:10:25 05:46:09 pm Running Technology Scan for site nationalbanknet.gov
2018:10:25 05:46:14 pm Running Technology Scan for site nationalgangcenter.gov
2018:10:25 05:46:20 pm Running Technology Scan for site nationalhousing.gov
2018:10:25 05:47:04 pm Running Technology Scan for site nationalhousinglocator.gov
2018:10:25 05:47:48 pm Running Technology Scan for site nationalmap.gov
2018:10:25 05:48:01 pm Running Technology Scan for site nationalresourcedirectory.gov
2018:10:25 05:48:10 pm Running Technology Scan for site nationalservice.gov
2018:10:25 05:48:15 pm Running Technology Scan for site nationalserviceresources.gov
2018:10:25 05:48:18 pm Running Technology Scan for site nationsreportcard.gov
2018:10:25 05:48:48 pm Running Technology Scan for site nativeonestop.gov
2018:10:25 05:48:56 pm Running Technology Scan for site navycash.gov
2018:10:25 05:48:59 pm Running Technology Scan for site nbc.gov
2018:10:25 05:49:02 pm Running Technology Scan for site nbib.gov
2018:10:25 05:49:08 pm Running Technology Scan for site nbm.gov
2018:10:25 05:49:14 pm Running Technology Scan for site nbrc.gov
2018:10:25 05:49:20 pm Running Technology Scan for site ncd.gov
2018:10:25 05:49:25 pm Running Technology Scan for site ncifcrf.gov
2018:10:25 05:49:35 pm Running Technology Scan for site ncirc.gov
2018:10:25 05:49:40 pm Running Technology Scan for site ncix.gov
2018:10:25 05:49:44 pm Running Technology Scan for site ncjrs.gov
2018:10:25 05:49:52 pm Running Technology Scan for site ncpc.gov
2018:10:25 05:49:58 pm Running Technology Scan for site ncpw.gov
2018:10:25 05:50:04 pm Running Technology Scan for site ncsc.gov
2018:10:25 05:50:10 pm Running Technology Scan for site nctc.gov
2018:10:25 05:50:15 pm Running Technology Scan for site ncua.gov
2018:10:25 05:50:23 pm Running Technology Scan for site nea.gov
2018:10:25 05:50:28 pm Running Technology Scan for site neglecteddiseases.gov
2018:10:25 05:50:37 pm Running Technology Scan for site neh.gov
2018:10:25 05:50:45 pm Running Technology Scan for site nehrp.gov
2018:10:25 05:50:50 pm Running Technology Scan for site nel.gov
2018:10:25 05:50:56 pm Running Technology Scan for site nemi.gov
2018:10:25 05:51:04 pm Running Technology Scan for site nepa.gov
2018:10:25 05:51:48 pm Running Technology Scan for site nersc.gov
2018:10:25 05:51:57 pm Running Technology Scan for site neup.gov
2018:10:25 05:52:40 pm Running Technology Scan for site nfpors.gov
2018:10:25 05:52:44 pm Running Technology Scan for site nga.gov
2018:10:25 05:52:53 pm Running Technology Scan for site ngc.gov
2018:10:25 05:52:59 pm Running Technology Scan for site nhl.gov
2018:10:25 05:53:43 pm Running Technology Scan for site nhtsa.gov
2018:10:25 05:53:49 pm Running Technology Scan for site nic.gov
2018:10:25 05:53:54 pm Running Technology Scan for site nicic.gov
2018:10:25 05:54:02 pm Running Technology Scan for site nicsezcheckfbi.gov
2018:10:25 05:54:06 pm Running Technology Scan for site niem.gov
2018:10:25 05:54:13 pm Running Technology Scan for site nifc.gov
2018:10:25 05:54:19 pm Running Technology Scan for site nigc.gov
2018:10:25 05:54:27 pm Running Technology Scan for site nih.gov
2018:10:25 05:54:56 pm Running Technology Scan for site nihseniorhealth.gov
2018:10:25 05:54:59 pm Running Technology Scan for site niosh.gov
2018:10:25 05:55:02 pm Running Technology Scan for site nist.gov
2018:10:25 05:55:07 pm Running Technology Scan for site nitrd.gov
2018:10:25 05:55:14 pm Running Technology Scan for site nixonlibrary.gov
2018:10:25 05:55:20 pm Running Technology Scan for site nlm.gov
2018:10:25 05:55:29 pm Running Technology Scan for site nlrb.gov
2018:10:25 05:55:40 pm Running Technology Scan for site nls.gov
2018:10:25 05:56:24 pm Running Technology Scan for site nmb.gov
2018:10:25 05:56:28 pm Running Technology Scan for site nmsc.gov
2018:10:25 05:57:17 pm Running Technology Scan for site nmvtis.gov
2018:10:25 05:57:23 pm Running Technology Scan for site nnlm.gov
2018:10:25 05:57:57 pm Running Technology Scan for site nnss.gov
2018:10:25 05:58:07 pm Running Technology Scan for site noaa.gov
2018:10:25 05:58:34 pm Running Technology Scan for site nps.gov
2018:10:25 05:58:40 pm Running Technology Scan for site nrc.gov
2018:10:25 05:58:48 pm Running Technology Scan for site nrd.gov
2018:10:25 05:58:58 pm Running Technology Scan for site nrel.gov
2018:10:25 05:59:53 pm Running Technology Scan for site nro.gov
2018:10:25 05:59:56 pm Running Technology Scan for site nrojr.gov
2018:10:25 06:00:04 pm Running Technology Scan for site nsa.gov
2018:10:25 06:00:09 pm Running Technology Scan for site nsep.gov
2018:10:25 06:00:16 pm Running Technology Scan for site nsf.gov
2018:10:25 06:00:32 pm Running Technology Scan for site nsopr.gov
2018:10:25 06:00:40 pm Running Technology Scan for site nsopw.gov
2018:10:25 06:00:45 pm Running Technology Scan for site ntis.gov
2018:10:25 06:00:50 pm Running Technology Scan for site ntsb.gov
2018:10:25 06:00:56 pm Running Technology Scan for site nutrition.gov
2018:10:25 06:01:04 pm Running Technology Scan for site nutritionevidencelibrary.gov
2018:10:25 06:01:15 pm Running Technology Scan for site nvtc.gov
2018:10:25 06:01:23 pm Running Technology Scan for site nwbc.gov
2018:10:25 06:01:31 pm Running Technology Scan for site nwcg.gov
2018:10:25 06:01:40 pm Running Technology Scan for site nwtrb.gov
2018:10:25 06:01:52 pm Running Technology Scan for site occ.gov
2018:10:25 06:02:04 pm Running Technology Scan for site occhelps.gov
2018:10:25 06:02:10 pm Running Technology Scan for site odni.gov
2018:10:25 06:02:16 pm Running Technology Scan for site oea.gov
2018:10:25 06:02:24 pm Running Technology Scan for site ofcm.gov
2018:10:25 06:02:32 pm Running Technology Scan for site ofda.gov
2018:10:25 06:02:37 pm Running Technology Scan for site oge.gov
2018:10:25 06:02:43 pm Running Technology Scan for site ogis.gov
2018:10:25 06:02:50 pm Running Technology Scan for site ojjdp.gov
2018:10:25 06:02:57 pm Running Technology Scan for site omb.gov
2018:10:25 06:03:05 pm Running Technology Scan for site ondcp.gov
2018:10:25 06:03:15 pm Running Technology Scan for site onguardonline.gov
2018:10:25 06:03:20 pm Running Technology Scan for site onhir.gov
2018:10:25 06:03:26 pm Running Technology Scan for site onrr.gov
2018:10:25 06:03:31 pm Running Technology Scan for site openinternet.gov
2018:10:25 06:03:36 pm Running Technology Scan for site opensource.gov
2018:10:25 06:03:41 pm Running Technology Scan for site opic.gov
2018:10:25 06:03:48 pm Running Technology Scan for site opm.gov
2018:10:25 06:03:54 pm Running Technology Scan for site orau.gov
2018:10:25 06:04:07 pm Running Technology Scan for site organdonor.gov
2018:10:25 06:04:18 pm Running Technology Scan for site ornl.gov
2018:10:25 06:04:31 pm Running Technology Scan for site osac.gov
2018:10:25 06:04:40 pm Running Technology Scan for site osc.gov
2018:10:25 06:04:49 pm Running Technology Scan for site osha.gov
2018:10:25 06:04:57 pm Running Technology Scan for site oshrc.gov
2018:10:25 06:05:04 pm Running Technology Scan for site osmre.gov
2018:10:25 06:05:11 pm Running Technology Scan for site osti.gov
2018:10:25 06:05:17 pm Running Technology Scan for site ostp.gov
2018:10:25 06:05:32 pm Running Technology Scan for site ots.gov
2018:10:25 06:05:52 pm Running Technology Scan for site ourdocuments.gov
2018:10:25 06:06:05 pm Running Technology Scan for site ovc.gov
2018:10:25 06:06:15 pm Running Technology Scan for site ovcttac.gov
2018:10:25 06:06:23 pm Running Technology Scan for site oversight.gov
2018:10:25 06:07:32 pm Running Technology Scan for site pandemicflu.gov
2018:10:25 06:07:41 pm Running Technology Scan for site papahanaumokuakea.gov
2018:10:25 06:08:11 pm Running Technology Scan for site patriotbonds.gov
2018:10:25 06:08:16 pm Running Technology Scan for site pay.gov
2018:10:25 06:08:24 pm Running Technology Scan for site paymentaccuracy.gov
2018:10:25 06:08:30 pm Running Technology Scan for site pbgc.gov
2018:10:25 06:09:39 pm Running Technology Scan for site pclob.gov
2018:10:25 06:09:45 pm Running Technology Scan for site peacecorps.gov
2018:10:25 06:09:50 pm Running Technology Scan for site pentagon.gov
2018:10:25 06:09:54 pm Running Technology Scan for site pepfar.gov
2018:10:25 06:10:06 pm Running Technology Scan for site performance.gov
2018:10:25 06:10:15 pm Running Technology Scan for site phe.gov
2018:10:25 06:10:22 pm Running Technology Scan for site pic.gov
2018:10:25 06:10:27 pm Running Technology Scan for site piedrasblancas.gov
2018:10:25 06:10:33 pm Running Technology Scan for site pif.gov
2018:10:25 06:10:39 pm Running Technology Scan for site plainlanguage.gov
2018:10:25 06:10:45 pm Running Technology Scan for site pmf.gov
2018:10:25 06:10:51 pm Running Technology Scan for site pmi.gov
2018:10:25 06:11:01 pm Running Technology Scan for site pnl.gov
2018:10:25 06:11:14 pm Running Technology Scan for site pnnl.gov
2018:10:25 06:11:24 pm Running Technology Scan for site poolsafely.gov
2018:10:25 06:11:33 pm Running Technology Scan for site poolsafety.gov
2018:10:25 06:11:42 pm Running Technology Scan for site postoffice.gov
2018:10:25 06:11:46 pm Running Technology Scan for site ppirs.gov
2018:10:25 06:11:52 pm Running Technology Scan for site pppl.gov
2018:10:25 06:12:03 pm Running Technology Scan for site pracomment.gov
2018:10:25 06:12:07 pm Running Technology Scan for site prc.gov
2018:10:25 06:12:16 pm Running Technology Scan for site pregunteleakaren.gov
2018:10:25 06:12:21 pm Running Technology Scan for site preserveamerica.gov
2018:10:25 06:12:30 pm Running Technology Scan for site presidentialinnovationfellows.gov
2018:10:25 06:12:36 pm Running Technology Scan for site presidentialserviceawards.gov
2018:10:25 06:12:45 pm Running Technology Scan for site presidio.gov
2018:10:25 06:12:55 pm Running Technology Scan for site pretrialservices.gov
2018:10:25 06:13:39 pm Running Technology Scan for site privacyshield.gov
2018:10:25 06:13:47 pm Running Technology Scan for site projectsafechildhood.gov
2018:10:25 06:14:04 pm Running Technology Scan for site projectsafeneighborhoods.gov
2018:10:25 06:14:13 pm Running Technology Scan for site protecciondelconsumidor.gov
2018:10:25 06:14:19 pm Running Technology Scan for site protectyourmove.gov
2018:10:25 06:14:24 pm Running Technology Scan for site psa.gov
2018:10:25 06:15:08 pm Running Technology Scan for site psc.gov
2018:10:25 06:15:19 pm Running Technology Scan for site pscr.gov
2018:10:25 06:15:25 pm Running Technology Scan for site psob.gov
2018:10:25 06:15:35 pm Running Technology Scan for site ptf.gov
2018:10:25 06:15:40 pm Running Technology Scan for site pubmed.gov
2018:10:25 06:16:22 pm Running Technology Scan for site qart.gov
2018:10:25 06:16:30 pm Running Technology Scan for site qatesttwai.gov
2018:10:25 06:16:34 pm Running Technology Scan for site quic.gov
2018:10:25 06:16:39 pm Running Technology Scan for site rcfl.gov
2018:10:25 06:16:45 pm Running Technology Scan for site ready.gov
2018:10:25 06:16:53 pm Running Technology Scan for site readybusiness.gov
2018:10:25 06:17:00 pm Running Technology Scan for site reaganlibrary.gov
2018:10:25 06:17:08 pm Running Technology Scan for site realestatesales.gov
2018:10:25 06:17:14 pm Running Technology Scan for site realpropertyprofile.gov
2018:10:25 06:17:22 pm Running Technology Scan for site recalls.gov
2018:10:25 06:17:27 pm Running Technology Scan for site recoverymonth.gov
2018:10:25 06:17:37 pm Running Technology Scan for site recreation.gov
2018:10:25 06:17:43 pm Running Technology Scan for site reginfo.gov
2018:10:25 06:17:49 pm Running Technology Scan for site regulations.gov
2018:10:25 06:17:55 pm Running Technology Scan for site relocatefeds.gov
2018:10:25 06:18:02 pm Running Technology Scan for site reo.gov
2018:10:25 06:18:11 pm Running Technology Scan for site reportband.gov
2018:10:25 06:18:18 pm Running Technology Scan for site research.gov
2018:10:25 06:18:25 pm Running Technology Scan for site restorethegulf.gov
2018:10:25 06:18:55 pm Running Technology Scan for site rivers.gov
2018:10:25 06:19:01 pm Running Technology Scan for site robodeidentidad.gov
2018:10:25 06:19:10 pm Running Technology Scan for site rocis.gov
2018:10:25 06:19:15 pm Running Technology Scan for site rrb.gov
2018:10:25 06:19:24 pm Running Technology Scan for site sac.gov
2018:10:25 06:19:28 pm Running Technology Scan for site safecom.gov
2018:10:25 06:19:31 pm Running Technology Scan for site safecomprogram.gov
2018:10:25 06:19:40 pm Running Technology Scan for site safeocs.gov
2018:10:25 06:19:47 pm Running Technology Scan for site safercar.gov
2018:10:25 06:19:52 pm Running Technology Scan for site saferproduct.gov
2018:10:25 06:19:59 pm Running Technology Scan for site saferproducts.gov
2018:10:25 06:20:06 pm Running Technology Scan for site safertruck.gov
2018:10:25 06:20:14 pm Running Technology Scan for site safetyact.gov
2018:10:25 06:20:20 pm Running Technology Scan for site safetyvideos.gov
2018:10:25 06:20:26 pm Running Technology Scan for site safeyouth.gov
2018:10:25 06:20:46 pm Running Technology Scan for site salmonrecovery.gov
2018:10:25 06:20:55 pm Running Technology Scan for site sam.gov
2018:10:25 06:21:03 pm Running Technology Scan for site samhsa.gov
2018:10:25 06:21:11 pm Running Technology Scan for site sandia.gov
2018:10:25 06:21:20 pm Running Technology Scan for site savingsbond.gov
2018:10:25 06:21:25 pm Running Technology Scan for site savingsbonds.gov
2018:10:25 06:21:32 pm Running Technology Scan for site savingsbondwizard.gov
2018:10:25 06:21:40 pm Running Technology Scan for site sba.gov
2018:10:25 06:21:49 pm Running Technology Scan for site sbir.gov
2018:10:25 06:21:54 pm Running Technology Scan for site sbst.gov
2018:10:25 06:22:02 pm Running Technology Scan for site science.gov
2018:10:25 06:22:07 pm Running Technology Scan for site science360.gov
2018:10:25 06:22:12 pm Running Technology Scan for site sciencebase.gov
2018:10:25 06:22:20 pm Running Technology Scan for site scra.gov
2018:10:25 06:22:29 pm Running Technology Scan for site sdr.gov
2018:10:25 06:22:33 pm Running Technology Scan for site sec.gov
2018:10:25 06:22:40 pm Running Technology Scan for site secretservice.gov
2018:10:25 06:22:43 pm Running Technology Scan for site section508.gov
2018:10:25 06:22:49 pm Running Technology Scan for site seguridadconsumidor.gov
2018:10:25 06:22:56 pm Running Technology Scan for site segurosocial.gov
2018:10:25 06:23:49 pm Running Technology Scan for site selectagents.gov
2018:10:25 06:23:52 pm Running Technology Scan for site selectusa.gov
2018:10:25 06:23:59 pm Running Technology Scan for site seniorcorps.gov
2018:10:25 06:24:04 pm Running Technology Scan for site sentinel.gov
2018:10:25 06:24:12 pm Running Technology Scan for site serve.gov
2018:10:25 06:24:20 pm Running Technology Scan for site service.gov
2018:10:25 06:24:23 pm Running Technology Scan for site servicemembers.gov
2018:10:25 06:24:34 pm Running Technology Scan for site sftool.gov
2018:10:25 06:24:44 pm Running Technology Scan for site sharetheroadsafely.gov
2018:10:25 06:24:49 pm Running Technology Scan for site sierrawild.gov
2018:10:25 06:24:55 pm Running Technology Scan for site sigtarp.gov
2018:10:25 06:24:59 pm Running Technology Scan for site siteidiq.gov
2018:10:25 06:25:03 pm Running Technology Scan for site sji.gov
2018:10:25 06:26:03 pm Running Technology Scan for site slgs.gov
2018:10:25 06:26:11 pm Running Technology Scan for site smartcheck.gov
2018:10:25 06:26:17 pm Running Technology Scan for site smartgrid.gov
2018:10:25 06:26:28 pm Running Technology Scan for site smokefree.gov
2018:10:25 06:27:16 pm Running Technology Scan for site snap.gov
2018:10:25 06:27:21 pm Running Technology Scan for site socialsecurity.gov
2018:10:25 06:28:14 pm Running Technology Scan for site solardecathlon.gov
2018:10:25 06:28:20 pm Running Technology Scan for site spaceweather.gov
2018:10:25 06:28:48 pm Running Technology Scan for site spectrum.gov
2018:10:25 06:28:54 pm Running Technology Scan for site srs.gov
2018:10:25 06:28:58 pm Running Technology Scan for site ssa.gov
2018:10:25 06:29:51 pm Running Technology Scan for site ssab.gov
2018:10:25 06:29:57 pm Running Technology Scan for site sss.gov
2018:10:25 06:30:04 pm Running Technology Scan for site standards.gov
2018:10:25 06:30:09 pm Running Technology Scan for site state.gov
2018:10:25 06:30:15 pm Running Technology Scan for site stateoig.gov
2018:10:25 06:30:18 pm Running Technology Scan for site stb.gov
2018:10:25 06:30:25 pm Running Technology Scan for site stopalcoholabuse.gov
2018:10:25 06:30:31 pm Running Technology Scan for site stopbullying.gov
2018:10:25 06:30:36 pm Running Technology Scan for site stopfakes.gov
2018:10:25 06:30:44 pm Running Technology Scan for site stopfraud.gov
2018:10:25 06:30:53 pm Running Technology Scan for site strongports.gov
2018:10:25 06:31:01 pm Running Technology Scan for site studentaid.gov
2018:10:25 06:31:32 pm Running Technology Scan for site studentloans.gov
2018:10:25 06:32:28 pm Running Technology Scan for site surgeongeneral.gov
2018:10:25 06:32:33 pm Running Technology Scan for site sustainability.gov
2018:10:25 06:32:39 pm Running Technology Scan for site sustainablecommunities.gov
2018:10:25 06:32:43 pm Running Technology Scan for site swpa.gov
2018:10:25 06:33:27 pm Running Technology Scan for site symbols.gov
2018:10:25 06:33:33 pm Running Technology Scan for site taaps.gov
2018:10:25 06:33:38 pm Running Technology Scan for site tax.gov
2018:10:25 06:33:44 pm Running Technology Scan for site telework.gov
2018:10:25 06:33:51 pm Running Technology Scan for site tfhrc.gov
2018:10:25 06:33:54 pm Running Technology Scan for site thecoolspot.gov
2018:10:25 06:34:44 pm Running Technology Scan for site therealcost.gov
2018:10:25 06:34:50 pm Running Technology Scan for site thisfreelife.gov
2018:10:25 06:34:56 pm Running Technology Scan for site tigta.gov
2018:10:25 06:35:02 pm Running Technology Scan for site time.gov
2018:10:25 06:35:06 pm Running Technology Scan for site tobacco.gov
2018:10:25 06:35:11 pm Running Technology Scan for site tox21.gov
2018:10:25 06:35:41 pm Running Technology Scan for site trade.gov
2018:10:25 06:35:46 pm Running Technology Scan for site trafficsafetymarketing.gov
2018:10:25 06:35:56 pm Running Technology Scan for site transparency.gov
2018:10:25 06:35:59 pm Running Technology Scan for site transportation.gov
2018:10:25 06:36:05 pm Running Technology Scan for site treas.gov
2018:10:25 06:36:38 pm Running Technology Scan for site treaslockbox.gov
2018:10:25 06:36:43 pm Running Technology Scan for site treasury.gov
2018:10:25 06:37:16 pm Running Technology Scan for site treasuryauctions.gov
2018:10:25 06:37:21 pm Running Technology Scan for site treasurydirect.gov
2018:10:25 06:37:26 pm Running Technology Scan for site treasuryhunt.gov
2018:10:25 06:37:30 pm Running Technology Scan for site treasuryscams.gov
2018:10:25 06:37:39 pm Running Technology Scan for site tribaljusticeandsafety.gov
2018:10:25 06:37:47 pm Running Technology Scan for site truman.gov
2018:10:25 06:37:53 pm Running Technology Scan for site tsa.gov
2018:10:25 06:37:58 pm Running Technology Scan for site tsc.gov
2018:10:25 06:38:01 pm Running Technology Scan for site tsp.gov
2018:10:25 06:38:08 pm Running Technology Scan for site tsunami.gov
2018:10:25 06:38:15 pm Running Technology Scan for site tswg.gov
2018:10:25 06:38:22 pm Running Technology Scan for site ttb.gov
2018:10:25 06:38:30 pm Running Technology Scan for site ttbonline.gov
2018:10:25 06:38:38 pm Running Technology Scan for site tva.gov
2018:10:25 06:38:45 pm Running Technology Scan for site tvaoig.gov
2018:10:25 06:38:49 pm Running Technology Scan for site ucrdatatool.gov
2018:10:25 06:38:53 pm Running Technology Scan for site udall.gov
2018:10:25 06:39:01 pm Running Technology Scan for site unicor.gov
2018:10:25 06:39:07 pm Running Technology Scan for site unionreports.gov
2018:10:25 06:39:16 pm Running Technology Scan for site unitedstates.gov
2018:10:25 06:39:24 pm Running Technology Scan for site unlocktalent.gov
2018:10:25 06:39:30 pm Running Technology Scan for site urbanwaters.gov
2018:10:25 06:39:36 pm Running Technology Scan for site us-cert.gov
2018:10:25 06:39:40 pm Running Technology Scan for site us.gov
2018:10:25 06:39:49 pm Running Technology Scan for site usa.gov
2018:10:25 06:39:58 pm Running Technology Scan for site usability.gov
2018:10:25 06:40:07 pm Running Technology Scan for site usadf.gov
2018:10:25 06:40:11 pm Running Technology Scan for site usagov.gov
2018:10:25 06:40:19 pm Running Technology Scan for site usaid.gov
2018:10:25 06:40:24 pm Running Technology Scan for site usajobs.gov
2018:10:25 06:40:31 pm Running Technology Scan for site usalearning.gov
2018:10:25 06:40:37 pm Running Technology Scan for site usap.gov
2018:10:25 06:41:21 pm Running Technology Scan for site usaseanconnect.gov
2018:10:25 06:41:28 pm Running Technology Scan for site usaspending.gov
2018:10:25 06:41:34 pm Running Technology Scan for site usastaffing.gov
2018:10:25 06:41:40 pm Running Technology Scan for site usbr.gov
2018:10:25 06:41:46 pm Running Technology Scan for site usccr.gov
2018:10:25 06:41:51 pm Running Technology Scan for site uscirf.gov
2018:10:25 06:41:56 pm Running Technology Scan for site uscis.gov
2018:10:25 06:42:02 pm Running Technology Scan for site usconsulate.gov
2018:10:25 06:42:37 pm Running Technology Scan for site uscurrency.gov
2018:10:25 06:42:44 pm Running Technology Scan for site usda.gov
2018:10:25 06:42:49 pm Running Technology Scan for site usdebitcard.gov
2018:10:25 06:42:54 pm Running Technology Scan for site usdigitalservice.gov
2018:10:25 06:42:59 pm Running Technology Scan for site usdoj.gov
2018:10:25 06:43:06 pm Running Technology Scan for site usds.gov
2018:10:25 06:43:11 pm Running Technology Scan for site usembassy.gov
2018:10:25 06:43:18 pm Running Technology Scan for site userra.gov
2018:10:25 06:43:23 pm Running Technology Scan for site usgcrp.gov
2018:10:25 06:43:29 pm Running Technology Scan for site usgovernment.gov
2018:10:25 06:43:32 pm Running Technology Scan for site usgs.gov
2018:10:25 06:43:39 pm Running Technology Scan for site usich.gov
2018:10:25 06:43:44 pm Running Technology Scan for site usip.gov
2018:10:25 06:43:51 pm Running Technology Scan for site usitc.gov
2018:10:25 06:43:56 pm Running Technology Scan for site usmarshals.gov
2018:10:25 06:44:02 pm Running Technology Scan for site usmint.gov
2018:10:25 06:44:08 pm Running Technology Scan for site usmission.gov
2018:10:25 06:44:13 pm Running Technology Scan for site usphs.gov
2018:10:25 06:44:17 pm Running Technology Scan for site uspis.gov
2018:10:25 06:44:20 pm Running Technology Scan for site usps.gov
2018:10:25 06:44:23 pm Running Technology Scan for site uspsinnovates.gov
2018:10:25 06:44:28 pm Running Technology Scan for site uspsoig.gov
2018:10:25 06:44:34 pm Running Technology Scan for site uspto.gov
2018:10:25 06:44:42 pm Running Technology Scan for site ussm.gov
2018:10:25 06:44:50 pm Running Technology Scan for site ustda.gov
2018:10:25 06:44:55 pm Running Technology Scan for site ustr.gov
2018:10:25 06:45:05 pm Running Technology Scan for site ustreas.gov
2018:10:25 06:45:37 pm Running Technology Scan for site utahfireinfo.gov
2018:10:25 06:45:42 pm Running Technology Scan for site va.gov
2018:10:25 06:45:49 pm Running Technology Scan for site vaccines.gov
2018:10:25 06:45:57 pm Running Technology Scan for site vcf.gov
2018:10:25 06:46:08 pm Running Technology Scan for site vef.gov
2018:10:25 06:46:13 pm Running Technology Scan for site vehiclehistory.gov
2018:10:25 06:46:19 pm Running Technology Scan for site vetbiz.gov
2018:10:25 06:46:33 pm Running Technology Scan for site veterans.gov
2018:10:25 06:46:38 pm Running Technology Scan for site vets.gov
2018:10:25 06:46:47 pm Running Technology Scan for site vistacampus.gov
2018:10:25 06:46:58 pm Running Technology Scan for site voa.gov
2018:10:25 06:47:02 pm Running Technology Scan for site volcano.gov
2018:10:25 06:47:10 pm Running Technology Scan for site volunteer.gov
2018:10:25 06:47:15 pm Running Technology Scan for site volunteeringinamerica.gov
2018:10:25 06:47:20 pm Running Technology Scan for site vote.gov
2018:10:25 06:47:26 pm Running Technology Scan for site votebymail.gov
2018:10:25 06:47:34 pm Running Technology Scan for site wapa.gov
2018:10:25 06:48:14 pm Running Technology Scan for site wartimecontracting.gov
2018:10:25 06:48:17 pm Running Technology Scan for site watermonitor.gov
2018:10:25 06:48:23 pm Running Technology Scan for site wdol.gov
2018:10:25 06:48:28 pm Running Technology Scan for site weather.gov
2018:10:25 06:48:34 pm Running Technology Scan for site webharvest.gov
2018:10:25 06:48:42 pm Running Technology Scan for site wh.gov
2018:10:25 06:48:48 pm Running Technology Scan for site whistleblower.gov
2018:10:25 06:48:56 pm Running Technology Scan for site whistleblowers.gov
2018:10:25 06:49:02 pm Running Technology Scan for site whitehouse.gov
2018:10:25 06:49:11 pm Running Technology Scan for site whitehouseconferenceonaging.gov
2018:10:25 06:49:15 pm Running Technology Scan for site whitehousedrugpolicy.gov
2018:10:25 06:49:22 pm Running Technology Scan for site wildlifeadaptationstrategy.gov
2018:10:25 06:49:27 pm Running Technology Scan for site wizard.gov
2018:10:25 06:49:36 pm Running Technology Scan for site wlci.gov
2018:10:25 06:49:45 pm Running Technology Scan for site womenshealth.gov
2018:10:25 06:49:51 pm Running Technology Scan for site worker.gov
2018:10:25 06:49:58 pm Running Technology Scan for site workplace.gov
2018:10:25 06:50:03 pm Running Technology Scan for site worldwar1centennial.gov
2018:10:25 06:50:06 pm Running Technology Scan for site wrp.gov
2018:10:25 06:50:29 pm Running Technology Scan for site ymp.gov
2018:10:25 06:51:13 pm Running Technology Scan for site youth.gov
2018:10:25 06:51:22 pm Running Technology Scan for site youthrules.gov
2018:10:25 06:51:31 pm Running Technology Scan for site atcreform.gov
2018:10:25 06:51:38 pm Running Technology Scan for site budgetlob.gov
2018:10:25 06:51:44 pm Running Technology Scan for site businessdefense.gov
2018:10:25 06:51:47 pm Running Technology Scan for site campusdrugprevention.gov
2018:10:25 06:51:54 pm Running Technology Scan for site casl.gov
2018:10:25 06:51:58 pm Running Technology Scan for site cdcpartners.gov
2018:10:25 06:52:01 pm Running Technology Scan for site df.gov
2018:10:25 06:52:05 pm Running Technology Scan for site e-verify.gov
2018:10:25 06:52:10 pm Running Technology Scan for site earthsystemprediction.gov
2018:10:25 06:52:52 pm Running Technology Scan for site everify.gov
2018:10:25 06:52:57 pm Running Technology Scan for site fueleconomy.gov
2018:10:25 06:53:03 pm Running Technology Scan for site isotope.gov
2018:10:25 06:53:09 pm Running Technology Scan for site isotopes.gov
2018:10:25 06:53:21 pm Running Technology Scan for site militaryconsumer.gov
2018:10:25 06:53:27 pm Running Technology Scan for site nccs.gov
2018:10:25 06:53:31 pm Running Technology Scan for site ncrc.gov
2018:10:25 06:53:35 pm Running Technology Scan for site ntrc.gov
2018:10:25 06:53:39 pm Running Technology Scan for site obamalibrary.gov
2018:10:25 06:53:47 pm Running Technology Scan for site obamawhitehouse.gov
2018:10:25 06:53:55 pm Running Technology Scan for site scidac.gov
2018:10:25 06:54:04 pm Running Technology Scan for site scijinks.gov
2018:10:25 06:54:11 pm Running Technology Scan for site smarterskies.gov
2018:10:25 06:54:17 pm Running Technology Scan for site smokeybear.gov
2018:10:25 06:54:22 pm Running Technology Scan for site sns.gov
2018:10:25 06:54:30 pm Running Technology Scan for site consumerfinancialbureau.gov
2018:10:25 06:54:56 pm Running Technology Scan for site digital.gov
2018:10:25 06:55:02 pm Running Technology Scan for site notalone.gov
2018:10:25 06:55:11 pm Running Technology Scan for site aftac.gov
2018:10:25 06:55:15 pm Running Technology Scan for site ag.gov
2018:10:25 06:55:23 pm Running Technology Scan for site arsusda.gov
2018:10:25 06:55:44 pm Running Technology Scan for site bjs.gov
2018:10:25 06:55:51 pm Running Technology Scan for site cerebrosano.gov
2018:10:25 06:56:38 pm Running Technology Scan for site cigie.gov
2018:10:25 06:57:12 pm Running Technology Scan for site clinicaltrial.gov
2018:10:25 06:57:15 pm Running Technology Scan for site consumersentinel.gov
2018:10:25 06:57:19 pm Running Technology Scan for site digitaldashboard.gov
2018:10:25 06:57:24 pm Running Technology Scan for site doeal.gov
2018:10:25 06:58:09 pm Running Technology Scan for site dol-esa.gov
2018:10:25 06:58:12 pm Running Technology Scan for site drugfreeworkplace.gov
2018:10:25 06:58:15 pm Running Technology Scan for site employer.gov
2018:10:25 06:58:30 pm Running Technology Scan for site fpki-lab.gov
2018:10:25 06:58:57 pm Running Technology Scan for site fpki.gov
2018:10:25 06:59:19 pm Running Technology Scan for site frb.gov
2018:10:25 06:59:28 pm Running Technology Scan for site heritageabroad.gov
2018:10:25 06:59:34 pm Running Technology Scan for site hirevets.gov
2018:10:25 06:59:43 pm Running Technology Scan for site identitysandbox.gov
2018:10:25 06:59:47 pm Running Technology Scan for site innovation.gov
2018:10:25 06:59:52 pm Running Technology Scan for site itc.gov
2018:10:25 06:59:55 pm Running Technology Scan for site jccbi.gov
2018:10:25 07:00:01 pm Running Technology Scan for site jusfc.gov
2018:10:25 07:00:10 pm Running Technology Scan for site mcctest.gov
2018:10:25 07:00:25 pm Running Technology Scan for site medline.gov
2018:10:25 07:00:49 pm Running Technology Scan for site mms.gov
2018:10:25 07:00:52 pm Running Technology Scan for site mtmc.gov
2018:10:25 07:00:55 pm Running Technology Scan for site nationalchildrensstudy.gov
2018:10:25 07:00:58 pm Running Technology Scan for site networx.gov
2018:10:25 07:01:01 pm Running Technology Scan for site nij.gov
2018:10:25 07:01:09 pm Running Technology Scan for site nrc-gateway.gov
2018:10:25 07:01:22 pm Running Technology Scan for site nrelhub.gov
2018:10:25 07:01:25 pm Running Technology Scan for site ojp.gov
2018:10:25 07:01:30 pm Running Technology Scan for site osis.gov
2018:10:25 07:01:34 pm Running Technology Scan for site pci.gov
2018:10:25 07:01:37 pm Running Technology Scan for site pitc.gov
2018:10:25 07:01:43 pm Running Technology Scan for site presidiotrust.gov
2018:10:25 07:01:47 pm Running Technology Scan for site ptt.gov
2018:10:25 07:02:02 pm Running Technology Scan for site reporting.gov
2018:10:25 07:02:10 pm Running Technology Scan for site rl.gov
2018:10:25 07:02:14 pm Running Technology Scan for site safecar.gov
2018:10:25 07:02:20 pm Running Technology Scan for site sandbox.gov
2018:10:25 07:02:23 pm Running Technology Scan for site search.gov
2018:10:25 07:02:28 pm Running Technology Scan for site smart.gov
2018:10:25 07:02:33 pm Running Technology Scan for site sworm.gov
2018:10:25 07:03:00 pm Running Technology Scan for site treasuryauction.gov
2018:10:25 07:03:28 pm Running Technology Scan for site twai.gov
2018:10:25 07:03:37 pm Running Technology Scan for site ucia.gov
2018:10:25 07:03:41 pm Running Technology Scan for site ugov.gov
2018:10:25 07:03:49 pm Running Technology Scan for site uscg.gov
2018:10:25 07:04:15 pm Running Technology Scan for site usss.gov
2018:10:25 07:04:18 pm Running Technology Scan for site whaging.gov
2018:10:25 07:04:26 pm Running Technology Scan for site ncr.gov
2018:10:25 07:04:29 pm Running Technology Scan for site mynextmove.gov
2018:10:25 07:04:33 pm Running Technology Scan for site 2020census.gov
2018:10:25 07:05:15 pm Running Technology Scan for site childcare.gov
2018:10:25 07:05:24 pm Running Technology Scan for site everytrycounts.gov
2018:10:25 07:05:50 pm Running Technology Scan for site farmers.gov
2018:10:25 07:05:59 pm Running Technology Scan for site ffb.gov
2018:10:25 07:06:04 pm Running Technology Scan for site intel.gov
2018:10:25 07:06:13 pm Running Technology Scan for site opioids.gov
2018:10:25 07:06:19 pm Running Technology Scan for site thepeoplesgarden.gov
2018:10:25 07:06:27 pm Running Technology Scan for site xd.gov
2018:10:25 07:07:08 pm Running Technology Scan for site foiaonline.gov
2018:10:25 07:07:13 pm Running Technology Scan for site abmcscholar.gov
2018:10:25 07:07:21 pm Running Technology Scan for site accessibility.gov
2018:10:25 07:07:29 pm Running Technology Scan for site crisisnextdoor.gov
2018:10:25 07:07:35 pm Running Technology Scan for site nationalmall.gov
2018:10:25 07:07:41 pm Running Technology Scan for site ntia.gov
2018:10:25 07:07:44 pm Running Technology Scan for site bebest.gov
2018:10:25 07:07:51 pm Running Technology Scan for site famep.gov
2018:10:25 07:07:55 pm Running Technology Scan for site apprenticeship.gov
2018:10:25 07:08:00 pm Running Technology Scan for site apprenticeships.gov
2018:10:25 07:08:05 pm Running Technology Scan for site fraho.gov
2018:10:25 07:08:13 pm Running Technology Scan for site ai.gov
2018:10:25 07:08:17 pm Running Technology Scan for site joinamericorps.gov
2018:10:25 07:08:22 pm Running Technology Scan for site osdls.gov
2018:10:25 07:08:30 pm Running Technology Scan for site usagm.gov
2018:10:25 07:08:38 pm Running Technology Scan for site mimm.gov
