2018:03:04 12:22:08 am Starting Scan
2018:03:04 12:22:08 am Running Technology Scan for site access-board.gov
2018:03:04 12:24:10 am Starting Scan
2018:03:04 12:24:10 am Running Technology Scan for site access-board.gov
2018:03:04 12:28:06 am Starting Scan
2018:03:04 12:28:06 am Running Technology Scan for site access-board.gov
2018:03:04 12:59:51 am Starting Scan
2018:03:04 12:59:51 am Running Technology Scan for site access-board.gov
2018:03:04 01:12:38 am Starting Scan
2018:03:04 01:12:38 am Running Technology Scan for site access-board.gov
2018:03:04 01:16:51 am Starting Scan
2018:03:04 01:16:51 am Running Technology Scan for site 18f.gov
2018:03:04 01:16:57 am Running Technology Scan for site 9-11commission.gov
2018:03:04 01:17:01 am Running Technology Scan for site 911.gov
2018:03:04 01:17:06 am Running Technology Scan for site 911commission.gov
2018:03:04 01:17:10 am Running Technology Scan for site aapi.gov
2018:03:04 01:17:15 am Running Technology Scan for site abandonedmines.gov
2018:03:04 01:17:38 am Running Technology Scan for site abilityone.gov
2018:03:04 01:17:44 am Running Technology Scan for site abmc.gov
2018:03:04 01:17:49 am Running Technology Scan for site access-board.gov
2018:03:04 01:17:54 am Running Technology Scan for site acf.gov
2018:03:04 01:18:05 am Running Technology Scan for site achp.gov
2018:03:04 01:18:09 am Running Technology Scan for site acl.gov
2018:03:04 01:18:17 am Running Technology Scan for site acquisition.gov
2018:03:04 01:18:26 am Running Technology Scan for site acus.gov
2018:03:04 01:18:31 am Running Technology Scan for site acwi.gov
2018:03:04 01:18:38 am Running Technology Scan for site ada.gov
2018:03:04 01:18:48 am Running Technology Scan for site adf.gov
2018:03:04 01:18:52 am Running Technology Scan for site adlnet.gov
2018:03:04 01:18:56 am Running Technology Scan for site admongo.gov
2018:03:04 01:19:02 am Running Technology Scan for site adr.gov
2018:03:04 01:19:10 am Running Technology Scan for site afadvantage.gov
2018:03:04 01:19:14 am Running Technology Scan for site aff.gov
2018:03:04 01:19:19 am Running Technology Scan for site afrh.gov
2018:03:04 01:19:23 am Running Technology Scan for site africanamericanhistorymonth.gov
2018:03:04 01:19:29 am Running Technology Scan for site afterschool.gov
2018:03:04 01:21:41 am Running Technology Scan for site aging.gov
2018:03:04 01:21:49 am Running Technology Scan for site agingstats.gov
2018:03:04 01:21:56 am Running Technology Scan for site ahcpr.gov
2018:03:04 01:22:05 am Running Technology Scan for site ahrq.gov
2018:03:04 01:22:11 am Running Technology Scan for site aidrefugees.gov
2018:03:04 01:22:14 am Running Technology Scan for site aids.gov
2018:03:04 01:22:23 am Running Technology Scan for site airnow.gov
2018:03:04 01:22:32 am Running Technology Scan for site alaskacenters.gov
2018:03:04 01:22:44 am Running Technology Scan for site alertaenlinea.gov
2018:03:04 01:22:50 am Running Technology Scan for site altusandc.gov
2018:03:04 01:22:55 am Running Technology Scan for site alzheimers.gov
2018:03:04 01:23:20 am Running Technology Scan for site ama.gov
2018:03:04 01:23:50 am Running Technology Scan for site amberalert.gov
2018:03:04 01:23:59 am Running Technology Scan for site america.gov
2018:03:04 01:24:05 am Running Technology Scan for site americanmemory.gov
2018:03:04 01:24:13 am Running Technology Scan for site americasheroesatwork.gov
2018:03:04 01:24:16 am Running Technology Scan for site americaslibrary.gov
2018:03:04 01:24:21 am Running Technology Scan for site americasstory.gov
2018:03:04 01:24:29 am Running Technology Scan for site americastory.gov
2018:03:04 01:24:32 am Running Technology Scan for site americathebeautifulquarters.gov
2018:03:04 01:24:38 am Running Technology Scan for site americore.gov
2018:03:04 01:24:40 am Running Technology Scan for site americorp.gov
2018:03:04 01:24:52 am Running Technology Scan for site americorps.gov
2018:03:04 01:25:01 am Running Technology Scan for site americorpsconnect.gov
2018:03:04 01:25:04 am Running Technology Scan for site americorpsweek.gov
2018:03:04 01:25:07 am Running Technology Scan for site ameslab.gov
2018:03:04 01:25:19 am Running Technology Scan for site amtrakoig.gov
2018:03:04 01:25:24 am Running Technology Scan for site anchorit.gov
2018:03:04 01:27:35 am Running Technology Scan for site anl.gov
2018:03:04 01:28:05 am Running Technology Scan for site annualcreditreport.gov
2018:03:04 01:28:11 am Running Technology Scan for site anstaskforce.gov
2018:03:04 01:28:15 am Running Technology Scan for site aoa.gov
2018:03:04 01:28:21 am Running Technology Scan for site aoc.gov
2018:03:04 01:28:27 am Running Technology Scan for site ap.gov
2018:03:04 01:29:39 am Running Technology Scan for site app.gov
2018:03:04 01:29:45 am Running Technology Scan for site applicationmanager.gov
2018:03:04 01:29:53 am Running Technology Scan for site apps.gov
2018:03:04 01:29:57 am Running Technology Scan for site arc.gov
2018:03:04 01:30:07 am Running Technology Scan for site archives.gov
2018:03:04 01:30:15 am Running Technology Scan for site arctic.gov
2018:03:04 01:30:20 am Running Technology Scan for site arm.gov
2018:03:04 01:30:52 am Running Technology Scan for site ars-grin.gov
2018:03:04 01:30:55 am Running Technology Scan for site arts.gov
2018:03:04 01:31:01 am Running Technology Scan for site asap.gov
2018:03:04 01:31:06 am Running Technology Scan for site asc.gov
2018:03:04 01:31:10 am Running Technology Scan for site asianpacificheritage.gov
2018:03:04 01:31:19 am Running Technology Scan for site askkaren.gov
2018:03:04 01:31:29 am Running Technology Scan for site astrongmiddleclass.gov
2018:03:04 01:31:32 am Running Technology Scan for site atf.gov
2018:03:04 01:31:44 am Running Technology Scan for site atfonline.gov
2018:03:04 01:31:51 am Running Technology Scan for site atvsafety.gov
2018:03:04 01:34:01 am Running Technology Scan for site aviationweather.gov
2018:03:04 01:34:48 am Running Technology Scan for site ayudaconmibanco.gov
2018:03:04 01:34:57 am Running Technology Scan for site bankanswers.gov
2018:03:04 01:35:04 am Running Technology Scan for site bankcustomer.gov
2018:03:04 01:35:09 am Running Technology Scan for site bankcustomerassistance.gov
2018:03:04 01:35:18 am Running Technology Scan for site bankhelp.gov
2018:03:04 01:35:23 am Running Technology Scan for site banknet.gov
2018:03:04 01:35:29 am Running Technology Scan for site bankruptcy.gov
2018:03:04 01:35:33 am Running Technology Scan for site bats.gov
2018:03:04 01:36:41 am Running Technology Scan for site bbg.gov
2018:03:04 01:36:47 am Running Technology Scan for site bcfp.gov
2018:03:04 01:36:54 am Running Technology Scan for site bea.gov
2018:03:04 01:36:59 am Running Technology Scan for site befoodsafe.gov
2018:03:04 01:37:07 am Running Technology Scan for site benefits.gov
2018:03:04 01:37:15 am Running Technology Scan for site bep.gov
2018:03:04 01:37:57 am Running Technology Scan for site betobaccofree.gov
2018:03:04 01:38:05 am Running Technology Scan for site bfelob.gov
2018:03:04 01:38:09 am Running Technology Scan for site bfem.gov
2018:03:04 01:38:12 am Running Technology Scan for site bia.gov
2018:03:04 01:38:24 am Running Technology Scan for site bioeco.gov
2018:03:04 01:38:27 am Running Technology Scan for site bioethics.gov
2018:03:04 01:38:34 am Running Technology Scan for site biomassboard.gov
2018:03:04 01:39:18 am Running Technology Scan for site biometriccoe.gov
2018:03:04 01:39:25 am Running Technology Scan for site biometrics.gov
2018:03:04 01:39:32 am Running Technology Scan for site biopreferred.gov
2018:03:04 01:39:38 am Running Technology Scan for site bja.gov
2018:03:04 01:40:18 am Running Technology Scan for site bldrdoc.gov
2018:03:04 01:40:21 am Running Technology Scan for site blm.gov
2018:03:04 01:40:30 am Running Technology Scan for site bls.gov
2018:03:04 01:40:35 am Running Technology Scan for site bnl.gov
2018:03:04 01:40:47 am Running Technology Scan for site boem.gov
2018:03:04 01:40:53 am Running Technology Scan for site boemre.gov
2018:03:04 01:40:57 am Running Technology Scan for site bondpro.gov
2018:03:04 01:41:02 am Running Technology Scan for site bop.gov
2018:03:04 01:41:07 am Running Technology Scan for site bosque.gov
2018:03:04 01:41:11 am Running Technology Scan for site bpa.gov
2018:03:04 01:41:59 am Running Technology Scan for site brac.gov
2018:03:04 01:42:03 am Running Technology Scan for site brainhealth.gov
2018:03:04 01:42:50 am Running Technology Scan for site brc.gov
2018:03:04 01:45:37 am Running Technology Scan for site broadband.gov
2018:03:04 01:45:45 am Running Technology Scan for site broadbandmap.gov
2018:03:04 01:45:50 am Running Technology Scan for site bsee.gov
2018:03:04 01:45:59 am Running Technology Scan for site bts.gov
2018:03:04 01:46:03 am Running Technology Scan for site budget.gov
2018:03:04 01:46:11 am Running Technology Scan for site buildingamerica.gov
2018:03:04 01:47:02 am Running Technology Scan for site business.gov
2018:03:04 01:47:10 am Running Technology Scan for site businessusa.gov
2018:03:04 01:47:18 am Running Technology Scan for site buyaccessible.gov
2018:03:04 01:47:25 am Running Technology Scan for site buyusa.gov
2018:03:04 01:47:33 am Running Technology Scan for site cancer.gov
2018:03:04 01:48:05 am Running Technology Scan for site cancernet.gov
2018:03:04 01:48:36 am Running Technology Scan for site cao.gov
2018:03:04 01:48:44 am Running Technology Scan for site cap.gov
2018:03:04 01:50:07 am Running Technology Scan for site capitol.gov
2018:03:04 01:50:11 am Running Technology Scan for site capnhq.gov
2018:03:04 01:51:18 am Running Technology Scan for site cbca.gov
2018:03:04 01:51:24 am Running Technology Scan for site cbo.gov
2018:03:04 01:51:29 am Running Technology Scan for site cbonews.gov
2018:03:04 01:53:39 am Running Technology Scan for site cbp.gov
2018:03:04 01:53:45 am Running Technology Scan for site ccac.gov
2018:03:04 01:53:53 am Running Technology Scan for site cdc.gov
2018:03:04 01:54:01 am Running Technology Scan for site cdfifund.gov
2018:03:04 01:54:08 am Running Technology Scan for site cebaf.gov
2018:03:04 01:54:15 am Running Technology Scan for site cecc.gov
2018:03:04 01:54:23 am Running Technology Scan for site cendi.gov
2018:03:04 01:54:29 am Running Technology Scan for site census.gov
2018:03:04 01:54:54 am Running Technology Scan for site cep.gov
2018:03:04 01:55:20 am Running Technology Scan for site cfa.gov
2018:03:04 01:55:27 am Running Technology Scan for site cfda.gov
2018:03:04 01:55:32 am Running Technology Scan for site cfo.gov
2018:03:04 01:55:43 am Running Technology Scan for site cfoc.gov
2018:03:04 01:57:57 am Running Technology Scan for site cfpa.gov
2018:03:04 01:58:11 am Running Technology Scan for site cfpb.gov
2018:03:04 01:58:20 am Running Technology Scan for site cftc.gov
2018:03:04 01:58:26 am Running Technology Scan for site challenge.gov
2018:03:04 01:58:36 am Running Technology Scan for site challenges.gov
2018:03:04 01:58:45 am Running Technology Scan for site changeofaddress.gov
2018:03:04 01:58:48 am Running Technology Scan for site chcoc.gov
2018:03:04 01:58:55 am Running Technology Scan for site chemsafety.gov
2018:03:04 01:59:21 am Running Technology Scan for site childreninadversity.gov
2018:03:04 01:59:30 am Running Technology Scan for site childstats.gov
2018:03:04 02:00:00 am Running Technology Scan for site childwelfare.gov
2018:03:04 02:00:05 am Running Technology Scan for site chinacommission.gov
2018:03:04 02:00:13 am Running Technology Scan for site choosemyplate.gov
2018:03:04 02:00:18 am Running Technology Scan for site christophercolumbusfoundation.gov
2018:03:04 02:00:31 am Running Technology Scan for site cia.gov
2018:03:04 02:00:39 am Running Technology Scan for site cio.gov
2018:03:04 02:00:45 am Running Technology Scan for site ciso.gov
2018:03:04 02:00:49 am Running Technology Scan for site citizencorps.gov
2018:03:04 02:00:52 am Running Technology Scan for site citizenscience.gov
2018:03:04 02:00:59 am Running Technology Scan for site civilrightsusa.gov
2018:03:04 02:01:06 am Running Technology Scan for site cjis.gov
2018:03:04 02:01:09 am Running Technology Scan for site climate.gov
2018:03:04 02:01:57 am Running Technology Scan for site clinicaltrials.gov
2018:03:04 02:02:03 am Running Technology Scan for site clintonlibrary.gov
2018:03:04 02:02:12 am Running Technology Scan for site cloud.gov
2018:03:04 02:02:19 am Running Technology Scan for site cms.gov
2018:03:04 02:02:25 am Running Technology Scan for site cmts.gov
2018:03:04 02:02:29 am Running Technology Scan for site cncs.gov
2018:03:04 02:02:34 am Running Technology Scan for site cncsoig.gov
2018:03:04 02:02:38 am Running Technology Scan for site cns.gov
2018:03:04 02:02:43 am Running Technology Scan for site cnss.gov
2018:03:04 02:02:46 am Running Technology Scan for site coastalamerica.gov
2018:03:04 02:02:50 am Running Technology Scan for site code.gov
2018:03:04 02:11:38 am Running Technology Scan for site collegedrinkingprevention.gov
2018:03:04 02:12:27 am Running Technology Scan for site collegenavigator.gov
2018:03:04 02:12:59 am Running Technology Scan for site commerce.gov
2018:03:04 02:14:13 am Running Technology Scan for site complaintreferralexpress.gov
2018:03:04 02:14:25 am Running Technology Scan for site compliance.gov
2018:03:04 02:14:31 am Running Technology Scan for site comptrollerofthecurrency.gov
2018:03:04 02:14:39 am Running Technology Scan for site computers4learning.gov
2018:03:04 02:14:42 am Running Technology Scan for site computersforlearning.gov
2018:03:04 02:14:48 am Running Technology Scan for site congress.gov
2018:03:04 02:14:57 am Running Technology Scan for site congressionaldirectory.gov
2018:03:04 02:15:02 am Running Technology Scan for site congressionalrecord.gov
2018:03:04 02:15:09 am Running Technology Scan for site connect.gov
2018:03:04 02:15:13 am Running Technology Scan for site consumer.gov
2018:03:04 02:15:20 am Running Technology Scan for site consumeraction.gov
2018:03:04 02:15:28 am Running Technology Scan for site consumerbureau.gov
2018:03:04 02:15:36 am Running Technology Scan for site consumerfinance.gov
2018:03:04 02:15:45 am Running Technology Scan for site consumerfinancial.gov
2018:03:04 02:15:53 am Running Technology Scan for site consumerfinancialprotectionbureau.gov
2018:03:04 02:18:03 am Running Technology Scan for site consumerprotection.gov
2018:03:04 02:18:11 am Running Technology Scan for site consumerprotectionbureau.gov
2018:03:04 02:18:19 am Running Technology Scan for site consumidor.gov
2018:03:04 02:18:26 am Running Technology Scan for site continentalshelf.gov
2018:03:04 02:18:30 am Running Technology Scan for site contractdirectory.gov
2018:03:04 02:18:34 am Running Technology Scan for site copyright.gov
2018:03:04 02:18:42 am Running Technology Scan for site coralreef.gov
2018:03:04 02:18:47 am Running Technology Scan for site cpars.gov
2018:03:04 02:18:50 am Running Technology Scan for site cpnireporting.gov
2018:03:04 02:21:01 am Running Technology Scan for site cpsc.gov
2018:03:04 02:23:13 am Running Technology Scan for site crimesolutions.gov
2018:03:04 02:23:57 am Running Technology Scan for site crimevictims.gov
2018:03:04 02:24:06 am Running Technology Scan for site crt2014-2024review.gov
2018:03:04 02:24:32 am Running Technology Scan for site csb.gov
2018:03:04 02:24:36 am Running Technology Scan for site csce.gov
2018:03:04 02:24:45 am Running Technology Scan for site csosa.fed.us
2018:03:04 02:24:49 am Running Technology Scan for site csosa.gov
2018:03:04 02:27:00 am Running Technology Scan for site ctoc.gov
2018:03:04 02:29:10 am Running Technology Scan for site cttso.gov
2018:03:04 02:29:13 am Running Technology Scan for site cuidadodesalud.gov
2018:03:04 02:29:22 am Running Technology Scan for site cupcao.gov
2018:03:04 02:29:30 am Running Technology Scan for site cwc.gov
2018:03:04 02:29:34 am Running Technology Scan for site cyber.gov
2018:03:04 02:29:41 am Running Technology Scan for site cybercareers.gov
2018:03:04 02:29:49 am Running Technology Scan for site cybercrime.gov
2018:03:04 02:29:58 am Running Technology Scan for site cybersecurity.gov
2018:03:04 02:30:02 am Running Technology Scan for site data.gov
2018:03:04 02:32:14 am Running Technology Scan for site dc3on.gov
2018:03:04 02:32:17 am Running Technology Scan for site dea.gov
2018:03:04 02:32:25 am Running Technology Scan for site deadiversion.gov
2018:03:04 02:32:29 am Running Technology Scan for site deaecom.gov
2018:03:04 02:32:33 am Running Technology Scan for site defense.gov
2018:03:04 02:32:40 am Running Technology Scan for site democraticleader.gov
2018:03:04 02:33:06 am Running Technology Scan for site democraticwhip.gov
2018:03:04 02:33:12 am Running Technology Scan for site dems.gov
2018:03:04 02:33:20 am Running Technology Scan for site denali.gov
2018:03:04 02:33:26 am Running Technology Scan for site dfafacts.gov
2018:03:04 02:35:37 am Running Technology Scan for site dhhs.gov
2018:03:04 02:35:42 am Running Technology Scan for site dhs.gov
2018:03:04 02:35:48 am Running Technology Scan for site diabetescommittee.gov
2018:03:04 02:36:14 am Running Technology Scan for site dietaryguidelines.gov
2018:03:04 02:36:23 am Running Technology Scan for site digitalgov.gov
2018:03:04 02:36:33 am Running Technology Scan for site digitalliteracy.gov
2018:03:04 02:36:43 am Running Technology Scan for site digitalpreservation.gov
2018:03:04 02:36:46 am Running Technology Scan for site digitizationguidelines.gov
2018:03:04 02:36:56 am Running Technology Scan for site directoasucuenta.gov
2018:03:04 02:37:03 am Running Technology Scan for site disability.gov
2018:03:04 02:37:24 am Running Technology Scan for site disasterassistance.gov
2018:03:04 02:37:33 am Running Technology Scan for site disasterhousing.gov
2018:03:04 02:38:26 am Running Technology Scan for site distracteddriving.gov
2018:03:04 02:38:32 am Running Technology Scan for site distraction.gov
2018:03:04 02:38:37 am Running Technology Scan for site dnfsb.gov
2018:03:04 02:38:45 am Running Technology Scan for site dni.gov
2018:03:04 02:38:51 am Running Technology Scan for site dnsops.gov
2018:03:04 02:38:57 am Running Technology Scan for site doc.gov
2018:03:04 02:40:13 am Running Technology Scan for site docline.gov
2018:03:04 02:40:17 am Running Technology Scan for site dod.gov
2018:03:04 02:40:20 am Running Technology Scan for site doe.gov
2018:03:04 02:40:24 am Running Technology Scan for site doi.gov
2018:03:04 02:40:31 am Running Technology Scan for site doioig.gov
2018:03:04 02:40:35 am Running Technology Scan for site dol.gov
2018:03:04 02:40:42 am Running Technology Scan for site doleta.gov
2018:03:04 02:40:48 am Running Technology Scan for site donaciondeorganos.gov
2018:03:04 02:40:53 am Running Technology Scan for site donotcall.gov
2018:03:04 02:40:57 am Running Technology Scan for site dontserveteens.gov
2018:03:04 02:41:04 am Running Technology Scan for site dot.gov
2018:03:04 02:41:10 am Running Technology Scan for site dotgov.gov
2018:03:04 02:41:19 am Running Technology Scan for site dotideahub.gov
2018:03:04 02:41:46 am Running Technology Scan for site dottrafficrecords.gov
2018:03:04 02:41:49 am Running Technology Scan for site dra.gov
2018:03:04 02:41:53 am Running Technology Scan for site drought.gov
2018:03:04 02:42:42 am Running Technology Scan for site drugabuse.gov
2018:03:04 02:43:08 am Running Technology Scan for site drywallresponse.gov
2018:03:04 02:45:19 am Running Technology Scan for site dsac.gov
2018:03:04 02:45:23 am Running Technology Scan for site dtv.gov
2018:03:04 02:45:31 am Running Technology Scan for site e-enterprise.gov
2018:03:04 02:45:37 am Running Technology Scan for site eac.gov
2018:03:04 02:45:43 am Running Technology Scan for site eaglecash.gov
2018:03:04 02:45:57 am Running Technology Scan for site earmarks.gov
2018:03:04 02:46:00 am Running Technology Scan for site earthquake.gov
2018:03:04 02:46:06 am Running Technology Scan for site ecfr.gov
2018:03:04 02:46:11 am Running Technology Scan for site economicinclusion.gov
2018:03:04 02:46:19 am Running Technology Scan for site econsumer.gov
2018:03:04 02:46:27 am Running Technology Scan for site ecopartnerships.gov
2018:03:04 02:46:30 am Running Technology Scan for site ecpic.gov
2018:03:04 02:46:35 am Running Technology Scan for site ecr.gov
2018:03:04 02:46:42 am Running Technology Scan for site ed.gov
2018:03:04 02:47:12 am Running Technology Scan for site eda.gov
2018:03:04 02:48:17 am Running Technology Scan for site edison.gov
2018:03:04 02:49:05 am Running Technology Scan for site edpubs.gov
2018:03:04 02:49:59 am Running Technology Scan for site education.gov
2018:03:04 02:50:02 am Running Technology Scan for site eeoc.gov
2018:03:04 02:51:11 am Running Technology Scan for site eftps.gov
2018:03:04 02:51:20 am Running Technology Scan for site egov.gov
2018:03:04 02:51:23 am Running Technology Scan for site eia.gov
2018:03:04 02:51:30 am Running Technology Scan for site eisenhowermemorial.gov
2018:03:04 02:51:38 am Running Technology Scan for site eldercare.gov
2018:03:04 02:51:46 am Running Technology Scan for site elderjustice.gov
2018:03:04 02:52:42 am Running Technology Scan for site emergency-federal-register.gov
2018:03:04 02:52:48 am Running Technology Scan for site employeeexpress.gov
2018:03:04 02:52:57 am Running Technology Scan for site empowhr.gov
2018:03:04 02:53:00 am Running Technology Scan for site ems.gov
2018:03:04 02:53:05 am Running Technology Scan for site endingthedocumentgame.gov
2018:03:04 02:53:09 am Running Technology Scan for site energy.gov
2018:03:04 02:53:15 am Running Technology Scan for site energycodes.gov
2018:03:04 02:53:23 am Running Technology Scan for site energysaver.gov
2018:03:04 02:54:04 am Running Technology Scan for site energysavers.gov
2018:03:04 02:54:46 am Running Technology Scan for site energystar.gov
2018:03:04 02:54:54 am Running Technology Scan for site eop.gov
2018:03:04 02:55:03 am Running Technology Scan for site epa.gov
2018:03:04 02:55:08 am Running Technology Scan for site epic.gov
2018:03:04 02:55:16 am Running Technology Scan for site errp.gov
2018:03:04 02:55:19 am Running Technology Scan for site esa.gov
2018:03:04 02:56:25 am Running Technology Scan for site esc.gov
2018:03:04 02:56:33 am Running Technology Scan for site eseclab.gov
2018:03:04 02:59:13 am Running Technology Scan for site esrs.gov
2018:03:04 02:59:18 am Running Technology Scan for site eta-find.gov
2018:03:04 02:59:23 am Running Technology Scan for site ethics.gov
2018:03:04 02:59:26 am Running Technology Scan for site ethicsburg.gov
2018:03:04 02:59:34 am Running Technology Scan for site evergladesrestoration.gov
2018:03:04 02:59:41 am Running Technology Scan for site everykidinapark.gov
2018:03:04 02:59:46 am Running Technology Scan for site evus.gov
2018:03:04 02:59:49 am Running Technology Scan for site execsec.gov
2018:03:04 02:59:53 am Running Technology Scan for site exim.gov
2018:03:04 03:00:02 am Running Technology Scan for site exploretsp.gov
2018:03:04 03:00:08 am Running Technology Scan for site export.gov
2018:03:04 03:00:16 am Running Technology Scan for site eyenote.gov
2018:03:04 03:00:21 am Running Technology Scan for site faa.gov
2018:03:04 03:00:24 am Running Technology Scan for site faasafety.gov
2018:03:04 03:00:30 am Running Technology Scan for site faca.gov
2018:03:04 03:00:35 am Running Technology Scan for site facadatabase.gov
2018:03:04 03:00:39 am Running Technology Scan for site fafsa.gov
2018:03:04 03:01:09 am Running Technology Scan for site fai.gov
2018:03:04 03:01:18 am Running Technology Scan for site fan.gov
2018:03:04 03:01:23 am Running Technology Scan for site fapiis.gov
2018:03:04 03:01:28 am Running Technology Scan for site faq.gov
2018:03:04 03:01:34 am Running Technology Scan for site fara.gov
2018:03:04 03:01:45 am Running Technology Scan for site farmerclaims.gov
2018:03:04 03:01:48 am Running Technology Scan for site fasab.gov
2018:03:04 03:01:52 am Running Technology Scan for site fatherhood.gov
2018:03:04 03:02:00 am Running Technology Scan for site fbi.gov
2018:03:04 03:02:11 am Running Technology Scan for site fbiic.gov
2018:03:04 03:02:22 am Running Technology Scan for site fbijobs.gov
2018:03:04 03:02:31 am Running Technology Scan for site fbo.gov
2018:03:04 03:02:38 am Running Technology Scan for site fca.gov
2018:03:04 03:03:43 am Running Technology Scan for site fcc.gov
2018:03:04 03:03:52 am Running Technology Scan for site fccuniversity.gov
2018:03:04 03:03:56 am Running Technology Scan for site fcg.gov
2018:03:04 03:03:59 am Running Technology Scan for site fcic.gov
2018:03:04 03:04:03 am Running Technology Scan for site fcsic.gov
2018:03:04 03:05:09 am Running Technology Scan for site fda.gov
2018:03:04 03:05:12 am Running Technology Scan for site fdic.gov
2018:03:04 03:05:15 am Running Technology Scan for site fdicconnect.gov
2018:03:04 03:05:22 am Running Technology Scan for site fdicig.gov
2018:03:04 03:05:51 am Running Technology Scan for site fdicoig.gov
2018:03:04 03:06:20 am Running Technology Scan for site fdicseguro.gov
2018:03:04 03:06:27 am Running Technology Scan for site fdlp.gov
2018:03:04 03:06:34 am Running Technology Scan for site fdms.gov
2018:03:04 03:06:39 am Running Technology Scan for site fdsys.gov
2018:03:04 03:06:44 am Running Technology Scan for site fea.gov
2018:03:04 03:06:52 am Running Technology Scan for site feb.gov
2018:03:04 03:06:57 am Running Technology Scan for site fec.gov
2018:03:04 03:07:11 am Running Technology Scan for site fedbizopps.gov
2018:03:04 03:07:16 am Running Technology Scan for site fedcenter.gov
2018:03:04 03:07:22 am Running Technology Scan for site federalcourts.gov
2018:03:04 03:07:25 am Running Technology Scan for site federalinvestments.gov
2018:03:04 03:07:30 am Running Technology Scan for site federaljobs.gov
2018:03:04 03:07:36 am Running Technology Scan for site federalprobation.gov
2018:03:04 03:07:39 am Running Technology Scan for site federalregister.gov
2018:03:04 03:07:46 am Running Technology Scan for site federalreserve.gov
2018:03:04 03:07:52 am Running Technology Scan for site federalreserveconsumerhelp.gov
2018:03:04 03:07:56 am Running Technology Scan for site federalrules.gov
2018:03:04 03:08:00 am Running Technology Scan for site fedidcard.gov
2018:03:04 03:08:03 am Running Technology Scan for site fedinvest.gov
2018:03:04 03:08:07 am Running Technology Scan for site fedjobs.gov
2018:03:04 03:08:13 am Running Technology Scan for site fedpartnership.gov
2018:03:04 03:08:17 am Running Technology Scan for site fedramp.gov
2018:03:04 03:08:21 am Running Technology Scan for site fedreg.gov
2018:03:04 03:08:25 am Running Technology Scan for site fedrooms.gov
2018:03:04 03:08:32 am Running Technology Scan for site fedshirevets.gov
2018:03:04 03:08:38 am Running Technology Scan for site fedspending.gov
2018:03:04 03:08:41 am Running Technology Scan for site feedthefuture.gov
2018:03:04 03:08:53 am Running Technology Scan for site fegli.gov
2018:03:04 03:08:57 am Running Technology Scan for site fema.gov
2018:03:04 03:09:03 am Running Technology Scan for site femalefarmerclaims.gov
2018:03:04 03:09:05 am Running Technology Scan for site ferc.gov
2018:03:04 03:09:17 am Running Technology Scan for site fercalt.gov
2018:03:04 03:09:25 am Running Technology Scan for site ffiec.gov
2018:03:04 03:09:30 am Running Technology Scan for site fgdc.gov
2018:03:04 03:09:39 am Running Technology Scan for site fha.gov
2018:03:04 03:10:23 am Running Technology Scan for site fhfa.gov
2018:03:04 03:10:26 am Running Technology Scan for site fhfaoig.gov
2018:03:04 03:11:16 am Running Technology Scan for site fido.gov
2018:03:04 03:11:18 am Running Technology Scan for site financialresearch.gov
2018:03:04 03:11:30 am Running Technology Scan for site financialstability.gov
2018:03:04 03:11:43 am Running Technology Scan for site fincen.gov
2018:03:04 03:11:49 am Running Technology Scan for site findyouthinfo.gov
2018:03:04 03:11:52 am Running Technology Scan for site firecode.gov
2018:03:04 03:14:03 am Running Technology Scan for site fireleadership.gov
2018:03:04 03:14:08 am Running Technology Scan for site firenet.gov
2018:03:04 03:14:12 am Running Technology Scan for site firescience.gov
2018:03:04 03:16:23 am Running Technology Scan for site firstfreedom.gov
2018:03:04 03:16:33 am Running Technology Scan for site firstgov.gov
2018:03:04 03:16:40 am Running Technology Scan for site firstnet.gov
2018:03:04 03:16:52 am Running Technology Scan for site firstresponder.gov
2018:03:04 03:16:58 am Running Technology Scan for site firstrespondertraining.gov
2018:03:04 03:17:03 am Running Technology Scan for site fiscalcommission.gov
2018:03:04 03:17:06 am Running Technology Scan for site fishwatch.gov
2018:03:04 03:17:30 am Running Technology Scan for site fitness.gov
2018:03:04 03:17:38 am Running Technology Scan for site fjc.gov
2018:03:04 03:17:50 am Running Technology Scan for site fleta.gov
2018:03:04 03:18:04 am Running Technology Scan for site fletc.gov
2018:03:04 03:18:13 am Running Technology Scan for site flightschoolcandidates.gov
2018:03:04 03:18:21 am Running Technology Scan for site floodsmart.gov
2018:03:04 03:18:30 am Running Technology Scan for site flra.gov
2018:03:04 03:18:35 am Running Technology Scan for site flu.gov
2018:03:04 03:19:03 am Running Technology Scan for site fmc.gov
2018:03:04 03:19:09 am Running Technology Scan for site fmcs.gov
2018:03:04 03:19:18 am Running Technology Scan for site fmi.gov
2018:03:04 03:19:22 am Running Technology Scan for site fmshrc.gov
2018:03:04 03:19:30 am Running Technology Scan for site fnal.gov
2018:03:04 03:19:38 am Running Technology Scan for site foia.gov
2018:03:04 03:19:50 am Running Technology Scan for site foodsafety.gov
2018:03:04 03:19:59 am Running Technology Scan for site foodsafetyjobs.gov
2018:03:04 03:20:07 am Running Technology Scan for site foodsafetyworkinggroup.gov
2018:03:04 03:20:10 am Running Technology Scan for site fordlibrarymuseum.gov
2018:03:04 03:20:14 am Running Technology Scan for site foreignassistance.gov
2018:03:04 03:20:37 am Running Technology Scan for site forensicscience.gov
2018:03:04 03:20:41 am Running Technology Scan for site forestsandrangelands.gov
2018:03:04 03:20:47 am Running Technology Scan for site forfeiture.gov
2018:03:04 03:20:52 am Running Technology Scan for site forms.gov
2018:03:04 03:21:03 am Running Technology Scan for site fpc.gov
2018:03:04 03:21:10 am Running Technology Scan for site fpds.gov
2018:03:04 03:21:15 am Running Technology Scan for site freecreditreport.gov
2018:03:04 03:21:18 am Running Technology Scan for site freshempire.gov
2018:03:04 03:21:28 am Running Technology Scan for site frpg.gov
2018:03:04 03:21:36 am Running Technology Scan for site frtib.gov
2018:03:04 03:21:41 am Running Technology Scan for site frtr.gov
2018:03:04 03:21:46 am Running Technology Scan for site fruitsandveggiesmatter.gov
2018:03:04 03:21:50 am Running Technology Scan for site fs.fed.us
2018:03:04 03:24:01 am Running Technology Scan for site fsafeds.gov
2018:03:04 03:24:05 am Running Technology Scan for site fsapubs.gov
2018:03:04 03:25:00 am Running Technology Scan for site fsd.gov
2018:03:04 03:25:09 am Running Technology Scan for site fsgb.gov
2018:03:04 03:25:13 am Running Technology Scan for site fsoc.gov
2018:03:04 03:25:27 am Running Technology Scan for site fsrs.gov
2018:03:04 03:25:31 am Running Technology Scan for site ftc.gov
2018:03:04 03:26:02 am Running Technology Scan for site ftccomplaintassistant.gov
2018:03:04 03:26:10 am Running Technology Scan for site ftcefile.gov
2018:03:04 03:26:15 am Running Technology Scan for site fttesttwai.gov
2018:03:04 03:26:18 am Running Technology Scan for site fvap.gov
2018:03:04 03:26:26 am Running Technology Scan for site fws.gov
2018:03:04 03:26:37 am Running Technology Scan for site g5.gov
2018:03:04 03:27:32 am Running Technology Scan for site gao.gov
2018:03:04 03:27:38 am Running Technology Scan for site gaonet.gov
2018:03:04 03:27:44 am Running Technology Scan for site gcdamp.gov
2018:03:04 03:27:49 am Running Technology Scan for site gcmrc.gov
2018:03:04 03:27:55 am Running Technology Scan for site genome.gov
2018:03:04 03:28:41 am Running Technology Scan for site geocommunicator.gov
2018:03:04 03:28:51 am Running Technology Scan for site geomac.gov
2018:03:04 03:29:03 am Running Technology Scan for site geoplatform.gov
2018:03:04 03:29:09 am Running Technology Scan for site georgewbushlibrary.gov
2018:03:04 03:29:17 am Running Technology Scan for site getinvolved.gov
2018:03:04 03:29:20 am Running Technology Scan for site getsmartaboutdrugs.gov
2018:03:04 03:29:28 am Running Technology Scan for site getyouhome.gov
2018:03:04 03:29:35 am Running Technology Scan for site ghi.gov
2018:03:04 03:29:38 am Running Technology Scan for site ginniemae.gov
2018:03:04 03:30:42 am Running Technology Scan for site girlshealth.gov
2018:03:04 03:30:51 am Running Technology Scan for site globalchange.gov
2018:03:04 03:30:57 am Running Technology Scan for site globalentry.gov
2018:03:04 03:31:03 am Running Technology Scan for site globalhealth.gov
2018:03:04 03:31:08 am Running Technology Scan for site globe.gov
2018:03:04 03:31:15 am Running Technology Scan for site gobierno.gov
2018:03:04 03:31:23 am Running Technology Scan for site gobiernousa.gov
2018:03:04 03:31:32 am Running Technology Scan for site godirect.gov
2018:03:04 03:31:40 am Running Technology Scan for site goes-r.gov
2018:03:04 03:32:06 am Running Technology Scan for site golearn.gov
2018:03:04 03:32:09 am Running Technology Scan for site gop.gov
2018:03:04 03:32:15 am Running Technology Scan for site gopleader.gov
2018:03:04 03:32:23 am Running Technology Scan for site govbenefits.gov
2018:03:04 03:32:27 am Running Technology Scan for site governmentjobs.gov
2018:03:04 03:32:32 am Running Technology Scan for site govinfo.gov
2018:03:04 03:32:39 am Running Technology Scan for site govloans.gov
2018:03:04 03:32:44 am Running Technology Scan for site govsales.gov
2018:03:04 03:32:49 am Running Technology Scan for site gpo.gov
2018:03:04 03:32:54 am Running Technology Scan for site gps.gov
2018:03:04 03:33:20 am Running Technology Scan for site grants.gov
2018:03:04 03:33:29 am Running Technology Scan for site grantsolutions.gov
2018:03:04 03:33:36 am Running Technology Scan for site greatagain.gov
2018:03:04 03:33:45 am Running Technology Scan for site green.gov
2018:03:04 03:33:50 am Running Technology Scan for site greengov.gov
2018:03:04 03:33:53 am Running Technology Scan for site gsa.gov
2018:03:04 03:34:00 am Running Technology Scan for site gsaadvantage.gov
2018:03:04 03:34:06 am Running Technology Scan for site gsaauctions.gov
2018:03:04 03:34:11 am Running Technology Scan for site gsaig.gov
2018:03:04 03:34:17 am Running Technology Scan for site gsaxcess.gov
2018:03:04 03:34:23 am Running Technology Scan for site guideline.gov
2018:03:04 03:34:28 am Running Technology Scan for site guidelines.gov
2018:03:04 03:34:36 am Running Technology Scan for site gwa.gov
2018:03:04 03:35:19 am Running Technology Scan for site hanford.gov
2018:03:04 03:35:31 am Running Technology Scan for site harp.gov
2018:03:04 03:36:18 am Running Technology Scan for site hc.gov
2018:03:04 03:36:33 am Running Technology Scan for site hcqualitycommission.gov
2018:03:04 03:36:41 am Running Technology Scan for site health.gov
2018:03:04 03:36:46 am Running Technology Scan for site healthcare.gov
2018:03:04 03:36:56 am Running Technology Scan for site healthdata.gov
2018:03:04 03:37:06 am Running Technology Scan for site healthfinder.gov
2018:03:04 03:37:14 am Running Technology Scan for site healthindicators.gov
2018:03:04 03:39:25 am Running Technology Scan for site healthit.gov
2018:03:04 03:39:28 am Running Technology Scan for site healthreform.gov
2018:03:04 03:39:31 am Running Technology Scan for site healthypeople.gov
2018:03:04 03:39:40 am Running Technology Scan for site hearttruth.gov
2018:03:04 03:39:46 am Running Technology Scan for site helpingamericasyouth.gov
2018:03:04 03:39:49 am Running Technology Scan for site helpwithmybank.gov
2018:03:04 03:39:57 am Running Technology Scan for site helpwithmycheckingaccount.gov
2018:03:04 03:40:03 am Running Technology Scan for site helpwithmycreditcard.gov
2018:03:04 03:40:09 am Running Technology Scan for site helpwithmycreditcardbank.gov
2018:03:04 03:40:14 am Running Technology Scan for site helpwithmymortgage.gov
2018:03:04 03:40:19 am Running Technology Scan for site helpwithmymortgagebank.gov
2018:03:04 03:40:25 am Running Technology Scan for site hhs.gov
2018:03:04 03:40:34 am Running Technology Scan for site hhsoig.gov
2018:03:04 03:40:42 am Running Technology Scan for site highperformancebuildings.gov
2018:03:04 03:41:22 am Running Technology Scan for site hispanicfarmerclaims.gov
2018:03:04 03:41:25 am Running Technology Scan for site hispanicheritagemonth.gov
2018:03:04 03:41:30 am Running Technology Scan for site history.gov
2018:03:04 03:41:39 am Running Technology Scan for site hiv.gov
2018:03:04 03:41:49 am Running Technology Scan for site homeenergyscore.gov
2018:03:04 03:42:30 am Running Technology Scan for site homelandsecurity.gov
2018:03:04 03:42:36 am Running Technology Scan for site homesales.gov
2018:03:04 03:42:58 am Running Technology Scan for site house.gov
2018:03:04 03:43:08 am Running Technology Scan for site housecalendar.gov
2018:03:04 03:43:12 am Running Technology Scan for site housecommunications.gov
2018:03:04 03:43:16 am Running Technology Scan for site housedemocrats.gov
2018:03:04 03:43:24 am Running Technology Scan for site housedems.gov
2018:03:04 03:43:30 am Running Technology Scan for site houselive.gov
2018:03:04 03:44:14 am Running Technology Scan for site housenewsletters.gov
2018:03:04 03:44:22 am Running Technology Scan for site howto.gov
2018:03:04 03:44:25 am Running Technology Scan for site hrsa.gov
2018:03:04 03:45:02 am Running Technology Scan for site hru.gov
2018:03:04 03:45:07 am Running Technology Scan for site hsr.gov
2018:03:04 03:45:16 am Running Technology Scan for site hud.gov
2018:03:04 03:46:24 am Running Technology Scan for site hudoig.gov
2018:03:04 03:47:10 am Running Technology Scan for site huduser.gov
2018:03:04 03:47:16 am Running Technology Scan for site humanities.gov
2018:03:04 03:47:19 am Running Technology Scan for site humanrights.gov
2018:03:04 03:47:22 am Running Technology Scan for site hurricanes.gov
2018:03:04 03:47:51 am Running Technology Scan for site hydrogen.gov
2018:03:04 03:48:30 am Running Technology Scan for site iab.gov
2018:03:04 03:48:32 am Running Technology Scan for site iad.gov
2018:03:04 03:48:40 am Running Technology Scan for site iaf.gov
2018:03:04 03:48:49 am Running Technology Scan for site iarpa-ideas.gov
2018:03:04 03:48:59 am Running Technology Scan for site iarpa.gov
2018:03:04 03:49:05 am Running Technology Scan for site iat.gov
2018:03:04 03:49:12 am Running Technology Scan for site iawg.gov
2018:03:04 03:49:20 am Running Technology Scan for site ibb.gov
2018:03:04 03:49:27 am Running Technology Scan for site ibwc.gov
2018:03:04 03:49:31 am Running Technology Scan for site ic3.gov
2018:03:04 03:49:38 am Running Technology Scan for site icass.gov
2018:03:04 03:49:41 am Running Technology Scan for site icbemp.gov
2018:03:04 03:49:44 am Running Technology Scan for site ice.gov
2018:03:04 11:39:59 am Starting Scan
2018:03:04 11:39:59 am Running Technology Scan for site ich.gov
2018:03:04 11:40:06 am Running Technology Scan for site icjointduty.gov
2018:03:04 11:40:12 am Running Technology Scan for site idealab.gov
2018:03:04 11:40:19 am Running Technology Scan for site identitytheft.gov
2018:03:04 11:40:24 am Running Technology Scan for site idmanagement.gov
2018:03:04 11:40:32 am Running Technology Scan for site idtheft.gov
2018:03:04 11:40:35 am Running Technology Scan for site iedison.gov
2018:03:04 11:41:22 am Running Technology Scan for site ignet.gov
2018:03:04 11:42:32 am Running Technology Scan for site ihs.gov
2018:03:04 11:42:40 am Running Technology Scan for site imls.gov
2018:03:04 11:42:48 am Running Technology Scan for site indianaffairs.gov
2018:03:04 11:42:55 am Running Technology Scan for site inel.gov
2018:03:04 11:43:17 am Running Technology Scan for site info.gov
2018:03:04 11:43:25 am Running Technology Scan for site inl.gov
2018:03:04 11:44:12 am Running Technology Scan for site insurekidsnow.gov
2018:03:04 11:44:17 am Running Technology Scan for site integrity.gov
2018:03:04 11:44:25 am Running Technology Scan for site intelink.gov
2018:03:04 11:44:29 am Running Technology Scan for site intelligence.gov
2018:03:04 11:44:37 am Running Technology Scan for site intelligencecareers.gov
2018:03:04 11:44:41 am Running Technology Scan for site interior.gov
2018:03:04 11:44:49 am Running Technology Scan for site interpol.gov
2018:03:04 11:44:59 am Running Technology Scan for site invasivespecies.gov
2018:03:04 11:45:05 am Running Technology Scan for site invasivespeciesinfo.gov
2018:03:04 11:45:13 am Running Technology Scan for site investor.gov
2018:03:04 11:45:17 am Running Technology Scan for site ioss.gov
2018:03:04 11:45:24 am Running Technology Scan for site ipac.gov
2018:03:04 11:45:54 am Running Technology Scan for site ipm.gov
2018:03:04 11:46:01 am Running Technology Scan for site ipp.gov
2018:03:04 11:46:10 am Running Technology Scan for site iprcenter.gov
2018:03:04 11:46:16 am Running Technology Scan for site irs.gov
2018:03:04 11:47:08 am Running Technology Scan for site irsauctions.gov
2018:03:04 11:47:14 am Running Technology Scan for site irssales.gov
2018:03:04 11:47:19 am Running Technology Scan for site irsvideos.gov
2018:03:04 11:47:26 am Running Technology Scan for site ise.gov
2018:03:04 11:47:30 am Running Technology Scan for site isitdoneyet.gov
2018:03:04 11:47:36 am Running Technology Scan for site itap.gov
2018:03:04 11:47:42 am Running Technology Scan for site itdashboard.gov
2018:03:04 11:47:48 am Running Technology Scan for site itis.gov
2018:03:04 11:47:55 am Running Technology Scan for site itrd.gov
2018:03:04 11:47:58 am Running Technology Scan for site its.gov
2018:03:04 11:48:04 am Running Technology Scan for site jamesmadison.gov
2018:03:04 11:48:11 am Running Technology Scan for site jccs.gov
2018:03:04 11:48:15 am Running Technology Scan for site jem.gov
2018:03:04 11:48:21 am Running Technology Scan for site jimmycarterlibrary.gov
2018:03:04 11:48:27 am Running Technology Scan for site jobcorps.gov
2018:03:04 11:48:36 am Running Technology Scan for site justice.gov
2018:03:04 11:48:46 am Running Technology Scan for site justthinktwice.gov
2018:03:04 11:48:55 am Running Technology Scan for site juvenilecouncil.gov
2018:03:04 11:49:03 am Running Technology Scan for site jwod.gov
2018:03:04 11:49:07 am Running Technology Scan for site kids.gov
2018:03:04 11:49:15 am Running Technology Scan for site klamathrestoration.gov
2018:03:04 11:49:23 am Running Technology Scan for site labor.gov
2018:03:04 11:49:29 am Running Technology Scan for site lacoast.gov
2018:03:04 11:49:37 am Running Technology Scan for site landfire.gov
2018:03:04 11:49:43 am Running Technology Scan for site landimaging.gov
2018:03:04 11:49:50 am Running Technology Scan for site lanl.gov
2018:03:04 11:49:56 am Running Technology Scan for site lbl.gov
2018:03:04 11:50:04 am Running Technology Scan for site lca.gov
2018:03:04 11:50:11 am Running Technology Scan for site lcacommons.gov
2018:03:04 11:50:15 am Running Technology Scan for site lcrmscp.gov
2018:03:04 11:50:25 am Running Technology Scan for site learnatf.gov
2018:03:04 11:50:30 am Running Technology Scan for site learndoj.gov
2018:03:04 11:50:38 am Running Technology Scan for site lep.gov
2018:03:04 11:50:47 am Running Technology Scan for site letgirlslearn.gov
2018:03:04 11:50:59 am Running Technology Scan for site lifeline.gov
2018:03:04 11:51:08 am Running Technology Scan for site listo.gov
2018:03:04 11:51:17 am Running Technology Scan for site llnl.gov
2018:03:04 11:51:23 am Running Technology Scan for site lmrcouncil.gov
2018:03:04 11:51:27 am Running Technology Scan for site lmvsci.gov
2018:03:04 11:51:34 am Running Technology Scan for site locatorplus.gov
2018:03:04 11:51:42 am Running Technology Scan for site login.gov
2018:03:04 11:51:47 am Running Technology Scan for site longtermcare.gov
2018:03:04 11:51:55 am Running Technology Scan for site lps.gov
2018:03:04 11:52:01 am Running Technology Scan for site lsc.gov
2018:03:04 11:52:07 am Running Technology Scan for site macpac.gov
2018:03:04 11:52:14 am Running Technology Scan for site mail.gov
2018:03:04 11:52:18 am Running Technology Scan for site makinghomeaffordable.gov
2018:03:04 11:52:24 am Running Technology Scan for site malwareinvestigator.gov
2018:03:04 11:52:52 am Running Technology Scan for site manufacturing.gov
2018:03:04 11:53:03 am Running Technology Scan for site marine.gov
2018:03:04 11:53:07 am Running Technology Scan for site marinecadastre.gov
2018:03:04 11:53:57 am Running Technology Scan for site max.gov
2018:03:04 11:54:03 am Running Technology Scan for site mbda.gov
2018:03:04 11:55:14 am Running Technology Scan for site mcc.gov
2018:03:04 11:55:22 am Running Technology Scan for site medalofvalor.gov
2018:03:04 11:56:03 am Running Technology Scan for site medicaid.gov
2018:03:04 11:56:09 am Running Technology Scan for site medicalcountermeasures.gov
2018:03:04 11:58:24 am Running Technology Scan for site medicare.gov
2018:03:04 11:58:30 am Running Technology Scan for site medlineplus.gov
2018:03:04 11:58:37 am Running Technology Scan for site medpac.gov
2018:03:04 11:58:43 am Running Technology Scan for site mentalhealth.gov
2018:03:04 11:58:50 am Running Technology Scan for site mentor.gov
2018:03:04 11:58:58 am Running Technology Scan for site mesh.gov
2018:03:04 11:59:04 am Running Technology Scan for site mgi.gov
2018:03:04 11:59:13 am Running Technology Scan for site mha.gov
2018:03:04 11:59:19 am Running Technology Scan for site mitigationcommission.gov
2018:03:04 11:59:26 am Running Technology Scan for site mlkday.gov
2018:03:04 11:59:34 am Running Technology Scan for site mmc.gov
2018:03:04 11:59:40 am Running Technology Scan for site mojavedata.gov
2018:03:04 11:59:48 am Running Technology Scan for site moneyfactory.gov
2018:03:04 11:59:54 am Running Technology Scan for site moneyfactorystore.gov
2018:03:04 11:59:57 am Running Technology Scan for site mrlc.gov
2018:03:04 12:00:01 pm Running Technology Scan for site msb.gov
2018:03:04 12:00:09 pm Running Technology Scan for site msha.gov
2018:03:04 12:00:12 pm Running Technology Scan for site mspb.gov
2018:03:04 12:00:20 pm Running Technology Scan for site mtbs.gov
2018:03:04 12:00:25 pm Running Technology Scan for site mycreditunion.gov
2018:03:04 12:00:28 pm Running Technology Scan for site myira.gov
2018:03:04 12:00:36 pm Running Technology Scan for site mymedicare.gov
2018:03:04 12:00:42 pm Running Technology Scan for site mymoney.gov
2018:03:04 12:00:47 pm Running Technology Scan for site myplate.gov
2018:03:04 12:00:52 pm Running Technology Scan for site myra.gov
2018:03:04 12:00:57 pm Running Technology Scan for site nafri.gov
2018:03:04 12:01:02 pm Running Technology Scan for site nagb.gov
2018:03:04 12:01:55 pm Running Technology Scan for site namus.gov
2018:03:04 12:02:00 pm Running Technology Scan for site nano.gov
2018:03:04 12:02:07 pm Running Technology Scan for site nara.gov
2018:03:04 12:02:15 pm Running Technology Scan for site nasa.gov
2018:03:04 12:02:24 pm Running Technology Scan for site nationalbank.gov
2018:03:04 12:02:28 pm Running Technology Scan for site nationalbankhelp.gov
2018:03:04 12:02:37 pm Running Technology Scan for site nationalbanknet.gov
2018:03:04 12:02:42 pm Running Technology Scan for site nationalgangcenter.gov
2018:03:04 12:02:48 pm Running Technology Scan for site nationalhousing.gov
2018:03:04 12:03:33 pm Running Technology Scan for site nationalhousinglocator.gov
2018:03:04 12:04:17 pm Running Technology Scan for site nationalmap.gov
2018:03:04 12:04:24 pm Running Technology Scan for site nationalresourcedirectory.gov
2018:03:04 12:04:34 pm Running Technology Scan for site nationalservice.gov
2018:03:04 12:04:40 pm Running Technology Scan for site nationalserviceresources.gov
2018:03:04 12:04:48 pm Running Technology Scan for site nationsreportcard.gov
2018:03:04 12:05:18 pm Running Technology Scan for site nativeonestop.gov
2018:03:04 12:05:26 pm Running Technology Scan for site navycash.gov
2018:03:04 12:05:36 pm Running Technology Scan for site nbc.gov
2018:03:04 12:05:40 pm Running Technology Scan for site nbib.gov
2018:03:04 12:05:46 pm Running Technology Scan for site nbm.gov
2018:03:04 12:05:51 pm Running Technology Scan for site nbrc.gov
2018:03:04 12:05:56 pm Running Technology Scan for site ncd.gov
2018:03:04 12:06:01 pm Running Technology Scan for site ncifcrf.gov
2018:03:04 12:06:51 pm Running Technology Scan for site ncirc.gov
2018:03:04 12:06:55 pm Running Technology Scan for site ncix.gov
2018:03:04 12:06:58 pm Running Technology Scan for site ncjrs.gov
2018:03:04 12:07:43 pm Running Technology Scan for site ncpc.gov
2018:03:04 12:07:46 pm Running Technology Scan for site ncpw.gov
2018:03:04 12:07:54 pm Running Technology Scan for site ncsc.gov
2018:03:04 12:08:00 pm Running Technology Scan for site nctc.gov
2018:03:04 12:08:05 pm Running Technology Scan for site ncua.gov
2018:03:04 12:08:08 pm Running Technology Scan for site nea.gov
2018:03:04 12:08:11 pm Running Technology Scan for site neglecteddiseases.gov
2018:03:04 12:08:18 pm Running Technology Scan for site neh.gov
2018:03:04 12:08:26 pm Running Technology Scan for site nehrp.gov
2018:03:04 12:08:33 pm Running Technology Scan for site nel.gov
2018:03:04 12:08:40 pm Running Technology Scan for site nemi.gov
2018:03:04 12:08:44 pm Running Technology Scan for site nepa.gov
2018:03:04 12:09:28 pm Running Technology Scan for site nersc.gov
2018:03:04 12:09:37 pm Running Technology Scan for site neup.gov
2018:03:04 12:10:21 pm Running Technology Scan for site nfpors.gov
2018:03:04 12:10:26 pm Running Technology Scan for site nga.gov
2018:03:04 12:10:32 pm Running Technology Scan for site ngc.gov
2018:03:04 12:10:37 pm Running Technology Scan for site nhl.gov
2018:03:04 12:11:21 pm Running Technology Scan for site nhtsa.gov
2018:03:04 12:11:27 pm Running Technology Scan for site nic.gov
2018:03:04 12:11:31 pm Running Technology Scan for site nicic.gov
2018:03:04 12:11:40 pm Running Technology Scan for site nicsezcheckfbi.gov
2018:03:04 12:11:47 pm Running Technology Scan for site niem.gov
2018:03:04 12:11:53 pm Running Technology Scan for site nifc.gov
2018:03:04 12:11:58 pm Running Technology Scan for site nigc.gov
2018:03:04 12:12:06 pm Running Technology Scan for site nih.gov
2018:03:04 12:12:35 pm Running Technology Scan for site nihseniorhealth.gov
2018:03:04 12:12:43 pm Running Technology Scan for site niosh.gov
2018:03:04 12:12:46 pm Running Technology Scan for site nist.gov
2018:03:04 12:12:51 pm Running Technology Scan for site nitrd.gov
2018:03:04 12:12:59 pm Running Technology Scan for site nixonlibrary.gov
2018:03:04 12:13:05 pm Running Technology Scan for site nlm.gov
2018:03:04 12:13:13 pm Running Technology Scan for site nlrb.gov
2018:03:04 12:13:22 pm Running Technology Scan for site nls.gov
2018:03:04 12:14:07 pm Running Technology Scan for site nmb.gov
2018:03:04 12:14:10 pm Running Technology Scan for site nmsc.gov
2018:03:04 12:15:01 pm Running Technology Scan for site nmvtis.gov
2018:03:04 12:15:43 pm Running Technology Scan for site nnlm.gov
2018:03:04 12:16:16 pm Running Technology Scan for site nnss.gov
2018:03:04 12:17:39 pm Running Technology Scan for site noaa.gov
2018:03:04 12:18:27 pm Running Technology Scan for site nps.gov
2018:03:04 12:18:35 pm Running Technology Scan for site nrc.gov
2018:03:04 12:18:42 pm Running Technology Scan for site nrd.gov
2018:03:04 12:18:52 pm Running Technology Scan for site nrel.gov
2018:03:04 12:18:58 pm Running Technology Scan for site nro.gov
2018:03:04 12:19:04 pm Running Technology Scan for site nrojr.gov
2018:03:04 12:19:08 pm Running Technology Scan for site nsa.gov
2018:03:04 12:19:13 pm Running Technology Scan for site nsep.gov
2018:03:04 12:19:18 pm Running Technology Scan for site nsf.gov
2018:03:04 12:19:32 pm Running Technology Scan for site nsopr.gov
2018:03:04 12:19:38 pm Running Technology Scan for site nsopw.gov
2018:03:04 12:19:42 pm Running Technology Scan for site ntis.gov
2018:03:04 12:19:47 pm Running Technology Scan for site ntsb.gov
2018:03:04 12:19:51 pm Running Technology Scan for site nutrition.gov
2018:03:04 12:19:55 pm Running Technology Scan for site nutritionevidencelibrary.gov
2018:03:04 12:19:58 pm Running Technology Scan for site nvtc.gov
2018:03:04 12:20:05 pm Running Technology Scan for site nwbc.gov
2018:03:04 12:20:17 pm Running Technology Scan for site nwcg.gov
2018:03:04 12:20:20 pm Running Technology Scan for site nwtrb.gov
2018:03:04 12:20:26 pm Running Technology Scan for site occ.gov
2018:03:04 12:20:34 pm Running Technology Scan for site occhelps.gov
2018:03:04 12:20:39 pm Running Technology Scan for site odni.gov
2018:03:04 12:20:44 pm Running Technology Scan for site oea.gov
2018:03:04 12:20:50 pm Running Technology Scan for site ofcm.gov
2018:03:04 12:20:57 pm Running Technology Scan for site ofda.gov
2018:03:04 12:21:00 pm Running Technology Scan for site oge.gov
2018:03:04 12:21:05 pm Running Technology Scan for site ogis.gov
2018:03:04 12:21:09 pm Running Technology Scan for site ojjdp.gov
2018:03:04 12:21:51 pm Running Technology Scan for site omb.gov
2018:03:04 12:21:57 pm Running Technology Scan for site ondcp.gov
2018:03:04 12:22:04 pm Running Technology Scan for site onguardonline.gov
2018:03:04 12:22:10 pm Running Technology Scan for site onhir.gov
2018:03:04 12:22:14 pm Running Technology Scan for site onrr.gov
2018:03:04 12:22:19 pm Running Technology Scan for site openinternet.gov
2018:03:04 12:22:24 pm Running Technology Scan for site opensource.gov
2018:03:04 12:22:29 pm Running Technology Scan for site opic.gov
2018:03:04 12:22:36 pm Running Technology Scan for site opm.gov
2018:03:04 12:22:43 pm Running Technology Scan for site orau.gov
2018:03:04 12:22:52 pm Running Technology Scan for site organdonor.gov
2018:03:04 12:23:00 pm Running Technology Scan for site ornl.gov
2018:03:04 12:23:05 pm Running Technology Scan for site osac.gov
2018:03:04 12:23:19 pm Running Technology Scan for site osc.gov
2018:03:04 12:23:28 pm Running Technology Scan for site osha.gov
2018:03:04 12:23:50 pm Running Technology Scan for site oshrc.gov
2018:03:04 12:23:56 pm Running Technology Scan for site osmre.gov
2018:03:04 12:24:04 pm Running Technology Scan for site osti.gov
2018:03:04 12:24:17 pm Running Technology Scan for site ostp.gov
2018:03:04 12:24:23 pm Running Technology Scan for site ots.gov
2018:03:04 12:24:32 pm Running Technology Scan for site ourdocuments.gov
2018:03:04 12:24:36 pm Running Technology Scan for site ovc.gov
2018:03:04 12:24:46 pm Running Technology Scan for site ovcttac.gov
2018:03:04 12:24:58 pm Running Technology Scan for site oversight.gov
2018:03:04 12:26:07 pm Running Technology Scan for site pandemicflu.gov
2018:03:04 12:26:15 pm Running Technology Scan for site papahanaumokuakea.gov
2018:03:04 12:26:45 pm Running Technology Scan for site patriotbonds.gov
2018:03:04 12:27:01 pm Running Technology Scan for site pay.gov
2018:03:04 12:27:07 pm Running Technology Scan for site paymentaccuracy.gov
2018:03:04 12:27:13 pm Running Technology Scan for site pbgc.gov
2018:03:04 12:28:28 pm Running Technology Scan for site pclob.gov
2018:03:04 12:28:33 pm Running Technology Scan for site peacecorps.gov
2018:03:04 12:28:39 pm Running Technology Scan for site pentagon.gov
2018:03:04 12:28:57 pm Running Technology Scan for site pepfar.gov
2018:03:04 12:29:05 pm Running Technology Scan for site performance.gov
2018:03:04 12:29:11 pm Running Technology Scan for site phe.gov
2018:03:04 12:29:16 pm Running Technology Scan for site pic.gov
2018:03:04 12:29:23 pm Running Technology Scan for site piedrasblancas.gov
2018:03:04 12:29:29 pm Running Technology Scan for site pif.gov
2018:03:04 12:29:35 pm Running Technology Scan for site plainlanguage.gov
2018:03:04 12:29:39 pm Running Technology Scan for site pmf.gov
2018:03:04 12:29:44 pm Running Technology Scan for site pmi.gov
2018:03:04 12:29:54 pm Running Technology Scan for site pnl.gov
2018:03:04 12:30:04 pm Running Technology Scan for site pnnl.gov
2018:03:04 12:30:11 pm Running Technology Scan for site poolsafely.gov
2018:03:04 12:30:19 pm Running Technology Scan for site poolsafety.gov
2018:03:04 12:30:27 pm Running Technology Scan for site postoffice.gov
2018:03:04 12:30:31 pm Running Technology Scan for site ppirs.gov
2018:03:04 12:30:34 pm Running Technology Scan for site pppl.gov
2018:03:04 12:32:45 pm Running Technology Scan for site pracomment.gov
2018:03:04 12:32:52 pm Running Technology Scan for site prc.gov
2018:03:04 12:33:03 pm Running Technology Scan for site pregunteleakaren.gov
2018:03:04 12:33:08 pm Running Technology Scan for site preserveamerica.gov
2018:03:04 12:33:12 pm Running Technology Scan for site presidentialinnovationfellows.gov
2018:03:04 12:33:17 pm Running Technology Scan for site presidentialserviceawards.gov
2018:03:04 12:33:25 pm Running Technology Scan for site presidio.gov
2018:03:04 12:33:34 pm Running Technology Scan for site pretrialservices.gov
2018:03:04 12:35:44 pm Running Technology Scan for site privacyshield.gov
2018:03:04 12:35:49 pm Running Technology Scan for site projectsafechildhood.gov
2018:03:04 12:35:57 pm Running Technology Scan for site projectsafeneighborhoods.gov
2018:03:04 12:36:38 pm Running Technology Scan for site protecciondelconsumidor.gov
2018:03:04 12:36:45 pm Running Technology Scan for site protectyourmove.gov
2018:03:04 12:36:48 pm Running Technology Scan for site psa.gov
2018:03:04 12:38:58 pm Running Technology Scan for site psc.gov
2018:03:04 12:39:05 pm Running Technology Scan for site pscr.gov
2018:03:04 12:39:49 pm Running Technology Scan for site psob.gov
2018:03:04 12:40:30 pm Running Technology Scan for site ptf.gov
2018:03:04 12:40:33 pm Running Technology Scan for site pubmed.gov
2018:03:04 12:41:12 pm Running Technology Scan for site qart.gov
2018:03:04 12:41:21 pm Running Technology Scan for site qatesttwai.gov
2018:03:04 12:41:24 pm Running Technology Scan for site quic.gov
2018:03:04 12:41:32 pm Running Technology Scan for site rcfl.gov
2018:03:04 12:41:41 pm Running Technology Scan for site ready.gov
2018:03:04 12:41:47 pm Running Technology Scan for site readybusiness.gov
2018:03:04 12:41:53 pm Running Technology Scan for site reaganlibrary.gov
2018:03:04 12:42:02 pm Running Technology Scan for site realestatesales.gov
2018:03:04 12:42:07 pm Running Technology Scan for site realpropertyprofile.gov
2018:03:04 12:42:14 pm Running Technology Scan for site recalls.gov
2018:03:04 12:42:19 pm Running Technology Scan for site recoverymonth.gov
2018:03:04 12:42:27 pm Running Technology Scan for site recreation.gov
2018:03:04 12:42:32 pm Running Technology Scan for site reginfo.gov
2018:03:04 12:42:41 pm Running Technology Scan for site regulations.gov
2018:03:04 12:42:46 pm Running Technology Scan for site relocatefeds.gov
2018:03:04 12:42:51 pm Running Technology Scan for site reo.gov
2018:03:04 12:45:02 pm Running Technology Scan for site reportband.gov
2018:03:04 12:45:14 pm Running Technology Scan for site research.gov
2018:03:04 12:45:20 pm Running Technology Scan for site restorethegulf.gov
2018:03:04 12:45:49 pm Running Technology Scan for site rivers.gov
2018:03:04 12:45:53 pm Running Technology Scan for site robodeidentidad.gov
2018:03:04 12:45:56 pm Running Technology Scan for site rocis.gov
2018:03:04 12:46:00 pm Running Technology Scan for site rrb.gov
2018:03:04 12:46:06 pm Running Technology Scan for site sac.gov
2018:03:04 12:46:09 pm Running Technology Scan for site safecom.gov
2018:03:04 12:46:13 pm Running Technology Scan for site safecomprogram.gov
2018:03:04 12:46:19 pm Running Technology Scan for site safeocs.gov
2018:03:04 12:46:25 pm Running Technology Scan for site safercar.gov
2018:03:04 12:46:30 pm Running Technology Scan for site saferproduct.gov
2018:03:04 12:46:36 pm Running Technology Scan for site saferproducts.gov
2018:03:04 12:48:46 pm Running Technology Scan for site safertruck.gov
2018:03:04 12:48:52 pm Running Technology Scan for site safetyact.gov
2018:03:04 12:48:56 pm Running Technology Scan for site safeyouth.gov
2018:03:04 12:49:00 pm Running Technology Scan for site salmonrecovery.gov
2018:03:04 12:49:10 pm Running Technology Scan for site sam.gov
2018:03:04 12:49:19 pm Running Technology Scan for site samhsa.gov
2018:03:04 12:49:27 pm Running Technology Scan for site sandia.gov
2018:03:04 12:49:36 pm Running Technology Scan for site savingsbond.gov
2018:03:04 12:49:44 pm Running Technology Scan for site savingsbonds.gov
2018:03:04 12:49:49 pm Running Technology Scan for site savingsbondwizard.gov
2018:03:04 12:49:53 pm Running Technology Scan for site sba.gov
2018:03:04 12:50:01 pm Running Technology Scan for site sbir.gov
2018:03:04 12:50:13 pm Running Technology Scan for site sbst.gov
2018:03:04 12:50:17 pm Running Technology Scan for site science.gov
2018:03:04 12:50:34 pm Running Technology Scan for site science360.gov
2018:03:04 12:50:39 pm Running Technology Scan for site sciencebase.gov
2018:03:04 12:50:49 pm Running Technology Scan for site scra.gov
2018:03:04 12:51:00 pm Running Technology Scan for site sdr.gov
2018:03:04 12:51:03 pm Running Technology Scan for site sec.gov
2018:03:04 12:51:08 pm Running Technology Scan for site secretservice.gov
2018:03:04 12:51:16 pm Running Technology Scan for site section508.gov
2018:03:04 12:51:22 pm Running Technology Scan for site seguridadconsumidor.gov
2018:03:04 12:51:29 pm Running Technology Scan for site segurosocial.gov
2018:03:04 12:52:24 pm Running Technology Scan for site selectagents.gov
2018:03:04 12:52:28 pm Running Technology Scan for site selectusa.gov
2018:03:04 12:52:32 pm Running Technology Scan for site seniorcorps.gov
2018:03:04 12:52:37 pm Running Technology Scan for site sentinel.gov
2018:03:04 12:52:44 pm Running Technology Scan for site serve.gov
2018:03:04 12:52:47 pm Running Technology Scan for site service.gov
2018:03:04 12:52:51 pm Running Technology Scan for site servicemembers.gov
2018:03:04 12:53:00 pm Running Technology Scan for site sftool.gov
2018:03:04 12:53:08 pm Running Technology Scan for site sharetheroadsafely.gov
2018:03:04 12:53:15 pm Running Technology Scan for site sierrawild.gov
2018:03:04 12:53:20 pm Running Technology Scan for site sigtarp.gov
2018:03:04 12:53:25 pm Running Technology Scan for site siteidiq.gov
2018:03:04 12:53:28 pm Running Technology Scan for site sji.gov
2018:03:04 12:54:28 pm Running Technology Scan for site slgs.gov
2018:03:04 12:54:34 pm Running Technology Scan for site smartcheck.gov
2018:03:04 12:54:38 pm Running Technology Scan for site smartgrid.gov
2018:03:04 12:55:10 pm Running Technology Scan for site smokefree.gov
2018:03:04 12:55:58 pm Running Technology Scan for site snap.gov
2018:03:04 12:56:03 pm Running Technology Scan for site socialsecurity.gov
2018:03:04 12:56:59 pm Running Technology Scan for site solardecathlon.gov
2018:03:04 12:57:03 pm Running Technology Scan for site spaceweather.gov
2018:03:04 12:57:32 pm Running Technology Scan for site spectrum.gov
2018:03:04 12:59:42 pm Running Technology Scan for site srs.gov
2018:03:04 12:59:48 pm Running Technology Scan for site ssa.gov
2018:03:04 01:00:44 pm Running Technology Scan for site ssab.gov
2018:03:04 01:00:50 pm Running Technology Scan for site sss.gov
2018:03:04 01:00:53 pm Running Technology Scan for site standards.gov
2018:03:04 01:01:02 pm Running Technology Scan for site state.gov
2018:03:04 01:01:07 pm Running Technology Scan for site stateoig.gov
2018:03:04 01:01:14 pm Running Technology Scan for site stb.gov
2018:03:04 01:01:17 pm Running Technology Scan for site stopalcoholabuse.gov
2018:03:04 01:01:25 pm Running Technology Scan for site stopbullying.gov
2018:03:04 01:01:35 pm Running Technology Scan for site stopfakes.gov
2018:03:04 01:01:39 pm Running Technology Scan for site stopfraud.gov
2018:03:04 01:01:50 pm Running Technology Scan for site strongports.gov
2018:03:04 01:01:59 pm Running Technology Scan for site studentaid.gov
2018:03:04 01:02:30 pm Running Technology Scan for site studentloans.gov
2018:03:04 01:05:28 pm Running Technology Scan for site surgeongeneral.gov
2018:03:04 01:05:36 pm Running Technology Scan for site sustainability.gov
2018:03:04 01:05:42 pm Running Technology Scan for site sustainablecommunities.gov
2018:03:04 01:05:45 pm Running Technology Scan for site swpa.gov
2018:03:04 01:06:27 pm Running Technology Scan for site symbols.gov
2018:03:04 01:06:35 pm Running Technology Scan for site taaps.gov
2018:03:04 01:06:40 pm Running Technology Scan for site tax.gov
2018:03:04 01:06:46 pm Running Technology Scan for site telework.gov
2018:03:04 01:06:50 pm Running Technology Scan for site tfhrc.gov
2018:03:04 01:06:54 pm Running Technology Scan for site thecoolspot.gov
2018:03:04 01:07:44 pm Running Technology Scan for site therealcost.gov
2018:03:04 01:07:50 pm Running Technology Scan for site thisfreelife.gov
2018:03:04 01:07:58 pm Running Technology Scan for site tigta.gov
2018:03:04 01:08:06 pm Running Technology Scan for site time.gov
2018:03:04 01:08:10 pm Running Technology Scan for site tobacco.gov
2018:03:04 01:08:19 pm Running Technology Scan for site tox21.gov
2018:03:04 01:08:24 pm Running Technology Scan for site trade.gov
2018:03:04 01:08:33 pm Running Technology Scan for site trafficsafetymarketing.gov
2018:03:04 01:08:41 pm Running Technology Scan for site transparency.gov
2018:03:04 01:08:46 pm Running Technology Scan for site transportation.gov
2018:03:04 01:08:52 pm Running Technology Scan for site treas.gov
2018:03:04 01:09:41 pm Running Technology Scan for site treaslockbox.gov
2018:03:04 01:09:49 pm Running Technology Scan for site treasury.gov
2018:03:04 01:10:40 pm Running Technology Scan for site treasuryauctions.gov
2018:03:04 01:10:44 pm Running Technology Scan for site treasurydirect.gov
2018:03:04 01:10:49 pm Running Technology Scan for site treasuryhunt.gov
2018:03:04 01:10:58 pm Running Technology Scan for site treasuryscams.gov
2018:03:04 01:11:06 pm Running Technology Scan for site tribaljusticeandsafety.gov
2018:03:04 01:11:16 pm Running Technology Scan for site truman.gov
2018:03:04 01:11:21 pm Running Technology Scan for site tsa.gov
2018:03:04 01:11:30 pm Running Technology Scan for site tsc.gov
2018:03:04 01:11:33 pm Running Technology Scan for site tsp.gov
2018:03:04 01:11:40 pm Running Technology Scan for site tsunami.gov
2018:03:04 01:12:32 pm Running Technology Scan for site tswg.gov
2018:03:04 01:12:40 pm Running Technology Scan for site ttb.gov
2018:03:04 01:12:46 pm Running Technology Scan for site ttbonline.gov
2018:03:04 01:13:27 pm Running Technology Scan for site tva.gov
2018:03:04 01:13:54 pm Running Technology Scan for site tvaoig.gov
2018:03:04 01:14:00 pm Running Technology Scan for site ucrdatatool.gov
2018:03:04 01:14:07 pm Running Technology Scan for site udall.gov
2018:03:04 01:14:12 pm Running Technology Scan for site unicor.gov
2018:03:04 01:14:22 pm Running Technology Scan for site unionreports.gov
2018:03:04 01:16:33 pm Running Technology Scan for site unitedstates.gov
2018:03:04 01:16:41 pm Running Technology Scan for site unlocktalent.gov
2018:03:04 01:16:46 pm Running Technology Scan for site urbanwaters.gov
2018:03:04 01:16:51 pm Running Technology Scan for site us-cert.gov
2018:03:04 01:16:55 pm Running Technology Scan for site us.gov
2018:03:04 01:17:04 pm Running Technology Scan for site usa.gov
2018:03:04 01:17:12 pm Running Technology Scan for site usability.gov
2018:03:04 01:17:20 pm Running Technology Scan for site usadf.gov
2018:03:04 01:17:25 pm Running Technology Scan for site usagov.gov
2018:03:04 01:17:33 pm Running Technology Scan for site usaid.gov
2018:03:04 01:17:39 pm Running Technology Scan for site usajobs.gov
2018:03:04 01:17:45 pm Running Technology Scan for site usalearning.gov
2018:03:04 01:17:51 pm Running Technology Scan for site usap.gov
2018:03:04 01:17:57 pm Running Technology Scan for site usaseanconnect.gov
2018:03:04 01:20:09 pm Running Technology Scan for site usaspending.gov
2018:03:04 01:20:33 pm Running Technology Scan for site usastaffing.gov
2018:03:04 01:20:39 pm Running Technology Scan for site usbr.gov
2018:03:04 01:20:45 pm Running Technology Scan for site usccr.gov
2018:03:04 01:20:50 pm Running Technology Scan for site uscirf.gov
2018:03:04 01:20:54 pm Running Technology Scan for site uscis.gov
2018:03:04 01:21:01 pm Running Technology Scan for site usconsulate.gov
2018:03:04 01:23:41 pm Running Technology Scan for site uscurrency.gov
2018:03:04 01:23:50 pm Running Technology Scan for site usda.gov
2018:03:04 01:23:55 pm Running Technology Scan for site usdebitcard.gov
2018:03:04 01:24:00 pm Running Technology Scan for site usdigitalservice.gov
2018:03:04 01:24:04 pm Running Technology Scan for site usdoj.gov
2018:03:04 01:24:11 pm Running Technology Scan for site usds.gov
2018:03:04 01:24:15 pm Running Technology Scan for site usembassy.gov
2018:03:04 01:26:25 pm Running Technology Scan for site userra.gov
2018:03:04 01:26:37 pm Running Technology Scan for site usgcrp.gov
2018:03:04 01:26:43 pm Running Technology Scan for site usgovernment.gov
2018:03:04 01:26:51 pm Running Technology Scan for site usgs.gov
2018:03:04 01:26:59 pm Running Technology Scan for site usich.gov
2018:03:04 01:27:06 pm Running Technology Scan for site usip.gov
2018:03:04 01:27:09 pm Running Technology Scan for site usitc.gov
2018:03:04 01:27:14 pm Running Technology Scan for site usmarshals.gov
2018:03:04 01:27:23 pm Running Technology Scan for site usmint.gov
2018:03:04 01:27:47 pm Running Technology Scan for site usmission.gov
2018:03:04 01:29:57 pm Running Technology Scan for site usphs.gov
2018:03:04 01:30:00 pm Running Technology Scan for site uspis.gov
2018:03:04 01:30:05 pm Running Technology Scan for site usps.gov
2018:03:04 01:30:09 pm Running Technology Scan for site uspsinnovates.gov
2018:03:04 01:30:13 pm Running Technology Scan for site uspsoig.gov
2018:03:04 01:30:18 pm Running Technology Scan for site uspto.gov
2018:03:04 01:30:27 pm Running Technology Scan for site ussm.gov
2018:03:04 01:30:32 pm Running Technology Scan for site ustda.gov
2018:03:04 01:30:38 pm Running Technology Scan for site ustr.gov
2018:03:04 01:30:43 pm Running Technology Scan for site ustreas.gov
2018:03:04 01:31:14 pm Running Technology Scan for site utahfireinfo.gov
2018:03:04 01:31:21 pm Running Technology Scan for site va.gov
2018:03:04 01:31:28 pm Running Technology Scan for site vaccines.gov
2018:03:04 01:31:33 pm Running Technology Scan for site vcf.gov
2018:03:04 01:31:41 pm Running Technology Scan for site vef.gov
2018:03:04 01:31:46 pm Running Technology Scan for site vehiclehistory.gov
2018:03:04 01:32:29 pm Running Technology Scan for site vetbiz.gov
2018:03:04 01:32:38 pm Running Technology Scan for site veterans.gov
2018:03:04 01:32:42 pm Running Technology Scan for site vets.gov
2018:03:04 01:32:49 pm Running Technology Scan for site vistacampus.gov
2018:03:04 01:32:57 pm Running Technology Scan for site voa.gov
2018:03:04 01:33:00 pm Running Technology Scan for site volcano.gov
2018:03:04 01:33:07 pm Running Technology Scan for site volunteer.gov
2018:03:04 01:33:13 pm Running Technology Scan for site volunteeringinamerica.gov
2018:03:04 01:33:18 pm Running Technology Scan for site vote.gov
2018:03:04 01:33:23 pm Running Technology Scan for site votebymail.gov
2018:03:04 01:33:30 pm Running Technology Scan for site wapa.gov
2018:03:04 01:34:16 pm Running Technology Scan for site wartimecontracting.gov
2018:03:04 01:34:20 pm Running Technology Scan for site watermonitor.gov
2018:03:04 01:34:26 pm Running Technology Scan for site wdol.gov
2018:03:04 01:34:31 pm Running Technology Scan for site weather.gov
2018:03:04 01:34:37 pm Running Technology Scan for site webharvest.gov
2018:03:04 01:34:45 pm Running Technology Scan for site wh.gov
2018:03:04 01:34:53 pm Running Technology Scan for site whistleblower.gov
2018:03:04 01:37:04 pm Running Technology Scan for site whistleblowers.gov
2018:03:04 01:37:08 pm Running Technology Scan for site whitehouse.gov
2018:03:04 01:37:17 pm Running Technology Scan for site whitehouseconferenceonaging.gov
2018:03:04 01:37:21 pm Running Technology Scan for site whitehousedrugpolicy.gov
2018:03:04 01:37:28 pm Running Technology Scan for site wildfire.gov
2018:03:04 01:37:31 pm Running Technology Scan for site wildlifeadaptationstrategy.gov
2018:03:04 01:37:36 pm Running Technology Scan for site wizard.gov
2018:03:04 01:37:41 pm Running Technology Scan for site wlci.gov
2018:03:04 01:37:49 pm Running Technology Scan for site womenshealth.gov
2018:03:04 01:37:57 pm Running Technology Scan for site worker.gov
2018:03:04 01:38:01 pm Running Technology Scan for site workplace.gov
2018:03:04 01:38:04 pm Running Technology Scan for site worldwar1centennial.gov
2018:03:04 01:38:07 pm Running Technology Scan for site wrp.gov
2018:03:04 01:38:12 pm Running Technology Scan for site ymp.gov
2018:03:04 01:38:56 pm Running Technology Scan for site youth.gov
2018:03:04 01:39:01 pm Running Technology Scan for site youthrules.gov
2018:03:04 01:39:06 pm Running Technology Scan for site atcreform.gov
2018:03:04 01:39:18 pm Running Technology Scan for site budgetlob.gov
2018:03:04 01:39:24 pm Running Technology Scan for site businessdefense.gov
2018:03:04 01:39:27 pm Running Technology Scan for site campusdrugprevention.gov
2018:03:04 01:39:33 pm Running Technology Scan for site casl.gov
2018:03:04 01:39:36 pm Running Technology Scan for site cdcpartners.gov
2018:03:04 01:39:39 pm Running Technology Scan for site df.gov
2018:03:04 01:39:42 pm Running Technology Scan for site e-verify.gov
2018:03:04 01:39:49 pm Running Technology Scan for site earthsystemprediction.gov
2018:03:04 01:40:31 pm Running Technology Scan for site everify.gov
2018:03:04 01:40:37 pm Running Technology Scan for site fueleconomy.gov
2018:03:04 01:40:44 pm Running Technology Scan for site isotope.gov
2018:03:04 01:40:52 pm Running Technology Scan for site isotopes.gov
2018:03:04 01:40:56 pm Running Technology Scan for site militaryconsumer.gov
2018:03:04 01:41:04 pm Running Technology Scan for site nccs.gov
2018:03:04 01:41:07 pm Running Technology Scan for site ncrc.gov
2018:03:04 01:41:11 pm Running Technology Scan for site ntrc.gov
2018:03:04 01:41:15 pm Running Technology Scan for site obamalibrary.gov
2018:03:04 01:41:23 pm Running Technology Scan for site obamawhitehouse.gov
2018:03:04 01:41:32 pm Running Technology Scan for site scidac.gov
2018:03:04 01:41:38 pm Running Technology Scan for site scijinks.gov
2018:03:04 01:41:44 pm Running Technology Scan for site smarterskies.gov
2018:03:04 01:41:51 pm Running Technology Scan for site smokeybear.gov
2018:03:04 01:41:55 pm Running Technology Scan for site sns.gov
2018:03:04 01:42:03 pm Running Technology Scan for site digital.gov
2018:03:04 01:42:13 pm Running Technology Scan for site notalone.gov
2018:03:04 01:43:10 pm Running Technology Scan for site aftac.gov
2018:03:04 01:43:13 pm Running Technology Scan for site ag.gov
2018:03:04 01:45:26 pm Running Technology Scan for site arsusda.gov
2018:03:04 01:45:47 pm Running Technology Scan for site bjs.gov
2018:03:04 01:45:58 pm Running Technology Scan for site cerebrosano.gov
2018:03:04 01:46:44 pm Running Technology Scan for site cigie.gov
2018:03:04 01:46:47 pm Running Technology Scan for site clinicaltrial.gov
2018:03:04 01:46:51 pm Running Technology Scan for site consumersentinel.gov
2018:03:04 01:46:55 pm Running Technology Scan for site digitaldashboard.gov
2018:03:04 01:47:01 pm Running Technology Scan for site doeal.gov
2018:03:04 01:49:50 pm Running Technology Scan for site dol-esa.gov
2018:03:04 01:49:54 pm Running Technology Scan for site drugfreeworkplace.gov
2018:03:04 01:50:03 pm Running Technology Scan for site employer.gov
2018:03:04 01:50:07 pm Running Technology Scan for site fpki-lab.gov
2018:03:04 01:50:30 pm Running Technology Scan for site fpki.gov
2018:03:04 01:50:53 pm Running Technology Scan for site frb.gov
2018:03:04 01:53:03 pm Running Technology Scan for site heritageabroad.gov
2018:03:04 01:53:08 pm Running Technology Scan for site hirevets.gov
2018:03:04 01:53:14 pm Running Technology Scan for site identitysandbox.gov
2018:03:04 01:53:17 pm Running Technology Scan for site innovation.gov
2018:03:04 01:53:21 pm Running Technology Scan for site jccbi.gov
2018:03:04 01:53:25 pm Running Technology Scan for site jusfc.gov
2018:03:04 01:53:31 pm Running Technology Scan for site mcctest.gov
2018:03:04 01:53:35 pm Running Technology Scan for site medline.gov
2018:03:04 01:53:38 pm Running Technology Scan for site mms.gov
2018:03:04 01:53:45 pm Running Technology Scan for site mtmc.gov
2018:03:04 01:53:53 pm Running Technology Scan for site nationalchildrensstudy.gov
2018:03:04 01:56:46 pm Running Technology Scan for site networx.gov
2018:03:04 01:58:56 pm Running Technology Scan for site nij.gov
2018:03:04 01:59:09 pm Running Technology Scan for site nrc-gateway.gov
2018:03:04 01:59:15 pm Running Technology Scan for site nrelhub.gov
2018:03:04 01:59:18 pm Running Technology Scan for site ojp.gov
2018:03:04 01:59:58 pm Running Technology Scan for site osis.gov
2018:03:04 02:00:01 pm Running Technology Scan for site pci.gov
2018:03:04 02:00:04 pm Running Technology Scan for site pitc.gov
2018:03:04 02:00:08 pm Running Technology Scan for site presidiotrust.gov
2018:03:04 02:02:22 pm Running Technology Scan for site ptt.gov
2018:03:04 02:04:34 pm Running Technology Scan for site reporting.gov
2018:03:04 02:04:40 pm Running Technology Scan for site rl.gov
2018:03:04 02:04:47 pm Running Technology Scan for site safecar.gov
2018:03:04 02:04:52 pm Running Technology Scan for site sandbox.gov
2018:03:04 02:04:59 pm Running Technology Scan for site search.gov
2018:03:04 02:05:04 pm Running Technology Scan for site smart.gov
2018:03:04 02:05:12 pm Running Technology Scan for site sworm.gov
2018:03:04 02:05:40 pm Running Technology Scan for site treasuryauction.gov
2018:03:04 02:05:44 pm Running Technology Scan for site twai.gov
2018:03:04 02:08:29 pm Running Technology Scan for site ucia.gov
2018:03:04 02:08:33 pm Running Technology Scan for site ugov.gov
2018:03:04 02:08:36 pm Running Technology Scan for site uscg.gov
2018:03:04 02:08:39 pm Running Technology Scan for site usss.gov
2018:03:04 02:08:43 pm Running Technology Scan for site whaging.gov
2018:03:04 02:10:57 pm Running Technology Scan for site ncr.gov
2018:03:04 02:11:22 pm Running Technology Scan for site mynextmove.gov
2018:03:04 02:11:26 pm Running Technology Scan for site 2020census.gov
2018:03:04 02:12:13 pm Running Technology Scan for site childcare.gov
2018:03:04 02:12:21 pm Running Technology Scan for site everytrycounts.gov
2018:03:04 02:12:47 pm Running Technology Scan for site farmers.gov
2018:03:04 02:13:00 pm Running Technology Scan for site ffb.gov
2018:03:04 02:13:06 pm Running Technology Scan for site inspire2serve.gov
2018:03:04 02:13:13 pm Running Technology Scan for site intel.gov
2018:03:04 02:13:22 pm Running Technology Scan for site opioids.gov
2018:03:04 02:13:30 pm Running Technology Scan for site thepeoplesgarden.gov
2018:03:04 02:13:33 pm Running Technology Scan for site xd.gov
2018:03:04 02:14:16 pm Running Technology Scan for site foiaonline.gov
