2018:01:03 02:57:20 pm Starting Scan
2018:01:03 02:57:20 pm Collecting HTTPS and DAP data from Pulse
2018:01:03 02:57:20 pm Running Technology Scan for site nccs.gov
2018:01:03 02:57:50 pm 
Start HTTPS and DAP Scan nccs.gov
2018:01:03 02:57:51 pm 
Start Domain and SSL Scan for nccs.gov
2018:01:03 02:57:51 pm Executed Command ' dig nccs.gov +short ' Successfully
2018:01:03 02:57:51 pm Executed Command ' dig nccs.gov +short ' Successfully
2018:01:03 02:58:03 pm 
Start Mobile Scan for nccs.gov
2018:01:03 02:58:05 pm 
Start Site Speed Scan for nccs.gov
2018:01:03 02:58:05 pm Running Technology Scan for site ncrc.gov
2018:01:03 02:58:38 pm 
Start HTTPS and DAP Scan ncrc.gov
2018:01:03 02:58:39 pm 
Start Domain and SSL Scan for ncrc.gov
2018:01:03 02:58:40 pm Executed Command ' dig ncrc.gov +short ' Successfully
2018:01:03 02:58:42 pm Executed Command ' dig ncrc.gov +short ' Successfully
2018:01:03 02:58:54 pm 
Start Mobile Scan for ncrc.gov
2018:01:03 02:58:55 pm 
Start Site Speed Scan for ncrc.gov
2018:01:03 02:58:55 pm Running Technology Scan for site ntrc.gov
2018:01:03 02:59:24 pm 
Start HTTPS and DAP Scan ntrc.gov
2018:01:03 02:59:24 pm 
Start Domain and SSL Scan for ntrc.gov
2018:01:03 02:59:25 pm Executed Command ' dig ntrc.gov +short ' Successfully
2018:01:03 02:59:25 pm Executed Command ' dig ntrc.gov +short ' Successfully
2018:01:03 02:59:36 pm 
Start Mobile Scan for ntrc.gov
2018:01:03 02:59:37 pm 
Start Site Speed Scan for ntrc.gov
2018:01:03 02:59:38 pm Running Technology Scan for site obamalibrary.gov
2018:01:03 02:59:44 pm 
Start HTTPS and DAP Scan obamalibrary.gov
2018:01:03 02:59:44 pm 
Start Domain and SSL Scan for obamalibrary.gov
2018:01:03 02:59:51 pm Executed Command ' dig obamalibrary.gov +short ' Successfully
2018:01:03 02:59:51 pm Executed Command ' dig obamalibrary.gov +short ' Successfully
2018:01:03 02:59:55 pm 
Start Mobile Scan for obamalibrary.gov
2018:01:03 03:00:07 pm 
Start Site Speed Scan for obamalibrary.gov
2018:01:03 03:00:19 pm Running Technology Scan for site obamawhitehouse.gov
2018:01:03 03:00:22 pm 
Start HTTPS and DAP Scan obamawhitehouse.gov
2018:01:03 03:00:23 pm 
Start Domain and SSL Scan for obamawhitehouse.gov
2018:01:03 03:00:28 pm Executed Command ' dig obamawhitehouse.gov +short ' Successfully
2018:01:03 03:00:28 pm Executed Command ' dig obamawhitehouse.gov +short ' Successfully
2018:01:03 03:00:33 pm 
Start Mobile Scan for obamawhitehouse.gov
2018:01:03 03:00:43 pm 
Start Site Speed Scan for obamawhitehouse.gov
2018:01:03 03:00:47 pm Running Technology Scan for site orlando.gov
2018:01:03 03:00:50 pm 
Start HTTPS and DAP Scan orlando.gov
2018:01:03 03:00:51 pm 
Start Domain and SSL Scan for orlando.gov
2018:01:03 03:00:55 pm Executed Command ' dig orlando.gov +short ' Successfully
2018:01:03 03:00:55 pm Executed Command ' dig orlando.gov +short ' Successfully
2018:01:03 03:00:58 pm 
Start Mobile Scan for orlando.gov
2018:01:03 03:01:13 pm 
Start Site Speed Scan for orlando.gov
2018:01:03 03:01:16 pm Running Technology Scan for site scidac.gov
2018:01:03 03:02:09 pm 
Start HTTPS and DAP Scan scidac.gov
2018:01:03 03:02:10 pm 
Start Domain and SSL Scan for scidac.gov
2018:01:03 03:02:15 pm Executed Command ' dig scidac.gov +short ' Successfully
2018:01:03 03:02:15 pm Executed Command ' dig scidac.gov +short ' Successfully
2018:01:03 03:02:36 pm 
Start Mobile Scan for scidac.gov
2018:01:03 03:02:44 pm 
Start Site Speed Scan for scidac.gov
2018:01:03 03:02:46 pm Running Technology Scan for site scijinks.gov
2018:01:03 03:02:50 pm 
Start HTTPS and DAP Scan scijinks.gov
2018:01:03 03:02:50 pm 
Start Domain and SSL Scan for scijinks.gov
2018:01:03 03:03:00 pm Executed Command ' dig scijinks.gov +short ' Successfully
2018:01:03 03:03:00 pm Executed Command ' dig scijinks.gov +short ' Successfully
2018:01:03 03:03:05 pm 
Start Mobile Scan for scijinks.gov
2018:01:03 03:03:24 pm 
Start Site Speed Scan for scijinks.gov
2018:01:03 03:03:26 pm Running Technology Scan for site smarterskies.gov
2018:01:03 03:03:30 pm 
Start HTTPS and DAP Scan smarterskies.gov
2018:01:03 03:03:30 pm 
Start Domain and SSL Scan for smarterskies.gov
2018:01:03 03:03:37 pm Executed Command ' dig smarterskies.gov +short ' Successfully
2018:01:03 03:03:37 pm Executed Command ' dig smarterskies.gov +short ' Successfully
2018:01:03 03:03:51 pm 
Start Mobile Scan for smarterskies.gov
2018:01:03 03:03:56 pm 
Start Site Speed Scan for smarterskies.gov
2018:01:03 03:04:00 pm Running Technology Scan for site smokeybear.gov
2018:01:03 03:04:03 pm 
Start HTTPS and DAP Scan smokeybear.gov
2018:01:03 03:04:04 pm 
Start Domain and SSL Scan for smokeybear.gov
2018:01:03 03:04:12 pm Executed Command ' dig smokeybear.gov +short ' Successfully
2018:01:03 03:04:12 pm Executed Command ' dig smokeybear.gov +short ' Successfully
2018:01:03 03:04:17 pm 
Start Mobile Scan for smokeybear.gov
2018:01:03 03:04:40 pm 
Start Site Speed Scan for smokeybear.gov
2018:01:03 03:04:44 pm Running Technology Scan for site sns.gov
2018:01:03 03:05:12 pm 
Start HTTPS and DAP Scan sns.gov
2018:01:03 03:05:12 pm 
Start Domain and SSL Scan for sns.gov
2018:01:03 03:05:18 pm Executed Command ' dig sns.gov +short ' Successfully
2018:01:03 03:05:18 pm Executed Command ' dig sns.gov +short ' Successfully
2018:01:03 03:05:38 pm 
Start Mobile Scan for sns.gov
2018:01:03 03:06:22 pm 
Start Site Speed Scan for sns.gov
2018:01:03 03:06:28 pm Running Technology Scan for site trainingproviderresults.gov
2018:01:03 03:06:31 pm 
Start HTTPS and DAP Scan trainingproviderresults.gov
2018:01:03 03:06:32 pm 
Start Domain and SSL Scan for trainingproviderresults.gov
2018:01:03 03:06:34 pm Executed Command ' dig trainingproviderresults.gov +short ' Successfully
2018:01:03 03:06:34 pm Executed Command ' dig trainingproviderresults.gov +short ' Successfully
2018:01:03 03:06:55 pm 
Start Mobile Scan for trainingproviderresults.gov
2018:01:03 03:07:32 pm 
Start Site Speed Scan for trainingproviderresults.gov
2018:01:03 03:07:56 pm Running Technology Scan for site consumerfinancialbureau.gov
2018:01:03 03:08:01 pm 
Start HTTPS and DAP Scan consumerfinancialbureau.gov
2018:01:03 03:08:01 pm 
Start Domain and SSL Scan for consumerfinancialbureau.gov
2018:01:03 03:08:07 pm Executed Command ' dig consumerfinancialbureau.gov +short ' Successfully
2018:01:03 03:08:07 pm Executed Command ' dig consumerfinancialbureau.gov +short ' Successfully
2018:01:03 03:08:11 pm 
Start Mobile Scan for consumerfinancialbureau.gov
2018:01:03 03:08:30 pm 
Start Site Speed Scan for consumerfinancialbureau.gov
2018:01:03 03:08:33 pm Running Technology Scan for site digital.gov
2018:01:03 03:08:37 pm 
Start HTTPS and DAP Scan digital.gov
2018:01:03 03:08:37 pm 
Start Domain and SSL Scan for digital.gov
2018:01:03 03:08:46 pm Executed Command ' dig digital.gov +short ' Successfully
2018:01:03 03:08:46 pm Executed Command ' dig digital.gov +short ' Successfully
2018:01:03 03:08:49 pm 
Start Mobile Scan for digital.gov
2018:01:03 03:08:54 pm 
Start Site Speed Scan for digital.gov
2018:01:03 03:08:58 pm Running Technology Scan for site peacecore.gov
2018:01:03 03:09:04 pm 
Start HTTPS and DAP Scan peacecore.gov
2018:01:03 03:09:04 pm 
Start Domain and SSL Scan for peacecore.gov
2018:01:03 03:09:10 pm Executed Command ' dig peacecore.gov +short ' Successfully
2018:01:03 03:09:10 pm Executed Command ' dig peacecore.gov +short ' Successfully
2018:01:03 03:09:17 pm 
Start Mobile Scan for peacecore.gov
2018:01:03 03:09:56 pm 
Start Site Speed Scan for peacecore.gov
2018:01:03 03:10:05 pm Running Technology Scan for site peacecorp.gov
2018:01:03 03:10:09 pm 
Start HTTPS and DAP Scan peacecorp.gov
2018:01:03 03:10:10 pm 
Start Domain and SSL Scan for peacecorp.gov
2018:01:03 03:10:16 pm Executed Command ' dig peacecorp.gov +short ' Successfully
2018:01:03 03:10:16 pm Executed Command ' dig peacecorp.gov +short ' Successfully
2018:01:03 03:10:21 pm 
Start Mobile Scan for peacecorp.gov
2018:01:03 03:10:54 pm 
Start Site Speed Scan for peacecorp.gov
2018:01:03 03:11:03 pm Running Technology Scan for site notalone.gov
2018:01:03 03:11:07 pm 
Start HTTPS and DAP Scan notalone.gov
2018:01:03 03:11:07 pm 
Start Domain and SSL Scan for notalone.gov
2018:01:03 03:11:15 pm Executed Command ' dig notalone.gov +short ' Successfully
2018:01:03 03:11:17 pm Executed Command ' dig notalone.gov +short ' Successfully
2018:01:03 03:11:21 pm 
Start Mobile Scan for notalone.gov
2018:01:03 03:11:38 pm 
Start Site Speed Scan for notalone.gov
2018:01:03 03:11:41 pm Running Technology Scan for site aftac.gov
2018:01:03 03:11:45 pm 
Start HTTPS and DAP Scan aftac.gov
2018:01:03 03:11:45 pm 
Start Domain and SSL Scan for aftac.gov
2018:01:03 03:11:48 pm Executed Command ' dig aftac.gov +short ' Successfully
2018:01:03 03:11:48 pm Executed Command ' dig aftac.gov +short ' Successfully
2018:01:03 03:11:50 pm 
Start Mobile Scan for aftac.gov
2018:01:03 03:11:52 pm 
Start Site Speed Scan for aftac.gov
2018:01:03 03:11:52 pm Running Technology Scan for site ag.gov
2018:01:03 03:11:57 pm 
Start HTTPS and DAP Scan ag.gov
2018:01:03 03:11:57 pm 
Start Domain and SSL Scan for ag.gov
2018:01:03 03:12:03 pm Executed Command ' dig ag.gov +short ' Successfully
2018:01:03 03:12:03 pm Executed Command ' dig ag.gov +short ' Successfully
2018:01:03 03:12:24 pm 
Start Mobile Scan for ag.gov
2018:01:03 03:13:25 pm 
Start Site Speed Scan for ag.gov
2018:01:03 03:13:45 pm Running Technology Scan for site arsusda.gov
2018:01:03 03:14:08 pm 
Start HTTPS and DAP Scan arsusda.gov
2018:01:03 03:14:08 pm 
Start Domain and SSL Scan for arsusda.gov
2018:01:03 03:14:09 pm Executed Command ' dig arsusda.gov +short ' Successfully
2018:01:03 03:14:09 pm Executed Command ' dig arsusda.gov +short ' Successfully
2018:01:03 03:14:14 pm 
Start Mobile Scan for arsusda.gov
2018:01:03 03:14:15 pm 
Start Site Speed Scan for arsusda.gov
2018:01:03 03:14:16 pm Running Technology Scan for site bjs.gov
2018:01:03 03:14:20 pm 
Start HTTPS and DAP Scan bjs.gov
2018:01:03 03:14:20 pm 
Start Domain and SSL Scan for bjs.gov
2018:01:03 03:14:28 pm Executed Command ' dig bjs.gov +short ' Successfully
2018:01:03 03:14:28 pm Executed Command ' dig bjs.gov +short ' Successfully
2018:01:03 03:14:33 pm 
Start Mobile Scan for bjs.gov
2018:01:03 03:14:52 pm 
Start Site Speed Scan for bjs.gov
2018:01:03 03:14:56 pm Running Technology Scan for site cerebrosano.gov
2018:01:03 03:15:43 pm 
Start HTTPS and DAP Scan cerebrosano.gov
2018:01:03 03:15:43 pm 
Start Domain and SSL Scan for cerebrosano.gov
2018:01:03 03:15:50 pm Executed Command ' dig cerebrosano.gov +short ' Successfully
2018:01:03 03:15:50 pm Executed Command ' dig cerebrosano.gov +short ' Successfully
2018:01:03 03:16:01 pm 
Start Mobile Scan for cerebrosano.gov
2018:01:03 03:16:52 pm 
Start Site Speed Scan for cerebrosano.gov
2018:01:03 03:16:57 pm Running Technology Scan for site cigie.gov
2018:01:03 03:17:32 pm 
Start HTTPS and DAP Scan cigie.gov
2018:01:03 03:17:32 pm 
Start Domain and SSL Scan for cigie.gov
2018:01:03 03:17:33 pm Executed Command ' dig cigie.gov +short ' Successfully
2018:01:03 03:17:33 pm Executed Command ' dig cigie.gov +short ' Successfully
2018:01:03 03:17:44 pm 
Start Mobile Scan for cigie.gov
2018:01:03 03:17:45 pm 
Start Site Speed Scan for cigie.gov
2018:01:03 03:17:46 pm Running Technology Scan for site clinicaltrial.gov
2018:01:03 03:17:50 pm 
Start HTTPS and DAP Scan clinicaltrial.gov
2018:01:03 03:17:50 pm 
Start Domain and SSL Scan for clinicaltrial.gov
2018:01:03 03:17:54 pm Executed Command ' dig clinicaltrial.gov +short ' Successfully
2018:01:03 03:17:54 pm Executed Command ' dig clinicaltrial.gov +short ' Successfully
2018:01:03 03:18:05 pm 
Start Mobile Scan for clinicaltrial.gov
2018:01:03 03:18:06 pm 
Start Site Speed Scan for clinicaltrial.gov
2018:01:03 03:18:07 pm Running Technology Scan for site consumersentinel.gov
2018:01:03 03:18:11 pm 
Start HTTPS and DAP Scan consumersentinel.gov
2018:01:03 03:18:11 pm 
Start Domain and SSL Scan for consumersentinel.gov
2018:01:03 03:18:14 pm Executed Command ' dig consumersentinel.gov +short ' Successfully
2018:01:03 03:18:14 pm Executed Command ' dig consumersentinel.gov +short ' Successfully
2018:01:03 03:18:21 pm 
Start Mobile Scan for consumersentinel.gov
2018:01:03 03:18:23 pm 
Start Site Speed Scan for consumersentinel.gov
2018:01:03 03:18:23 pm Running Technology Scan for site digitaldashboard.gov
2018:01:03 03:18:28 pm 
Start HTTPS and DAP Scan digitaldashboard.gov
2018:01:03 03:18:28 pm 
Start Domain and SSL Scan for digitaldashboard.gov
2018:01:03 03:18:35 pm Executed Command ' dig digitaldashboard.gov +short ' Successfully
2018:01:03 03:18:35 pm Executed Command ' dig digitaldashboard.gov +short ' Successfully
2018:01:03 03:18:37 pm 
Start Mobile Scan for digitaldashboard.gov
2018:01:03 03:18:47 pm 
Start Site Speed Scan for digitaldashboard.gov
2018:01:03 03:18:51 pm Running Technology Scan for site doeal.gov
2018:01:03 03:19:31 pm 
Start HTTPS and DAP Scan doeal.gov
2018:01:03 03:19:31 pm 
Start Domain and SSL Scan for doeal.gov
2018:01:03 03:19:37 pm Executed Command ' dig doeal.gov +short ' Successfully
2018:01:03 03:19:37 pm Executed Command ' dig doeal.gov +short ' Successfully
2018:01:03 03:19:48 pm 
Start Mobile Scan for doeal.gov
2018:01:03 03:20:51 pm 
Start Site Speed Scan for doeal.gov
2018:01:03 03:21:11 pm Running Technology Scan for site dol-esa.gov
2018:01:03 03:21:15 pm 
Start HTTPS and DAP Scan dol-esa.gov
2018:01:03 03:21:15 pm 
Start Domain and SSL Scan for dol-esa.gov
2018:01:03 03:21:17 pm Executed Command ' dig dol-esa.gov +short ' Successfully
2018:01:03 03:21:17 pm Executed Command ' dig dol-esa.gov +short ' Successfully
2018:01:03 03:21:20 pm 
Start Mobile Scan for dol-esa.gov
2018:01:03 03:21:23 pm 
Start Site Speed Scan for dol-esa.gov
2018:01:03 03:21:23 pm Running Technology Scan for site drugfreeworkplace.gov
2018:01:03 03:21:31 pm 
Start HTTPS and DAP Scan drugfreeworkplace.gov
2018:01:03 03:21:31 pm 
Start Domain and SSL Scan for drugfreeworkplace.gov
2018:01:03 03:21:35 pm Executed Command ' dig drugfreeworkplace.gov +short ' Successfully
2018:01:03 03:21:35 pm Executed Command ' dig drugfreeworkplace.gov +short ' Successfully
2018:01:03 03:21:45 pm 
Start Mobile Scan for drugfreeworkplace.gov
2018:01:03 03:21:51 pm 
Start Site Speed Scan for drugfreeworkplace.gov
2018:01:03 03:21:55 pm Running Technology Scan for site employer.gov
2018:01:03 03:21:58 pm 
Start HTTPS and DAP Scan employer.gov
2018:01:03 03:21:59 pm 
Start Domain and SSL Scan for employer.gov
2018:01:03 03:22:04 pm Executed Command ' dig employer.gov +short ' Successfully
2018:01:03 03:22:04 pm Executed Command ' dig employer.gov +short ' Successfully
2018:01:03 03:22:15 pm 
Start Mobile Scan for employer.gov
2018:01:03 03:22:22 pm 
Start Site Speed Scan for employer.gov
2018:01:03 03:22:24 pm Running Technology Scan for site fpki-lab.gov
2018:01:03 03:22:49 pm 
Start HTTPS and DAP Scan fpki-lab.gov
2018:01:03 03:22:49 pm 
Start Domain and SSL Scan for fpki-lab.gov
2018:01:03 03:22:51 pm Executed Command ' dig fpki-lab.gov +short ' Successfully
2018:01:03 03:22:52 pm Executed Command ' dig fpki-lab.gov +short ' Successfully
2018:01:03 03:22:57 pm 
Start Mobile Scan for fpki-lab.gov
2018:01:03 03:22:58 pm 
Start Site Speed Scan for fpki-lab.gov
2018:01:03 03:22:58 pm Running Technology Scan for site fpki.gov
2018:01:03 03:23:21 pm 
Start HTTPS and DAP Scan fpki.gov
2018:01:03 03:23:21 pm 
Start Domain and SSL Scan for fpki.gov
2018:01:03 03:23:23 pm Executed Command ' dig fpki.gov +short ' Successfully
2018:01:03 03:23:23 pm Executed Command ' dig fpki.gov +short ' Successfully
2018:01:03 03:23:30 pm 
Start Mobile Scan for fpki.gov
2018:01:03 03:23:32 pm 
Start Site Speed Scan for fpki.gov
2018:01:03 03:23:33 pm Running Technology Scan for site frb.gov
2018:01:03 03:23:38 pm 
Start HTTPS and DAP Scan frb.gov
2018:01:03 03:23:38 pm 
Start Domain and SSL Scan for frb.gov
2018:01:03 03:23:44 pm Executed Command ' dig frb.gov +short ' Successfully
2018:01:03 03:23:44 pm Executed Command ' dig frb.gov +short ' Successfully
2018:01:03 03:24:04 pm 
Start Mobile Scan for frb.gov
2018:01:03 03:25:05 pm 
Start Site Speed Scan for frb.gov
2018:01:03 03:25:36 pm Running Technology Scan for site heritageabroad.gov
2018:01:03 03:25:41 pm 
Start HTTPS and DAP Scan heritageabroad.gov
2018:01:03 03:25:41 pm 
Start Domain and SSL Scan for heritageabroad.gov
2018:01:03 03:25:47 pm Executed Command ' dig heritageabroad.gov +short ' Successfully
2018:01:03 03:25:47 pm Executed Command ' dig heritageabroad.gov +short ' Successfully
2018:01:03 03:25:59 pm 
Start Mobile Scan for heritageabroad.gov
2018:01:03 03:26:31 pm 
Start Site Speed Scan for heritageabroad.gov
2018:01:03 03:26:37 pm Running Technology Scan for site hirevets.gov
2018:01:03 03:26:42 pm 
Start HTTPS and DAP Scan hirevets.gov
2018:01:03 03:26:42 pm 
Start Domain and SSL Scan for hirevets.gov
2018:01:03 03:26:49 pm Executed Command ' dig hirevets.gov +short ' Successfully
2018:01:03 03:26:49 pm Executed Command ' dig hirevets.gov +short ' Successfully
2018:01:03 03:27:01 pm 
Start Mobile Scan for hirevets.gov
2018:01:03 03:27:05 pm 
Start Site Speed Scan for hirevets.gov
2018:01:03 03:27:08 pm Running Technology Scan for site identitysandbox.gov
2018:01:03 03:27:14 pm 
Start HTTPS and DAP Scan identitysandbox.gov
2018:01:03 03:27:14 pm 
Start Domain and SSL Scan for identitysandbox.gov
2018:01:03 03:27:16 pm Executed Command ' dig identitysandbox.gov +short ' Successfully
2018:01:03 03:27:17 pm Executed Command ' dig identitysandbox.gov +short ' Successfully
2018:01:03 03:27:18 pm 
Start Mobile Scan for identitysandbox.gov
2018:01:03 03:27:19 pm 
Start Site Speed Scan for identitysandbox.gov
2018:01:03 03:27:20 pm Running Technology Scan for site innovation.gov
2018:01:03 03:27:23 pm 
Start HTTPS and DAP Scan innovation.gov
2018:01:03 03:27:24 pm 
Start Domain and SSL Scan for innovation.gov
2018:01:03 03:27:29 pm Executed Command ' dig innovation.gov +short ' Successfully
2018:01:03 03:27:29 pm Executed Command ' dig innovation.gov +short ' Successfully
2018:01:03 03:27:31 pm 
Start Mobile Scan for innovation.gov
2018:01:03 03:27:37 pm 
Start Site Speed Scan for innovation.gov
2018:01:03 03:27:40 pm Running Technology Scan for site itc.gov
2018:01:03 03:27:44 pm 
Start HTTPS and DAP Scan itc.gov
2018:01:03 03:27:44 pm 
Start Domain and SSL Scan for itc.gov
2018:01:03 03:27:45 pm Executed Command ' dig itc.gov +short ' Successfully
2018:01:03 03:27:45 pm Executed Command ' dig itc.gov +short ' Successfully
2018:01:03 03:27:49 pm 
Start Mobile Scan for itc.gov
2018:01:03 03:27:50 pm 
Start Site Speed Scan for itc.gov
2018:01:03 03:27:50 pm Running Technology Scan for site jccbi.gov
2018:01:03 03:27:54 pm 
Start HTTPS and DAP Scan jccbi.gov
2018:01:03 03:27:54 pm 
Start Domain and SSL Scan for jccbi.gov
2018:01:03 03:27:55 pm Executed Command ' dig jccbi.gov +short ' Successfully
2018:01:03 03:27:55 pm Executed Command ' dig jccbi.gov +short ' Successfully
2018:01:03 03:27:58 pm 
Start Mobile Scan for jccbi.gov
2018:01:03 03:27:59 pm 
Start Site Speed Scan for jccbi.gov
2018:01:03 03:27:59 pm Running Technology Scan for site jusfc.gov
2018:01:03 03:28:03 pm 
Start HTTPS and DAP Scan jusfc.gov
2018:01:03 03:28:04 pm 
Start Domain and SSL Scan for jusfc.gov
2018:01:03 03:33:14 pm Executed Command ' dig jusfc.gov +short ' Successfully
2018:01:03 03:33:14 pm Executed Command ' dig jusfc.gov +short ' Successfully
2018:01:03 03:33:18 pm 
Start Mobile Scan for jusfc.gov
2018:01:03 03:33:40 pm 
Start Site Speed Scan for jusfc.gov
2018:01:03 03:33:44 pm Running Technology Scan for site mcctest.gov
2018:01:03 03:33:50 pm 
Start HTTPS and DAP Scan mcctest.gov
2018:01:03 03:33:50 pm 
Start Domain and SSL Scan for mcctest.gov
2018:01:03 03:33:54 pm Executed Command ' dig mcctest.gov +short ' Successfully
2018:01:03 03:33:54 pm Executed Command ' dig mcctest.gov +short ' Successfully
2018:01:03 03:33:57 pm 
Start Mobile Scan for mcctest.gov
2018:01:03 03:34:13 pm 
Start Site Speed Scan for mcctest.gov
2018:01:03 03:34:16 pm Running Technology Scan for site medline.gov
2018:01:03 03:34:21 pm 
Start HTTPS and DAP Scan medline.gov
2018:01:03 03:34:21 pm 
Start Domain and SSL Scan for medline.gov
2018:01:03 03:34:28 pm Executed Command ' dig medline.gov +short ' Successfully
2018:01:03 03:34:28 pm Executed Command ' dig medline.gov +short ' Successfully
2018:01:03 03:34:39 pm 
Start Mobile Scan for medline.gov
2018:01:03 03:34:41 pm 
Start Site Speed Scan for medline.gov
2018:01:03 03:34:41 pm Running Technology Scan for site mms.gov
2018:01:03 03:34:46 pm 
Start HTTPS and DAP Scan mms.gov
2018:01:03 03:34:46 pm 
Start Domain and SSL Scan for mms.gov
2018:01:03 03:34:48 pm Executed Command ' dig mms.gov +short ' Successfully
2018:01:03 03:34:48 pm Executed Command ' dig mms.gov +short ' Successfully
2018:01:03 03:34:51 pm 
Start Mobile Scan for mms.gov
2018:01:03 03:34:52 pm 
Start Site Speed Scan for mms.gov
2018:01:03 03:34:52 pm Running Technology Scan for site mtmc.gov
2018:01:03 03:34:56 pm 
Start HTTPS and DAP Scan mtmc.gov
2018:01:03 03:34:57 pm 
Start Domain and SSL Scan for mtmc.gov
2018:01:03 03:34:58 pm Executed Command ' dig mtmc.gov +short ' Successfully
2018:01:03 03:34:58 pm Executed Command ' dig mtmc.gov +short ' Successfully
2018:01:03 03:35:00 pm 
Start Mobile Scan for mtmc.gov
2018:01:03 03:35:02 pm 
Start Site Speed Scan for mtmc.gov
2018:01:03 03:35:03 pm Running Technology Scan for site nationalchildrensstudy.gov
2018:01:03 03:35:48 pm 
Start HTTPS and DAP Scan nationalchildrensstudy.gov
2018:01:03 03:35:48 pm 
Start Domain and SSL Scan for nationalchildrensstudy.gov
2018:01:03 03:35:54 pm Executed Command ' dig nationalchildrensstudy.gov +short ' Successfully
2018:01:03 03:35:54 pm Executed Command ' dig nationalchildrensstudy.gov +short ' Successfully
2018:01:03 03:36:14 pm 
Start Mobile Scan for nationalchildrensstudy.gov
2018:01:03 03:37:16 pm 
Start Site Speed Scan for nationalchildrensstudy.gov
2018:01:03 03:37:46 pm Running Technology Scan for site networx.gov
2018:01:03 03:37:52 pm 
Start HTTPS and DAP Scan networx.gov
2018:01:03 03:37:52 pm 
Start Domain and SSL Scan for networx.gov
2018:01:03 03:37:58 pm Executed Command ' dig networx.gov +short ' Successfully
2018:01:03 03:37:58 pm Executed Command ' dig networx.gov +short ' Successfully
2018:01:03 03:38:18 pm 
Start Mobile Scan for networx.gov
2018:01:03 03:39:20 pm 
Start Site Speed Scan for networx.gov
2018:01:03 03:39:50 pm Running Technology Scan for site nij.gov
2018:01:03 03:39:55 pm 
Start HTTPS and DAP Scan nij.gov
2018:01:03 03:39:55 pm 
Start Domain and SSL Scan for nij.gov
2018:01:03 03:40:00 pm Executed Command ' dig nij.gov +short ' Successfully
2018:01:03 03:40:00 pm Executed Command ' dig nij.gov +short ' Successfully
2018:01:03 03:40:06 pm 
Start Mobile Scan for nij.gov
2018:01:03 03:41:00 pm 
Start Site Speed Scan for nij.gov
2018:01:03 03:41:09 pm Running Technology Scan for site nrc-gateway.gov
2018:01:03 03:41:14 pm 
Start HTTPS and DAP Scan nrc-gateway.gov
2018:01:03 03:41:14 pm 
Start Domain and SSL Scan for nrc-gateway.gov
2018:01:03 03:41:15 pm Executed Command ' dig nrc-gateway.gov +short ' Successfully
2018:01:03 03:41:15 pm Executed Command ' dig nrc-gateway.gov +short ' Successfully
2018:01:03 03:41:19 pm 
Start Mobile Scan for nrc-gateway.gov
2018:01:03 03:41:21 pm 
Start Site Speed Scan for nrc-gateway.gov
2018:01:03 03:41:22 pm Running Technology Scan for site nrelhub.gov
2018:01:03 03:41:26 pm 
Start HTTPS and DAP Scan nrelhub.gov
2018:01:03 03:41:26 pm 
Start Domain and SSL Scan for nrelhub.gov
2018:01:03 03:41:28 pm Executed Command ' dig nrelhub.gov +short ' Successfully
2018:01:03 03:41:28 pm Executed Command ' dig nrelhub.gov +short ' Successfully
2018:01:03 03:41:30 pm 
Start Mobile Scan for nrelhub.gov
2018:01:03 03:41:32 pm 
Start Site Speed Scan for nrelhub.gov
2018:01:03 03:41:32 pm Running Technology Scan for site ojp.gov
2018:01:03 03:42:15 pm 
Start HTTPS and DAP Scan ojp.gov
2018:01:03 03:42:15 pm 
Start Domain and SSL Scan for ojp.gov
2018:01:03 03:42:20 pm Executed Command ' dig ojp.gov +short ' Successfully
2018:01:03 03:42:20 pm Executed Command ' dig ojp.gov +short ' Successfully
2018:01:03 03:42:26 pm 
Start Mobile Scan for ojp.gov
2018:01:03 03:42:51 pm 
Start Site Speed Scan for ojp.gov
2018:01:03 03:42:59 pm Running Technology Scan for site osis.gov
2018:01:03 03:43:03 pm 
Start HTTPS and DAP Scan osis.gov
2018:01:03 03:43:03 pm 
Start Domain and SSL Scan for osis.gov
2018:01:03 03:43:04 pm Executed Command ' dig osis.gov +short ' Successfully
2018:01:03 03:43:04 pm Executed Command ' dig osis.gov +short ' Successfully
2018:01:03 03:43:06 pm 
Start Mobile Scan for osis.gov
2018:01:03 03:43:07 pm 
Start Site Speed Scan for osis.gov
2018:01:03 03:43:08 pm Running Technology Scan for site pci.gov
2018:01:03 03:43:12 pm 
Start HTTPS and DAP Scan pci.gov
2018:01:03 03:43:13 pm 
Start Domain and SSL Scan for pci.gov
2018:01:03 03:43:14 pm Executed Command ' dig pci.gov +short ' Successfully
2018:01:03 03:43:15 pm Executed Command ' dig pci.gov +short ' Successfully
2018:01:03 03:43:18 pm 
Start Mobile Scan for pci.gov
2018:01:03 03:43:22 pm 
Start Site Speed Scan for pci.gov
2018:01:03 03:43:22 pm Running Technology Scan for site pitc.gov
2018:01:03 03:43:26 pm 
Start HTTPS and DAP Scan pitc.gov
2018:01:03 03:43:27 pm 
Start Domain and SSL Scan for pitc.gov
2018:01:03 03:43:28 pm Executed Command ' dig pitc.gov +short ' Successfully
2018:01:03 03:43:28 pm Executed Command ' dig pitc.gov +short ' Successfully
2018:01:03 03:43:31 pm 
Start Mobile Scan for pitc.gov
2018:01:03 03:43:32 pm 
Start Site Speed Scan for pitc.gov
2018:01:03 03:43:32 pm Running Technology Scan for site presidiotrust.gov
2018:01:03 03:43:36 pm 
Start HTTPS and DAP Scan presidiotrust.gov
2018:01:03 03:43:37 pm 
Start Domain and SSL Scan for presidiotrust.gov
2018:01:03 03:43:43 pm Executed Command ' dig presidiotrust.gov +short ' Successfully
2018:01:03 03:43:43 pm Executed Command ' dig presidiotrust.gov +short ' Successfully
2018:01:03 03:44:04 pm 
Start Mobile Scan for presidiotrust.gov
2018:01:03 03:45:07 pm 
Start Site Speed Scan for presidiotrust.gov
2018:01:03 03:45:27 pm Running Technology Scan for site ptt.gov
2018:01:03 03:45:31 pm 
Start HTTPS and DAP Scan ptt.gov
2018:01:03 03:45:31 pm 
Start Domain and SSL Scan for ptt.gov
2018:01:03 03:45:37 pm Executed Command ' dig ptt.gov +short ' Successfully
2018:01:03 03:45:37 pm Executed Command ' dig ptt.gov +short ' Successfully
2018:01:03 03:45:57 pm 
Start Mobile Scan for ptt.gov
2018:01:03 03:46:58 pm 
Start Site Speed Scan for ptt.gov
2018:01:03 03:47:19 pm Running Technology Scan for site reporting.gov
2018:01:03 03:47:24 pm 
Start HTTPS and DAP Scan reporting.gov
2018:01:03 03:47:24 pm 
Start Domain and SSL Scan for reporting.gov
2018:01:03 03:47:33 pm Executed Command ' dig reporting.gov +short ' Successfully
2018:01:03 03:47:33 pm Executed Command ' dig reporting.gov +short ' Successfully
2018:01:03 03:47:37 pm 
Start Mobile Scan for reporting.gov
2018:01:03 03:47:44 pm 
Start Site Speed Scan for reporting.gov
2018:01:03 03:47:48 pm Running Technology Scan for site rl.gov
2018:01:03 03:47:52 pm 
Start HTTPS and DAP Scan rl.gov
2018:01:03 03:47:52 pm 
Start Domain and SSL Scan for rl.gov
2018:01:03 03:47:53 pm Executed Command ' dig rl.gov +short ' Successfully
2018:01:03 03:47:53 pm Executed Command ' dig rl.gov +short ' Successfully
2018:01:03 03:47:56 pm 
Start Mobile Scan for rl.gov
2018:01:03 03:47:57 pm 
Start Site Speed Scan for rl.gov
2018:01:03 03:47:58 pm Running Technology Scan for site safecar.gov
2018:01:03 03:48:02 pm 
Start HTTPS and DAP Scan safecar.gov
2018:01:03 03:48:02 pm 
Start Domain and SSL Scan for safecar.gov
2018:01:03 03:48:07 pm Executed Command ' dig safecar.gov +short ' Successfully
2018:01:03 03:48:07 pm Executed Command ' dig safecar.gov +short ' Successfully
2018:01:03 03:48:20 pm 
Start Mobile Scan for safecar.gov
2018:01:03 03:48:50 pm 
Start Site Speed Scan for safecar.gov
2018:01:03 03:48:55 pm Running Technology Scan for site sandbox.gov
2018:01:03 03:49:00 pm 
Start HTTPS and DAP Scan sandbox.gov
2018:01:03 03:49:00 pm 
Start Domain and SSL Scan for sandbox.gov
2018:01:03 03:49:01 pm Executed Command ' dig sandbox.gov +short ' Successfully
2018:01:03 03:49:01 pm Executed Command ' dig sandbox.gov +short ' Successfully
2018:01:03 03:49:03 pm 
Start Mobile Scan for sandbox.gov
2018:01:03 03:49:05 pm 
Start Site Speed Scan for sandbox.gov
2018:01:03 03:49:05 pm Running Technology Scan for site search.gov
2018:01:03 03:49:14 pm 
Start HTTPS and DAP Scan search.gov
2018:01:03 03:49:14 pm 
Start Domain and SSL Scan for search.gov
2018:01:03 03:49:17 pm Executed Command ' dig search.gov +short ' Successfully
2018:01:03 03:49:17 pm Executed Command ' dig search.gov +short ' Successfully
2018:01:03 03:49:20 pm 
Start Mobile Scan for search.gov
2018:01:03 03:49:23 pm 
Start Site Speed Scan for search.gov
2018:01:03 03:49:24 pm Running Technology Scan for site smart.gov
2018:01:03 03:49:28 pm 
Start HTTPS and DAP Scan smart.gov
2018:01:03 03:49:28 pm 
Start Domain and SSL Scan for smart.gov
2018:01:03 03:49:33 pm Executed Command ' dig smart.gov +short ' Successfully
2018:01:03 03:49:33 pm Executed Command ' dig smart.gov +short ' Successfully
2018:01:03 03:49:37 pm 
Start Mobile Scan for smart.gov
2018:01:03 03:50:12 pm 
Start Site Speed Scan for smart.gov
2018:01:03 03:50:15 pm Running Technology Scan for site sworm.gov
2018:01:03 03:51:02 pm 
Start HTTPS and DAP Scan sworm.gov
2018:01:03 03:51:02 pm 
Start Domain and SSL Scan for sworm.gov
2018:01:03 03:51:09 pm Executed Command ' dig sworm.gov +short ' Successfully
2018:01:03 03:51:09 pm Executed Command ' dig sworm.gov +short ' Successfully
2018:01:03 03:51:20 pm 
Start Mobile Scan for sworm.gov
2018:01:03 03:51:27 pm 
Start Site Speed Scan for sworm.gov
2018:01:03 03:51:30 pm Running Technology Scan for site treasuryauction.gov
2018:01:03 03:51:36 pm 
Start HTTPS and DAP Scan treasuryauction.gov
2018:01:03 03:51:36 pm 
Start Domain and SSL Scan for treasuryauction.gov
2018:01:03 03:51:38 pm Executed Command ' dig treasuryauction.gov +short ' Successfully
2018:01:03 03:51:38 pm Executed Command ' dig treasuryauction.gov +short ' Successfully
2018:01:03 03:51:47 pm 
Start Mobile Scan for treasuryauction.gov
2018:01:03 03:51:48 pm 
Start Site Speed Scan for treasuryauction.gov
2018:01:03 03:51:49 pm Running Technology Scan for site twai.gov
2018:01:03 03:52:28 pm 
Start HTTPS and DAP Scan twai.gov
2018:01:03 03:52:28 pm 
Start Domain and SSL Scan for twai.gov
2018:01:03 03:52:34 pm Executed Command ' dig twai.gov +short ' Successfully
2018:01:03 03:52:34 pm Executed Command ' dig twai.gov +short ' Successfully
2018:01:03 03:52:54 pm 
Start Mobile Scan for twai.gov
2018:01:03 03:53:55 pm 
Start Site Speed Scan for twai.gov
2018:01:03 03:54:25 pm Running Technology Scan for site ucia.gov
2018:01:03 03:54:31 pm 
Start HTTPS and DAP Scan ucia.gov
2018:01:03 03:54:31 pm 
Start Domain and SSL Scan for ucia.gov
2018:01:03 03:54:32 pm Executed Command ' dig ucia.gov +short ' Successfully
2018:01:03 03:54:32 pm Executed Command ' dig ucia.gov +short ' Successfully
2018:01:03 03:54:35 pm 
Start Mobile Scan for ucia.gov
2018:01:03 03:54:36 pm 
Start Site Speed Scan for ucia.gov
2018:01:03 03:54:37 pm Running Technology Scan for site ugov.gov
2018:01:03 03:54:41 pm 
Start HTTPS and DAP Scan ugov.gov
2018:01:03 03:54:42 pm 
Start Domain and SSL Scan for ugov.gov
2018:01:03 03:54:42 pm Executed Command ' dig ugov.gov +short ' Successfully
2018:01:03 03:54:42 pm Executed Command ' dig ugov.gov +short ' Successfully
2018:01:03 03:54:45 pm 
Start Mobile Scan for ugov.gov
2018:01:03 03:54:47 pm 
Start Site Speed Scan for ugov.gov
2018:01:03 03:54:48 pm Running Technology Scan for site uscg.gov
2018:01:03 03:55:14 pm 
Start HTTPS and DAP Scan uscg.gov
2018:01:03 03:55:14 pm 
Start Domain and SSL Scan for uscg.gov
2018:01:03 03:55:16 pm Executed Command ' dig uscg.gov +short ' Successfully
2018:01:03 03:55:16 pm Executed Command ' dig uscg.gov +short ' Successfully
2018:01:03 03:55:19 pm 
Start Mobile Scan for uscg.gov
2018:01:03 03:55:24 pm 
Start Site Speed Scan for uscg.gov
2018:01:03 03:55:25 pm Running Technology Scan for site usss.gov
2018:01:03 03:55:30 pm 
Start HTTPS and DAP Scan usss.gov
2018:01:03 03:55:30 pm 
Start Domain and SSL Scan for usss.gov
2018:01:03 03:55:31 pm Executed Command ' dig usss.gov +short ' Successfully
2018:01:03 03:55:31 pm Executed Command ' dig usss.gov +short ' Successfully
2018:01:03 03:55:33 pm 
Start Mobile Scan for usss.gov
2018:01:03 03:55:35 pm 
Start Site Speed Scan for usss.gov
2018:01:03 03:55:35 pm Running Technology Scan for site whaging.gov
2018:01:03 03:55:41 pm 
Start HTTPS and DAP Scan whaging.gov
2018:01:03 03:55:41 pm 
Start Domain and SSL Scan for whaging.gov
2018:01:03 03:55:47 pm Executed Command ' dig whaging.gov +short ' Successfully
2018:01:03 03:55:47 pm Executed Command ' dig whaging.gov +short ' Successfully
2018:01:03 03:56:08 pm 
Start Mobile Scan for whaging.gov
2018:01:03 03:57:08 pm 
Start Site Speed Scan for whaging.gov
2018:01:03 03:57:38 pm Running Technology Scan for site ncr.gov
2018:01:03 03:57:43 pm 
Start HTTPS and DAP Scan ncr.gov
2018:01:03 03:57:43 pm 
Start Domain and SSL Scan for ncr.gov
2018:01:03 03:57:44 pm Executed Command ' dig ncr.gov +short ' Successfully
2018:01:03 03:57:44 pm Executed Command ' dig ncr.gov +short ' Successfully
2018:01:03 03:57:48 pm 
Start Mobile Scan for ncr.gov
2018:01:03 03:57:50 pm 
Start Site Speed Scan for ncr.gov
