2018:01:29 11:17:01 am Starting Scan
2018:01:29 11:29:54 am Starting Scan
2018:01:29 11:29:54 am 
Start HTTPS and DAP Scan 18f.gov
2018:01:29 11:34:41 am Starting Scan
2018:01:29 11:34:42 am 
Start HTTPS and DAP Scan 18f.gov
2018:01:29 11:34:44 am 
Start HTTPS and DAP Scan 9-11commission.gov
2018:01:29 11:34:47 am 
Start HTTPS and DAP Scan 911.gov
2018:01:29 11:34:49 am 
Start HTTPS and DAP Scan 911commission.gov
2018:01:29 11:34:51 am 
Start HTTPS and DAP Scan aapi.gov
2018:01:29 11:34:54 am 
Start HTTPS and DAP Scan abandonedmines.gov
2018:01:29 11:34:57 am 
Start HTTPS and DAP Scan abilityone.gov
2018:01:29 11:34:59 am 
Start HTTPS and DAP Scan abmc.gov
2018:01:29 11:35:01 am 
Start HTTPS and DAP Scan access-board.gov
2018:01:29 11:35:05 am 
Start HTTPS and DAP Scan acf.gov
2018:01:29 11:35:08 am 
Start HTTPS and DAP Scan achp.gov
2018:01:29 11:35:11 am 
Start HTTPS and DAP Scan acl.gov
2018:01:29 11:35:13 am 
Start HTTPS and DAP Scan acquisition.gov
2018:01:29 11:35:16 am 
Start HTTPS and DAP Scan acus.gov
2018:01:29 11:35:18 am 
Start HTTPS and DAP Scan acwi.gov
2018:01:29 11:35:20 am 
Start HTTPS and DAP Scan ada.gov
2018:01:29 11:35:22 am 
Start HTTPS and DAP Scan adf.gov
2018:01:29 11:35:24 am 
Start HTTPS and DAP Scan adlnet.gov
2018:01:29 11:35:26 am 
Start HTTPS and DAP Scan admongo.gov
2018:01:29 11:35:29 am 
Start HTTPS and DAP Scan adr.gov
2018:01:29 11:35:31 am 
Start HTTPS and DAP Scan afadvantage.gov
2018:01:29 11:35:33 am 
Start HTTPS and DAP Scan aff.gov
2018:01:29 11:35:34 am 
Start HTTPS and DAP Scan afrh.gov
2018:01:29 11:35:36 am 
Start HTTPS and DAP Scan africanamericanhistorymonth.gov
2018:01:29 11:36:54 am 
Start HTTPS and DAP Scan afterschool.gov
2018:01:29 11:38:11 am 
Start HTTPS and DAP Scan aging.gov
2018:01:29 11:38:14 am 
Start HTTPS and DAP Scan agingstats.gov
2018:01:29 11:38:15 am 
Start HTTPS and DAP Scan ahcpr.gov
2018:01:29 11:38:18 am 
Start HTTPS and DAP Scan ahrq.gov
2018:01:29 11:38:19 am 
Start HTTPS and DAP Scan aidrefugees.gov
2018:01:29 11:38:21 am 
Start HTTPS and DAP Scan aids.gov
2018:01:29 11:38:23 am 
Start HTTPS and DAP Scan airnow.gov
2018:01:29 11:38:25 am 
Start HTTPS and DAP Scan alaskacenters.gov
2018:01:29 11:38:27 am 
Start HTTPS and DAP Scan alertaenlinea.gov
2018:01:29 11:38:30 am 
Start HTTPS and DAP Scan altusandc.gov
2018:01:29 11:38:32 am 
Start HTTPS and DAP Scan alzheimers.gov
2018:01:29 11:38:33 am 
Start HTTPS and DAP Scan ama.gov
2018:01:29 11:38:35 am 
Start HTTPS and DAP Scan amberalert.gov
2018:01:29 11:38:37 am 
Start HTTPS and DAP Scan america.gov
2018:01:29 11:38:39 am 
Start HTTPS and DAP Scan americanmemory.gov
2018:01:29 11:38:40 am 
Start HTTPS and DAP Scan americasheroesatwork.gov
2018:01:29 11:38:42 am 
Start HTTPS and DAP Scan americaslibrary.gov
2018:01:29 11:38:44 am 
Start HTTPS and DAP Scan americasstory.gov
2018:01:29 11:38:46 am 
Start HTTPS and DAP Scan americastory.gov
2018:01:29 11:38:47 am 
Start HTTPS and DAP Scan americathebeautifulquarters.gov
2018:01:29 11:38:49 am 
Start HTTPS and DAP Scan americore.gov
2018:01:29 11:38:51 am 
Start HTTPS and DAP Scan americorp.gov
2018:01:29 11:38:53 am 
Start HTTPS and DAP Scan americorps.gov
2018:01:29 11:38:55 am 
Start HTTPS and DAP Scan americorpsconnect.gov
2018:01:29 11:38:56 am 
Start HTTPS and DAP Scan americorpsweek.gov
2018:01:29 11:38:58 am 
Start HTTPS and DAP Scan ameslab.gov
2018:01:29 11:39:00 am 
Start HTTPS and DAP Scan amtrakoig.gov
2018:01:29 11:39:02 am 
Start HTTPS and DAP Scan anchorit.gov
2018:01:29 11:39:03 am 
Start HTTPS and DAP Scan anl.gov
2018:01:29 11:39:05 am 
Start HTTPS and DAP Scan annualcreditreport.gov
2018:01:29 11:39:07 am 
Start HTTPS and DAP Scan anstaskforce.gov
2018:01:29 11:39:09 am 
Start HTTPS and DAP Scan aoa.gov
2018:01:29 11:39:11 am 
Start HTTPS and DAP Scan aoc.gov
2018:01:29 11:39:13 am 
Start HTTPS and DAP Scan ap.gov
2018:01:29 11:39:16 am 
Start HTTPS and DAP Scan app.gov
2018:01:29 11:39:18 am 
Start HTTPS and DAP Scan applicationmanager.gov
2018:01:29 11:39:20 am 
Start HTTPS and DAP Scan apps.gov
2018:01:29 11:39:22 am 
Start HTTPS and DAP Scan arc.gov
2018:01:29 11:39:24 am 
Start HTTPS and DAP Scan archives.gov
2018:01:29 11:39:26 am 
Start HTTPS and DAP Scan arctic.gov
2018:01:29 11:39:28 am 
Start HTTPS and DAP Scan arm.gov
2018:01:29 11:39:30 am 
Start HTTPS and DAP Scan ars-grin.gov
2018:01:29 11:39:32 am 
Start HTTPS and DAP Scan arts.gov
2018:01:29 11:39:34 am 
Start HTTPS and DAP Scan asap.gov
2018:01:29 11:39:36 am 
Start HTTPS and DAP Scan asc.gov
2018:01:29 11:39:38 am 
Start HTTPS and DAP Scan asianpacificheritage.gov
2018:01:29 11:39:40 am 
Start HTTPS and DAP Scan askkaren.gov
2018:01:29 11:39:43 am 
Start HTTPS and DAP Scan astrongmiddleclass.gov
2018:01:29 11:39:45 am 
Start HTTPS and DAP Scan atf.gov
2018:01:29 11:39:47 am 
Start HTTPS and DAP Scan atfonline.gov
2018:01:29 11:39:49 am 
Start HTTPS and DAP Scan atvsafety.gov
2018:01:29 11:39:52 am 
Start HTTPS and DAP Scan aviationweather.gov
2018:01:29 11:39:54 am 
Start HTTPS and DAP Scan ayudaconmibanco.gov
2018:01:29 11:39:56 am 
Start HTTPS and DAP Scan bankanswers.gov
2018:01:29 11:39:58 am 
Start HTTPS and DAP Scan bankcustomer.gov
2018:01:29 11:40:00 am 
Start HTTPS and DAP Scan bankcustomerassistance.gov
2018:01:29 11:40:02 am 
Start HTTPS and DAP Scan bankhelp.gov
2018:01:29 11:40:04 am 
Start HTTPS and DAP Scan banknet.gov
2018:01:29 11:40:06 am 
Start HTTPS and DAP Scan bankruptcy.gov
2018:01:29 11:40:08 am 
Start HTTPS and DAP Scan bats.gov
2018:01:29 11:40:10 am 
Start HTTPS and DAP Scan bbg.gov
2018:01:29 11:40:12 am 
Start HTTPS and DAP Scan bcfp.gov
2018:01:29 11:40:14 am 
Start HTTPS and DAP Scan bea.gov
2018:01:29 11:40:16 am 
Start HTTPS and DAP Scan befoodsafe.gov
2018:01:29 11:40:19 am 
Start HTTPS and DAP Scan benefits.gov
2018:01:29 11:40:21 am 
Start HTTPS and DAP Scan bep.gov
2018:01:29 11:40:23 am 
Start HTTPS and DAP Scan betobaccofree.gov
2018:01:29 11:40:25 am 
Start HTTPS and DAP Scan bfelob.gov
2018:01:29 11:40:27 am 
Start HTTPS and DAP Scan bfem.gov
2018:01:29 11:40:29 am 
Start HTTPS and DAP Scan bia.gov
2018:01:29 11:40:31 am 
Start HTTPS and DAP Scan bioeco.gov
2018:01:29 11:40:33 am 
Start HTTPS and DAP Scan bioethics.gov
2018:01:29 11:40:35 am 
Start HTTPS and DAP Scan biomassboard.gov
2018:01:29 11:40:37 am 
Start HTTPS and DAP Scan biometriccoe.gov
2018:01:29 11:40:40 am 
Start HTTPS and DAP Scan biometrics.gov
2018:01:29 11:40:42 am 
Start HTTPS and DAP Scan biopreferred.gov
2018:01:29 11:40:44 am 
Start HTTPS and DAP Scan bja.gov
2018:01:29 11:40:46 am 
Start HTTPS and DAP Scan bldrdoc.gov
2018:01:29 11:40:48 am 
Start HTTPS and DAP Scan blm.gov
2018:01:29 11:40:50 am 
Start HTTPS and DAP Scan bls.gov
2018:01:29 11:40:52 am 
Start HTTPS and DAP Scan bnl.gov
2018:01:29 11:40:55 am 
Start HTTPS and DAP Scan boem.gov
2018:01:29 11:40:57 am 
Start HTTPS and DAP Scan boemre.gov
2018:01:29 11:40:59 am 
Start HTTPS and DAP Scan bondpro.gov
2018:01:29 11:41:01 am 
Start HTTPS and DAP Scan bop.gov
2018:01:29 11:41:03 am 
Start HTTPS and DAP Scan bosque.gov
2018:01:29 11:41:05 am 
Start HTTPS and DAP Scan bpa.gov
2018:01:29 11:41:07 am 
Start HTTPS and DAP Scan brac.gov
2018:01:29 11:41:09 am 
Start HTTPS and DAP Scan brainhealth.gov
2018:01:29 11:41:11 am 
Start HTTPS and DAP Scan brc.gov
2018:01:29 11:41:13 am 
Start HTTPS and DAP Scan broadband.gov
2018:01:29 11:41:15 am 
Start HTTPS and DAP Scan broadbandmap.gov
2018:01:29 11:41:18 am 
Start HTTPS and DAP Scan bsee.gov
2018:01:29 11:41:20 am 
Start HTTPS and DAP Scan bts.gov
2018:01:29 11:41:22 am 
Start HTTPS and DAP Scan budget.gov
2018:01:29 11:41:24 am 
Start HTTPS and DAP Scan buildingamerica.gov
2018:01:29 11:41:26 am 
Start HTTPS and DAP Scan business.gov
2018:01:29 11:41:29 am 
Start HTTPS and DAP Scan businessusa.gov
2018:01:29 11:41:31 am 
Start HTTPS and DAP Scan buyaccessible.gov
2018:01:29 11:41:33 am 
Start HTTPS and DAP Scan buyusa.gov
2018:01:29 11:41:35 am 
Start HTTPS and DAP Scan cancer.gov
2018:01:29 11:41:37 am 
Start HTTPS and DAP Scan cancernet.gov
2018:01:29 11:41:40 am 
Start HTTPS and DAP Scan cao.gov
2018:01:29 11:41:42 am 
Start HTTPS and DAP Scan cap.gov
2018:01:29 11:41:44 am 
Start HTTPS and DAP Scan capitol.gov
2018:01:29 11:41:46 am 
Start HTTPS and DAP Scan capnhq.gov
2018:01:29 11:41:48 am 
Start HTTPS and DAP Scan cbca.gov
2018:01:29 11:41:50 am 
Start HTTPS and DAP Scan cbo.gov
2018:01:29 11:41:52 am 
Start HTTPS and DAP Scan cbonews.gov
2018:01:29 11:41:54 am 
Start HTTPS and DAP Scan cbp.gov
2018:01:29 11:41:56 am 
Start HTTPS and DAP Scan ccac.gov
2018:01:29 11:41:58 am 
Start HTTPS and DAP Scan cdc.gov
2018:01:29 11:42:00 am 
Start HTTPS and DAP Scan cdfifund.gov
2018:01:29 11:42:02 am 
Start HTTPS and DAP Scan cebaf.gov
2018:01:29 11:42:06 am 
Start HTTPS and DAP Scan cecc.gov
2018:01:29 11:42:08 am 
Start HTTPS and DAP Scan cendi.gov
2018:01:29 11:42:10 am 
Start HTTPS and DAP Scan census.gov
2018:01:29 11:42:12 am 
Start HTTPS and DAP Scan cep.gov
2018:01:29 11:42:14 am 
Start HTTPS and DAP Scan cfa.gov
2018:01:29 11:42:16 am 
Start HTTPS and DAP Scan cfda.gov
2018:01:29 11:42:18 am 
Start HTTPS and DAP Scan cfo.gov
2018:01:29 11:42:21 am 
Start HTTPS and DAP Scan cfoc.gov
2018:01:29 11:42:23 am 
Start HTTPS and DAP Scan cfpa.gov
2018:01:29 11:42:25 am 
Start HTTPS and DAP Scan cfpb.gov
2018:01:29 11:42:27 am 
Start HTTPS and DAP Scan cftc.gov
2018:01:29 11:42:29 am 
Start HTTPS and DAP Scan challenge.gov
2018:01:29 11:42:31 am 
Start HTTPS and DAP Scan challenges.gov
2018:01:29 11:42:34 am 
Start HTTPS and DAP Scan changeofaddress.gov
2018:01:29 11:42:36 am 
Start HTTPS and DAP Scan chcoc.gov
2018:01:29 11:42:38 am 
Start HTTPS and DAP Scan chemsafety.gov
2018:01:29 11:42:40 am 
Start HTTPS and DAP Scan childreninadversity.gov
2018:01:29 11:42:42 am 
Start HTTPS and DAP Scan childstats.gov
2018:01:29 11:42:44 am 
Start HTTPS and DAP Scan childwelfare.gov
2018:01:29 11:42:46 am 
Start HTTPS and DAP Scan chinacommission.gov
2018:01:29 11:42:48 am 
Start HTTPS and DAP Scan choosemyplate.gov
2018:01:29 11:42:50 am 
Start HTTPS and DAP Scan christophercolumbusfoundation.gov
2018:01:29 11:42:52 am 
Start HTTPS and DAP Scan cia.gov
2018:01:29 11:42:54 am 
Start HTTPS and DAP Scan cio.gov
2018:01:29 11:42:56 am 
Start HTTPS and DAP Scan ciso.gov
2018:01:29 11:42:58 am 
Start HTTPS and DAP Scan citizencorps.gov
2018:01:29 11:43:00 am 
Start HTTPS and DAP Scan citizenscience.gov
2018:01:29 11:43:02 am 
Start HTTPS and DAP Scan civilrightsusa.gov
2018:01:29 11:43:03 am 
Start HTTPS and DAP Scan cjis.gov
2018:01:29 11:43:05 am 
Start HTTPS and DAP Scan climate.gov
2018:01:29 11:43:07 am 
Start HTTPS and DAP Scan clinicaltrials.gov
2018:01:29 11:43:10 am 
Start HTTPS and DAP Scan clintonlibrary.gov
2018:01:29 11:43:12 am 
Start HTTPS and DAP Scan cloud.gov
2018:01:29 11:43:14 am 
Start HTTPS and DAP Scan cms.gov
2018:01:29 11:43:16 am 
Start HTTPS and DAP Scan cmts.gov
2018:01:29 11:43:18 am 
Start HTTPS and DAP Scan cncs.gov
2018:01:29 11:43:20 am 
Start HTTPS and DAP Scan cncsoig.gov
2018:01:29 11:43:23 am 
Start HTTPS and DAP Scan cns.gov
2018:01:29 11:43:25 am 
Start HTTPS and DAP Scan cnss.gov
2018:01:29 11:43:27 am 
Start HTTPS and DAP Scan coastalamerica.gov
2018:01:29 11:43:29 am 
Start HTTPS and DAP Scan code.gov
2018:01:29 11:43:32 am 
Start HTTPS and DAP Scan collegedrinkingprevention.gov
2018:01:29 11:43:34 am 
Start HTTPS and DAP Scan collegenavigator.gov
2018:01:29 11:43:36 am 
Start HTTPS and DAP Scan commerce.gov
2018:01:29 11:43:38 am 
Start HTTPS and DAP Scan complaintreferralexpress.gov
2018:01:29 11:43:41 am 
Start HTTPS and DAP Scan compliance.gov
2018:01:29 11:43:42 am 
Start HTTPS and DAP Scan comptrollerofthecurrency.gov
2018:01:29 11:43:44 am 
Start HTTPS and DAP Scan computers4learning.gov
2018:01:29 11:43:46 am 
Start HTTPS and DAP Scan computersforlearning.gov
2018:01:29 11:43:48 am 
Start HTTPS and DAP Scan congress.gov
2018:01:29 11:43:50 am 
Start HTTPS and DAP Scan congressionaldirectory.gov
2018:01:29 11:43:52 am 
Start HTTPS and DAP Scan congressionalrecord.gov
2018:01:29 11:43:54 am 
Start HTTPS and DAP Scan connect.gov
2018:01:29 11:43:56 am 
Start HTTPS and DAP Scan consumer.gov
2018:01:29 11:43:58 am 
Start HTTPS and DAP Scan consumeraction.gov
2018:01:29 11:44:00 am 
Start HTTPS and DAP Scan consumerbureau.gov
2018:01:29 11:44:02 am 
Start HTTPS and DAP Scan consumerfinance.gov
2018:01:29 11:44:04 am 
Start HTTPS and DAP Scan consumerfinancial.gov
2018:01:29 11:44:07 am 
Start HTTPS and DAP Scan consumerfinancialprotectionbureau.gov
2018:01:29 11:45:24 am 
Start HTTPS and DAP Scan consumerprotection.gov
2018:01:29 11:45:27 am 
Start HTTPS and DAP Scan consumerprotectionbureau.gov
2018:01:29 11:45:29 am 
Start HTTPS and DAP Scan consumidor.gov
2018:01:29 11:45:31 am 
Start HTTPS and DAP Scan continentalshelf.gov
2018:01:29 11:45:33 am 
Start HTTPS and DAP Scan contractdirectory.gov
2018:01:29 11:45:35 am 
Start HTTPS and DAP Scan copyright.gov
2018:01:29 11:45:36 am 
Start HTTPS and DAP Scan coralreef.gov
2018:01:29 11:45:38 am 
Start HTTPS and DAP Scan cpars.gov
2018:01:29 11:45:40 am 
Start HTTPS and DAP Scan cpnireporting.gov
2018:01:29 11:45:42 am 
Start HTTPS and DAP Scan cpsc.gov
2018:01:29 11:45:44 am 
Start HTTPS and DAP Scan crimesolutions.gov
2018:01:29 11:45:46 am 
Start HTTPS and DAP Scan crimevictims.gov
2018:01:29 11:45:48 am 
Start HTTPS and DAP Scan crt2014-2024review.gov
2018:01:29 11:45:50 am 
Start HTTPS and DAP Scan csb.gov
2018:01:29 11:45:52 am 
Start HTTPS and DAP Scan csce.gov
2018:01:29 11:45:53 am 
Start HTTPS and DAP Scan csosa.fed.us
2018:01:29 11:45:55 am 
Start HTTPS and DAP Scan csosa.gov
2018:01:29 11:45:57 am 
Start HTTPS and DAP Scan ctoc.gov
2018:01:29 11:46:03 am 
Start HTTPS and DAP Scan cttso.gov
2018:01:29 11:46:04 am 
Start HTTPS and DAP Scan cuidadodesalud.gov
2018:01:29 11:46:06 am 
Start HTTPS and DAP Scan cupcao.gov
2018:01:29 11:46:08 am 
Start HTTPS and DAP Scan cwc.gov
2018:01:29 11:46:10 am 
Start HTTPS and DAP Scan cyber.gov
2018:01:29 11:46:12 am 
Start HTTPS and DAP Scan cybercareers.gov
2018:01:29 11:46:14 am 
Start HTTPS and DAP Scan cybercrime.gov
2018:01:29 11:46:16 am 
Start HTTPS and DAP Scan cybersecurity.gov
2018:01:29 11:46:18 am 
Start HTTPS and DAP Scan data.gov
2018:01:29 11:46:20 am 
Start HTTPS and DAP Scan dc3on.gov
2018:01:29 11:46:22 am 
Start HTTPS and DAP Scan dea.gov
2018:01:29 11:46:24 am 
Start HTTPS and DAP Scan deadiversion.gov
2018:01:29 11:46:26 am 
Start HTTPS and DAP Scan deaecom.gov
2018:01:29 11:46:28 am 
Start HTTPS and DAP Scan defense.gov
2018:01:29 11:46:29 am 
Start HTTPS and DAP Scan democraticleader.gov
2018:01:29 11:46:31 am 
Start HTTPS and DAP Scan democraticwhip.gov
2018:01:29 11:46:32 am 
Start HTTPS and DAP Scan dems.gov
2018:01:29 11:46:34 am 
Start HTTPS and DAP Scan denali.gov
2018:01:29 11:46:36 am 
Start HTTPS and DAP Scan dfafacts.gov
2018:01:29 11:46:38 am 
Start HTTPS and DAP Scan dhhs.gov
2018:01:29 11:46:40 am 
Start HTTPS and DAP Scan dhs.gov
2018:01:29 11:46:42 am 
Start HTTPS and DAP Scan diabetescommittee.gov
2018:01:29 11:46:45 am 
Start HTTPS and DAP Scan dietaryguidelines.gov
2018:01:29 11:46:48 am 
Start HTTPS and DAP Scan digitalgov.gov
2018:01:29 11:46:50 am 
Start HTTPS and DAP Scan digitalliteracy.gov
2018:01:29 11:46:52 am 
Start HTTPS and DAP Scan digitalpreservation.gov
2018:01:29 11:46:53 am 
Start HTTPS and DAP Scan digitizationguidelines.gov
2018:01:29 11:46:55 am 
Start HTTPS and DAP Scan directoasucuenta.gov
2018:01:29 11:46:57 am 
Start HTTPS and DAP Scan disability.gov
2018:01:29 11:46:58 am 
Start HTTPS and DAP Scan disasterassistance.gov
2018:01:29 11:47:00 am 
Start HTTPS and DAP Scan disasterhousing.gov
2018:01:29 11:47:02 am 
Start HTTPS and DAP Scan distracteddriving.gov
2018:01:29 11:47:04 am 
Start HTTPS and DAP Scan distraction.gov
2018:01:29 11:47:07 am 
Start HTTPS and DAP Scan dnfsb.gov
2018:01:29 11:47:09 am 
Start HTTPS and DAP Scan dni.gov
2018:01:29 11:47:11 am 
Start HTTPS and DAP Scan dnsops.gov
2018:01:29 11:47:12 am 
Start HTTPS and DAP Scan doc.gov
2018:01:29 11:47:15 am 
Start HTTPS and DAP Scan docline.gov
2018:01:29 11:47:17 am 
Start HTTPS and DAP Scan dod.gov
2018:01:29 11:47:18 am 
Start HTTPS and DAP Scan doe.gov
2018:01:29 11:47:20 am 
Start HTTPS and DAP Scan doi.gov
2018:01:29 11:47:22 am 
Start HTTPS and DAP Scan doioig.gov
2018:01:29 11:47:24 am 
Start HTTPS and DAP Scan dol.gov
2018:01:29 11:47:26 am 
Start HTTPS and DAP Scan doleta.gov
2018:01:29 11:47:28 am 
Start HTTPS and DAP Scan donaciondeorganos.gov
2018:01:29 11:47:30 am 
Start HTTPS and DAP Scan donotcall.gov
2018:01:29 11:47:31 am 
Start HTTPS and DAP Scan dontserveteens.gov
2018:01:29 11:47:34 am 
Start HTTPS and DAP Scan dot.gov
2018:01:29 11:47:36 am 
Start HTTPS and DAP Scan dotgov.gov
2018:01:29 11:47:38 am 
Start HTTPS and DAP Scan dotideahub.gov
2018:01:29 11:47:40 am 
Start HTTPS and DAP Scan dottrafficrecords.gov
2018:01:29 11:47:42 am 
Start HTTPS and DAP Scan dra.gov
2018:01:29 11:47:44 am 
Start HTTPS and DAP Scan drought.gov
2018:01:29 11:47:45 am 
Start HTTPS and DAP Scan drugabuse.gov
2018:01:29 11:47:47 am 
Start HTTPS and DAP Scan drywallresponse.gov
2018:01:29 11:47:52 am 
Start HTTPS and DAP Scan dsac.gov
2018:01:29 11:47:53 am 
Start HTTPS and DAP Scan dtv.gov
2018:01:29 11:47:56 am 
Start HTTPS and DAP Scan e-enterprise.gov
2018:01:29 11:47:58 am 
Start HTTPS and DAP Scan eac.gov
2018:01:29 11:47:59 am 
Start HTTPS and DAP Scan eaglecash.gov
2018:01:29 11:48:02 am 
Start HTTPS and DAP Scan earmarks.gov
2018:01:29 11:48:04 am 
Start HTTPS and DAP Scan earthquake.gov
2018:01:29 11:48:06 am 
Start HTTPS and DAP Scan ecfr.gov
2018:01:29 11:48:08 am 
Start HTTPS and DAP Scan economicinclusion.gov
2018:01:29 11:48:10 am 
Start HTTPS and DAP Scan econsumer.gov
2018:01:29 11:48:11 am 
Start HTTPS and DAP Scan ecopartnerships.gov
2018:01:29 11:48:13 am 
Start HTTPS and DAP Scan ecpic.gov
2018:01:29 11:48:15 am 
Start HTTPS and DAP Scan ecr.gov
2018:01:29 11:48:17 am 
Start HTTPS and DAP Scan ed.gov
2018:01:29 11:48:19 am 
Start HTTPS and DAP Scan eda.gov
2018:01:29 11:48:21 am 
Start HTTPS and DAP Scan edison.gov
2018:01:29 11:48:24 am 
Start HTTPS and DAP Scan edpubs.gov
2018:01:29 11:48:26 am 
Start HTTPS and DAP Scan education.gov
2018:01:29 11:48:28 am 
Start HTTPS and DAP Scan eeoc.gov
2018:01:29 11:48:30 am 
Start HTTPS and DAP Scan eftps.gov
2018:01:29 11:48:32 am 
Start HTTPS and DAP Scan egov.gov
2018:01:29 11:48:34 am 
Start HTTPS and DAP Scan eia.gov
2018:01:29 11:48:35 am 
Start HTTPS and DAP Scan eisenhowermemorial.gov
2018:01:29 11:48:37 am 
Start HTTPS and DAP Scan eldercare.gov
2018:01:29 11:48:39 am 
Start HTTPS and DAP Scan elderjustice.gov
2018:01:29 11:48:41 am 
Start HTTPS and DAP Scan emergency-federal-register.gov
2018:01:29 11:48:44 am 
Start HTTPS and DAP Scan employeeexpress.gov
2018:01:29 11:48:46 am 
Start HTTPS and DAP Scan empowhr.gov
2018:01:29 11:48:47 am 
Start HTTPS and DAP Scan ems.gov
2018:01:29 11:48:49 am 
Start HTTPS and DAP Scan endingthedocumentgame.gov
2018:01:29 11:48:51 am 
Start HTTPS and DAP Scan energy.gov
2018:01:29 11:48:53 am 
Start HTTPS and DAP Scan energycodes.gov
2018:01:29 11:48:56 am 
Start HTTPS and DAP Scan energysaver.gov
2018:01:29 11:48:59 am 
Start HTTPS and DAP Scan energysavers.gov
2018:01:29 11:49:02 am 
Start HTTPS and DAP Scan energystar.gov
2018:01:29 11:49:04 am 
Start HTTPS and DAP Scan eop.gov
2018:01:29 11:49:06 am 
Start HTTPS and DAP Scan epa.gov
2018:01:29 11:49:08 am 
Start HTTPS and DAP Scan epic.gov
2018:01:29 11:49:10 am 
Start HTTPS and DAP Scan errp.gov
2018:01:29 11:49:12 am 
Start HTTPS and DAP Scan esa.gov
2018:01:29 11:49:14 am 
Start HTTPS and DAP Scan esc.gov
2018:01:29 11:49:16 am 
Start HTTPS and DAP Scan eseclab.gov
2018:01:29 11:49:18 am 
Start HTTPS and DAP Scan esrs.gov
2018:01:29 11:49:20 am 
Start HTTPS and DAP Scan eta-find.gov
2018:01:29 11:49:22 am 
Start HTTPS and DAP Scan ethics.gov
2018:01:29 11:49:24 am 
Start HTTPS and DAP Scan ethicsburg.gov
2018:01:29 11:49:27 am 
Start HTTPS and DAP Scan evergladesrestoration.gov
2018:01:29 11:49:29 am 
Start HTTPS and DAP Scan everykidinapark.gov
2018:01:29 11:49:31 am 
Start HTTPS and DAP Scan evus.gov
2018:01:29 11:49:34 am 
Start HTTPS and DAP Scan execsec.gov
2018:01:29 11:49:35 am 
Start HTTPS and DAP Scan exim.gov
2018:01:29 11:49:38 am 
Start HTTPS and DAP Scan exploretsp.gov
2018:01:29 11:49:40 am 
Start HTTPS and DAP Scan export.gov
2018:01:29 11:49:42 am 
Start HTTPS and DAP Scan eyenote.gov
2018:01:29 11:49:44 am 
Start HTTPS and DAP Scan faa.gov
2018:01:29 11:49:46 am 
Start HTTPS and DAP Scan faasafety.gov
2018:01:29 11:49:48 am 
Start HTTPS and DAP Scan faca.gov
2018:01:29 11:49:51 am 
Start HTTPS and DAP Scan facadatabase.gov
2018:01:29 11:49:53 am 
Start HTTPS and DAP Scan fafsa.gov
2018:01:29 11:49:55 am 
Start HTTPS and DAP Scan fai.gov
2018:01:29 11:49:57 am 
Start HTTPS and DAP Scan fan.gov
2018:01:29 11:49:59 am 
Start HTTPS and DAP Scan fapiis.gov
2018:01:29 11:50:01 am 
Start HTTPS and DAP Scan faq.gov
2018:01:29 11:50:04 am 
Start HTTPS and DAP Scan fara.gov
2018:01:29 11:50:06 am 
Start HTTPS and DAP Scan farmerclaims.gov
2018:01:29 11:50:08 am 
Start HTTPS and DAP Scan fasab.gov
2018:01:29 11:50:10 am 
Start HTTPS and DAP Scan fatherhood.gov
2018:01:29 11:50:12 am 
Start HTTPS and DAP Scan fbi.gov
2018:01:29 11:50:14 am 
Start HTTPS and DAP Scan fbiic.gov
2018:01:29 11:50:16 am 
Start HTTPS and DAP Scan fbijobs.gov
2018:01:29 11:50:19 am 
Start HTTPS and DAP Scan fbo.gov
2018:01:29 11:50:21 am 
Start HTTPS and DAP Scan fca.gov
2018:01:29 11:50:23 am 
Start HTTPS and DAP Scan fcc.gov
2018:01:29 11:50:25 am 
Start HTTPS and DAP Scan fccuniversity.gov
2018:01:29 11:50:27 am 
Start HTTPS and DAP Scan fcg.gov
2018:01:29 11:50:30 am 
Start HTTPS and DAP Scan fcic.gov
2018:01:29 11:50:32 am 
Start HTTPS and DAP Scan fcsic.gov
2018:01:29 11:50:34 am 
Start HTTPS and DAP Scan fda.gov
2018:01:29 11:50:36 am 
Start HTTPS and DAP Scan fdic.gov
2018:01:29 11:50:38 am 
Start HTTPS and DAP Scan fdicconnect.gov
2018:01:29 11:50:40 am 
Start HTTPS and DAP Scan fdicig.gov
2018:01:29 11:50:42 am 
Start HTTPS and DAP Scan fdicoig.gov
2018:01:29 11:50:44 am 
Start HTTPS and DAP Scan fdicseguro.gov
2018:01:29 11:50:46 am 
Start HTTPS and DAP Scan fdlp.gov
2018:01:29 11:50:48 am 
Start HTTPS and DAP Scan fdms.gov
2018:01:29 11:50:50 am 
Start HTTPS and DAP Scan fdsys.gov
2018:01:29 11:50:52 am 
Start HTTPS and DAP Scan fea.gov
2018:01:29 11:50:54 am 
Start HTTPS and DAP Scan feb.gov
2018:01:29 11:50:56 am 
Start HTTPS and DAP Scan fec.gov
2018:01:29 11:50:58 am 
Start HTTPS and DAP Scan fedbizopps.gov
2018:01:29 11:51:00 am 
Start HTTPS and DAP Scan fedcenter.gov
2018:01:29 11:51:02 am 
Start HTTPS and DAP Scan federalcourts.gov
2018:01:29 11:51:04 am 
Start HTTPS and DAP Scan federalinvestments.gov
2018:01:29 11:51:06 am 
Start HTTPS and DAP Scan federaljobs.gov
2018:01:29 11:51:10 am 
Start HTTPS and DAP Scan federalprobation.gov
2018:01:29 11:51:12 am 
Start HTTPS and DAP Scan federalregister.gov
2018:01:29 11:51:15 am 
Start HTTPS and DAP Scan federalreserve.gov
2018:01:29 11:51:17 am 
Start HTTPS and DAP Scan federalreserveconsumerhelp.gov
2018:01:29 11:51:19 am 
Start HTTPS and DAP Scan federalrules.gov
2018:01:29 11:51:21 am 
Start HTTPS and DAP Scan fedidcard.gov
2018:01:29 11:51:23 am 
Start HTTPS and DAP Scan fedinvest.gov
2018:01:29 11:51:25 am 
Start HTTPS and DAP Scan fedjobs.gov
2018:01:29 11:51:29 am 
Start HTTPS and DAP Scan fedpartnership.gov
2018:01:29 11:51:31 am 
Start HTTPS and DAP Scan fedramp.gov
2018:01:29 11:51:33 am 
Start HTTPS and DAP Scan fedreg.gov
2018:01:29 11:51:35 am 
Start HTTPS and DAP Scan fedrooms.gov
2018:01:29 11:51:38 am 
Start HTTPS and DAP Scan fedshirevets.gov
2018:01:29 11:51:41 am 
Start HTTPS and DAP Scan fedspending.gov
2018:01:29 11:51:43 am 
Start HTTPS and DAP Scan feedthefuture.gov
2018:01:29 11:51:45 am 
Start HTTPS and DAP Scan fegli.gov
2018:01:29 11:51:46 am 
Start HTTPS and DAP Scan fema.gov
2018:01:29 11:51:48 am 
Start HTTPS and DAP Scan femalefarmerclaims.gov
2018:01:29 11:51:50 am 
Start HTTPS and DAP Scan ferc.gov
2018:01:29 11:51:51 am 
Start HTTPS and DAP Scan fercalt.gov
2018:01:29 11:51:53 am 
Start HTTPS and DAP Scan ffiec.gov
2018:01:29 11:51:55 am 
Start HTTPS and DAP Scan fgdc.gov
2018:01:29 11:51:56 am 
Start HTTPS and DAP Scan fha.gov
2018:01:29 11:52:00 am 
Start HTTPS and DAP Scan fhfa.gov
2018:01:29 11:52:02 am 
Start HTTPS and DAP Scan fhfaoig.gov
2018:01:29 11:52:04 am 
Start HTTPS and DAP Scan fido.gov
2018:01:29 11:52:06 am 
Start HTTPS and DAP Scan financialresearch.gov
2018:01:29 11:52:08 am 
Start HTTPS and DAP Scan financialstability.gov
2018:01:29 11:52:09 am 
Start HTTPS and DAP Scan fincen.gov
2018:01:29 11:52:11 am 
Start HTTPS and DAP Scan findyouthinfo.gov
2018:01:29 11:52:13 am 
Start HTTPS and DAP Scan firecode.gov
2018:01:29 11:52:15 am 
Start HTTPS and DAP Scan fireleadership.gov
2018:01:29 11:52:17 am 
Start HTTPS and DAP Scan firenet.gov
2018:01:29 11:52:20 am 
Start HTTPS and DAP Scan firescience.gov
2018:01:29 11:52:22 am 
Start HTTPS and DAP Scan firstfreedom.gov
2018:01:29 11:52:24 am 
Start HTTPS and DAP Scan firstgov.gov
2018:01:29 11:52:27 am 
Start HTTPS and DAP Scan firstnet.gov
2018:01:29 11:52:28 am 
Start HTTPS and DAP Scan firstresponder.gov
2018:01:29 11:52:33 am 
Start HTTPS and DAP Scan firstrespondertraining.gov
2018:01:29 11:52:35 am 
Start HTTPS and DAP Scan fiscalcommission.gov
2018:01:29 11:52:37 am 
Start HTTPS and DAP Scan fishwatch.gov
2018:01:29 11:52:39 am 
Start HTTPS and DAP Scan fitness.gov
2018:01:29 11:52:41 am 
Start HTTPS and DAP Scan fjc.gov
2018:01:29 11:52:43 am 
Start HTTPS and DAP Scan fleta.gov
2018:01:29 11:52:45 am 
Start HTTPS and DAP Scan fletc.gov
2018:01:29 11:52:48 am 
Start HTTPS and DAP Scan flightschoolcandidates.gov
2018:01:29 11:52:50 am 
Start HTTPS and DAP Scan floodsmart.gov
2018:01:29 11:52:52 am 
Start HTTPS and DAP Scan flra.gov
2018:01:29 11:52:54 am 
Start HTTPS and DAP Scan flu.gov
2018:01:29 11:52:56 am 
Start HTTPS and DAP Scan fmc.gov
2018:01:29 11:52:59 am 
Start HTTPS and DAP Scan fmcs.gov
2018:01:29 11:53:01 am 
Start HTTPS and DAP Scan fmi.gov
2018:01:29 11:53:03 am 
Start HTTPS and DAP Scan fmshrc.gov
2018:01:29 11:53:05 am 
Start HTTPS and DAP Scan fnal.gov
2018:01:29 11:53:07 am 
Start HTTPS and DAP Scan foia.gov
2018:01:29 11:53:10 am 
Start HTTPS and DAP Scan foodsafety.gov
2018:01:29 11:53:12 am 
Start HTTPS and DAP Scan foodsafetyjobs.gov
2018:01:29 11:53:15 am 
Start HTTPS and DAP Scan foodsafetyworkinggroup.gov
2018:01:29 11:53:17 am 
Start HTTPS and DAP Scan fordlibrarymuseum.gov
2018:01:29 11:53:19 am 
Start HTTPS and DAP Scan foreignassistance.gov
2018:01:29 11:53:21 am 
Start HTTPS and DAP Scan forensicscience.gov
2018:01:29 11:53:23 am 
Start HTTPS and DAP Scan forestsandrangelands.gov
2018:01:29 11:53:25 am 
Start HTTPS and DAP Scan forfeiture.gov
2018:01:29 11:53:27 am 
Start HTTPS and DAP Scan forms.gov
2018:01:29 11:53:30 am 
Start HTTPS and DAP Scan fpc.gov
2018:01:29 11:53:32 am 
Start HTTPS and DAP Scan fpds.gov
2018:01:29 11:53:34 am 
Start HTTPS and DAP Scan freecreditreport.gov
2018:01:29 11:53:36 am 
Start HTTPS and DAP Scan freshempire.gov
2018:01:29 11:53:39 am 
Start HTTPS and DAP Scan frpg.gov
2018:01:29 11:53:41 am 
Start HTTPS and DAP Scan frtib.gov
2018:01:29 11:53:43 am 
Start HTTPS and DAP Scan frtr.gov
2018:01:29 11:53:45 am 
Start HTTPS and DAP Scan fruitsandveggiesmatter.gov
2018:01:29 11:53:47 am 
Start HTTPS and DAP Scan fs.fed.us
2018:01:29 11:53:49 am 
Start HTTPS and DAP Scan fsafeds.gov
2018:01:29 11:53:51 am 
Start HTTPS and DAP Scan fsapubs.gov
2018:01:29 11:53:58 am 
Start HTTPS and DAP Scan fsd.gov
2018:01:29 11:54:00 am 
Start HTTPS and DAP Scan fsgb.gov
2018:01:29 11:54:02 am 
Start HTTPS and DAP Scan fsoc.gov
2018:01:29 11:54:05 am 
Start HTTPS and DAP Scan fsrs.gov
2018:01:29 11:54:07 am 
Start HTTPS and DAP Scan ftc.gov
2018:01:29 11:54:09 am 
Start HTTPS and DAP Scan ftccomplaintassistant.gov
2018:01:29 11:54:12 am 
Start HTTPS and DAP Scan ftcefile.gov
2018:01:29 11:54:14 am 
Start HTTPS and DAP Scan fttesttwai.gov
2018:01:29 11:54:16 am 
Start HTTPS and DAP Scan fvap.gov
2018:01:29 11:54:18 am 
Start HTTPS and DAP Scan fws.gov
2018:01:29 11:54:20 am 
Start HTTPS and DAP Scan g5.gov
2018:01:29 11:54:23 am 
Start HTTPS and DAP Scan gao.gov
2018:01:29 11:54:24 am 
Start HTTPS and DAP Scan gaonet.gov
2018:01:29 11:54:26 am 
Start HTTPS and DAP Scan gcdamp.gov
2018:01:29 11:54:28 am 
Start HTTPS and DAP Scan gcmrc.gov
2018:01:29 11:54:30 am 
Start HTTPS and DAP Scan genome.gov
2018:01:29 11:54:33 am 
Start HTTPS and DAP Scan geocommunicator.gov
2018:01:29 11:54:36 am 
Start HTTPS and DAP Scan geomac.gov
2018:01:29 11:54:38 am 
Start HTTPS and DAP Scan geoplatform.gov
2018:01:29 11:54:40 am 
Start HTTPS and DAP Scan georgewbushlibrary.gov
2018:01:29 11:54:42 am 
Start HTTPS and DAP Scan getinvolved.gov
2018:01:29 11:54:44 am 
Start HTTPS and DAP Scan getsmartaboutdrugs.gov
2018:01:29 11:54:46 am 
Start HTTPS and DAP Scan getyouhome.gov
2018:01:29 11:54:48 am 
Start HTTPS and DAP Scan ghi.gov
2018:01:29 11:54:50 am 
Start HTTPS and DAP Scan ginniemae.gov
2018:01:29 11:54:53 am 
Start HTTPS and DAP Scan girlshealth.gov
2018:01:29 11:54:55 am 
Start HTTPS and DAP Scan globalchange.gov
2018:01:29 11:54:58 am 
Start HTTPS and DAP Scan globalentry.gov
2018:01:29 11:55:01 am 
Start HTTPS and DAP Scan globalhealth.gov
2018:01:29 11:55:03 am 
Start HTTPS and DAP Scan globe.gov
2018:01:29 11:55:07 am 
Start HTTPS and DAP Scan gobierno.gov
2018:01:29 11:55:09 am 
Start HTTPS and DAP Scan gobiernousa.gov
2018:01:29 11:55:12 am 
Start HTTPS and DAP Scan godirect.gov
2018:01:29 11:55:14 am 
Start HTTPS and DAP Scan goes-r.gov
2018:01:29 11:55:17 am 
Start HTTPS and DAP Scan golearn.gov
2018:01:29 11:55:20 am 
Start HTTPS and DAP Scan gop.gov
2018:01:29 11:55:22 am 
Start HTTPS and DAP Scan gopleader.gov
2018:01:29 11:55:24 am 
Start HTTPS and DAP Scan govbenefits.gov
2018:01:29 11:55:26 am 
Start HTTPS and DAP Scan governmentjobs.gov
2018:01:29 11:55:30 am 
Start HTTPS and DAP Scan govinfo.gov
2018:01:29 11:55:32 am 
Start HTTPS and DAP Scan govloans.gov
2018:01:29 11:55:34 am 
Start HTTPS and DAP Scan govsales.gov
2018:01:29 11:55:37 am 
Start HTTPS and DAP Scan gpo.gov
2018:01:29 11:55:39 am 
Start HTTPS and DAP Scan gps.gov
2018:01:29 11:55:41 am 
Start HTTPS and DAP Scan grants.gov
2018:01:29 11:55:43 am 
Start HTTPS and DAP Scan grantsolutions.gov
2018:01:29 11:55:46 am 
Start HTTPS and DAP Scan greatagain.gov
2018:01:29 11:55:49 am 
Start HTTPS and DAP Scan green.gov
2018:01:29 11:55:52 am 
Start HTTPS and DAP Scan greengov.gov
2018:01:29 11:55:54 am 
Start HTTPS and DAP Scan gsa.gov
2018:01:29 11:55:56 am 
Start HTTPS and DAP Scan gsaadvantage.gov
2018:01:29 11:55:58 am 
Start HTTPS and DAP Scan gsaauctions.gov
2018:01:29 11:56:01 am 
Start HTTPS and DAP Scan gsaig.gov
2018:01:29 11:56:03 am 
Start HTTPS and DAP Scan gsaxcess.gov
2018:01:29 11:56:05 am 
Start HTTPS and DAP Scan guideline.gov
2018:01:29 11:56:07 am 
Start HTTPS and DAP Scan guidelines.gov
2018:01:29 11:56:09 am 
Start HTTPS and DAP Scan gwa.gov
2018:01:29 11:56:11 am 
Start HTTPS and DAP Scan hanford.gov
2018:01:29 11:56:14 am 
Start HTTPS and DAP Scan harp.gov
2018:01:29 11:56:16 am 
Start HTTPS and DAP Scan hc.gov
2018:01:29 11:56:18 am 
Start HTTPS and DAP Scan hcqualitycommission.gov
2018:01:29 11:56:22 am 
Start HTTPS and DAP Scan health.gov
2018:01:29 11:56:24 am 
Start HTTPS and DAP Scan healthcare.gov
2018:01:29 11:56:26 am 
Start HTTPS and DAP Scan healthdata.gov
2018:01:29 11:56:28 am 
Start HTTPS and DAP Scan healthfinder.gov
2018:01:29 11:56:30 am 
Start HTTPS and DAP Scan healthindicators.gov
2018:01:29 11:56:32 am 
Start HTTPS and DAP Scan healthit.gov
2018:01:29 11:56:34 am 
Start HTTPS and DAP Scan healthreform.gov
2018:01:29 11:56:36 am 
Start HTTPS and DAP Scan healthypeople.gov
2018:01:29 11:56:38 am 
Start HTTPS and DAP Scan hearttruth.gov
2018:01:29 11:56:41 am 
Start HTTPS and DAP Scan helpingamericasyouth.gov
2018:01:29 11:56:43 am 
Start HTTPS and DAP Scan helpwithmybank.gov
2018:01:29 11:56:45 am 
Start HTTPS and DAP Scan helpwithmycheckingaccount.gov
2018:01:29 11:56:47 am 
Start HTTPS and DAP Scan helpwithmycreditcard.gov
2018:01:29 11:56:49 am 
Start HTTPS and DAP Scan helpwithmycreditcardbank.gov
2018:01:29 11:56:51 am 
Start HTTPS and DAP Scan helpwithmymortgage.gov
2018:01:29 11:56:53 am 
Start HTTPS and DAP Scan helpwithmymortgagebank.gov
2018:01:29 11:56:56 am 
Start HTTPS and DAP Scan hhs.gov
2018:01:29 11:56:58 am 
Start HTTPS and DAP Scan hhsoig.gov
2018:01:29 11:57:00 am 
Start HTTPS and DAP Scan highperformancebuildings.gov
2018:01:29 11:57:02 am 
Start HTTPS and DAP Scan hispanicfarmerclaims.gov
2018:01:29 11:57:04 am 
Start HTTPS and DAP Scan hispanicheritagemonth.gov
2018:01:29 11:57:06 am 
Start HTTPS and DAP Scan history.gov
2018:01:29 11:57:10 am 
Start HTTPS and DAP Scan hiv.gov
2018:01:29 11:57:13 am 
Start HTTPS and DAP Scan homeenergyscore.gov
2018:01:29 11:57:15 am 
Start HTTPS and DAP Scan homelandsecurity.gov
2018:01:29 11:57:18 am 
Start HTTPS and DAP Scan homesales.gov
2018:01:29 11:57:20 am 
Start HTTPS and DAP Scan house.gov
2018:01:29 11:57:22 am 
Start HTTPS and DAP Scan housecalendar.gov
2018:01:29 11:57:24 am 
Start HTTPS and DAP Scan housecommunications.gov
2018:01:29 11:57:26 am 
Start HTTPS and DAP Scan housedemocrats.gov
2018:01:29 11:57:28 am 
Start HTTPS and DAP Scan housedems.gov
2018:01:29 11:57:29 am 
Start HTTPS and DAP Scan houselive.gov
2018:01:29 11:57:31 am 
Start HTTPS and DAP Scan housenewsletters.gov
2018:01:29 11:57:33 am 
Start HTTPS and DAP Scan howto.gov
2018:01:29 11:57:35 am 
Start HTTPS and DAP Scan hrsa.gov
2018:01:29 11:57:37 am 
Start HTTPS and DAP Scan hru.gov
2018:01:29 11:57:40 am 
Start HTTPS and DAP Scan hsr.gov
2018:01:29 11:57:43 am 
Start HTTPS and DAP Scan hud.gov
2018:01:29 11:57:46 am 
Start HTTPS and DAP Scan hudoig.gov
2018:01:29 11:57:49 am 
Start HTTPS and DAP Scan huduser.gov
2018:01:29 11:57:52 am 
Start HTTPS and DAP Scan humanities.gov
2018:01:29 11:57:54 am 
Start HTTPS and DAP Scan humanrights.gov
2018:01:29 11:57:56 am 
Start HTTPS and DAP Scan hurricanes.gov
2018:01:29 11:57:59 am 
Start HTTPS and DAP Scan hydrogen.gov
2018:01:29 11:58:01 am 
Start HTTPS and DAP Scan iab.gov
2018:01:29 11:58:03 am 
Start HTTPS and DAP Scan iad.gov
2018:01:29 11:58:05 am 
Start HTTPS and DAP Scan iaf.gov
2018:01:29 11:58:08 am 
Start HTTPS and DAP Scan iarpa-ideas.gov
2018:01:29 11:58:10 am 
Start HTTPS and DAP Scan iarpa.gov
2018:01:29 11:58:12 am 
Start HTTPS and DAP Scan iat.gov
2018:01:29 11:58:14 am 
Start HTTPS and DAP Scan iawg.gov
2018:01:29 11:58:17 am 
Start HTTPS and DAP Scan ibb.gov
2018:01:29 11:58:20 am 
Start HTTPS and DAP Scan ibwc.gov
2018:01:29 11:58:22 am 
Start HTTPS and DAP Scan ic3.gov
2018:01:29 11:58:24 am 
Start HTTPS and DAP Scan icass.gov
2018:01:29 11:58:26 am 
Start HTTPS and DAP Scan icbemp.gov
2018:01:29 11:58:28 am 
Start HTTPS and DAP Scan ice.gov
2018:01:29 11:58:30 am 
Start HTTPS and DAP Scan ich.gov
2018:01:29 11:58:34 am 
Start HTTPS and DAP Scan icjointduty.gov
2018:01:29 11:58:36 am 
Start HTTPS and DAP Scan idealab.gov
2018:01:29 11:58:38 am 
Start HTTPS and DAP Scan identitytheft.gov
2018:01:29 11:58:40 am 
Start HTTPS and DAP Scan idmanagement.gov
2018:01:29 11:58:43 am 
Start HTTPS and DAP Scan idtheft.gov
2018:01:29 11:58:45 am 
Start HTTPS and DAP Scan iedison.gov
2018:01:29 11:58:48 am 
Start HTTPS and DAP Scan ignet.gov
2018:01:29 11:58:50 am 
Start HTTPS and DAP Scan ihs.gov
2018:01:29 11:58:52 am 
Start HTTPS and DAP Scan iiog.gov
2018:01:29 11:58:54 am 
Start HTTPS and DAP Scan imls.gov
2018:01:29 11:58:56 am 
Start HTTPS and DAP Scan indianaffairs.gov
2018:01:29 11:58:58 am 
Start HTTPS and DAP Scan inel.gov
2018:01:29 11:59:00 am 
Start HTTPS and DAP Scan info.gov
2018:01:29 11:59:04 am 
Start HTTPS and DAP Scan inl.gov
2018:01:29 11:59:06 am 
Start HTTPS and DAP Scan insurekidsnow.gov
2018:01:29 11:59:08 am 
Start HTTPS and DAP Scan integrity.gov
2018:01:29 11:59:11 am 
Start HTTPS and DAP Scan intelink.gov
2018:01:29 11:59:13 am 
Start HTTPS and DAP Scan intelligence.gov
2018:01:29 11:59:15 am 
Start HTTPS and DAP Scan intelligencecareers.gov
2018:01:29 11:59:18 am 
Start HTTPS and DAP Scan interior.gov
2018:01:29 11:59:21 am 
Start HTTPS and DAP Scan interpol.gov
2018:01:29 11:59:24 am 
Start HTTPS and DAP Scan invasivespecies.gov
2018:01:29 11:59:27 am 
Start HTTPS and DAP Scan invasivespeciesinfo.gov
2018:01:29 11:59:29 am 
Start HTTPS and DAP Scan investor.gov
2018:01:29 11:59:31 am 
Start HTTPS and DAP Scan ioss.gov
2018:01:29 11:59:34 am 
Start HTTPS and DAP Scan ipac.gov
2018:01:29 11:59:36 am 
Start HTTPS and DAP Scan ipcc-wg2.gov
2018:01:29 11:59:38 am 
Start HTTPS and DAP Scan ipm.gov
2018:01:29 11:59:41 am 
Start HTTPS and DAP Scan ipp.gov
2018:01:29 11:59:43 am 
Start HTTPS and DAP Scan iprcenter.gov
2018:01:29 11:59:45 am 
Start HTTPS and DAP Scan irs.gov
2018:01:29 11:59:47 am 
Start HTTPS and DAP Scan irsauctions.gov
2018:01:29 11:59:50 am 
Start HTTPS and DAP Scan irssales.gov
2018:01:29 11:59:52 am 
Start HTTPS and DAP Scan irsvideos.gov
2018:01:29 11:59:55 am 
Start HTTPS and DAP Scan ise.gov
2018:01:29 11:59:57 am 
Start HTTPS and DAP Scan isitdoneyet.gov
2018:01:29 12:00:00 pm 
Start HTTPS and DAP Scan itap.gov
2018:01:29 12:00:02 pm 
Start HTTPS and DAP Scan itdashboard.gov
2018:01:29 12:00:04 pm 
Start HTTPS and DAP Scan itis.gov
2018:01:29 12:00:06 pm 
Start HTTPS and DAP Scan itrd.gov
2018:01:29 12:00:08 pm 
Start HTTPS and DAP Scan its.gov
2018:01:29 12:00:10 pm 
Start HTTPS and DAP Scan jamesmadison.gov
2018:01:29 12:00:13 pm 
Start HTTPS and DAP Scan jccs.gov
2018:01:29 12:00:15 pm 
Start HTTPS and DAP Scan jct.gov
2018:01:29 12:00:16 pm 
Start HTTPS and DAP Scan jem.gov
2018:01:29 12:00:19 pm 
Start HTTPS and DAP Scan jewishheritage.gov
2018:01:29 12:00:20 pm 
Start HTTPS and DAP Scan jewishheritagemonth.gov
2018:01:29 12:00:22 pm 
Start HTTPS and DAP Scan jimmycarterlibrary.gov
2018:01:29 12:00:25 pm 
Start HTTPS and DAP Scan jobcorps.gov
2018:01:29 12:00:27 pm 
Start HTTPS and DAP Scan joiningforces.gov
2018:01:29 12:00:29 pm 
Start HTTPS and DAP Scan judicialconference.gov
2018:01:29 12:00:30 pm 
Start HTTPS and DAP Scan justice.gov
2018:01:29 12:00:33 pm 
Start HTTPS and DAP Scan justthinktwice.gov
2018:01:29 12:00:35 pm 
Start HTTPS and DAP Scan juvenilecouncil.gov
2018:01:29 12:00:37 pm 
Start HTTPS and DAP Scan jwod.gov
2018:01:29 12:00:40 pm 
Start HTTPS and DAP Scan kids.gov
2018:01:29 12:00:42 pm 
Start HTTPS and DAP Scan klamathrestoration.gov
2018:01:29 12:00:44 pm 
Start HTTPS and DAP Scan labor.gov
2018:01:29 12:00:47 pm 
Start HTTPS and DAP Scan lacoast.gov
2018:01:29 12:00:49 pm 
Start HTTPS and DAP Scan landfire.gov
2018:01:29 12:00:51 pm 
Start HTTPS and DAP Scan landimaging.gov
2018:01:29 12:00:53 pm 
Start HTTPS and DAP Scan lanl.gov
2018:01:29 12:00:55 pm 
Start HTTPS and DAP Scan latinofarmerclaims.gov
2018:01:29 12:00:57 pm 
Start HTTPS and DAP Scan law.gov
2018:01:29 12:00:59 pm 
Start HTTPS and DAP Scan lbl.gov
2018:01:29 12:01:01 pm 
Start HTTPS and DAP Scan lca.gov
2018:01:29 12:01:03 pm 
Start HTTPS and DAP Scan lcacommons.gov
2018:01:29 12:01:05 pm 
Start HTTPS and DAP Scan lcrmscp.gov
2018:01:29 12:01:08 pm 
Start HTTPS and DAP Scan learnandserve.gov
2018:01:29 12:01:10 pm 
Start HTTPS and DAP Scan learnatf.gov
2018:01:29 12:01:12 pm 
Start HTTPS and DAP Scan learndoj.gov
2018:01:29 12:01:14 pm 
Start HTTPS and DAP Scan learnperformance.gov
2018:01:29 12:01:16 pm 
Start HTTPS and DAP Scan lep.gov
2018:01:29 12:01:18 pm 
Start HTTPS and DAP Scan letgirlslearn.gov
2018:01:29 12:01:20 pm 
Start HTTPS and DAP Scan letsmove.gov
2018:01:29 12:01:22 pm 
Start HTTPS and DAP Scan libraryofcongress.gov
2018:01:29 12:01:24 pm 
Start HTTPS and DAP Scan lifeline.gov
2018:01:29 12:01:27 pm 
Start HTTPS and DAP Scan lis.gov
2018:01:29 12:01:28 pm 
Start HTTPS and DAP Scan listo.gov
2018:01:29 12:01:30 pm 
Start HTTPS and DAP Scan literacy.gov
2018:01:29 12:01:32 pm 
Start HTTPS and DAP Scan llis.gov
2018:01:29 12:01:34 pm 
Start HTTPS and DAP Scan llnl.gov
2018:01:29 12:01:36 pm 
Start HTTPS and DAP Scan lmrcouncil.gov
2018:01:29 12:01:38 pm 
Start HTTPS and DAP Scan lmvsci.gov
2018:01:29 12:01:41 pm 
Start HTTPS and DAP Scan loc.gov
2018:01:29 12:01:43 pm 
Start HTTPS and DAP Scan locatorplus.gov
2018:01:29 12:01:45 pm 
Start HTTPS and DAP Scan loctps.gov
2018:01:29 12:01:47 pm 
Start HTTPS and DAP Scan login.gov
2018:01:29 12:01:50 pm 
Start HTTPS and DAP Scan longtermcare.gov
2018:01:29 12:01:52 pm 
Start HTTPS and DAP Scan lps.gov
2018:01:29 12:01:54 pm 
Start HTTPS and DAP Scan lsc.gov
2018:01:29 12:01:57 pm 
Start HTTPS and DAP Scan macpac.gov
2018:01:29 12:02:01 pm 
Start HTTPS and DAP Scan mail.gov
2018:01:29 12:02:04 pm 
Start HTTPS and DAP Scan majorityleader.gov
2018:01:29 12:02:06 pm 
Start HTTPS and DAP Scan majoritywhip.gov
2018:01:29 12:02:08 pm 
Start HTTPS and DAP Scan makinghomeaffordable.gov
2018:01:29 12:02:11 pm 
Start HTTPS and DAP Scan malwareinvestigator.gov
2018:01:29 12:02:14 pm 
Start HTTPS and DAP Scan manufacturing.gov
2018:01:29 12:02:17 pm 
Start HTTPS and DAP Scan marine.gov
2018:01:29 12:02:19 pm 
Start HTTPS and DAP Scan marinecadastre.gov
2018:01:29 12:02:21 pm 
Start HTTPS and DAP Scan max.gov
2018:01:29 12:02:24 pm 
Start HTTPS and DAP Scan mbda.gov
2018:01:29 12:02:26 pm 
Start HTTPS and DAP Scan mcc.gov
2018:01:29 12:02:28 pm 
Start HTTPS and DAP Scan mda.gov
2018:01:29 12:02:30 pm 
Start HTTPS and DAP Scan medalofvalor.gov
2018:01:29 12:02:32 pm 
Start HTTPS and DAP Scan medicaid.gov
2018:01:29 12:02:35 pm 
Start HTTPS and DAP Scan medicalcountermeasures.gov
2018:01:29 12:02:37 pm 
Start HTTPS and DAP Scan medicalreservecorps.gov
2018:01:29 12:02:39 pm 
Start HTTPS and DAP Scan medicare.gov
2018:01:29 12:02:41 pm 
Start HTTPS and DAP Scan medlineplus.gov
2018:01:29 12:02:44 pm 
Start HTTPS and DAP Scan medpac.gov
2018:01:29 12:02:46 pm 
Start HTTPS and DAP Scan mentalhealth.gov
2018:01:29 12:02:48 pm 
Start HTTPS and DAP Scan mentor.gov
2018:01:29 12:02:51 pm 
Start HTTPS and DAP Scan mesh.gov
2018:01:29 12:02:53 pm 
Start HTTPS and DAP Scan mgi.gov
2018:01:29 12:02:56 pm 
Start HTTPS and DAP Scan mha.gov
2018:01:29 12:02:59 pm 
Start HTTPS and DAP Scan mimedicare.gov
2018:01:29 12:03:01 pm 
Start HTTPS and DAP Scan mitigationcommission.gov
2018:01:29 12:03:03 pm 
Start HTTPS and DAP Scan mlkday.gov
2018:01:29 12:03:06 pm 
Start HTTPS and DAP Scan mmc.gov
2018:01:29 12:03:08 pm 
Start HTTPS and DAP Scan mojavedata.gov
2018:01:29 12:03:11 pm 
Start HTTPS and DAP Scan moneyfactory.gov
2018:01:29 12:03:13 pm 
Start HTTPS and DAP Scan moneyfactorystore.gov
2018:01:29 12:03:16 pm 
Start HTTPS and DAP Scan mrlc.gov
2018:01:29 12:03:19 pm 
Start HTTPS and DAP Scan msb.gov
2018:01:29 12:03:22 pm 
Start HTTPS and DAP Scan msha.gov
2018:01:29 12:03:24 pm 
Start HTTPS and DAP Scan mspb.gov
2018:01:29 12:03:26 pm 
Start HTTPS and DAP Scan mtbs.gov
2018:01:29 12:03:29 pm 
Start HTTPS and DAP Scan mycreditunion.gov
2018:01:29 12:03:31 pm 
Start HTTPS and DAP Scan myfdic.gov
2018:01:29 12:03:33 pm 
Start HTTPS and DAP Scan myfdicinsurance.gov
2018:01:29 12:03:36 pm 
Start HTTPS and DAP Scan myira.gov
2018:01:29 12:03:38 pm 
Start HTTPS and DAP Scan mymedicare.gov
2018:01:29 12:03:40 pm 
Start HTTPS and DAP Scan mymoney.gov
2018:01:29 12:03:43 pm 
Start HTTPS and DAP Scan myplate.gov
2018:01:29 12:03:45 pm 
Start HTTPS and DAP Scan myra.gov
2018:01:29 12:03:47 pm 
Start HTTPS and DAP Scan nafri.gov
2018:01:29 12:03:49 pm 
Start HTTPS and DAP Scan nagb.gov
2018:01:29 12:03:52 pm 
Start HTTPS and DAP Scan namus.gov
2018:01:29 12:03:54 pm 
Start HTTPS and DAP Scan nano.gov
2018:01:29 12:03:57 pm 
Start HTTPS and DAP Scan nara.gov
2018:01:29 12:04:00 pm 
Start HTTPS and DAP Scan nasa.gov
2018:01:29 12:04:02 pm 
Start HTTPS and DAP Scan nationalbank.gov
2018:01:29 12:04:04 pm 
Start HTTPS and DAP Scan nationalbankhelp.gov
2018:01:29 12:04:07 pm 
Start HTTPS and DAP Scan nationalbanknet.gov
2018:01:29 12:04:09 pm 
Start HTTPS and DAP Scan nationalgangcenter.gov
2018:01:29 12:04:11 pm 
Start HTTPS and DAP Scan nationalhousing.gov
2018:01:29 12:04:14 pm 
Start HTTPS and DAP Scan nationalhousinglocator.gov
2018:01:29 12:04:16 pm 
Start HTTPS and DAP Scan nationalmap.gov
2018:01:29 12:04:19 pm 
Start HTTPS and DAP Scan nationalresourcedirectory.gov
2018:01:29 12:04:22 pm 
Start HTTPS and DAP Scan nationalservice.gov
2018:01:29 12:04:24 pm 
Start HTTPS and DAP Scan nationalserviceresources.gov
2018:01:29 12:04:26 pm 
Start HTTPS and DAP Scan nationsreportcard.gov
2018:01:29 12:04:29 pm 
Start HTTPS and DAP Scan nativeamericanheritagemonth.gov
2018:01:29 12:04:31 pm 
Start HTTPS and DAP Scan nativeonestop.gov
2018:01:29 12:04:35 pm 
Start HTTPS and DAP Scan navycash.gov
2018:01:29 12:04:37 pm 
Start HTTPS and DAP Scan nbc.gov
2018:01:29 12:04:39 pm 
Start HTTPS and DAP Scan nbib.gov
2018:01:29 12:04:42 pm 
Start HTTPS and DAP Scan nbm.gov
2018:01:29 12:04:45 pm 
Start HTTPS and DAP Scan nbrc.gov
2018:01:29 12:04:47 pm 
Start HTTPS and DAP Scan ncd.gov
2018:01:29 12:04:49 pm 
Start HTTPS and DAP Scan ncifcrf.gov
2018:01:29 12:04:52 pm 
Start HTTPS and DAP Scan ncirc.gov
2018:01:29 12:04:54 pm 
Start HTTPS and DAP Scan ncix.gov
2018:01:29 12:04:56 pm 
Start HTTPS and DAP Scan ncjrs.gov
2018:01:29 12:04:59 pm 
Start HTTPS and DAP Scan ncpc.gov
2018:01:29 12:05:01 pm 
Start HTTPS and DAP Scan ncpw.gov
2018:01:29 12:05:04 pm 
Start HTTPS and DAP Scan ncsc.gov
2018:01:29 12:05:12 pm 
Start HTTPS and DAP Scan nctc.gov
2018:01:29 12:05:15 pm 
Start HTTPS and DAP Scan ncua.gov
2018:01:29 12:05:17 pm 
Start HTTPS and DAP Scan nea.gov
2018:01:29 12:05:19 pm 
Start HTTPS and DAP Scan neglecteddiseases.gov
2018:01:29 12:05:22 pm 
Start HTTPS and DAP Scan neh.gov
2018:01:29 12:05:24 pm 
Start HTTPS and DAP Scan nehrp.gov
2018:01:29 12:05:26 pm 
Start HTTPS and DAP Scan nel.gov
2018:01:29 12:05:29 pm 
Start HTTPS and DAP Scan nemi.gov
2018:01:29 12:05:31 pm 
Start HTTPS and DAP Scan nepa.gov
2018:01:29 12:05:33 pm 
Start HTTPS and DAP Scan nersc.gov
2018:01:29 12:05:35 pm 
Start HTTPS and DAP Scan neup.gov
2018:01:29 12:05:39 pm 
Start HTTPS and DAP Scan newmoney.gov
2018:01:29 12:05:41 pm 
Start HTTPS and DAP Scan nfpors.gov
2018:01:29 12:05:43 pm 
Start HTTPS and DAP Scan nga.gov
2018:01:29 12:05:45 pm 
Start HTTPS and DAP Scan ngc.gov
2018:01:29 12:05:47 pm 
Start HTTPS and DAP Scan nhl.gov
2018:01:29 12:05:49 pm 
Start HTTPS and DAP Scan nhtsa.gov
2018:01:29 12:05:52 pm 
Start HTTPS and DAP Scan nic.gov
2018:01:29 12:05:55 pm 
Start HTTPS and DAP Scan nicic.gov
2018:01:29 12:05:57 pm 
Start HTTPS and DAP Scan nicsezcheckfbi.gov
2018:01:29 12:05:59 pm 
Start HTTPS and DAP Scan niem.gov
2018:01:29 12:06:02 pm 
Start HTTPS and DAP Scan nifc.gov
2018:01:29 12:06:04 pm 
Start HTTPS and DAP Scan nigc.gov
2018:01:29 12:06:06 pm 
Start HTTPS and DAP Scan nih.gov
2018:01:29 12:06:08 pm 
Start HTTPS and DAP Scan nihseniorhealth.gov
2018:01:29 12:06:11 pm 
Start HTTPS and DAP Scan niosh.gov
2018:01:29 12:06:14 pm 
Start HTTPS and DAP Scan nist.gov
2018:01:29 12:06:16 pm 
Start HTTPS and DAP Scan nitrd.gov
2018:01:29 12:06:18 pm 
Start HTTPS and DAP Scan nixonlibrary.gov
2018:01:29 12:06:21 pm 
Start HTTPS and DAP Scan nlm.gov
2018:01:29 12:06:24 pm 
Start HTTPS and DAP Scan nlrb.gov
2018:01:29 12:06:26 pm 
Start HTTPS and DAP Scan nls.gov
2018:01:29 12:06:28 pm 
Start HTTPS and DAP Scan nmb.gov
2018:01:29 12:06:30 pm 
Start HTTPS and DAP Scan nmcourt.fed.us
2018:01:29 12:06:32 pm 
Start HTTPS and DAP Scan nmsc.gov
2018:01:29 12:06:38 pm 
Start HTTPS and DAP Scan nmvtis.gov
2018:01:29 12:06:41 pm 
Start HTTPS and DAP Scan nnlm.gov
2018:01:29 12:06:44 pm 
Start HTTPS and DAP Scan nnss.gov
2018:01:29 12:06:47 pm 
Start HTTPS and DAP Scan noaa.gov
2018:01:29 12:06:49 pm 
Start HTTPS and DAP Scan nolaenvironmental.gov
2018:01:29 12:06:51 pm 
Start HTTPS and DAP Scan nps.gov
2018:01:29 12:06:54 pm 
Start HTTPS and DAP Scan nrc.gov
2018:01:29 12:06:57 pm 
Start HTTPS and DAP Scan nrd.gov
2018:01:29 12:06:59 pm 
Start HTTPS and DAP Scan nrel.gov
2018:01:29 12:07:02 pm 
Start HTTPS and DAP Scan nro.gov
2018:01:29 12:07:04 pm 
Start HTTPS and DAP Scan nrojr.gov
2018:01:29 12:07:06 pm 
Start HTTPS and DAP Scan nsa.gov
2018:01:29 12:07:08 pm 
Start HTTPS and DAP Scan nsep.gov
2018:01:29 12:07:10 pm 
Start HTTPS and DAP Scan nsf.gov
2018:01:29 12:07:13 pm 
Start HTTPS and DAP Scan nsopr.gov
2018:01:29 12:07:15 pm 
Start HTTPS and DAP Scan nsopw.gov
2018:01:29 12:07:17 pm 
Start HTTPS and DAP Scan nstic.gov
2018:01:29 12:07:19 pm 
Start HTTPS and DAP Scan ntdprogram.gov
2018:01:29 12:07:21 pm 
Start HTTPS and DAP Scan ntis.gov
2018:01:29 12:07:24 pm 
Start HTTPS and DAP Scan ntsb.gov
2018:01:29 12:07:26 pm 
Start HTTPS and DAP Scan nutrition.gov
2018:01:29 12:07:29 pm 
Start HTTPS and DAP Scan nutritionevidencelibrary.gov
2018:01:29 12:07:31 pm 
Start HTTPS and DAP Scan nvtc.gov
2018:01:29 12:07:34 pm 
Start HTTPS and DAP Scan nwbc.gov
2018:01:29 12:07:37 pm 
Start HTTPS and DAP Scan nwcg.gov
2018:01:29 12:07:39 pm 
Start HTTPS and DAP Scan nwtrb.gov
2018:01:29 12:07:41 pm 
Start HTTPS and DAP Scan occ.gov
2018:01:29 12:07:44 pm 
Start HTTPS and DAP Scan occhelps.gov
2018:01:29 12:07:47 pm 
Start HTTPS and DAP Scan odni.gov
2018:01:29 12:07:49 pm 
Start HTTPS and DAP Scan oea.gov
2018:01:29 12:07:51 pm 
Start HTTPS and DAP Scan ofcm.gov
2018:01:29 12:07:53 pm 
Start HTTPS and DAP Scan ofda.gov
2018:01:29 12:07:55 pm 
Start HTTPS and DAP Scan ofr.gov
2018:01:29 12:07:57 pm 
Start HTTPS and DAP Scan oge.gov
2018:01:29 12:07:59 pm 
Start HTTPS and DAP Scan ogis.gov
2018:01:29 12:08:02 pm 
Start HTTPS and DAP Scan ojjdp.gov
2018:01:29 12:08:04 pm 
Start HTTPS and DAP Scan omb.gov
2018:01:29 12:08:07 pm 
Start HTTPS and DAP Scan omblog.gov
2018:01:29 12:08:09 pm 
Start HTTPS and DAP Scan ondcp.gov
2018:01:29 12:08:12 pm 
Start HTTPS and DAP Scan onguardonline.gov
2018:01:29 12:08:15 pm 
Start HTTPS and DAP Scan onhir.gov
2018:01:29 12:08:17 pm 
Start HTTPS and DAP Scan onlineonguard.gov
2018:01:29 12:08:19 pm 
Start HTTPS and DAP Scan onrr.gov
2018:01:29 12:08:21 pm 
Start HTTPS and DAP Scan openinternet.gov
2018:01:29 12:08:24 pm 
Start HTTPS and DAP Scan opensource.gov
2018:01:29 12:08:27 pm 
Start HTTPS and DAP Scan openworld.gov
2018:01:29 12:08:29 pm 
Start HTTPS and DAP Scan opic.gov
2018:01:29 12:08:31 pm 
Start HTTPS and DAP Scan opm.gov
2018:01:29 12:08:33 pm 
Start HTTPS and DAP Scan orau.gov
2018:01:29 12:08:35 pm 
Start HTTPS and DAP Scan organdonor.gov
2018:01:29 12:08:37 pm 
Start HTTPS and DAP Scan ornl.gov
2018:01:29 12:08:39 pm 
Start HTTPS and DAP Scan osac.gov
2018:01:29 12:08:41 pm 
Start HTTPS and DAP Scan osc.gov
2018:01:29 12:08:43 pm 
Start HTTPS and DAP Scan osha.gov
2018:01:29 12:08:45 pm 
Start HTTPS and DAP Scan oshrc.gov
2018:01:29 12:08:48 pm 
Start HTTPS and DAP Scan osm.gov
2018:01:29 12:08:50 pm 
Start HTTPS and DAP Scan osmre.gov
2018:01:29 12:08:52 pm 
Start HTTPS and DAP Scan osti.gov
2018:01:29 12:08:54 pm 
Start HTTPS and DAP Scan ostp.gov
2018:01:29 12:08:56 pm 
Start HTTPS and DAP Scan ots.gov
2018:01:29 12:08:58 pm 
Start HTTPS and DAP Scan ourdocuments.gov
2018:01:29 12:09:00 pm 
Start HTTPS and DAP Scan ovc.gov
2018:01:29 12:09:02 pm 
Start HTTPS and DAP Scan ovcttac.gov
2018:01:29 12:09:05 pm 
Start HTTPS and DAP Scan oversight.gov
2018:01:29 12:09:07 pm 
Start HTTPS and DAP Scan pacer.gov
2018:01:29 12:09:09 pm 
Start HTTPS and DAP Scan pandemicflu.gov
2018:01:29 12:09:12 pm 
Start HTTPS and DAP Scan papahanaumokuakea.gov
2018:01:29 12:09:15 pm 
Start HTTPS and DAP Scan patriotbonds.gov
2018:01:29 12:09:18 pm 
Start HTTPS and DAP Scan pay.gov
2018:01:29 12:09:20 pm 
Start HTTPS and DAP Scan paymentaccuracy.gov
2018:01:29 12:09:23 pm 
Start HTTPS and DAP Scan pbgc.gov
2018:01:29 12:09:25 pm 
Start HTTPS and DAP Scan pcah.gov
2018:01:29 12:09:27 pm 
Start HTTPS and DAP Scan pclob.gov
2018:01:29 12:09:30 pm 
Start HTTPS and DAP Scan peacecorps.gov
2018:01:29 12:09:32 pm 
Start HTTPS and DAP Scan pentagon.gov
2018:01:29 12:09:35 pm 
Start HTTPS and DAP Scan pepfar.gov
2018:01:29 12:09:38 pm 
Start HTTPS and DAP Scan performance.gov
2018:01:29 12:09:40 pm 
Start HTTPS and DAP Scan phe.gov
2018:01:29 12:09:42 pm 
Start HTTPS and DAP Scan pic.gov
2018:01:29 12:09:44 pm 
Start HTTPS and DAP Scan piedrasblancas.gov
2018:01:29 12:09:48 pm 
Start HTTPS and DAP Scan pif.gov
2018:01:29 12:09:51 pm 
Start HTTPS and DAP Scan pix.gov
2018:01:29 12:09:53 pm 
Start HTTPS and DAP Scan plainlanguage.gov
2018:01:29 12:09:55 pm 
Start HTTPS and DAP Scan pmf.gov
2018:01:29 12:09:57 pm 
Start HTTPS and DAP Scan pmi.gov
2018:01:29 12:09:59 pm 
Start HTTPS and DAP Scan pnl.gov
2018:01:29 12:10:03 pm 
Start HTTPS and DAP Scan pnnl.gov
2018:01:29 12:10:05 pm 
Start HTTPS and DAP Scan poolsafely.gov
2018:01:29 12:10:08 pm 
Start HTTPS and DAP Scan poolsafety.gov
2018:01:29 12:10:10 pm 
Start HTTPS and DAP Scan postoffice.gov
2018:01:29 12:10:13 pm 
Start HTTPS and DAP Scan ppdcecc.gov
2018:01:29 12:10:15 pm 
Start HTTPS and DAP Scan ppirs.gov
2018:01:29 12:10:18 pm 
Start HTTPS and DAP Scan pppl.gov
2018:01:29 12:10:20 pm 
Start HTTPS and DAP Scan pracomment.gov
2018:01:29 12:10:22 pm 
Start HTTPS and DAP Scan prc.gov
2018:01:29 12:10:24 pm 
Start HTTPS and DAP Scan pregunteleakaren.gov
2018:01:29 12:10:27 pm 
Start HTTPS and DAP Scan preserveamerica.gov
2018:01:29 12:10:29 pm 
Start HTTPS and DAP Scan presidentialdocuments.gov
2018:01:29 12:10:31 pm 
Start HTTPS and DAP Scan presidentialinnovationfellows.gov
2018:01:29 12:10:33 pm 
Start HTTPS and DAP Scan presidentialserviceawards.gov
2018:01:29 12:10:36 pm 
Start HTTPS and DAP Scan presidio.gov
2018:01:29 12:10:38 pm 
Start HTTPS and DAP Scan pretrialservices.gov
2018:01:29 12:10:40 pm 
Start HTTPS and DAP Scan primarysources.gov
2018:01:29 12:10:42 pm 
Start HTTPS and DAP Scan privacycouncil.gov
2018:01:29 12:10:44 pm 
Start HTTPS and DAP Scan privacyshield.gov
2018:01:29 12:10:46 pm 
Start HTTPS and DAP Scan projectsafechildhood.gov
2018:01:29 12:10:48 pm 
Start HTTPS and DAP Scan projectsafeneighborhoods.gov
2018:01:29 12:10:52 pm 
Start HTTPS and DAP Scan protecciondelconsumidor.gov
2018:01:29 12:10:54 pm 
Start HTTPS and DAP Scan protectyourmove.gov
2018:01:29 12:10:57 pm 
Start HTTPS and DAP Scan psa.gov
2018:01:29 12:10:59 pm 
Start HTTPS and DAP Scan psc.gov
2018:01:29 12:11:01 pm 
Start HTTPS and DAP Scan pscr.gov
2018:01:29 12:11:03 pm 
Start HTTPS and DAP Scan psn.gov
2018:01:29 12:11:05 pm 
Start HTTPS and DAP Scan psob.gov
2018:01:29 12:11:09 pm 
Start HTTPS and DAP Scan ptf.gov
2018:01:29 12:11:11 pm 
Start HTTPS and DAP Scan pubmed.gov
2018:01:29 12:11:14 pm 
Start HTTPS and DAP Scan qart.gov
2018:01:29 12:11:17 pm 
Start HTTPS and DAP Scan qatesttwai.gov
2018:01:29 12:11:19 pm 
Start HTTPS and DAP Scan quic.gov
2018:01:29 12:11:22 pm 
Start HTTPS and DAP Scan rcfl.gov
2018:01:29 12:11:24 pm 
Start HTTPS and DAP Scan reachhigher.gov
2018:01:29 12:11:26 pm 
Start HTTPS and DAP Scan read.gov
2018:01:29 12:11:28 pm 
Start HTTPS and DAP Scan ready.gov
2018:01:29 12:11:30 pm 
Start HTTPS and DAP Scan readybusiness.gov
2018:01:29 12:11:34 pm 
Start HTTPS and DAP Scan reaganlibrary.gov
2018:01:29 12:11:37 pm 
Start HTTPS and DAP Scan realestatesales.gov
2018:01:29 12:11:40 pm 
Start HTTPS and DAP Scan realpropertyprofile.gov
2018:01:29 12:11:43 pm 
Start HTTPS and DAP Scan recalls.gov
2018:01:29 12:11:45 pm 
Start HTTPS and DAP Scan recoverymonth.gov
2018:01:29 12:11:48 pm 
Start HTTPS and DAP Scan recreation.gov
2018:01:29 12:11:51 pm 
Start HTTPS and DAP Scan reginfo.gov
