2018:07:02 01:12:42 pm Starting Scan
2018:07:02 01:12:43 pm Running Technology Scan for site apprenticeship.gov
2018:07:02 01:12:54 pm 
Start Domain and SSL Scan for apprenticeship.gov
2018:07:02 01:13:02 pm Executed Command ' dig apprenticeship.gov +short ' Successfully
2018:07:02 01:13:02 pm Executed Command ' dig apprenticeship.gov +short ' Successfully
2018:07:02 01:13:15 pm Executed Command ' dig +dnssec apprenticeship.gov @8.8.8.8|grep -i 'rrsig' ' Successfully
2018:07:02 01:13:15 pm Executed Command ' nslookup -q=aaaa apprenticeship.gov ' Successfully
2018:07:02 01:13:15 pm Executed Command ' dig AAAA +short apprenticeship.gov ' Successfully
2018:07:02 01:13:15 pm 
Start HTTPS and DAP Scan apprenticeship.gov
2018:07:02 01:31:44 pm Starting Scan
2018:07:02 01:31:45 pm Running Technology Scan for site apprenticeship.gov
2018:07:02 01:31:50 pm 
Start Domain and SSL Scan for apprenticeship.gov
2018:07:02 01:31:54 pm Executed Command ' dig apprenticeship.gov +short ' Successfully
2018:07:02 01:31:54 pm Executed Command ' dig apprenticeship.gov +short ' Successfully
2018:07:02 01:32:03 pm Executed Command ' dig +dnssec apprenticeship.gov @8.8.8.8|grep -i 'rrsig' ' Successfully
2018:07:02 01:32:04 pm Executed Command ' nslookup -q=aaaa apprenticeship.gov ' Successfully
2018:07:02 01:32:04 pm Executed Command ' dig AAAA +short apprenticeship.gov ' Successfully
2018:07:02 01:32:04 pm 
Start HTTPS and DAP Scan apprenticeship.gov
2018:07:02 01:37:26 pm Starting Scan
2018:07:02 02:36:22 pm Starting Scan
