2018:01:01 12:00:49 am Running Technology Scan for site nccs.gov
2018:01:01 12:01:18 am 
Start HTTPS and DAP Scan nccs.gov
2018:01:01 12:01:18 am 
Start Domain and SSL Scan for nccs.gov
2018:01:01 12:01:20 am Executed Command ' dig nccs.gov +short ' Successfully
2018:01:01 12:01:20 am Executed Command ' dig nccs.gov +short ' Successfully
2018:01:01 12:01:32 am 
Start Mobile Scan for nccs.gov
2018:01:01 12:01:33 am 
Start Site Speed Scan for nccs.gov
2018:01:01 12:01:33 am Running Technology Scan for site ncrc.gov
2018:01:01 12:02:03 am 
Start HTTPS and DAP Scan ncrc.gov
2018:01:01 12:02:03 am 
Start Domain and SSL Scan for ncrc.gov
2018:01:01 12:02:04 am Executed Command ' dig ncrc.gov +short ' Successfully
2018:01:01 12:02:04 am Executed Command ' dig ncrc.gov +short ' Successfully
2018:01:01 12:02:15 am 
Start Mobile Scan for ncrc.gov
2018:01:01 12:02:16 am 
Start Site Speed Scan for ncrc.gov
2018:01:01 12:02:17 am Running Technology Scan for site ntrc.gov
2018:01:01 12:02:46 am 
Start HTTPS and DAP Scan ntrc.gov
2018:01:01 12:02:46 am 
Start Domain and SSL Scan for ntrc.gov
2018:01:01 12:02:48 am Executed Command ' dig ntrc.gov +short ' Successfully
2018:01:01 12:02:48 am Executed Command ' dig ntrc.gov +short ' Successfully
2018:01:01 12:03:00 am 
Start Mobile Scan for ntrc.gov
2018:01:01 12:03:01 am 
Start Site Speed Scan for ntrc.gov
2018:01:01 12:03:02 am Running Technology Scan for site obamalibrary.gov
2018:01:01 12:03:06 am 
Start HTTPS and DAP Scan obamalibrary.gov
2018:01:01 12:03:06 am 
Start Domain and SSL Scan for obamalibrary.gov
2018:01:01 12:03:14 am Executed Command ' dig obamalibrary.gov +short ' Successfully
2018:01:01 12:03:14 am Executed Command ' dig obamalibrary.gov +short ' Successfully
2018:01:01 12:03:19 am 
Start Mobile Scan for obamalibrary.gov
2018:01:01 12:04:22 am 
Start Site Speed Scan for obamalibrary.gov
2018:01:01 12:04:34 am Running Technology Scan for site obamawhitehouse.gov
2018:01:01 12:04:37 am 
Start HTTPS and DAP Scan obamawhitehouse.gov
2018:01:01 12:04:38 am 
Start Domain and SSL Scan for obamawhitehouse.gov
2018:01:01 12:04:45 am Executed Command ' dig obamawhitehouse.gov +short ' Successfully
2018:01:01 12:04:45 am Executed Command ' dig obamawhitehouse.gov +short ' Successfully
2018:01:01 12:04:51 am 
Start Mobile Scan for obamawhitehouse.gov
2018:01:01 12:05:03 am 
Start Site Speed Scan for obamawhitehouse.gov
2018:01:01 12:05:06 am Running Technology Scan for site orlando.gov
2018:01:01 12:05:10 am 
Start HTTPS and DAP Scan orlando.gov
2018:01:01 12:05:10 am 
Start Domain and SSL Scan for orlando.gov
2018:01:01 12:05:13 am Executed Command ' dig orlando.gov +short ' Successfully
2018:01:01 12:05:13 am Executed Command ' dig orlando.gov +short ' Successfully
2018:01:01 12:05:16 am 
Start Mobile Scan for orlando.gov
2018:01:01 12:05:21 am 
Start Site Speed Scan for orlando.gov
2018:01:01 12:05:23 am Running Technology Scan for site scidac.gov
2018:01:01 12:06:15 am 
Start HTTPS and DAP Scan scidac.gov
2018:01:01 12:06:16 am 
Start Domain and SSL Scan for scidac.gov
2018:01:01 12:06:21 am Executed Command ' dig scidac.gov +short ' Successfully
2018:01:01 12:06:21 am Executed Command ' dig scidac.gov +short ' Successfully
2018:01:01 12:06:42 am 
Start Mobile Scan for scidac.gov
2018:01:01 12:06:50 am 
Start Site Speed Scan for scidac.gov
2018:01:01 12:06:51 am Running Technology Scan for site scijinks.gov
2018:01:01 12:06:55 am 
Start HTTPS and DAP Scan scijinks.gov
2018:01:01 12:06:55 am 
Start Domain and SSL Scan for scijinks.gov
2018:01:01 12:07:07 am Executed Command ' dig scijinks.gov +short ' Successfully
2018:01:01 12:07:07 am Executed Command ' dig scijinks.gov +short ' Successfully
2018:01:01 12:07:10 am 
Start Mobile Scan for scijinks.gov
2018:01:01 12:07:28 am 
Start Site Speed Scan for scijinks.gov
2018:01:01 12:07:30 am Running Technology Scan for site smarterskies.gov
2018:01:01 12:07:34 am 
Start HTTPS and DAP Scan smarterskies.gov
2018:01:01 12:07:34 am 
Start Domain and SSL Scan for smarterskies.gov
2018:01:01 12:07:41 am Executed Command ' dig smarterskies.gov +short ' Successfully
2018:01:01 12:07:41 am Executed Command ' dig smarterskies.gov +short ' Successfully
2018:01:01 12:07:48 am 
Start Mobile Scan for smarterskies.gov
2018:01:01 12:08:22 am 
Start Site Speed Scan for smarterskies.gov
2018:01:01 12:08:25 am Running Technology Scan for site smokeybear.gov
2018:01:01 12:08:28 am 
Start HTTPS and DAP Scan smokeybear.gov
2018:01:01 12:08:28 am 
Start Domain and SSL Scan for smokeybear.gov
2018:01:01 12:08:34 am Executed Command ' dig smokeybear.gov +short ' Successfully
2018:01:01 12:08:34 am Executed Command ' dig smokeybear.gov +short ' Successfully
2018:01:01 12:08:39 am 
Start Mobile Scan for smokeybear.gov
2018:01:01 12:08:45 am 
Start Site Speed Scan for smokeybear.gov
2018:01:01 12:08:50 am Running Technology Scan for site sns.gov
2018:01:01 12:09:17 am 
Start HTTPS and DAP Scan sns.gov
2018:01:01 12:09:17 am 
Start Domain and SSL Scan for sns.gov
2018:01:01 12:09:23 am Executed Command ' dig sns.gov +short ' Successfully
2018:01:01 12:09:23 am Executed Command ' dig sns.gov +short ' Successfully
2018:01:01 12:09:44 am 
Start Mobile Scan for sns.gov
2018:01:01 12:10:45 am 
Start Site Speed Scan for sns.gov
2018:01:01 12:11:15 am Running Technology Scan for site trainingproviderresults.gov
2018:01:01 12:11:18 am 
Start HTTPS and DAP Scan trainingproviderresults.gov
2018:01:01 12:11:19 am 
Start Domain and SSL Scan for trainingproviderresults.gov
2018:01:01 12:11:25 am Executed Command ' dig trainingproviderresults.gov +short ' Successfully
2018:01:01 12:11:25 am Executed Command ' dig trainingproviderresults.gov +short ' Successfully
2018:01:01 12:11:46 am 
Start Mobile Scan for trainingproviderresults.gov
2018:01:01 12:12:11 am 
Start Site Speed Scan for trainingproviderresults.gov
2018:01:01 12:12:23 am Running Technology Scan for site consumerfinancialbureau.gov
2018:01:01 12:12:27 am 
Start HTTPS and DAP Scan consumerfinancialbureau.gov
2018:01:01 12:12:27 am 
Start Domain and SSL Scan for consumerfinancialbureau.gov
2018:01:01 12:12:32 am Executed Command ' dig consumerfinancialbureau.gov +short ' Successfully
2018:01:01 12:12:32 am Executed Command ' dig consumerfinancialbureau.gov +short ' Successfully
2018:01:01 12:12:36 am 
Start Mobile Scan for consumerfinancialbureau.gov
2018:01:01 12:13:32 am 
Start Site Speed Scan for consumerfinancialbureau.gov
2018:01:01 12:13:35 am Running Technology Scan for site digital.gov
2018:01:01 12:13:39 am 
Start HTTPS and DAP Scan digital.gov
2018:01:01 12:13:39 am 
Start Domain and SSL Scan for digital.gov
2018:01:01 12:13:44 am Executed Command ' dig digital.gov +short ' Successfully
2018:01:01 12:13:44 am Executed Command ' dig digital.gov +short ' Successfully
2018:01:01 12:13:46 am 
Start Mobile Scan for digital.gov
2018:01:01 12:13:52 am 
Start Site Speed Scan for digital.gov
2018:01:01 12:13:56 am Running Technology Scan for site peacecore.gov
2018:01:01 12:14:02 am 
Start HTTPS and DAP Scan peacecore.gov
2018:01:01 12:14:02 am 
Start Domain and SSL Scan for peacecore.gov
2018:01:01 12:14:10 am Executed Command ' dig peacecore.gov +short ' Successfully
2018:01:01 12:14:10 am Executed Command ' dig peacecore.gov +short ' Successfully
2018:01:01 12:14:17 am 
Start Mobile Scan for peacecore.gov
2018:01:01 12:14:50 am 
Start Site Speed Scan for peacecore.gov
2018:01:01 12:14:58 am Running Technology Scan for site peacecorp.gov
2018:01:01 12:15:03 am 
Start HTTPS and DAP Scan peacecorp.gov
2018:01:01 12:15:03 am 
Start Domain and SSL Scan for peacecorp.gov
2018:01:01 12:15:11 am Executed Command ' dig peacecorp.gov +short ' Successfully
2018:01:01 12:15:11 am Executed Command ' dig peacecorp.gov +short ' Successfully
2018:01:01 12:15:15 am 
Start Mobile Scan for peacecorp.gov
2018:01:01 12:15:48 am 
Start Site Speed Scan for peacecorp.gov
2018:01:01 12:15:56 am Running Technology Scan for site notalone.gov
2018:01:01 12:16:00 am 
Start HTTPS and DAP Scan notalone.gov
2018:01:01 12:16:00 am 
Start Domain and SSL Scan for notalone.gov
2018:01:01 12:16:04 am Executed Command ' dig notalone.gov +short ' Successfully
2018:01:01 12:16:04 am Executed Command ' dig notalone.gov +short ' Successfully
2018:01:01 12:16:08 am 
Start Mobile Scan for notalone.gov
2018:01:01 12:16:28 am 
Start Site Speed Scan for notalone.gov
2018:01:01 12:16:31 am Running Technology Scan for site aftac.gov
2018:01:01 12:16:35 am 
Start HTTPS and DAP Scan aftac.gov
2018:01:01 12:16:35 am 
Start Domain and SSL Scan for aftac.gov
2018:01:01 12:16:35 am Executed Command ' dig aftac.gov +short ' Successfully
2018:01:01 12:16:36 am Executed Command ' dig aftac.gov +short ' Successfully
2018:01:01 12:16:40 am 
Start Mobile Scan for aftac.gov
2018:01:01 12:16:42 am 
Start Site Speed Scan for aftac.gov
2018:01:01 12:16:43 am Running Technology Scan for site ag.gov
2018:01:01 12:16:48 am 
Start HTTPS and DAP Scan ag.gov
2018:01:01 12:16:48 am 
Start Domain and SSL Scan for ag.gov
2018:01:01 12:16:54 am Executed Command ' dig ag.gov +short ' Successfully
2018:01:01 12:16:54 am Executed Command ' dig ag.gov +short ' Successfully
2018:01:01 12:17:15 am 
Start Mobile Scan for ag.gov
2018:01:01 12:18:15 am 
Start Site Speed Scan for ag.gov
2018:01:01 12:18:35 am Running Technology Scan for site arsusda.gov
2018:01:01 12:18:57 am 
Start HTTPS and DAP Scan arsusda.gov
2018:01:01 12:18:57 am 
Start Domain and SSL Scan for arsusda.gov
2018:01:01 12:18:57 am Executed Command ' dig arsusda.gov +short ' Successfully
2018:01:01 12:18:58 am Executed Command ' dig arsusda.gov +short ' Successfully
2018:01:01 12:19:00 am 
Start Mobile Scan for arsusda.gov
2018:01:01 12:19:01 am 
Start Site Speed Scan for arsusda.gov
2018:01:01 12:19:02 am Running Technology Scan for site bjs.gov
2018:01:01 12:19:05 am 
Start HTTPS and DAP Scan bjs.gov
2018:01:01 12:19:06 am 
Start Domain and SSL Scan for bjs.gov
2018:01:01 12:19:09 am Executed Command ' dig bjs.gov +short ' Successfully
2018:01:01 12:19:09 am Executed Command ' dig bjs.gov +short ' Successfully
2018:01:01 12:19:12 am 
Start Mobile Scan for bjs.gov
2018:01:01 12:19:31 am 
Start Site Speed Scan for bjs.gov
2018:01:01 12:19:34 am Running Technology Scan for site cerebrosano.gov
2018:01:01 12:20:22 am 
Start HTTPS and DAP Scan cerebrosano.gov
2018:01:01 12:20:22 am 
Start Domain and SSL Scan for cerebrosano.gov
2018:01:01 12:20:29 am Executed Command ' dig cerebrosano.gov +short ' Successfully
2018:01:01 12:20:30 am Executed Command ' dig cerebrosano.gov +short ' Successfully
2018:01:01 12:20:40 am 
Start Mobile Scan for cerebrosano.gov
2018:01:01 12:21:36 am 
Start Site Speed Scan for cerebrosano.gov
2018:01:01 12:21:42 am Running Technology Scan for site cigie.gov
2018:01:01 12:22:16 am 
Start HTTPS and DAP Scan cigie.gov
2018:01:01 12:22:16 am 
Start Domain and SSL Scan for cigie.gov
2018:01:01 12:22:18 am Executed Command ' dig cigie.gov +short ' Successfully
2018:01:01 12:22:18 am Executed Command ' dig cigie.gov +short ' Successfully
2018:01:01 12:22:29 am 
Start Mobile Scan for cigie.gov
2018:01:01 12:22:31 am 
Start Site Speed Scan for cigie.gov
2018:01:01 12:22:31 am Running Technology Scan for site clinicaltrial.gov
2018:01:01 12:22:35 am 
Start HTTPS and DAP Scan clinicaltrial.gov
2018:01:01 12:22:35 am 
Start Domain and SSL Scan for clinicaltrial.gov
2018:01:01 12:22:36 am Executed Command ' dig clinicaltrial.gov +short ' Successfully
2018:01:01 12:22:37 am Executed Command ' dig clinicaltrial.gov +short ' Successfully
2018:01:01 12:22:47 am 
Start Mobile Scan for clinicaltrial.gov
2018:01:01 12:22:48 am 
Start Site Speed Scan for clinicaltrial.gov
2018:01:01 12:22:49 am Running Technology Scan for site consumersentinel.gov
2018:01:01 12:22:52 am 
Start HTTPS and DAP Scan consumersentinel.gov
2018:01:01 12:22:53 am 
Start Domain and SSL Scan for consumersentinel.gov
2018:01:01 12:22:57 am Executed Command ' dig consumersentinel.gov +short ' Successfully
2018:01:01 12:22:57 am Executed Command ' dig consumersentinel.gov +short ' Successfully
2018:01:01 12:23:04 am 
Start Mobile Scan for consumersentinel.gov
2018:01:01 12:23:05 am 
Start Site Speed Scan for consumersentinel.gov
2018:01:01 12:23:06 am Running Technology Scan for site digitaldashboard.gov
2018:01:01 12:23:09 am 
Start HTTPS and DAP Scan digitaldashboard.gov
2018:01:01 12:23:09 am 
Start Domain and SSL Scan for digitaldashboard.gov
2018:01:01 12:23:16 am Executed Command ' dig digitaldashboard.gov +short ' Successfully
2018:01:01 12:23:16 am Executed Command ' dig digitaldashboard.gov +short ' Successfully
2018:01:01 12:23:19 am 
Start Mobile Scan for digitaldashboard.gov
2018:01:01 12:23:28 am 
Start Site Speed Scan for digitaldashboard.gov
2018:01:01 12:23:32 am Running Technology Scan for site doeal.gov
2018:01:01 12:24:11 am 
Start HTTPS and DAP Scan doeal.gov
2018:01:01 12:24:11 am 
Start Domain and SSL Scan for doeal.gov
2018:01:01 12:24:18 am Executed Command ' dig doeal.gov +short ' Successfully
2018:01:01 12:24:18 am Executed Command ' dig doeal.gov +short ' Successfully
2018:01:01 12:24:30 am 
Start Mobile Scan for doeal.gov
2018:01:01 12:25:31 am 
Start Site Speed Scan for doeal.gov
2018:01:01 12:25:51 am Running Technology Scan for site dol-esa.gov
2018:01:01 12:25:54 am 
Start HTTPS and DAP Scan dol-esa.gov
2018:01:01 12:25:54 am 
Start Domain and SSL Scan for dol-esa.gov
2018:01:01 12:25:56 am Executed Command ' dig dol-esa.gov +short ' Successfully
2018:01:01 12:25:56 am Executed Command ' dig dol-esa.gov +short ' Successfully
2018:01:01 12:26:01 am 
Start Mobile Scan for dol-esa.gov
2018:01:01 12:26:06 am 
Start Site Speed Scan for dol-esa.gov
2018:01:01 12:26:06 am Running Technology Scan for site drugfreeworkplace.gov
2018:01:01 12:26:10 am 
Start HTTPS and DAP Scan drugfreeworkplace.gov
2018:01:01 12:26:10 am 
Start Domain and SSL Scan for drugfreeworkplace.gov
2018:01:01 12:26:15 am Executed Command ' dig drugfreeworkplace.gov +short ' Successfully
2018:01:01 12:26:15 am Executed Command ' dig drugfreeworkplace.gov +short ' Successfully
2018:01:01 12:26:28 am 
Start Mobile Scan for drugfreeworkplace.gov
2018:01:01 12:26:34 am 
Start Site Speed Scan for drugfreeworkplace.gov
2018:01:01 12:26:37 am Running Technology Scan for site employer.gov
2018:01:01 12:26:41 am 
Start HTTPS and DAP Scan employer.gov
2018:01:01 12:26:41 am 
Start Domain and SSL Scan for employer.gov
2018:01:01 12:26:46 am Executed Command ' dig employer.gov +short ' Successfully
2018:01:01 12:26:46 am Executed Command ' dig employer.gov +short ' Successfully
2018:01:01 12:26:58 am 
Start Mobile Scan for employer.gov
2018:01:01 12:27:08 am 
Start Site Speed Scan for employer.gov
2018:01:01 12:27:09 am Running Technology Scan for site fpki-lab.gov
2018:01:01 12:27:35 am 
Start HTTPS and DAP Scan fpki-lab.gov
2018:01:01 12:27:35 am 
Start Domain and SSL Scan for fpki-lab.gov
2018:01:01 12:27:37 am Executed Command ' dig fpki-lab.gov +short ' Successfully
2018:01:01 12:27:37 am Executed Command ' dig fpki-lab.gov +short ' Successfully
2018:01:01 12:27:41 am 
Start Mobile Scan for fpki-lab.gov
2018:01:01 12:27:42 am 
Start Site Speed Scan for fpki-lab.gov
2018:01:01 12:27:42 am Running Technology Scan for site fpki.gov
2018:01:01 12:28:03 am 
Start HTTPS and DAP Scan fpki.gov
2018:01:01 12:28:04 am 
Start Domain and SSL Scan for fpki.gov
2018:01:01 12:28:05 am Executed Command ' dig fpki.gov +short ' Successfully
2018:01:01 12:28:06 am Executed Command ' dig fpki.gov +short ' Successfully
2018:01:01 12:28:09 am 
Start Mobile Scan for fpki.gov
2018:01:01 12:28:10 am 
Start Site Speed Scan for fpki.gov
2018:01:01 12:28:11 am Running Technology Scan for site frb.gov
2018:01:01 12:28:15 am 
Start HTTPS and DAP Scan frb.gov
2018:01:01 12:28:15 am 
Start Domain and SSL Scan for frb.gov
2018:01:01 12:28:20 am Executed Command ' dig frb.gov +short ' Successfully
2018:01:01 12:28:20 am Executed Command ' dig frb.gov +short ' Successfully
2018:01:01 12:28:41 am 
Start Mobile Scan for frb.gov
2018:01:01 12:29:42 am 
Start Site Speed Scan for frb.gov
2018:01:01 12:30:12 am Running Technology Scan for site heritageabroad.gov
2018:01:01 12:30:15 am 
Start HTTPS and DAP Scan heritageabroad.gov
2018:01:01 12:30:16 am 
Start Domain and SSL Scan for heritageabroad.gov
2018:01:01 12:30:23 am Executed Command ' dig heritageabroad.gov +short ' Successfully
2018:01:01 12:30:23 am Executed Command ' dig heritageabroad.gov +short ' Successfully
2018:01:01 12:30:36 am 
Start Mobile Scan for heritageabroad.gov
2018:01:01 12:31:11 am 
Start Site Speed Scan for heritageabroad.gov
2018:01:01 12:31:17 am Running Technology Scan for site hirevets.gov
2018:01:01 12:31:21 am 
Start HTTPS and DAP Scan hirevets.gov
2018:01:01 12:31:22 am 
Start Domain and SSL Scan for hirevets.gov
2018:01:01 12:31:28 am Executed Command ' dig hirevets.gov +short ' Successfully
2018:01:01 12:31:28 am Executed Command ' dig hirevets.gov +short ' Successfully
2018:01:01 12:31:37 am 
Start Mobile Scan for hirevets.gov
2018:01:01 12:31:41 am 
Start Site Speed Scan for hirevets.gov
2018:01:01 12:31:44 am Running Technology Scan for site identitysandbox.gov
2018:01:01 12:31:47 am 
Start HTTPS and DAP Scan identitysandbox.gov
2018:01:01 12:31:48 am 
Start Domain and SSL Scan for identitysandbox.gov
2018:01:01 12:31:48 am Executed Command ' dig identitysandbox.gov +short ' Successfully
2018:01:01 12:31:48 am Executed Command ' dig identitysandbox.gov +short ' Successfully
2018:01:01 12:31:51 am 
Start Mobile Scan for identitysandbox.gov
2018:01:01 12:31:52 am 
Start Site Speed Scan for identitysandbox.gov
2018:01:01 12:31:52 am Running Technology Scan for site innovation.gov
2018:01:01 12:31:57 am 
Start HTTPS and DAP Scan innovation.gov
2018:01:01 12:31:57 am 
Start Domain and SSL Scan for innovation.gov
2018:01:01 12:32:04 am Executed Command ' dig innovation.gov +short ' Successfully
2018:01:01 12:32:04 am Executed Command ' dig innovation.gov +short ' Successfully
2018:01:01 12:32:07 am 
Start Mobile Scan for innovation.gov
2018:01:01 12:32:15 am 
Start Site Speed Scan for innovation.gov
2018:01:01 12:32:17 am Running Technology Scan for site itc.gov
2018:01:01 12:32:20 am 
Start HTTPS and DAP Scan itc.gov
2018:01:01 12:32:20 am 
Start Domain and SSL Scan for itc.gov
2018:01:01 12:32:22 am Executed Command ' dig itc.gov +short ' Successfully
2018:01:01 12:32:22 am Executed Command ' dig itc.gov +short ' Successfully
2018:01:01 12:32:23 am 
Start Mobile Scan for itc.gov
2018:01:01 12:32:24 am 
Start Site Speed Scan for itc.gov
2018:01:01 12:32:25 am Running Technology Scan for site jccbi.gov
2018:01:01 12:32:47 am 
Start HTTPS and DAP Scan jccbi.gov
2018:01:01 12:32:47 am 
Start Domain and SSL Scan for jccbi.gov
2018:01:01 12:32:49 am Executed Command ' dig jccbi.gov +short ' Successfully
2018:01:01 12:32:49 am Executed Command ' dig jccbi.gov +short ' Successfully
2018:01:01 12:32:52 am 
Start Mobile Scan for jccbi.gov
2018:01:01 12:32:53 am 
Start Site Speed Scan for jccbi.gov
2018:01:01 12:32:55 am Running Technology Scan for site jusfc.gov
2018:01:01 12:32:58 am 
Start HTTPS and DAP Scan jusfc.gov
2018:01:01 12:32:58 am 
Start Domain and SSL Scan for jusfc.gov
2018:01:01 12:38:10 am Executed Command ' dig jusfc.gov +short ' Successfully
2018:01:01 12:38:10 am Executed Command ' dig jusfc.gov +short ' Successfully
2018:01:01 12:38:15 am 
Start Mobile Scan for jusfc.gov
2018:01:01 12:38:43 am 
Start Site Speed Scan for jusfc.gov
2018:01:01 12:38:46 am Running Technology Scan for site mcctest.gov
2018:01:01 12:38:50 am 
Start HTTPS and DAP Scan mcctest.gov
2018:01:01 12:38:50 am 
Start Domain and SSL Scan for mcctest.gov
2018:01:01 12:38:55 am Executed Command ' dig mcctest.gov +short ' Successfully
2018:01:01 12:38:55 am Executed Command ' dig mcctest.gov +short ' Successfully
2018:01:01 12:38:58 am 
Start Mobile Scan for mcctest.gov
2018:01:01 12:39:26 am 
Start Site Speed Scan for mcctest.gov
2018:01:01 12:39:29 am Running Technology Scan for site medline.gov
2018:01:01 12:39:32 am 
Start HTTPS and DAP Scan medline.gov
2018:01:01 12:39:32 am 
Start Domain and SSL Scan for medline.gov
2018:01:01 12:39:34 am Executed Command ' dig medline.gov +short ' Successfully
2018:01:01 12:39:34 am Executed Command ' dig medline.gov +short ' Successfully
2018:01:01 12:39:43 am 
Start Mobile Scan for medline.gov
2018:01:01 12:39:44 am 
Start Site Speed Scan for medline.gov
2018:01:01 12:39:45 am Running Technology Scan for site mms.gov
2018:01:01 12:39:49 am 
Start HTTPS and DAP Scan mms.gov
2018:01:01 12:39:49 am 
Start Domain and SSL Scan for mms.gov
2018:01:01 12:39:50 am Executed Command ' dig mms.gov +short ' Successfully
2018:01:01 12:39:50 am Executed Command ' dig mms.gov +short ' Successfully
2018:01:01 12:39:52 am 
Start Mobile Scan for mms.gov
2018:01:01 12:39:54 am 
Start Site Speed Scan for mms.gov
2018:01:01 12:39:54 am Running Technology Scan for site mtmc.gov
2018:01:01 12:39:58 am 
Start HTTPS and DAP Scan mtmc.gov
2018:01:01 12:39:58 am 
Start Domain and SSL Scan for mtmc.gov
2018:01:01 12:40:00 am Executed Command ' dig mtmc.gov +short ' Successfully
2018:01:01 12:40:00 am Executed Command ' dig mtmc.gov +short ' Successfully
2018:01:01 12:40:03 am 
Start Mobile Scan for mtmc.gov
2018:01:01 12:40:05 am 
Start Site Speed Scan for mtmc.gov
2018:01:01 12:40:06 am Running Technology Scan for site nationalchildrensstudy.gov
2018:01:01 12:40:52 am 
Start HTTPS and DAP Scan nationalchildrensstudy.gov
2018:01:01 12:40:52 am 
Start Domain and SSL Scan for nationalchildrensstudy.gov
2018:01:01 12:40:58 am Executed Command ' dig nationalchildrensstudy.gov +short ' Successfully
2018:01:01 12:40:58 am Executed Command ' dig nationalchildrensstudy.gov +short ' Successfully
2018:01:01 12:41:19 am 
Start Mobile Scan for nationalchildrensstudy.gov
2018:01:01 12:42:20 am 
Start Site Speed Scan for nationalchildrensstudy.gov
2018:01:01 12:42:40 am Running Technology Scan for site networx.gov
2018:01:01 12:42:45 am 
Start HTTPS and DAP Scan networx.gov
2018:01:01 12:42:45 am 
Start Domain and SSL Scan for networx.gov
2018:01:01 12:42:50 am Executed Command ' dig networx.gov +short ' Successfully
2018:01:01 12:42:51 am Executed Command ' dig networx.gov +short ' Successfully
2018:01:01 12:43:11 am 
Start Mobile Scan for networx.gov
2018:01:01 12:44:12 am 
Start Site Speed Scan for networx.gov
2018:01:01 12:44:32 am Running Technology Scan for site nij.gov
2018:01:01 12:44:36 am 
Start HTTPS and DAP Scan nij.gov
2018:01:01 12:44:36 am 
Start Domain and SSL Scan for nij.gov
2018:01:01 12:45:00 am Executed Command ' dig nij.gov +short ' Successfully
2018:01:01 12:45:00 am Executed Command ' dig nij.gov +short ' Successfully
2018:01:01 12:45:21 am 
Start Mobile Scan for nij.gov
2018:01:01 12:46:21 am 
Start Site Speed Scan for nij.gov
2018:01:01 12:46:51 am Running Technology Scan for site nrc-gateway.gov
2018:01:01 12:46:56 am 
Start HTTPS and DAP Scan nrc-gateway.gov
2018:01:01 12:46:56 am 
Start Domain and SSL Scan for nrc-gateway.gov
2018:01:01 12:46:57 am Executed Command ' dig nrc-gateway.gov +short ' Successfully
2018:01:01 12:46:57 am Executed Command ' dig nrc-gateway.gov +short ' Successfully
2018:01:01 12:46:58 am 
Start Mobile Scan for nrc-gateway.gov
2018:01:01 12:47:01 am 
Start Site Speed Scan for nrc-gateway.gov
2018:01:01 12:47:01 am Running Technology Scan for site nrelhub.gov
2018:01:01 12:47:29 am 
Start HTTPS and DAP Scan nrelhub.gov
2018:01:01 12:47:29 am 
Start Domain and SSL Scan for nrelhub.gov
2018:01:01 12:47:31 am Executed Command ' dig nrelhub.gov +short ' Successfully
2018:01:01 12:47:31 am Executed Command ' dig nrelhub.gov +short ' Successfully
2018:01:01 12:47:34 am 
Start Mobile Scan for nrelhub.gov
2018:01:01 12:47:36 am 
Start Site Speed Scan for nrelhub.gov
2018:01:01 12:47:37 am Running Technology Scan for site ojp.gov
2018:01:01 12:48:16 am 
Start HTTPS and DAP Scan ojp.gov
2018:01:01 12:48:16 am 
Start Domain and SSL Scan for ojp.gov
2018:01:01 12:48:21 am Executed Command ' dig ojp.gov +short ' Successfully
2018:01:01 12:48:21 am Executed Command ' dig ojp.gov +short ' Successfully
2018:01:01 12:48:24 am 
Start Mobile Scan for ojp.gov
2018:01:01 12:49:01 am 
Start Site Speed Scan for ojp.gov
2018:01:01 12:49:08 am Running Technology Scan for site osis.gov
2018:01:01 12:49:13 am 
Start HTTPS and DAP Scan osis.gov
2018:01:01 12:49:13 am 
Start Domain and SSL Scan for osis.gov
2018:01:01 12:49:13 am Executed Command ' dig osis.gov +short ' Successfully
2018:01:01 12:49:13 am Executed Command ' dig osis.gov +short ' Successfully
2018:01:01 12:49:16 am 
Start Mobile Scan for osis.gov
2018:01:01 12:49:17 am 
Start Site Speed Scan for osis.gov
2018:01:01 12:49:17 am Running Technology Scan for site pci.gov
2018:01:01 12:49:22 am 
Start HTTPS and DAP Scan pci.gov
2018:01:01 12:49:22 am 
Start Domain and SSL Scan for pci.gov
2018:01:01 12:49:24 am Executed Command ' dig pci.gov +short ' Successfully
2018:01:01 12:49:24 am Executed Command ' dig pci.gov +short ' Successfully
2018:01:01 12:49:27 am 
Start Mobile Scan for pci.gov
2018:01:01 12:49:31 am 
Start Site Speed Scan for pci.gov
2018:01:01 12:49:31 am Running Technology Scan for site pitc.gov
2018:01:01 12:49:36 am 
Start HTTPS and DAP Scan pitc.gov
2018:01:01 12:49:36 am 
Start Domain and SSL Scan for pitc.gov
2018:01:01 12:49:38 am Executed Command ' dig pitc.gov +short ' Successfully
2018:01:01 12:49:38 am Executed Command ' dig pitc.gov +short ' Successfully
2018:01:01 12:49:41 am 
Start Mobile Scan for pitc.gov
2018:01:01 12:49:42 am 
Start Site Speed Scan for pitc.gov
2018:01:01 12:49:43 am Running Technology Scan for site presidiotrust.gov
2018:01:01 12:49:47 am 
Start HTTPS and DAP Scan presidiotrust.gov
2018:01:01 12:49:47 am 
Start Domain and SSL Scan for presidiotrust.gov
2018:01:01 12:49:54 am Executed Command ' dig presidiotrust.gov +short ' Successfully
2018:01:01 12:49:54 am Executed Command ' dig presidiotrust.gov +short ' Successfully
2018:01:01 12:50:14 am 
Start Mobile Scan for presidiotrust.gov
2018:01:01 12:51:15 am 
Start Site Speed Scan for presidiotrust.gov
2018:01:01 12:51:35 am Running Technology Scan for site ptt.gov
2018:01:01 12:51:40 am 
Start HTTPS and DAP Scan ptt.gov
2018:01:01 12:51:40 am 
Start Domain and SSL Scan for ptt.gov
2018:01:01 12:51:45 am Executed Command ' dig ptt.gov +short ' Successfully
2018:01:01 12:51:45 am Executed Command ' dig ptt.gov +short ' Successfully
2018:01:01 12:52:07 am 
Start Mobile Scan for ptt.gov
2018:01:01 12:53:07 am 
Start Site Speed Scan for ptt.gov
2018:01:01 12:53:38 am Running Technology Scan for site reporting.gov
2018:01:01 12:53:42 am 
Start HTTPS and DAP Scan reporting.gov
2018:01:01 12:53:42 am 
Start Domain and SSL Scan for reporting.gov
2018:01:01 12:53:50 am Executed Command ' dig reporting.gov +short ' Successfully
2018:01:01 12:53:50 am Executed Command ' dig reporting.gov +short ' Successfully
2018:01:01 12:53:53 am 
Start Mobile Scan for reporting.gov
2018:01:01 12:54:00 am 
Start Site Speed Scan for reporting.gov
2018:01:01 12:54:05 am Running Technology Scan for site rl.gov
2018:01:01 12:54:08 am 
Start HTTPS and DAP Scan rl.gov
2018:01:01 12:54:09 am 
Start Domain and SSL Scan for rl.gov
2018:01:01 12:54:09 am Executed Command ' dig rl.gov +short ' Successfully
2018:01:01 12:54:10 am Executed Command ' dig rl.gov +short ' Successfully
2018:01:01 12:54:13 am 
Start Mobile Scan for rl.gov
2018:01:01 12:54:14 am 
Start Site Speed Scan for rl.gov
2018:01:01 12:54:15 am Running Technology Scan for site safecar.gov
2018:01:01 12:54:18 am 
Start HTTPS and DAP Scan safecar.gov
2018:01:01 12:54:18 am 
Start Domain and SSL Scan for safecar.gov
2018:01:01 12:54:24 am Executed Command ' dig safecar.gov +short ' Successfully
2018:01:01 12:54:24 am Executed Command ' dig safecar.gov +short ' Successfully
2018:01:01 12:54:37 am 
Start Mobile Scan for safecar.gov
2018:01:01 12:55:05 am 
Start Site Speed Scan for safecar.gov
2018:01:01 12:55:09 am Running Technology Scan for site sandbox.gov
2018:01:01 12:55:12 am 
Start HTTPS and DAP Scan sandbox.gov
2018:01:01 12:55:12 am 
Start Domain and SSL Scan for sandbox.gov
2018:01:01 12:55:14 am Executed Command ' dig sandbox.gov +short ' Successfully
2018:01:01 12:55:14 am Executed Command ' dig sandbox.gov +short ' Successfully
2018:01:01 12:55:17 am 
Start Mobile Scan for sandbox.gov
2018:01:01 12:55:18 am 
Start Site Speed Scan for sandbox.gov
2018:01:01 12:55:18 am Running Technology Scan for site search.gov
2018:01:01 12:55:23 am 
Start HTTPS and DAP Scan search.gov
2018:01:01 12:55:23 am 
Start Domain and SSL Scan for search.gov
2018:01:01 12:55:26 am Executed Command ' dig search.gov +short ' Successfully
2018:01:01 12:55:26 am Executed Command ' dig search.gov +short ' Successfully
2018:01:01 12:55:28 am 
Start Mobile Scan for search.gov
2018:01:01 12:55:30 am 
Start Site Speed Scan for search.gov
2018:01:01 12:55:35 am Running Technology Scan for site smart.gov
2018:01:01 12:55:38 am 
Start HTTPS and DAP Scan smart.gov
2018:01:01 12:55:39 am 
Start Domain and SSL Scan for smart.gov
2018:01:01 12:55:42 am Executed Command ' dig smart.gov +short ' Successfully
2018:01:01 12:55:42 am Executed Command ' dig smart.gov +short ' Successfully
2018:01:01 12:55:46 am 
Start Mobile Scan for smart.gov
2018:01:01 12:55:54 am 
Start Site Speed Scan for smart.gov
2018:01:01 12:55:56 am Running Technology Scan for site sworm.gov
2018:01:01 12:56:42 am 
Start HTTPS and DAP Scan sworm.gov
2018:01:01 12:56:42 am 
Start Domain and SSL Scan for sworm.gov
2018:01:01 12:56:47 am Executed Command ' dig sworm.gov +short ' Successfully
2018:01:01 12:56:47 am Executed Command ' dig sworm.gov +short ' Successfully
2018:01:01 12:56:58 am 
Start Mobile Scan for sworm.gov
2018:01:01 12:57:05 am 
Start Site Speed Scan for sworm.gov
2018:01:01 12:57:07 am Running Technology Scan for site treasuryauction.gov
2018:01:01 12:57:12 am 
Start HTTPS and DAP Scan treasuryauction.gov
2018:01:01 12:57:12 am 
Start Domain and SSL Scan for treasuryauction.gov
2018:01:01 12:57:13 am Executed Command ' dig treasuryauction.gov +short ' Successfully
2018:01:01 12:57:13 am Executed Command ' dig treasuryauction.gov +short ' Successfully
2018:01:01 12:57:33 am 
Start Mobile Scan for treasuryauction.gov
2018:01:01 12:57:34 am 
Start Site Speed Scan for treasuryauction.gov
2018:01:01 12:57:35 am Running Technology Scan for site twai.gov
2018:01:01 12:58:14 am 
Start HTTPS and DAP Scan twai.gov
2018:01:01 12:58:14 am 
Start Domain and SSL Scan for twai.gov
2018:01:01 12:58:21 am Executed Command ' dig twai.gov +short ' Successfully
2018:01:01 12:58:21 am Executed Command ' dig twai.gov +short ' Successfully
2018:01:01 12:58:42 am 
Start Mobile Scan for twai.gov
2018:01:01 12:59:42 am 
Start Site Speed Scan for twai.gov
2018:01:01 01:00:13 am Running Technology Scan for site ucia.gov
2018:01:01 01:00:16 am 
Start HTTPS and DAP Scan ucia.gov
2018:01:01 01:00:17 am 
Start Domain and SSL Scan for ucia.gov
2018:01:01 01:00:18 am Executed Command ' dig ucia.gov +short ' Successfully
2018:01:01 01:00:18 am Executed Command ' dig ucia.gov +short ' Successfully
2018:01:01 01:00:22 am 
Start Mobile Scan for ucia.gov
2018:01:01 01:00:28 am 
Start Site Speed Scan for ucia.gov
2018:01:01 01:00:29 am Running Technology Scan for site ugov.gov
2018:01:01 01:00:36 am 
Start HTTPS and DAP Scan ugov.gov
2018:01:01 01:00:36 am 
Start Domain and SSL Scan for ugov.gov
2018:01:01 01:00:37 am Executed Command ' dig ugov.gov +short ' Successfully
2018:01:01 01:00:37 am Executed Command ' dig ugov.gov +short ' Successfully
2018:01:01 01:00:40 am 
Start Mobile Scan for ugov.gov
2018:01:01 01:00:42 am 
Start Site Speed Scan for ugov.gov
2018:01:01 01:00:43 am Running Technology Scan for site uscg.gov
2018:01:01 01:01:08 am 
Start HTTPS and DAP Scan uscg.gov
2018:01:01 01:01:08 am 
Start Domain and SSL Scan for uscg.gov
2018:01:01 01:01:09 am Executed Command ' dig uscg.gov +short ' Successfully
2018:01:01 01:01:09 am Executed Command ' dig uscg.gov +short ' Successfully
2018:01:01 01:01:13 am 
Start Mobile Scan for uscg.gov
2018:01:01 01:01:14 am 
Start Site Speed Scan for uscg.gov
2018:01:01 01:01:15 am Running Technology Scan for site usss.gov
2018:01:01 01:01:19 am 
Start HTTPS and DAP Scan usss.gov
2018:01:01 01:01:20 am 
Start Domain and SSL Scan for usss.gov
2018:01:01 01:01:20 am Executed Command ' dig usss.gov +short ' Successfully
2018:01:01 01:01:20 am Executed Command ' dig usss.gov +short ' Successfully
2018:01:01 01:01:23 am 
Start Mobile Scan for usss.gov
2018:01:01 01:01:24 am 
Start Site Speed Scan for usss.gov
2018:01:01 01:01:25 am Running Technology Scan for site whaging.gov
2018:01:01 01:01:28 am 
Start HTTPS and DAP Scan whaging.gov
2018:01:01 01:01:28 am 
Start Domain and SSL Scan for whaging.gov
2018:01:01 01:01:34 am Executed Command ' dig whaging.gov +short ' Successfully
2018:01:01 01:01:34 am Executed Command ' dig whaging.gov +short ' Successfully
2018:01:01 01:01:55 am 
Start Mobile Scan for whaging.gov
2018:01:01 01:02:55 am 
Start Site Speed Scan for whaging.gov
2018:01:01 01:03:25 am Running Technology Scan for site ncr.gov
2018:01:01 01:03:29 am 
Start HTTPS and DAP Scan ncr.gov
2018:01:01 01:03:29 am 
Start Domain and SSL Scan for ncr.gov
2018:01:01 01:03:30 am Executed Command ' dig ncr.gov +short ' Successfully
2018:01:01 01:03:30 am Executed Command ' dig ncr.gov +short ' Successfully
2018:01:01 01:03:36 am 
Start Mobile Scan for ncr.gov
2018:01:01 01:03:42 am 
Start Site Speed Scan for ncr.gov
