2017:11:05 11:03:21 pm Starting Scan
2017:11:05 11:03:21 pm Collecting HTTPS and DAP data from Pulse
2017:11:05 11:03:21 pm Running Technology Scan for site consumerfinance.gov
2017:11:05 11:04:26 pm Starting Scan
2017:11:05 11:04:26 pm Collecting HTTPS and DAP data from Pulse
2017:11:05 11:04:26 pm Running Technology Scan for site 18f.gov
2017:11:05 11:04:32 pm Running Technology Scan for site 9-11commission.gov
2017:11:05 11:04:36 pm Running Technology Scan for site 911.gov
2017:11:05 11:04:42 pm Running Technology Scan for site 911commission.gov
2017:11:05 11:04:46 pm Running Technology Scan for site aapi.gov
2017:11:05 11:05:42 pm Running Technology Scan for site abandonedmines.gov
2017:11:05 11:06:07 pm Running Technology Scan for site abilityone.gov
2017:11:05 11:08:18 pm Running Technology Scan for site abmc.gov
2017:11:05 11:08:27 pm Running Technology Scan for site access-board.gov
2017:11:05 11:08:31 pm Running Technology Scan for site acf.gov
2017:11:05 11:08:35 pm Running Technology Scan for site achp.gov
2017:11:05 11:10:45 pm Running Technology Scan for site acl.gov
2017:11:05 11:10:51 pm Running Technology Scan for site acquisition.gov
2017:11:05 11:10:58 pm Running Technology Scan for site acus.gov
2017:11:05 11:11:04 pm Running Technology Scan for site acwi.gov
2017:11:05 11:11:12 pm Running Technology Scan for site ada.gov
2017:11:05 11:11:17 pm Running Technology Scan for site adf.gov
2017:11:05 11:11:22 pm Running Technology Scan for site adlnet.gov
2017:11:05 11:11:27 pm Running Technology Scan for site admongo.gov
2017:11:05 11:11:33 pm Running Technology Scan for site adr.gov
2017:11:05 11:11:39 pm Running Technology Scan for site afadvantage.gov
2017:11:05 11:11:44 pm Running Technology Scan for site aff.gov
2017:11:05 11:11:49 pm Running Technology Scan for site afrh.gov
2017:11:05 11:11:54 pm Running Technology Scan for site africanamericanhistorymonth.gov
2017:11:05 11:12:01 pm Running Technology Scan for site afterschool.gov
2017:11:05 11:14:12 pm Running Technology Scan for site aging.gov
2017:11:05 11:14:18 pm Running Technology Scan for site agingstats.gov
2017:11:05 11:14:25 pm Running Technology Scan for site ahcpr.gov
2017:11:05 11:14:32 pm Running Technology Scan for site ahrq.gov
2017:11:05 11:14:36 pm Running Technology Scan for site aidrefugees.gov
2017:11:05 11:14:39 pm Running Technology Scan for site aids.gov
2017:11:05 11:14:47 pm Running Technology Scan for site airnow.gov
2017:11:05 11:14:54 pm Running Technology Scan for site alaskacenters.gov
2017:11:05 11:14:58 pm Running Technology Scan for site alertaenlinea.gov
2017:11:05 11:15:06 pm Running Technology Scan for site altusandc.gov
2017:11:05 11:17:16 pm Running Technology Scan for site alzheimers.gov
2017:11:05 11:17:41 pm Running Technology Scan for site ama.gov
2017:11:05 11:18:07 pm Running Technology Scan for site amberalert.gov
2017:11:05 11:18:12 pm Running Technology Scan for site america.gov
2017:11:05 11:18:20 pm Running Technology Scan for site americanmemory.gov
2017:11:05 11:18:24 pm Running Technology Scan for site americasheroesatwork.gov
2017:11:05 11:18:27 pm Running Technology Scan for site americaslibrary.gov
2017:11:05 11:18:31 pm Running Technology Scan for site americasstory.gov
2017:11:05 11:18:34 pm Running Technology Scan for site americastory.gov
2017:11:05 11:18:37 pm Running Technology Scan for site americathebeautifulquarters.gov
2017:11:05 11:18:45 pm Running Technology Scan for site americore.gov
2017:11:05 11:18:48 pm Running Technology Scan for site americorp.gov
2017:11:05 11:18:52 pm Running Technology Scan for site americorps.gov
2017:11:05 11:18:58 pm Running Technology Scan for site americorpsconnect.gov
2017:11:05 11:19:01 pm Running Technology Scan for site americorpsweek.gov
2017:11:05 11:19:04 pm Running Technology Scan for site ameslab.gov
2017:11:05 11:19:13 pm Running Technology Scan for site amtrakoig.gov
2017:11:05 11:19:20 pm Running Technology Scan for site anchorit.gov
2017:11:05 11:19:24 pm Running Technology Scan for site anl.gov
2017:11:05 11:19:56 pm Running Technology Scan for site annualcreditreport.gov
2017:11:05 11:20:02 pm Running Technology Scan for site anstaskforce.gov
2017:11:05 11:20:07 pm Running Technology Scan for site aoa.gov
2017:11:05 11:20:10 pm Running Technology Scan for site aoc.gov
2017:11:05 11:20:18 pm Running Technology Scan for site ap.gov
2017:11:05 11:21:22 pm Running Technology Scan for site app.gov
2017:11:05 11:21:30 pm Running Technology Scan for site applicationmanager.gov
2017:11:05 11:21:36 pm Running Technology Scan for site apps.gov
2017:11:05 11:21:42 pm Running Technology Scan for site arc.gov
2017:11:05 11:21:45 pm Running Technology Scan for site archives.gov
2017:11:05 11:21:54 pm Running Technology Scan for site arctic.gov
2017:11:05 11:21:58 pm Running Technology Scan for site arm.gov
2017:11:05 11:22:31 pm Running Technology Scan for site ars-grin.gov
2017:11:05 11:22:34 pm Running Technology Scan for site arts.gov
2017:11:05 11:22:40 pm Running Technology Scan for site asap.gov
2017:11:05 11:22:44 pm Running Technology Scan for site asc.gov
2017:11:05 11:22:48 pm Running Technology Scan for site asianpacificheritage.gov
2017:11:05 11:22:55 pm Running Technology Scan for site askkaren.gov
2017:11:05 11:23:02 pm Running Technology Scan for site astrongmiddleclass.gov
2017:11:05 11:23:05 pm Running Technology Scan for site atf.gov
2017:11:05 11:23:09 pm Running Technology Scan for site atfonline.gov
2017:11:05 11:23:14 pm Running Technology Scan for site atvsafety.gov
2017:11:05 11:23:17 pm Running Technology Scan for site aviationweather.gov
2017:11:05 11:24:05 pm Running Technology Scan for site ayudaconmibanco.gov
2017:11:05 11:24:10 pm Running Technology Scan for site bankanswers.gov
2017:11:05 11:24:15 pm Running Technology Scan for site bankcustomer.gov
2017:11:05 11:24:21 pm Running Technology Scan for site bankcustomerassistance.gov
2017:11:05 11:24:27 pm Running Technology Scan for site bankhelp.gov
2017:11:05 11:24:33 pm Running Technology Scan for site banknet.gov
2017:11:05 11:24:37 pm Running Technology Scan for site bankruptcy.gov
2017:11:05 11:24:41 pm Running Technology Scan for site bats.gov
2017:11:05 11:25:46 pm Running Technology Scan for site bbg.gov
2017:11:05 11:25:55 pm Running Technology Scan for site bcfp.gov
2017:11:05 11:26:01 pm Running Technology Scan for site bea.gov
2017:11:05 11:26:07 pm Running Technology Scan for site befoodsafe.gov
2017:11:05 11:26:13 pm Running Technology Scan for site benefits.gov
2017:11:05 11:26:22 pm Running Technology Scan for site bep.gov
2017:11:05 11:26:26 pm Running Technology Scan for site betobaccofree.gov
2017:11:05 11:26:29 pm Running Technology Scan for site bfelob.gov
2017:11:05 11:26:32 pm Running Technology Scan for site bfem.gov
2017:11:05 11:26:37 pm Running Technology Scan for site bia.gov
2017:11:05 11:26:46 pm Running Technology Scan for site bioeco.gov
2017:11:05 11:26:50 pm Running Technology Scan for site bioethics.gov
2017:11:05 11:29:00 pm Running Technology Scan for site biomassboard.gov
2017:11:05 11:29:41 pm Running Technology Scan for site biometriccoe.gov
2017:11:05 11:29:49 pm Running Technology Scan for site biometrics.gov
2017:11:05 11:29:58 pm Running Technology Scan for site biopreferred.gov
2017:11:05 11:30:06 pm Running Technology Scan for site bja.gov
2017:11:05 11:30:47 pm Running Technology Scan for site bldrdoc.gov
2017:11:05 11:30:52 pm Running Technology Scan for site blm.gov
2017:11:05 11:31:09 pm Running Technology Scan for site bls.gov
2017:11:05 11:31:13 pm Running Technology Scan for site bnl.gov
2017:11:05 11:31:22 pm Running Technology Scan for site boem.gov
2017:11:05 11:31:29 pm Running Technology Scan for site boemre.gov
2017:11:05 11:31:33 pm Running Technology Scan for site bondpro.gov
2017:11:05 11:31:39 pm Running Technology Scan for site bop.gov
2017:11:05 11:31:43 pm Running Technology Scan for site bosque.gov
2017:11:05 11:36:52 pm Running Technology Scan for site bpa.gov
2017:11:05 11:37:39 pm Running Technology Scan for site brac.gov
2017:11:05 11:37:42 pm Running Technology Scan for site brainhealth.gov
2017:11:05 11:38:29 pm Running Technology Scan for site brc.gov
2017:11:05 11:41:15 pm Running Technology Scan for site broadband.gov
2017:11:05 11:43:26 pm Running Technology Scan for site broadbandmap.gov
2017:11:05 11:43:31 pm Running Technology Scan for site bsee.gov
2017:11:05 11:43:39 pm Running Technology Scan for site bts.gov
2017:11:05 11:43:42 pm Running Technology Scan for site budget.gov
2017:11:05 11:43:50 pm Running Technology Scan for site buildingamerica.gov
2017:11:05 11:44:29 pm Running Technology Scan for site business.gov
2017:11:05 11:44:33 pm Running Technology Scan for site businessusa.gov
2017:11:05 11:44:41 pm Running Technology Scan for site buyaccessible.gov
2017:11:05 11:44:47 pm Running Technology Scan for site buyusa.gov
2017:11:05 11:44:51 pm Running Technology Scan for site cancer.gov
2017:11:05 11:45:19 pm Running Technology Scan for site cancernet.gov
2017:11:05 11:45:45 pm Running Technology Scan for site cao.gov
2017:11:05 11:45:53 pm Running Technology Scan for site cap.gov
2017:11:05 11:47:00 pm Running Technology Scan for site capitol.gov
2017:11:05 11:47:05 pm Running Technology Scan for site capnhq.gov
2017:11:05 11:48:11 pm Running Technology Scan for site cbca.gov
2017:11:05 11:48:16 pm Running Technology Scan for site cbo.gov
2017:11:05 11:48:22 pm Running Technology Scan for site cbonews.gov
2017:11:05 11:50:32 pm Running Technology Scan for site cbp.gov
2017:11:05 11:50:38 pm Running Technology Scan for site ccac.gov
2017:11:05 11:50:44 pm Running Technology Scan for site cdc.gov
2017:11:05 11:50:53 pm Running Technology Scan for site cdfifund.gov
2017:11:05 11:51:01 pm Running Technology Scan for site cebaf.gov
2017:11:05 11:51:04 pm Running Technology Scan for site cecc.gov
2017:11:05 11:51:08 pm Running Technology Scan for site cendi.gov
2017:11:05 11:51:12 pm Running Technology Scan for site census.gov
2017:11:05 11:51:37 pm Running Technology Scan for site cep.gov
2017:11:05 11:52:02 pm Running Technology Scan for site cfa.gov
2017:11:05 11:52:09 pm Running Technology Scan for site cfda.gov
2017:11:05 11:52:14 pm Running Technology Scan for site cfo.gov
2017:11:05 11:52:24 pm Running Technology Scan for site cfoc.gov
2017:11:05 11:54:35 pm Running Technology Scan for site cfpa.gov
2017:11:05 11:54:40 pm Running Technology Scan for site cfpb.gov
2017:11:05 11:54:45 pm Running Technology Scan for site cftc.gov
2017:11:05 11:54:50 pm Running Technology Scan for site challenge.gov
2017:11:05 11:54:58 pm Running Technology Scan for site challenges.gov
2017:11:05 11:55:07 pm Running Technology Scan for site changeofaddress.gov
2017:11:05 11:55:11 pm Running Technology Scan for site chcoc.gov
2017:11:05 11:55:18 pm Running Technology Scan for site chemsafety.gov
2017:11:05 11:55:24 pm Running Technology Scan for site childreninadversity.gov
2017:11:05 11:55:36 pm Running Technology Scan for site childstats.gov
2017:11:05 11:56:07 pm Running Technology Scan for site childwelfare.gov
2017:11:05 11:56:13 pm Running Technology Scan for site chinacommission.gov
2017:11:05 11:56:22 pm Running Technology Scan for site choosemyplate.gov
2017:11:05 11:56:29 pm Running Technology Scan for site christophercolumbusfoundation.gov
2017:11:05 11:56:32 pm Running Technology Scan for site cia.gov
2017:11:05 11:56:40 pm Running Technology Scan for site cio.gov
2017:11:05 11:56:47 pm Running Technology Scan for site ciso.gov
2017:11:05 11:56:52 pm Running Technology Scan for site citizencorps.gov
2017:11:05 11:56:59 pm Running Technology Scan for site citizenscience.gov
2017:11:05 11:57:04 pm Running Technology Scan for site civilrightsusa.gov
2017:11:05 11:57:07 pm Running Technology Scan for site cjis.gov
2017:11:05 11:57:11 pm Running Technology Scan for site climate.gov
2017:11:05 11:58:00 pm Running Technology Scan for site clinicaltrials.gov
2017:11:05 11:58:06 pm Running Technology Scan for site clintonlibrary.gov
2017:11:05 11:58:12 pm Running Technology Scan for site cloud.gov
2017:11:05 11:58:21 pm Running Technology Scan for site cms.gov
2017:11:05 11:58:29 pm Running Technology Scan for site cmts.gov
2017:11:05 11:58:32 pm Running Technology Scan for site cncs.gov
2017:11:05 11:58:37 pm Running Technology Scan for site cncsoig.gov
2017:11:05 11:58:44 pm Running Technology Scan for site cns.gov
2017:11:05 11:58:48 pm Running Technology Scan for site cnss.gov
2017:11:05 11:58:52 pm Running Technology Scan for site coastalamerica.gov
2017:11:05 11:58:55 pm Running Technology Scan for site code.gov
2017:11:05 11:59:33 pm Running Technology Scan for site collegedrinkingprevention.gov
2017:11:06 12:00:22 am Running Technology Scan for site collegenavigator.gov
2017:11:06 12:00:50 am Running Technology Scan for site commerce.gov
2017:11:06 12:02:03 am Running Technology Scan for site complaintreferralexpress.gov
2017:11:06 12:02:08 am Running Technology Scan for site compliance.gov
2017:11:06 12:02:15 am Running Technology Scan for site comptrollerofthecurrency.gov
2017:11:06 12:02:23 am Running Technology Scan for site computers4learning.gov
2017:11:06 12:02:26 am Running Technology Scan for site computersforlearning.gov
2017:11:06 12:02:31 am Running Technology Scan for site congress.gov
2017:11:06 12:02:36 am Running Technology Scan for site congressionaldirectory.gov
2017:11:06 12:02:41 am Running Technology Scan for site congressionalrecord.gov
2017:11:06 12:02:46 am Running Technology Scan for site connect.gov
2017:11:06 12:02:51 am Running Technology Scan for site consumer.gov
2017:11:06 12:02:58 am Running Technology Scan for site consumeraction.gov
2017:11:06 12:03:05 am Running Technology Scan for site consumerbureau.gov
2017:11:06 12:03:11 am Running Technology Scan for site consumerfinance.gov
2017:11:06 12:03:16 am Running Technology Scan for site consumerfinancial.gov
2017:11:06 12:03:22 am Running Technology Scan for site consumerfinancialprotectionbureau.gov
2017:11:06 12:05:33 am Running Technology Scan for site consumerprotection.gov
2017:11:06 12:05:39 am Running Technology Scan for site consumerprotectionbureau.gov
2017:11:06 12:05:44 am Running Technology Scan for site consumidor.gov
2017:11:06 12:05:52 am Running Technology Scan for site continentalshelf.gov
2017:11:06 12:05:56 am Running Technology Scan for site contractdirectory.gov
2017:11:06 12:06:01 am Running Technology Scan for site copyright.gov
2017:11:06 12:06:07 am Running Technology Scan for site coralreef.gov
2017:11:06 12:06:15 am Running Technology Scan for site cpars.gov
2017:11:06 12:06:19 am Running Technology Scan for site cpnireporting.gov
2017:11:06 12:08:30 am Running Technology Scan for site cpsc.gov
2017:11:06 12:08:35 am Running Technology Scan for site crimesolutions.gov
2017:11:06 12:09:19 am Running Technology Scan for site crimevictims.gov
2017:11:06 12:09:25 am Running Technology Scan for site crt2014-2024review.gov
2017:11:06 12:09:48 am Running Technology Scan for site csb.gov
2017:11:06 12:11:59 am Running Technology Scan for site csce.gov
2017:11:06 12:12:02 am Running Technology Scan for site csosa.fed.us
2017:11:06 12:12:06 am Running Technology Scan for site csosa.gov
2017:11:06 12:12:11 am Running Technology Scan for site ctoc.gov
2017:11:06 12:14:21 am Running Technology Scan for site cttso.gov
2017:11:06 12:14:24 am Running Technology Scan for site cuidadodesalud.gov
2017:11:06 12:14:33 am Running Technology Scan for site cupcao.gov
2017:11:06 12:14:38 am Running Technology Scan for site cwc.gov
2017:11:06 12:14:41 am Running Technology Scan for site cyber.gov
2017:11:06 12:14:45 am Running Technology Scan for site cybercareers.gov
2017:11:06 12:14:50 am Running Technology Scan for site cybercrime.gov
2017:11:06 12:14:56 am Running Technology Scan for site cybersecurity.gov
2017:11:06 12:15:00 am Running Technology Scan for site data.gov
2017:11:06 12:17:11 am Running Technology Scan for site dc3on.gov
2017:11:06 12:17:32 am Running Technology Scan for site dea.gov
2017:11:06 12:17:36 am Running Technology Scan for site deadiversion.gov
2017:11:06 12:17:41 am Running Technology Scan for site deaecom.gov
2017:11:06 12:17:45 am Running Technology Scan for site defense.gov
2017:11:06 12:17:52 am Running Technology Scan for site democraticleader.gov
2017:11:06 12:17:55 am Running Technology Scan for site democraticwhip.gov
2017:11:06 12:17:59 am Running Technology Scan for site dems.gov
2017:11:06 12:18:02 am Running Technology Scan for site denali.gov
2017:11:06 12:18:10 am Running Technology Scan for site dfafacts.gov
2017:11:06 12:18:16 am Running Technology Scan for site dhhs.gov
2017:11:06 12:18:21 am Running Technology Scan for site dhs.gov
2017:11:06 12:18:29 am Running Technology Scan for site diabetescommittee.gov
2017:11:06 12:18:56 am Running Technology Scan for site dietaryguidelines.gov
2017:11:06 12:18:59 am Running Technology Scan for site digitalgov.gov
2017:11:06 12:19:09 am Running Technology Scan for site digitalliteracy.gov
2017:11:06 12:19:17 am Running Technology Scan for site digitalpreservation.gov
2017:11:06 12:19:21 am Running Technology Scan for site digitizationguidelines.gov
2017:11:06 12:19:25 am Running Technology Scan for site directoasucuenta.gov
2017:11:06 12:19:32 am Running Technology Scan for site disability.gov
2017:11:06 12:20:05 am Running Technology Scan for site disasterassistance.gov
2017:11:06 12:20:10 am Running Technology Scan for site disasterhousing.gov
2017:11:06 12:20:55 am Running Technology Scan for site distracteddriving.gov
2017:11:06 12:21:01 am Running Technology Scan for site distraction.gov
2017:11:06 12:21:08 am Running Technology Scan for site dnfsb.gov
2017:11:06 12:21:17 am Running Technology Scan for site dni.gov
2017:11:06 12:21:24 am Running Technology Scan for site dnsops.gov
2017:11:06 12:21:33 am Running Technology Scan for site doc.gov
2017:11:06 12:24:50 am Running Technology Scan for site docline.gov
2017:11:06 12:24:54 am Running Technology Scan for site dod.gov
2017:11:06 12:25:00 am Running Technology Scan for site doe.gov
2017:11:06 12:25:06 am Running Technology Scan for site doi.gov
2017:11:06 12:25:14 am Running Technology Scan for site doioig.gov
2017:11:06 12:25:18 am Running Technology Scan for site dol.gov
2017:11:06 12:25:26 am Running Technology Scan for site doleta.gov
2017:11:06 12:25:32 am Running Technology Scan for site donaciondeorganos.gov
2017:11:06 12:25:37 am Running Technology Scan for site donotcall.gov
2017:11:06 12:25:41 am Running Technology Scan for site dontserveteens.gov
2017:11:06 12:25:51 am Running Technology Scan for site dot.gov
2017:11:06 12:25:57 am Running Technology Scan for site dotgov.gov
2017:11:06 12:26:02 am Running Technology Scan for site dotideahub.gov
2017:11:06 12:26:34 am Running Technology Scan for site dottrafficrecords.gov
2017:11:06 12:26:38 am Running Technology Scan for site dra.gov
2017:11:06 12:26:41 am Running Technology Scan for site drought.gov
2017:11:06 12:27:30 am Running Technology Scan for site drugabuse.gov
2017:11:06 12:27:57 am Running Technology Scan for site drywallresponse.gov
2017:11:06 12:28:01 am Running Technology Scan for site dsac.gov
2017:11:06 12:30:12 am Running Technology Scan for site dtv.gov
2017:11:06 12:32:23 am Running Technology Scan for site e-enterprise.gov
2017:11:06 12:32:28 am Running Technology Scan for site eac.gov
2017:11:06 12:32:35 am Running Technology Scan for site eaglecash.gov
2017:11:06 12:32:40 am Running Technology Scan for site earmarks.gov
2017:11:06 12:32:44 am Running Technology Scan for site earthquake.gov
2017:11:06 12:32:50 am Running Technology Scan for site ecfr.gov
2017:11:06 12:32:55 am Running Technology Scan for site economicinclusion.gov
2017:11:06 12:33:02 am Running Technology Scan for site econsumer.gov
2017:11:06 12:33:09 am Running Technology Scan for site ecopartnerships.gov
2017:11:06 12:33:12 am Running Technology Scan for site ecpic.gov
2017:11:06 12:33:18 am Running Technology Scan for site ecr.gov
2017:11:06 12:33:24 am Running Technology Scan for site ed.gov
2017:11:06 12:33:54 am Running Technology Scan for site eda.gov
2017:11:06 12:35:00 am Running Technology Scan for site edison.gov
2017:11:06 12:35:47 am Running Technology Scan for site edpubs.gov
2017:11:06 12:36:39 am Running Technology Scan for site education.gov
2017:11:06 12:37:33 am Running Technology Scan for site eeoc.gov
2017:11:06 12:38:40 am Running Technology Scan for site eftps.gov
2017:11:06 12:38:49 am Running Technology Scan for site egov.gov
2017:11:06 12:38:52 am Running Technology Scan for site eia.gov
2017:11:06 12:38:58 am Running Technology Scan for site eisenhowermemorial.gov
2017:11:06 12:39:06 am Running Technology Scan for site eldercare.gov
2017:11:06 12:39:10 am Running Technology Scan for site elderjustice.gov
2017:11:06 12:39:17 am Running Technology Scan for site emergency-federal-register.gov
2017:11:06 12:39:20 am Running Technology Scan for site employeeexpress.gov
2017:11:06 12:39:29 am Running Technology Scan for site empowhr.gov
2017:11:06 12:39:33 am Running Technology Scan for site ems.gov
2017:11:06 12:39:40 am Running Technology Scan for site endingthedocumentgame.gov
2017:11:06 12:39:45 am Running Technology Scan for site energy.gov
2017:11:06 12:39:53 am Running Technology Scan for site energycodes.gov
2017:11:06 12:40:00 am Running Technology Scan for site energysaver.gov
2017:11:06 12:40:04 am Running Technology Scan for site energysavers.gov
2017:11:06 12:40:09 am Running Technology Scan for site energystar.gov
2017:11:06 12:40:16 am Running Technology Scan for site eop.gov
2017:11:06 12:40:24 am Running Technology Scan for site epa.gov
2017:11:06 12:40:28 am Running Technology Scan for site epic.gov
2017:11:06 12:40:35 am Running Technology Scan for site errp.gov
2017:11:06 12:40:39 am Running Technology Scan for site esa.gov
2017:11:06 12:41:45 am Running Technology Scan for site esc.gov
2017:11:06 12:41:50 am Running Technology Scan for site eseclab.gov
2017:11:06 12:42:14 am Running Technology Scan for site esrs.gov
2017:11:06 12:42:19 am Running Technology Scan for site eta-find.gov
2017:11:06 12:42:32 am Running Technology Scan for site ethics.gov
2017:11:06 12:42:38 am Running Technology Scan for site ethicsburg.gov
2017:11:06 12:42:43 am Running Technology Scan for site evergladesrestoration.gov
2017:11:06 12:42:48 am Running Technology Scan for site everykidinapark.gov
2017:11:06 12:42:52 am Running Technology Scan for site evus.gov
2017:11:06 12:42:57 am Running Technology Scan for site execsec.gov
2017:11:06 12:43:01 am Running Technology Scan for site exim.gov
2017:11:06 12:45:14 am Running Technology Scan for site exploretsp.gov
2017:11:06 12:45:20 am Running Technology Scan for site export.gov
2017:11:06 12:45:26 am Running Technology Scan for site eyenote.gov
2017:11:06 12:45:30 am Running Technology Scan for site faa.gov
2017:11:06 12:45:34 am Running Technology Scan for site faasafety.gov
2017:11:06 12:45:41 am Running Technology Scan for site faca.gov
2017:11:06 12:45:48 am Running Technology Scan for site facadatabase.gov
2017:11:06 12:45:56 am Running Technology Scan for site fafsa.gov
2017:11:06 12:46:27 am Running Technology Scan for site fai.gov
2017:11:06 12:46:34 am Running Technology Scan for site fan.gov
2017:11:06 12:46:38 am Running Technology Scan for site fapiis.gov
2017:11:06 12:46:44 am Running Technology Scan for site faq.gov
2017:11:06 12:46:50 am Running Technology Scan for site fara.gov
2017:11:06 12:46:55 am Running Technology Scan for site farmerclaims.gov
2017:11:06 12:47:02 am Running Technology Scan for site fasab.gov
2017:11:06 12:47:05 am Running Technology Scan for site fatherhood.gov
2017:11:06 12:47:12 am Running Technology Scan for site fbi.gov
2017:11:06 12:47:23 am Running Technology Scan for site fbiic.gov
2017:11:06 12:47:29 am Running Technology Scan for site fbijobs.gov
2017:11:06 12:47:36 am Running Technology Scan for site fbo.gov
2017:11:06 12:47:41 am Running Technology Scan for site fca.gov
2017:11:06 12:48:46 am Running Technology Scan for site fcc.gov
2017:11:06 12:48:50 am Running Technology Scan for site fccuniversity.gov
2017:11:06 12:48:54 am Running Technology Scan for site fcg.gov
2017:11:06 12:48:58 am Running Technology Scan for site fcic.gov
2017:11:06 12:49:02 am Running Technology Scan for site fcsic.gov
2017:11:06 12:50:08 am Running Technology Scan for site fda.gov
2017:11:06 12:52:36 am Running Technology Scan for site fdic.gov
2017:11:06 12:52:42 am Running Technology Scan for site fdicconnect.gov
2017:11:06 12:52:45 am Running Technology Scan for site fdicig.gov
2017:11:06 12:52:52 am Running Technology Scan for site fdicoig.gov
2017:11:06 12:52:59 am Running Technology Scan for site fdicseguro.gov
2017:11:06 12:53:06 am Running Technology Scan for site fdlp.gov
2017:11:06 12:53:13 am Running Technology Scan for site fdms.gov
2017:11:06 12:53:18 am Running Technology Scan for site fdsys.gov
2017:11:06 12:53:23 am Running Technology Scan for site fea.gov
2017:11:06 12:55:35 am Running Technology Scan for site feb.gov
2017:11:06 12:55:40 am Running Technology Scan for site fec.gov
2017:11:06 12:55:44 am Running Technology Scan for site fedbizopps.gov
2017:11:06 12:55:49 am Running Technology Scan for site fedcenter.gov
2017:11:06 12:55:57 am Running Technology Scan for site federalcourts.gov
2017:11:06 12:56:01 am Running Technology Scan for site federalinvestments.gov
2017:11:06 12:56:06 am Running Technology Scan for site federaljobs.gov
2017:11:06 12:56:11 am Running Technology Scan for site federalprobation.gov
2017:11:06 12:56:15 am Running Technology Scan for site federalregister.gov
2017:11:06 12:56:23 am Running Technology Scan for site federalreserve.gov
2017:11:06 12:56:31 am Running Technology Scan for site federalreserveconsumerhelp.gov
2017:11:06 12:56:37 am Running Technology Scan for site federalrules.gov
2017:11:06 12:56:41 am Running Technology Scan for site fedidcard.gov
2017:11:06 12:56:45 am Running Technology Scan for site fedinvest.gov
2017:11:06 12:56:50 am Running Technology Scan for site fedjobs.gov
2017:11:06 12:56:55 am Running Technology Scan for site fedpartnership.gov
2017:11:06 12:57:00 am Running Technology Scan for site fedramp.gov
2017:11:06 12:57:08 am Running Technology Scan for site fedreg.gov
2017:11:06 12:57:13 am Running Technology Scan for site fedrooms.gov
2017:11:06 12:57:21 am Running Technology Scan for site fedshirevets.gov
2017:11:06 12:57:30 am Running Technology Scan for site fedspending.gov
2017:11:06 12:57:35 am Running Technology Scan for site feedthefuture.gov
2017:11:06 12:57:48 am Running Technology Scan for site fegli.gov
2017:11:06 12:57:53 am Running Technology Scan for site fema.gov
2017:11:06 12:57:59 am Running Technology Scan for site femalefarmerclaims.gov
2017:11:06 12:58:02 am Running Technology Scan for site ferc.gov
2017:11:06 12:58:09 am Running Technology Scan for site fercalt.gov
2017:11:06 12:58:13 am Running Technology Scan for site ffiec.gov
2017:11:06 12:58:16 am Running Technology Scan for site fgdc.gov
2017:11:06 12:58:25 am Running Technology Scan for site fha.gov
2017:11:06 12:59:09 am Running Technology Scan for site fhfa.gov
2017:11:06 12:59:13 am Running Technology Scan for site fhfaoig.gov
2017:11:06 01:00:03 am Running Technology Scan for site fido.gov
2017:11:06 01:00:06 am Running Technology Scan for site financialresearch.gov
2017:11:06 01:00:13 am Running Technology Scan for site financialstability.gov
2017:11:06 01:00:17 am Running Technology Scan for site fincen.gov
2017:11:06 01:00:21 am Running Technology Scan for site findyouthinfo.gov
2017:11:06 01:00:24 am Running Technology Scan for site firecode.gov
2017:11:06 01:00:30 am Running Technology Scan for site fireleadership.gov
2017:11:06 01:00:34 am Running Technology Scan for site firenet.gov
2017:11:06 01:00:39 am Running Technology Scan for site firescience.gov
2017:11:06 01:00:44 am Running Technology Scan for site firstfreedom.gov
2017:11:06 01:00:53 am Running Technology Scan for site firstgov.gov
2017:11:06 01:01:00 am Running Technology Scan for site firstnet.gov
2017:11:06 01:01:07 am Running Technology Scan for site firstresponder.gov
2017:11:06 01:01:11 am Running Technology Scan for site firstrespondertraining.gov
2017:11:06 01:01:15 am Running Technology Scan for site fiscalcommission.gov
2017:11:06 01:01:18 am Running Technology Scan for site fishwatch.gov
2017:11:06 01:01:42 am Running Technology Scan for site fitness.gov
2017:11:06 01:03:54 am Running Technology Scan for site fjc.gov
2017:11:06 01:04:02 am Running Technology Scan for site fleta.gov
2017:11:06 01:04:10 am Running Technology Scan for site fletc.gov
2017:11:06 01:04:19 am Running Technology Scan for site flightschoolcandidates.gov
2017:11:06 01:04:26 am Running Technology Scan for site floodsmart.gov
2017:11:06 01:04:30 am Running Technology Scan for site flra.gov
2017:11:06 01:04:36 am Running Technology Scan for site flu.gov
2017:11:06 01:04:40 am Running Technology Scan for site fmc.gov
2017:11:06 01:04:44 am Running Technology Scan for site fmcs.gov
2017:11:06 01:08:10 am Running Technology Scan for site fmi.gov
2017:11:06 01:08:16 am Running Technology Scan for site fmshrc.gov
2017:11:06 01:08:23 am Running Technology Scan for site fnal.gov
2017:11:06 01:08:33 am Running Technology Scan for site foia.gov
2017:11:06 01:08:39 am Running Technology Scan for site foodsafety.gov
2017:11:06 01:08:46 am Running Technology Scan for site foodsafetyjobs.gov
2017:11:06 01:08:53 am Running Technology Scan for site foodsafetyworkinggroup.gov
2017:11:06 01:08:56 am Running Technology Scan for site fordlibrarymuseum.gov
2017:11:06 01:08:59 am Running Technology Scan for site foreignassistance.gov
2017:11:06 01:09:20 am Running Technology Scan for site forensicscience.gov
2017:11:06 01:09:23 am Running Technology Scan for site forestsandrangelands.gov
2017:11:06 01:09:27 am Running Technology Scan for site forfeiture.gov
2017:11:06 01:09:31 am Running Technology Scan for site forms.gov
2017:11:06 01:09:39 am Running Technology Scan for site fpc.gov
2017:11:06 01:09:54 am Running Technology Scan for site fpds.gov
2017:11:06 01:10:00 am Running Technology Scan for site freecreditreport.gov
2017:11:06 01:10:03 am Running Technology Scan for site freshempire.gov
2017:11:06 01:10:10 am Running Technology Scan for site frpg.gov
2017:11:06 01:10:17 am Running Technology Scan for site frtib.gov
2017:11:06 01:10:23 am Running Technology Scan for site frtr.gov
2017:11:06 01:10:28 am Running Technology Scan for site fruitsandveggiesmatter.gov
2017:11:06 01:10:31 am Running Technology Scan for site fs.fed.us
2017:11:06 01:12:44 am Running Technology Scan for site fsafeds.gov
2017:11:06 01:12:48 am Running Technology Scan for site fsapubs.gov
2017:11:06 01:13:39 am Running Technology Scan for site fsd.gov
2017:11:06 01:13:49 am Running Technology Scan for site fsgb.gov
2017:11:06 01:13:53 am Running Technology Scan for site fsoc.gov
2017:11:06 01:13:58 am Running Technology Scan for site fsrs.gov
2017:11:06 01:14:02 am Running Technology Scan for site ftc.gov
2017:11:06 01:14:33 am Running Technology Scan for site ftccomplaintassistant.gov
2017:11:06 01:14:39 am Running Technology Scan for site ftcefile.gov
2017:11:06 01:14:43 am Running Technology Scan for site fttesttwai.gov
2017:11:06 01:14:47 am Running Technology Scan for site fvap.gov
2017:11:06 01:14:55 am Running Technology Scan for site fws.gov
2017:11:06 01:15:01 am Running Technology Scan for site g5.gov
2017:11:06 01:15:57 am Running Technology Scan for site gao.gov
2017:11:06 01:18:07 am Running Technology Scan for site gaonet.gov
2017:11:06 01:18:11 am Running Technology Scan for site gcdamp.gov
2017:11:06 01:18:15 am Running Technology Scan for site gcmrc.gov
2017:11:06 01:18:23 am Running Technology Scan for site genome.gov
2017:11:06 01:19:09 am Running Technology Scan for site geocommunicator.gov
2017:11:06 01:19:13 am Running Technology Scan for site geomac.gov
2017:11:06 01:19:21 am Running Technology Scan for site geoplatform.gov
2017:11:06 01:19:27 am Running Technology Scan for site georgewbushlibrary.gov
2017:11:06 01:19:30 am Running Technology Scan for site getinvolved.gov
2017:11:06 01:19:33 am Running Technology Scan for site getsmartaboutdrugs.gov
2017:11:06 01:19:43 am Running Technology Scan for site getyouhome.gov
2017:11:06 01:19:46 am Running Technology Scan for site ghi.gov
2017:11:06 01:19:53 am Running Technology Scan for site ginniemae.gov
2017:11:06 01:20:59 am Running Technology Scan for site girlshealth.gov
2017:11:06 01:21:06 am Running Technology Scan for site globalchange.gov
2017:11:06 01:23:17 am Running Technology Scan for site globalentry.gov
2017:11:06 01:23:20 am Running Technology Scan for site globalhealth.gov
2017:11:06 01:23:26 am Running Technology Scan for site globe.gov
2017:11:06 01:25:37 am Running Technology Scan for site gobierno.gov
2017:11:06 01:25:43 am Running Technology Scan for site gobiernousa.gov
2017:11:06 01:25:50 am Running Technology Scan for site godirect.gov
2017:11:06 01:26:06 am Running Technology Scan for site goes-r.gov
2017:11:06 01:28:59 am Running Technology Scan for site golearn.gov
2017:11:06 01:29:03 am Running Technology Scan for site gop.gov
2017:11:06 01:29:07 am Running Technology Scan for site gopleader.gov
2017:11:06 01:29:11 am Running Technology Scan for site govbenefits.gov
2017:11:06 01:29:14 am Running Technology Scan for site governmentjobs.gov
2017:11:06 01:29:20 am Running Technology Scan for site govinfo.gov
2017:11:06 01:29:27 am Running Technology Scan for site govloans.gov
2017:11:06 01:29:34 am Running Technology Scan for site govsales.gov
2017:11:06 01:29:38 am Running Technology Scan for site gpo.gov
2017:11:06 01:29:42 am Running Technology Scan for site gps.gov
2017:11:06 01:29:46 am Running Technology Scan for site grants.gov
2017:11:06 01:29:50 am Running Technology Scan for site grantsolutions.gov
2017:11:06 01:29:57 am Running Technology Scan for site greatagain.gov
2017:11:06 01:30:06 am Running Technology Scan for site green.gov
2017:11:06 01:30:11 am Running Technology Scan for site greengov.gov
2017:11:06 01:30:15 am Running Technology Scan for site gsa.gov
2017:11:06 01:30:25 am Running Technology Scan for site gsaadvantage.gov
2017:11:06 01:30:30 am Running Technology Scan for site gsaauctions.gov
2017:11:06 01:30:35 am Running Technology Scan for site gsaig.gov
2017:11:06 01:30:40 am Running Technology Scan for site gsaxcess.gov
2017:11:06 01:30:48 am Running Technology Scan for site guideline.gov
2017:11:06 01:30:54 am Running Technology Scan for site guidelines.gov
2017:11:06 01:30:59 am Running Technology Scan for site gwa.gov
2017:11:06 01:31:38 am Running Technology Scan for site hanford.gov
2017:11:06 01:33:49 am Running Technology Scan for site harp.gov
2017:11:06 01:34:36 am Running Technology Scan for site hc.gov
2017:11:06 01:34:40 am Running Technology Scan for site hcqualitycommission.gov
2017:11:06 01:34:43 am Running Technology Scan for site health.gov
2017:11:06 01:34:50 am Running Technology Scan for site healthcare.gov
2017:11:06 01:34:59 am Running Technology Scan for site healthdata.gov
2017:11:06 01:35:09 am Running Technology Scan for site healthfinder.gov
2017:11:06 01:35:17 am Running Technology Scan for site healthindicators.gov
2017:11:06 01:37:27 am Running Technology Scan for site healthit.gov
2017:11:06 01:37:32 am Running Technology Scan for site healthreform.gov
2017:11:06 01:37:35 am Running Technology Scan for site healthypeople.gov
2017:11:06 01:37:44 am Running Technology Scan for site hearttruth.gov
2017:11:06 01:37:52 am Running Technology Scan for site helpingamericasyouth.gov
2017:11:06 01:37:55 am Running Technology Scan for site helpwithmybank.gov
2017:11:06 01:38:01 am Running Technology Scan for site helpwithmycheckingaccount.gov
2017:11:06 01:38:07 am Running Technology Scan for site helpwithmycreditcard.gov
2017:11:06 01:38:13 am Running Technology Scan for site helpwithmycreditcardbank.gov
2017:11:06 01:38:18 am Running Technology Scan for site helpwithmymortgage.gov
2017:11:06 01:38:23 am Running Technology Scan for site helpwithmymortgagebank.gov
2017:11:06 01:38:30 am Running Technology Scan for site hhs.gov
2017:11:06 01:38:36 am Running Technology Scan for site hhsoig.gov
2017:11:06 01:38:39 am Running Technology Scan for site highperformancebuildings.gov
2017:11:06 01:39:18 am Running Technology Scan for site hispanicfarmerclaims.gov
2017:11:06 01:39:22 am Running Technology Scan for site hispanicheritagemonth.gov
2017:11:06 01:39:28 am Running Technology Scan for site history.gov
2017:11:06 01:39:36 am Running Technology Scan for site hiv.gov
2017:11:06 01:39:44 am Running Technology Scan for site homeenergyscore.gov
2017:11:06 01:40:24 am Running Technology Scan for site homelandsecurity.gov
2017:11:06 01:40:31 am Running Technology Scan for site homesales.gov
2017:11:06 01:40:53 am Running Technology Scan for site house.gov
2017:11:06 01:41:00 am Running Technology Scan for site housecalendar.gov
2017:11:06 01:41:04 am Running Technology Scan for site housecommunications.gov
2017:11:06 01:41:08 am Running Technology Scan for site housedemocrats.gov
2017:11:06 01:41:11 am Running Technology Scan for site housedems.gov
2017:11:06 01:41:14 am Running Technology Scan for site houselive.gov
2017:11:06 01:41:17 am Running Technology Scan for site housenewsletters.gov
2017:11:06 01:41:20 am Running Technology Scan for site howto.gov
2017:11:06 01:41:25 am Running Technology Scan for site hrsa.gov
2017:11:06 01:41:59 am Running Technology Scan for site hru.gov
2017:11:06 01:42:04 am Running Technology Scan for site hsr.gov
2017:11:06 01:42:14 am Running Technology Scan for site hud.gov
2017:11:06 01:43:23 am Running Technology Scan for site hudoig.gov
2017:11:06 01:45:52 am Running Technology Scan for site huduser.gov
2017:11:06 01:46:00 am Running Technology Scan for site humanities.gov
2017:11:06 01:46:03 am Running Technology Scan for site humanrights.gov
2017:11:06 01:46:06 am Running Technology Scan for site hurricanes.gov
2017:11:06 01:48:59 am Running Technology Scan for site hydrogen.gov
2017:11:06 01:49:39 am Running Technology Scan for site iab.gov
2017:11:06 01:49:42 am Running Technology Scan for site iad.gov
2017:11:06 01:49:45 am Running Technology Scan for site iaf.gov
2017:11:06 01:49:54 am Running Technology Scan for site iarpa-ideas.gov
2017:11:06 01:50:02 am Running Technology Scan for site iarpa.gov
2017:11:06 01:50:12 am Running Technology Scan for site iat.gov
2017:11:06 01:50:16 am Running Technology Scan for site iawg.gov
2017:11:06 01:50:23 am Running Technology Scan for site ibb.gov
2017:11:06 01:50:27 am Running Technology Scan for site ibwc.gov
2017:11:06 01:50:31 am Running Technology Scan for site ic3.gov
2017:11:06 01:50:35 am Running Technology Scan for site icass.gov
2017:11:06 01:50:40 am Running Technology Scan for site icbemp.gov
2017:11:06 01:50:44 am Running Technology Scan for site ice.gov
