2018:06:12 11:51:38 pm Get Latest Websites and data from Pulse

2018:06:12 11:52:47 pm Starting Scan
2018:06:12 11:52:48 pm Collecting HTTPS and DAP data from Pulse
2018:06:12 11:53:00 pm Accessibility scan for cao.gov took 2.5663437843323seconds.
2018:06:12 11:53:01 pm Accessibility scan for firecode.gov took 0.8478319644928seconds.
2018:06:12 11:53:02 pm Accessibility scan for asc.gov took 1.0363500118256seconds.
2018:06:12 11:53:03 pm Accessibility scan for denali.gov took 0.79534482955933seconds.
2018:06:12 11:53:03 pm Accessibility scan for hoopa-nsn.gov took 0.00021910667419434seconds.
2018:06:12 11:53:04 pm Accessibility scan for fara.gov took 0.72041201591492seconds.
2018:06:12 11:53:05 pm Accessibility scan for mycreditunion.gov took 0.82412004470825seconds.
2018:06:12 11:53:05 pm Accessibility scan for usa.gov took 0.67782211303711seconds.
2018:06:12 11:53:06 pm Accessibility scan for ngc.gov took 0.76106691360474seconds.
2018:06:12 11:53:07 pm Accessibility scan for nsa.gov took 0.92400693893433seconds.
2018:06:12 11:53:08 pm Accessibility scan for adf.gov took 0.76898908615112seconds.
2018:06:12 11:53:08 pm Accessibility scan for ada.gov took 0.2662570476532seconds.
2018:06:12 11:53:09 pm Accessibility scan for fcsic.gov took 0.64202189445496seconds.
2018:06:12 11:53:09 pm Accessibility scan for usitc.gov took 0.85166501998901seconds.
2018:06:12 11:53:10 pm Accessibility scan for uspis.gov took 0.55124306678772seconds.
2018:06:12 11:53:11 pm Accessibility scan for econsumer.gov took 0.8565399646759seconds.
2018:06:12 11:53:12 pm Accessibility scan for fishwatch.gov took 0.80878281593323seconds.
2018:06:12 11:53:12 pm Accessibility scan for slgs.gov took 0.63819217681885seconds.
2018:06:12 11:53:13 pm Accessibility scan for mitigationcommission.gov took 0.68956685066223seconds.
2018:06:12 11:53:14 pm Accessibility scan for casl.gov took 0.60781288146973seconds.
2018:06:12 11:53:14 pm Accessibility scan for dra.gov took 0.65236783027649seconds.
2018:06:12 11:53:15 pm Accessibility scan for ncjrs.gov took 0.65383815765381seconds.
2018:06:12 11:53:15 pm Accessibility scan for aha-nsn.gov took 0.00021910667419434seconds.
2018:06:12 11:53:16 pm Accessibility scan for pbgc.gov took 0.59044408798218seconds.
2018:06:12 11:53:16 pm Accessibility scan for usgs.gov took 0.46102809906006seconds.
2018:06:12 11:53:16 pm Accessibility scan for yochadehe-nsn.gov took 0.00022506713867188seconds.
2018:06:12 11:53:17 pm Accessibility scan for gsaadvantage.gov took 0.63296103477478seconds.
2018:06:12 11:53:17 pm Accessibility scan for forfeiture.gov took 0.57574605941772seconds.
2018:06:12 11:53:18 pm Accessibility scan for savingsbondwizard.gov took 0.68527483940125seconds.
2018:06:12 11:53:19 pm Accessibility scan for esa.gov took 0.66681218147278seconds.
2018:06:12 11:53:19 pm Accessibility scan for lmvsci.gov took 0.57409811019897seconds.
2018:06:12 11:53:20 pm Accessibility scan for gps.gov took 0.48463988304138seconds.
2018:06:12 11:53:20 pm Accessibility scan for redcliff-nsn.gov took 0.00035715103149414seconds.
2018:06:12 11:53:20 pm Accessibility scan for fordlibrarymuseum.gov took 0.35436105728149seconds.
2018:06:12 11:53:21 pm Accessibility scan for fedramp.gov took 0.71816086769104seconds.
2018:06:12 11:53:21 pm Accessibility scan for foreignassistance.gov took 0.30633997917175seconds.
2018:06:12 11:53:21 pm Accessibility scan for taaps.gov took 0.41144394874573seconds.
2018:06:12 11:53:22 pm Accessibility scan for digitalgov.gov took 0.68216490745544seconds.
2018:06:12 11:53:23 pm Accessibility scan for ustr.gov took 0.92931985855103seconds.
2018:06:12 11:53:23 pm Accessibility scan for whistleblowers.gov took 0.35272002220154seconds.
2018:06:12 11:53:24 pm Accessibility scan for ojjdp.gov took 0.75929498672485seconds.
2018:06:12 11:53:24 pm Accessibility scan for scottsvalley-nsn.gov took 0.00036978721618652seconds.
2018:06:12 11:53:24 pm Accessibility scan for ccthita-nsn.gov took 0.00032496452331543seconds.
2018:06:12 11:53:25 pm Accessibility scan for healthit.gov took 0.56373596191406seconds.
2018:06:12 11:53:25 pm Accessibility scan for va.gov took 0.18855500221252seconds.
2018:06:12 11:53:25 pm Accessibility scan for stopfakes.gov took 0.50072407722473seconds.
2018:06:12 11:53:26 pm Accessibility scan for neglecteddiseases.gov took 0.43546605110168seconds.
2018:06:12 11:53:26 pm Accessibility scan for fmc.gov took 0.67216014862061seconds.
2018:06:12 11:53:27 pm Accessibility scan for jwod.gov took 0.57618498802185seconds.
2018:06:12 11:53:28 pm Accessibility scan for isotope.gov took 0.60265612602234seconds.
2018:06:12 11:53:28 pm Accessibility scan for atf.gov took 0.5183629989624seconds.
2018:06:12 11:53:29 pm Accessibility scan for max.gov took 0.65212106704712seconds.
2018:06:12 11:53:29 pm Accessibility scan for cncsoig.gov took 0.54999804496765seconds.
2018:06:12 11:53:30 pm Accessibility scan for arts.gov took 0.34373903274536seconds.
2018:06:12 11:53:30 pm Accessibility scan for ltbbodawa-nsn.gov took 0.00030303001403809seconds.
2018:06:12 11:53:30 pm Accessibility scan for intelink.gov took 0.59532189369202seconds.
2018:06:12 11:53:31 pm Accessibility scan for insurekidsnow.gov took 0.36113095283508seconds.
2018:06:12 11:53:31 pm Accessibility scan for ncirc.gov took 0.22890281677246seconds.
2018:06:12 11:53:31 pm Accessibility scan for nationsreportcard.gov took 0.55492901802063seconds.
2018:06:12 11:53:32 pm Accessibility scan for tsunami.gov took 0.4621958732605seconds.
2018:06:12 11:53:32 pm Accessibility scan for medicare.gov took 0.48301696777344seconds.
2018:06:12 11:53:33 pm Accessibility scan for amberalert.gov took 0.4763560295105seconds.
2018:06:12 11:53:33 pm Accessibility scan for nemi.gov took 0.36780619621277seconds.
2018:06:12 11:53:34 pm Accessibility scan for disasterassistance.gov took 0.69509792327881seconds.
2018:06:12 11:53:34 pm Accessibility scan for fedshirevets.gov took 0.38902306556702seconds.
2018:06:12 11:53:35 pm Accessibility scan for ofcm.gov took 0.44755578041077seconds.
2018:06:12 11:53:35 pm Accessibility scan for mtbs.gov took 0.23190188407898seconds.
2018:06:12 11:53:36 pm Accessibility scan for fea.gov took 0.57440495491028seconds.
2018:06:12 11:53:36 pm Accessibility scan for cfo.gov took 0.8722448348999seconds.
2018:06:12 11:53:37 pm Accessibility scan for dni.gov took 0.60049700737seconds.
2018:06:12 11:53:37 pm Accessibility scan for feedthefuture.gov took 0.23987913131714seconds.
2018:06:12 11:53:38 pm Accessibility scan for investor.gov took 0.61865711212158seconds.
2018:06:12 11:53:38 pm Accessibility scan for dnfsb.gov took 0.19641208648682seconds.
2018:06:12 11:53:38 pm Accessibility scan for doioig.gov took 0.35710120201111seconds.
2018:06:12 11:53:39 pm Accessibility scan for ignet.gov took 0.44565200805664seconds.
2018:06:12 11:53:39 pm Accessibility scan for santarosacahuilla-nsn.gov took 0.0004420280456543seconds.
2018:06:12 11:53:39 pm Accessibility scan for usmint.gov took 0.30475902557373seconds.
2018:06:12 11:53:40 pm Accessibility scan for patriotbonds.gov took 0.40031504631042seconds.
2018:06:12 11:53:40 pm Accessibility scan for childstats.gov took 0.61000394821167seconds.
2018:06:12 11:53:41 pm Accessibility scan for nwcg.gov took 0.37199115753174seconds.
2018:06:12 11:53:41 pm Accessibility scan for chilkoot-nsn.gov took 0.00023579597473145seconds.
2018:06:12 11:53:41 pm Accessibility scan for hydrogen.gov took 0.41083312034607seconds.
2018:06:12 11:53:42 pm Accessibility scan for relocatefeds.gov took 0.60199594497681seconds.
2018:06:12 11:53:42 pm Accessibility scan for burnspaiute-nsn.gov took 0.00023913383483887seconds.
2018:06:12 11:53:42 pm Accessibility scan for smarterskies.gov took 0.5114688873291seconds.
2018:06:12 11:53:42 pm Accessibility scan for realpropertyprofile.gov took 0.30141091346741seconds.
2018:06:12 11:53:43 pm Accessibility scan for faa.gov took 0.5220148563385seconds.
2018:06:12 11:53:43 pm Accessibility scan for fatherhood.gov took 0.32691502571106seconds.
2018:06:12 11:53:43 pm Accessibility scan for mohican-nsn.gov took 0.00028181076049805seconds.
2018:06:12 11:53:44 pm Accessibility scan for buyaccessible.gov took 0.61807894706726seconds.
2018:06:12 11:53:44 pm Accessibility scan for mitchellcountyks.gov took 0.0004570484161377seconds.
2018:06:12 11:53:44 pm Accessibility scan for treasuryauctions.gov took 0.53849387168884seconds.
2018:06:12 11:53:45 pm Accessibility scan for uscurrency.gov took 0.39766407012939seconds.
2018:06:12 11:53:45 pm Accessibility scan for epic.gov took 0.29071092605591seconds.
2018:06:12 11:53:46 pm Accessibility scan for state.gov took 0.52847003936768seconds.
2018:06:12 11:53:46 pm Accessibility scan for ktik-nsn.gov took 0.0002140998840332seconds.
2018:06:12 11:53:46 pm Accessibility scan for mcc.gov took 0.3894259929657seconds.
2018:06:12 11:53:46 pm Accessibility scan for fafsa.gov took 0.28928184509277seconds.
2018:06:12 11:53:47 pm Accessibility scan for consumerfinance.gov took 0.504399061203seconds.
2018:06:12 11:53:47 pm Accessibility scan for csb.gov took 0.64252901077271seconds.
2018:06:12 11:53:48 pm Accessibility scan for ornl.gov took 0.51659297943115seconds.
2018:06:12 11:53:48 pm Accessibility scan for fmi.gov took 0.2716338634491seconds.
2018:06:12 11:53:49 pm Accessibility scan for saferproduct.gov took 0.52134394645691seconds.
2018:06:12 11:53:49 pm Accessibility scan for pechanga-nsn.gov took 0.00024199485778809seconds.
2018:06:12 11:53:49 pm Accessibility scan for cupcao.gov took 0.42469191551208seconds.
2018:06:12 11:53:50 pm Accessibility scan for energycodes.gov took 0.49845600128174seconds.
2018:06:12 11:53:50 pm Accessibility scan for time.gov took 0.33267998695374seconds.
2018:06:12 11:53:50 pm Accessibility scan for arm.gov took 0.2780168056488seconds.
2018:06:12 11:53:50 pm Accessibility scan for fcpotawatomi-nsn.gov took 0.00025010108947754seconds.
2018:06:12 11:53:51 pm Accessibility scan for nationalbank.gov took 0.40601110458374seconds.
2018:06:12 11:53:51 pm Accessibility scan for foodsafety.gov took 0.24346899986267seconds.
2018:06:12 11:53:51 pm Accessibility scan for science360.gov took 0.34392189979553seconds.
2018:06:12 11:53:52 pm Accessibility scan for ipp.gov took 0.41082692146301seconds.
2018:06:12 11:53:52 pm Accessibility scan for vets.gov took 0.3667299747467seconds.
2018:06:12 11:53:52 pm Accessibility scan for nccs.gov took 0.24305891990662seconds.
2018:06:12 11:53:53 pm Accessibility scan for womenshealth.gov took 0.2547459602356seconds.
2018:06:12 11:53:53 pm Accessibility scan for endingthedocumentgame.gov took 0.34149694442749seconds.
2018:06:12 11:53:53 pm Accessibility scan for udall.gov took 0.32299494743347seconds.
2018:06:12 11:53:54 pm Accessibility scan for bankcustomerassistance.gov took 0.48488211631775seconds.
2018:06:12 11:53:54 pm Accessibility scan for reporting.gov took 0.43824982643127seconds.
2018:06:12 11:53:55 pm Accessibility scan for vistacampus.gov took 0.31044983863831seconds.
2018:06:12 11:53:55 pm Accessibility scan for malwareinvestigator.gov took 0.29061794281006seconds.
2018:06:12 11:53:55 pm Accessibility scan for dhs.gov took 0.30376887321472seconds.
2018:06:12 11:53:55 pm Accessibility scan for ucrdatatool.gov took 0.28045296669006seconds.
2018:06:12 11:53:55 pm Accessibility scan for tolowa-nsn.gov took 0.00024580955505371seconds.
2018:06:12 11:53:56 pm Accessibility scan for studentloans.gov took 0.35512208938599seconds.
2018:06:12 11:53:56 pm Accessibility scan for nij.gov took 0.26784610748291seconds.
2018:06:12 11:53:56 pm Accessibility scan for hiv.gov took 0.40253210067749seconds.
2018:06:12 11:53:56 pm Accessibility scan for lummi-nsn.gov took 0.00037908554077148seconds.
2018:06:12 11:53:57 pm Accessibility scan for arctic.gov took 0.30325889587402seconds.
2018:06:12 11:53:57 pm Accessibility scan for selectusa.gov took 0.41745281219482seconds.
2018:06:12 11:53:57 pm Accessibility scan for ecpic.gov took 0.35388398170471seconds.
2018:06:12 11:53:58 pm Accessibility scan for bankhelp.gov took 0.17641997337341seconds.
2018:06:12 11:53:58 pm Accessibility scan for wdol.gov took 0.22830295562744seconds.
2018:06:12 11:53:58 pm Accessibility scan for privacyshield.gov took 0.33774781227112seconds.
2018:06:12 11:53:59 pm Accessibility scan for brc.gov took 0.40519499778748seconds.
2018:06:12 11:53:59 pm Accessibility scan for smart.gov took 0.37100100517273seconds.
2018:06:12 11:53:59 pm Accessibility scan for iprcenter.gov took 0.26929807662964seconds.
2018:06:12 11:54:00 pm Accessibility scan for llnl.gov took 0.39034390449524seconds.
2018:06:12 11:54:00 pm Accessibility scan for research.gov took 0.34537601470947seconds.
2018:06:12 11:54:00 pm Accessibility scan for frtr.gov took 0.35408496856689seconds.
2018:06:12 11:54:01 pm Accessibility scan for safertruck.gov took 0.33396792411804seconds.
2018:06:12 11:54:01 pm Accessibility scan for myra.gov took 0.42404699325562seconds.
2018:06:12 11:54:01 pm Accessibility scan for medicalcountermeasures.gov took 0.22602701187134seconds.
2018:06:12 11:54:02 pm Accessibility scan for whitehouseconferenceonaging.gov took 0.25477910041809seconds.
2018:06:12 11:54:02 pm Accessibility scan for mspb.gov took 0.43437790870667seconds.
2018:06:12 11:54:02 pm Accessibility scan for reaganlibrary.gov took 0.24684500694275seconds.
2018:06:12 11:54:03 pm Accessibility scan for gsaauctions.gov took 0.34078907966614seconds.
2018:06:12 11:54:03 pm Accessibility scan for faasafety.gov took 0.2412371635437seconds.
2018:06:12 11:54:03 pm Accessibility scan for bep.gov took 0.34488010406494seconds.
2018:06:12 11:54:04 pm Accessibility scan for ise.gov took 0.38168096542358seconds.
2018:06:12 11:54:04 pm Accessibility scan for justice.gov took 0.37735295295715seconds.
2018:06:12 11:54:04 pm Accessibility scan for locatorplus.gov took 0.19228100776672seconds.
2018:06:12 11:54:04 pm Accessibility scan for idealab.gov took 0.29503297805786seconds.
2018:06:12 11:54:05 pm Accessibility scan for wildlifeadaptationstrategy.gov took 0.2093551158905seconds.
2018:06:12 11:54:05 pm Accessibility scan for sec.gov took 0.45533490180969seconds.
2018:06:12 11:54:06 pm Accessibility scan for crimesolutions.gov took 0.47183299064636seconds.
2018:06:12 11:54:06 pm Accessibility scan for employeeexpress.gov took 0.29629707336426seconds.
2018:06:12 11:54:06 pm Accessibility scan for biomassboard.gov took 0.5104079246521seconds.
2018:06:12 11:54:07 pm Accessibility scan for bats.gov took 0.34140706062317seconds.
2018:06:12 11:54:07 pm Accessibility scan for ppirs.gov took 0.28682494163513seconds.
2018:06:12 11:54:07 pm Accessibility scan for digital.gov took 0.24892210960388seconds.
2018:06:12 11:54:08 pm Accessibility scan for odni.gov took 0.34876203536987seconds.
2018:06:12 11:54:08 pm Accessibility scan for opic.gov took 0.30127882957458seconds.
2018:06:12 11:54:08 pm Accessibility scan for nbc.gov took 0.28741002082825seconds.
2018:06:12 11:54:08 pm Accessibility scan for colusa-nsn.gov took 0.00025105476379395seconds.
2018:06:12 11:54:08 pm Accessibility scan for login.gov took 0.16684794425964seconds.
2018:06:12 11:54:09 pm Accessibility scan for restorethegulf.gov took 0.3445680141449seconds.
2018:06:12 11:54:09 pm Accessibility scan for nationalservice.gov took 0.28800702095032seconds.
2018:06:12 11:54:09 pm Accessibility scan for pci-nsn.gov took 0.00041580200195312seconds.
2018:06:12 11:54:09 pm Accessibility scan for klamathrestoration.gov took 0.34820318222046seconds.
2018:06:12 11:54:09 pm Accessibility scan for soboba-nsn.gov took 0.00021481513977051seconds.
2018:06:12 11:54:10 pm Accessibility scan for orau.gov took 0.21366000175476seconds.
2018:06:12 11:54:10 pm Accessibility scan for code.gov took 0.53735589981079seconds.
2018:06:12 11:54:10 pm Accessibility scan for occhelps.gov took 0.19536685943604seconds.
2018:06:12 11:54:11 pm Accessibility scan for tsp.gov took 0.28857493400574seconds.
2018:06:12 11:54:11 pm Accessibility scan for organdonor.gov took 0.25637102127075seconds.
2018:06:12 11:54:11 pm Accessibility scan for ameslab.gov took 0.29128408432007seconds.
2018:06:12 11:54:11 pm Accessibility scan for usds.gov took 0.25387501716614seconds.
2018:06:12 11:54:12 pm Accessibility scan for nga.gov took 0.27195811271667seconds.
2018:06:12 11:54:12 pm Accessibility scan for cia.gov took 0.39900088310242seconds.
2018:06:12 11:54:12 pm Accessibility scan for pokagonband-nsn.gov took 0.00037193298339844seconds.
2018:06:12 11:54:12 pm Accessibility scan for evus.gov took 0.24140596389771seconds.
2018:06:12 11:54:13 pm Accessibility scan for landfire.gov took 0.27488589286804seconds.
2018:06:12 11:54:13 pm Accessibility scan for tmdci-nsn.gov took 0.00031900405883789seconds.
2018:06:12 11:54:13 pm Accessibility scan for usbg.gov took 0.77760910987854seconds.
2018:06:12 11:54:14 pm Accessibility scan for juvenilecouncil.gov took 0.15167212486267seconds.
2018:06:12 11:54:14 pm Accessibility scan for childwelfare.gov took 0.204754114151seconds.
2018:06:12 11:54:14 pm Accessibility scan for chitimacha.gov took 0.00024008750915527seconds.
2018:06:12 11:54:14 pm Accessibility scan for contractdirectory.gov took 0.31434679031372seconds.
2018:06:12 11:54:14 pm Accessibility scan for treasuryhunt.gov took 0.2957751750946seconds.
2018:06:12 11:54:15 pm Accessibility scan for recreation.gov took 0.31904888153076seconds.
2018:06:12 11:54:15 pm Accessibility scan for uspsoig.gov took 0.30310583114624seconds.
2018:06:12 11:54:15 pm Accessibility scan for sir-nsn.gov took 0.00037193298339844seconds.
2018:06:12 11:54:15 pm Accessibility scan for vehiclehistory.gov took 0.19151711463928seconds.
2018:06:12 11:54:15 pm Accessibility scan for gunlaketribe-nsn.gov took 0.00029802322387695seconds.
2018:06:12 11:54:15 pm Accessibility scan for qvir-nsn.gov took 0.00023984909057617seconds.
2018:06:12 11:54:16 pm Accessibility scan for plainlanguage.gov took 0.47711300849915seconds.
2018:06:12 11:54:16 pm Accessibility scan for treasury.gov took 0.27850914001465seconds.
2018:06:12 11:54:16 pm Accessibility scan for jem.gov took 0.41119289398193seconds.
2018:06:12 11:54:17 pm Accessibility scan for digitalliteracy.gov took 0.22740912437439seconds.
2018:06:12 11:54:17 pm Accessibility scan for nih.gov took 0.37694811820984seconds.
2018:06:12 11:54:17 pm Accessibility scan for usaseanconnect.gov took 0.49499893188477seconds.
2018:06:12 11:54:18 pm Accessibility scan for surgeongeneral.gov took 0.17135500907898seconds.
2018:06:12 11:54:18 pm Accessibility scan for execsec.gov took 0.16976499557495seconds.
2018:06:12 11:54:18 pm Accessibility scan for bop.gov took 0.44319701194763seconds.
2018:06:12 11:54:19 pm Accessibility scan for dnsops.gov took 0.38176703453064seconds.
2018:06:12 11:54:19 pm Accessibility scan for ncd.gov took 0.30465793609619seconds.
2018:06:12 11:54:19 pm Accessibility scan for bts.gov took 0.36429214477539seconds.
2018:06:12 11:54:20 pm Accessibility scan for truman.gov took 0.44827699661255seconds.
2018:06:12 11:54:20 pm Accessibility scan for sigtarp.gov took 0.30641603469849seconds.
2018:06:12 11:54:20 pm Accessibility scan for nifc.gov took 0.23991298675537seconds.
2018:06:12 11:54:21 pm Accessibility scan for abmc.gov took 0.52750587463379seconds.
2018:06:12 11:54:21 pm Accessibility scan for volunteer.gov took 0.19065117835999seconds.
2018:06:12 11:54:21 pm Accessibility scan for usap.gov took 0.29792213439941seconds.
2018:06:12 11:54:21 pm Accessibility scan for sworm.gov took 0.19655299186707seconds.
2018:06:12 11:54:22 pm Accessibility scan for flightschoolcandidates.gov took 0.37984490394592seconds.
2018:06:12 11:54:22 pm Accessibility scan for ibwc.gov took 0.47197294235229seconds.
2018:06:12 11:54:22 pm Accessibility scan for csosa.gov took 0.18540906906128seconds.
2018:06:12 11:54:23 pm Accessibility scan for snap.gov took 0.38184213638306seconds.
2018:06:12 11:54:23 pm Accessibility scan for fortsillapache-nsn.gov took 0.00021982192993164seconds.
2018:06:12 11:54:23 pm Accessibility scan for phe.gov took 0.47785496711731seconds.
2018:06:12 11:54:24 pm Accessibility scan for tswg.gov took 0.37789988517761seconds.
2018:06:12 11:54:24 pm Accessibility scan for firescience.gov took 0.31231188774109seconds.
2018:06:12 11:54:24 pm Accessibility scan for medpac.gov took 0.28962397575378seconds.
2018:06:12 11:54:25 pm Accessibility scan for tvaoig.gov took 0.28645205497742seconds.
2018:06:12 11:54:25 pm Accessibility scan for cendi.gov took 0.40639209747314seconds.
2018:06:12 11:54:25 pm Accessibility scan for usadf.gov took 0.27910804748535seconds.
2018:06:12 11:54:26 pm Accessibility scan for genome.gov took 0.73954391479492seconds.
2018:06:12 11:54:26 pm Accessibility scan for acwi.gov took 0.31027817726135seconds.
2018:06:12 11:54:26 pm Accessibility scan for campo-nsn.gov took 0.00022697448730469seconds.
2018:06:12 11:54:26 pm Accessibility scan for warmsprings-nsn.gov took 0.00019407272338867seconds.
2018:06:12 11:54:27 pm Accessibility scan for pay.gov took 0.26283812522888seconds.
2018:06:12 11:54:27 pm Accessibility scan for transportation.gov took 0.3158221244812seconds.
2018:06:12 11:54:27 pm Accessibility scan for benefits.gov took 0.31061315536499seconds.
2018:06:12 11:54:28 pm Accessibility scan for nationalbanknet.gov took 0.26944899559021seconds.
2018:06:12 11:54:28 pm Accessibility scan for bluelakerancheria-nsn.gov took 0.0002131462097168seconds.
2018:06:12 11:54:28 pm Accessibility scan for dod.gov took 0.23725485801697seconds.
2018:06:12 11:54:28 pm Accessibility scan for trafficsafetymarketing.gov took 0.26801991462708seconds.
2018:06:12 11:54:28 pm Accessibility scan for clintonlibrary.gov took 0.39942479133606seconds.
2018:06:12 11:54:28 pm Accessibility scan for brb-nsn.gov took 0.00030207633972168seconds.
2018:06:12 11:54:28 pm Accessibility scan for nvb-nsn.gov took 0.00024795532226562seconds.
2018:06:12 11:54:28 pm Accessibility scan for cdatribe-nsn.gov took 0.000244140625seconds.
2018:06:12 11:54:29 pm Accessibility scan for adr.gov took 0.27299618721008seconds.
2018:06:12 11:54:29 pm Accessibility scan for afrh.gov took 0.3513720035553seconds.
2018:06:12 11:54:29 pm Accessibility scan for swinomish-nsn.gov took 0.00022196769714355seconds.
2018:06:12 11:54:29 pm Accessibility scan for section508.gov took 0.3322331905365seconds.
2018:06:12 11:54:30 pm Accessibility scan for peacecorps.gov took 0.23000502586365seconds.
2018:06:12 11:54:30 pm Accessibility scan for nmb.gov took 0.24787092208862seconds.
2018:06:12 11:54:30 pm Accessibility scan for pauma-nsn.gov took 0.00039196014404297seconds.
2018:06:12 11:54:30 pm Accessibility scan for phc-nsn.gov took 0.00026297569274902seconds.
2018:06:12 11:54:30 pm Accessibility scan for lanl.gov took 0.2526638507843seconds.
2018:06:12 11:54:30 pm Accessibility scan for ntis.gov took 0.25274920463562seconds.
2018:06:12 11:54:31 pm Accessibility scan for aviationweather.gov took 0.26594495773315seconds.
2018:06:12 11:54:31 pm Accessibility scan for lca.gov took 0.22729110717773seconds.
2018:06:12 11:54:31 pm Accessibility scan for nsf.gov took 0.35061502456665seconds.
2018:06:12 11:54:31 pm Accessibility scan for afadvantage.gov took 0.27466487884521seconds.
2018:06:12 11:54:32 pm Accessibility scan for cftc.gov took 0.3263988494873seconds.
2018:06:12 11:54:32 pm Accessibility scan for eda.gov took 0.35230302810669seconds.
2018:06:12 11:54:32 pm Accessibility scan for acus.gov took 0.21249604225159seconds.
2018:06:12 11:54:32 pm Accessibility scan for morongo-nsn.gov took 0.00022602081298828seconds.
2018:06:12 11:54:33 pm Accessibility scan for cbca.gov took 0.39665508270264seconds.
2018:06:12 11:54:33 pm Accessibility scan for nationalmap.gov took 0.24760913848877seconds.
2018:06:12 11:54:33 pm Accessibility scan for biopreferred.gov took 0.38313388824463seconds.
2018:06:12 11:54:34 pm Accessibility scan for banknet.gov took 0.20885586738586seconds.
2018:06:12 11:54:34 pm Accessibility scan for ttbonline.gov took 0.22842597961426seconds.
2018:06:12 11:54:34 pm Accessibility scan for cpnireporting.gov took 0.17995405197144seconds.
2018:06:12 11:54:34 pm Accessibility scan for globe.gov took 0.30055904388428seconds.
2018:06:12 11:54:35 pm Accessibility scan for dea.gov took 0.44542288780212seconds.
2018:06:12 11:54:35 pm Accessibility scan for oshrc.gov took 0.21410298347473seconds.
2018:06:12 11:54:35 pm Accessibility scan for fgdc.gov took 0.35658311843872seconds.
2018:06:12 11:54:35 pm Accessibility scan for hpultribe-nsn.gov took 0.00057506561279297seconds.
2018:06:12 11:54:36 pm Accessibility scan for geoplatform.gov took 0.32995510101318seconds.
2018:06:12 11:54:36 pm Accessibility scan for ussm.gov took 0.39662003517151seconds.
2018:06:12 11:54:36 pm Accessibility scan for marine.gov took 0.19468712806702seconds.
2018:06:12 11:54:37 pm Accessibility scan for recalls.gov took 0.25356316566467seconds.
2018:06:12 11:54:37 pm Accessibility scan for nasa.gov took 0.35290384292603seconds.
2018:06:12 11:54:37 pm Accessibility scan for cdfifund.gov took 0.40571880340576seconds.
2018:06:12 11:54:38 pm Accessibility scan for ginniemae.gov took 0.28897094726562seconds.
2018:06:12 11:54:38 pm Accessibility scan for mesagrandeband-nsn.gov took 0.00020503997802734seconds.
2018:06:12 11:54:38 pm Accessibility scan for firstrespondertraining.gov took 0.22913503646851seconds.
2018:06:12 11:54:38 pm Accessibility scan for fdicig.gov took 0.29790496826172seconds.
2018:06:12 11:54:38 pm Accessibility scan for brac.gov took 0.24455499649048seconds.
2018:06:12 11:54:39 pm Accessibility scan for vetbiz.gov took 0.20310616493225seconds.
2018:06:12 11:54:39 pm Accessibility scan for feb.gov took 0.25367593765259seconds.
2018:06:12 11:54:39 pm Accessibility scan for fpc.gov took 0.21999216079712seconds.
2018:06:12 11:54:39 pm Accessibility scan for intelligence.gov took 0.35298013687134seconds.
2018:06:12 11:54:40 pm Accessibility scan for facadatabase.gov took 0.22121906280518seconds.
2018:06:12 11:54:40 pm Accessibility scan for obamalibrary.gov took 0.51819396018982seconds.
2018:06:12 11:54:40 pm Accessibility scan for foia.gov took 0.22554707527161seconds.
2018:06:12 11:54:41 pm Accessibility scan for defense.gov took 0.38449811935425seconds.
2018:06:12 11:54:41 pm Accessibility scan for nro.gov took 0.27016401290894seconds.
2018:06:12 11:54:41 pm Accessibility scan for sdr.gov took 0.20288801193237seconds.
2018:06:12 11:54:42 pm Accessibility scan for nlrb.gov took 0.3151330947876seconds.
2018:06:12 11:54:42 pm Accessibility scan for aoc.gov took 0.42678499221802seconds.
2018:06:12 11:54:42 pm Accessibility scan for capnhq.gov took 0.19739985466003seconds.
2018:06:12 11:54:42 pm Accessibility scan for northforkrancheria-nsn.gov took 0.0003509521484375seconds.
2018:06:12 11:54:42 pm Accessibility scan for southernute-nsn.gov took 0.0002899169921875seconds.
2018:06:12 11:54:42 pm Accessibility scan for osc.gov took 0.23577904701233seconds.
2018:06:12 11:54:43 pm Accessibility scan for savingsbonds.gov took 0.29816198348999seconds.
2018:06:12 11:54:43 pm Accessibility scan for nhtsa.gov took 0.2268328666687seconds.
2018:06:12 11:54:43 pm Accessibility scan for eftps.gov took 0.37590885162354seconds.
2018:06:12 11:54:43 pm Accessibility scan for nnlm.gov took 0.22261309623718seconds.
2018:06:12 11:54:44 pm Accessibility scan for usccr.gov took 0.29134607315063seconds.
2018:06:12 11:54:44 pm Accessibility scan for apps.gov took 0.30336689949036seconds.
2018:06:12 11:54:44 pm Accessibility scan for kaibabpaiute-nsn.gov took 0.00052189826965332seconds.
2018:06:12 11:54:44 pm Accessibility scan for cloud.gov took 0.25632190704346seconds.
2018:06:12 11:54:45 pm Accessibility scan for ntsb.gov took 0.32266807556152seconds.
2018:06:12 11:54:45 pm Accessibility scan for sustainability.gov took 0.27406287193298seconds.
2018:06:12 11:54:45 pm Accessibility scan for isletapueblo-nsn.gov took 0.0003659725189209seconds.
2018:06:12 11:54:45 pm Accessibility scan for cayuganation-nsn.gov took 0.00025486946105957seconds.
2018:06:12 11:54:45 pm Accessibility scan for cms.gov took 0.17159795761108seconds.
2018:06:12 11:54:45 pm Accessibility scan for qatesttwai.gov took 0.30982899665833seconds.
2018:06:12 11:54:46 pm Accessibility scan for cybercareers.gov took 0.31690192222595seconds.
2018:06:12 11:54:46 pm Accessibility scan for fdicoig.gov took 0.35208296775818seconds.
2018:06:12 11:54:46 pm Accessibility scan for irsvideos.gov took 0.21175694465637seconds.
2018:06:12 11:54:46 pm Accessibility scan for cfda.gov took 0.15737986564636seconds.
2018:06:12 11:54:47 pm Accessibility scan for whistleblower.gov took 0.2282440662384seconds.
2018:06:12 11:54:47 pm Accessibility scan for nps.gov took 0.2237069606781seconds.
2018:06:12 11:54:47 pm Accessibility scan for donotcall.gov took 0.3702609539032seconds.
2018:06:12 11:54:48 pm Accessibility scan for ntrc.gov took 0.25040006637573seconds.
2018:06:12 11:54:48 pm Accessibility scan for nbrc.gov took 0.32515501976013seconds.
2018:06:12 11:54:48 pm Accessibility scan for usajobs.gov took 0.19435381889343seconds.
2018:06:12 11:54:48 pm Accessibility scan for forestsandrangelands.gov took 0.41178393363953seconds.
2018:06:12 11:54:49 pm Accessibility scan for cpsc.gov took 0.34503102302551seconds.
2018:06:12 11:54:49 pm Accessibility scan for iaf.gov took 0.30345296859741seconds.
2018:06:12 11:54:49 pm Accessibility scan for bja.gov took 0.21863102912903seconds.
2018:06:12 11:54:50 pm Accessibility scan for fireleadership.gov took 0.23665499687195seconds.
2018:06:12 11:54:50 pm Accessibility scan for abandonedmines.gov took 0.57154202461243seconds.
2018:06:12 11:54:50 pm Accessibility scan for guidelines.gov took 0.22662901878357seconds.
2018:06:12 11:54:51 pm Accessibility scan for worker.gov took 0.20578789710999seconds.
2018:06:12 11:54:51 pm Accessibility scan for invasivespeciesinfo.gov took 0.21713209152222seconds.
2018:06:12 11:54:51 pm Accessibility scan for santaana-nsn.gov took 0.00028014183044434seconds.
2018:06:12 11:54:51 pm Accessibility scan for health.gov took 0.32068109512329seconds.
2018:06:12 11:54:51 pm Accessibility scan for ncpc.gov took 0.26683783531189seconds.
2018:06:12 11:54:52 pm Accessibility scan for nist.gov took 0.18179392814636seconds.
2018:06:12 11:54:52 pm Accessibility scan for cttso.gov took 0.24854016304016seconds.
2018:06:12 11:54:52 pm Accessibility scan for medicaid.gov took 0.35730409622192seconds.
2018:06:12 11:54:53 pm Accessibility scan for fedidcard.gov took 0.39678812026978seconds.
2018:06:12 11:54:53 pm Accessibility scan for barona-nsn.gov took 0.00053095817565918seconds.
2018:06:12 11:54:53 pm Accessibility scan for energystar.gov took 0.3602499961853seconds.
2018:06:12 11:54:53 pm Accessibility scan for hhs.gov took 0.39495086669922seconds.
2018:06:12 11:54:54 pm Accessibility scan for bondpro.gov took 0.34765219688416seconds.
2018:06:12 11:54:54 pm Accessibility scan for cyber.gov took 0.28678798675537seconds.
2018:06:12 11:54:54 pm Accessibility scan for ofda.gov took 0.17636704444885seconds.
2018:06:12 11:54:54 pm Accessibility scan for ninilchiktribe-nsn.gov took 0.00037384033203125seconds.
2018:06:12 11:54:54 pm Accessibility scan for justthinktwice.gov took 0.2469527721405seconds.
2018:06:12 11:54:55 pm Accessibility scan for bbg.gov took 0.39552307128906seconds.
2018:06:12 11:54:55 pm Accessibility scan for sbir.gov took 0.29917097091675seconds.
2018:06:12 11:54:55 pm Accessibility scan for helpwithmycreditcardbank.gov took 0.29067397117615seconds.
2018:06:12 11:54:56 pm Accessibility scan for wapa.gov took 0.26601886749268seconds.
2018:06:12 11:54:56 pm Accessibility scan for mechoopda-nsn.gov took 0.00026583671569824seconds.
2018:06:12 11:54:56 pm Accessibility scan for ovcttac.gov took 0.41947484016418seconds.
2018:06:12 11:54:56 pm Accessibility scan for uspto.gov took 0.27073502540588seconds.
2018:06:12 11:54:56 pm Accessibility scan for lagunapueblo-nsn.gov took 0.00028300285339355seconds.
2018:06:12 11:54:57 pm Accessibility scan for scidac.gov took 0.38543915748596seconds.
2018:06:12 11:54:57 pm Accessibility scan for fs.fed.us took 0.21451783180237seconds.
2018:06:12 11:54:57 pm Accessibility scan for rivers.gov took 0.17670702934265seconds.
2018:06:12 11:54:57 pm Accessibility scan for micmac-nsn.gov took 0.00023102760314941seconds.
2018:06:12 11:54:57 pm Accessibility scan for lmrcouncil.gov took 0.33805298805237seconds.
2018:06:12 11:54:58 pm Accessibility scan for evergladesrestoration.gov took 0.33151006698608seconds.
2018:06:12 11:54:58 pm Accessibility scan for poolsafety.gov took 0.20416879653931seconds.
2018:06:12 11:54:58 pm Accessibility scan for millelacsband-nsn.gov took 0.00047206878662109seconds.
2018:06:12 11:54:58 pm Accessibility scan for whitehouse.gov took 0.26261115074158seconds.
2018:06:12 11:54:58 pm Accessibility scan for fbo.gov took 0.20550107955933seconds.
2018:06:12 11:54:59 pm Accessibility scan for fedcenter.gov took 0.2944929599762seconds.
2018:06:12 11:54:59 pm Accessibility scan for ncua.gov took 0.22235894203186seconds.
2018:06:12 11:54:59 pm Accessibility scan for nutritionevidencelibrary.gov took 0.24747490882874seconds.
2018:06:12 11:54:59 pm Accessibility scan for fapiis.gov took 0.28578114509583seconds.
2018:06:12 11:54:59 pm Accessibility scan for mtc.gov took 0.00043582916259766seconds.
2018:06:12 11:54:59 pm Accessibility scan for kbic-nsn.gov took 0.00025796890258789seconds.
2018:06:12 11:55:00 pm Accessibility scan for icass.gov took 0.20614004135132seconds.
2018:06:12 11:55:00 pm Accessibility scan for ots.gov took 0.34863805770874seconds.
2018:06:12 11:55:00 pm Accessibility scan for harp.gov took 0.20380282402039seconds.
2018:06:12 11:55:00 pm Accessibility scan for tachi-yokut-nsn.gov took 0.00047206878662109seconds.
2018:06:12 11:55:00 pm Accessibility scan for gsa.gov took 0.229327917099seconds.
2018:06:12 11:55:01 pm Accessibility scan for cnss.gov took 0.2239818572998seconds.
2018:06:12 11:55:01 pm Accessibility scan for doi.gov took 0.272616147995seconds.
2018:06:12 11:55:01 pm Accessibility scan for fmcs.gov took 0.3749577999115seconds.
2018:06:12 11:55:02 pm Accessibility scan for safecar.gov took 0.205237865448seconds.
2018:06:12 11:55:02 pm Accessibility scan for bjs.gov took 0.24070715904236seconds.
2018:06:12 11:55:02 pm Accessibility scan for mptn-nsn.gov took 0.0003511905670166seconds.
2018:06:12 11:55:02 pm Accessibility scan for everykidinapark.gov took 0.13604402542114seconds.
2018:06:12 11:55:02 pm Accessibility scan for saferproducts.gov took 0.17037796974182seconds.
2018:06:12 11:55:02 pm Accessibility scan for prc.gov took 0.2810800075531seconds.
2018:06:12 11:55:03 pm Accessibility scan for fcg.gov took 0.15989112854004seconds.
2018:06:12 11:55:03 pm Accessibility scan for healthcare.gov took 0.22605204582214seconds.
2018:06:12 11:55:03 pm Accessibility scan for onhir.gov took 0.16588115692139seconds.
2018:06:12 11:55:03 pm Accessibility scan for tva.gov took 0.24504613876343seconds.
2018:06:12 11:55:03 pm Accessibility scan for itrd.gov took 0.26032304763794seconds.
2018:06:12 11:55:04 pm Accessibility scan for wizard.gov took 0.19283699989319seconds.
2018:06:12 11:55:04 pm Accessibility scan for mentalhealth.gov took 0.14199304580688seconds.
2018:06:12 11:55:04 pm Accessibility scan for ftccomplaintassistant.gov took 0.26310396194458seconds.
2018:06:12 11:55:04 pm Accessibility scan for bpa.gov took 0.37962007522583seconds.
2018:06:12 11:55:04 pm Accessibility scan for hualapai-nsn.gov took 0.00022602081298828seconds.
2018:06:12 11:55:04 pm Accessibility scan for crow-nsn.gov took 0.00019502639770508seconds.
2018:06:12 11:55:05 pm Accessibility scan for jimmycarterlibrary.gov took 0.20551991462708seconds.
2018:06:12 11:55:05 pm Accessibility scan for selectagents.gov took 0.17120385169983seconds.
2018:06:12 11:55:05 pm Accessibility scan for sns.gov took 0.23237800598145seconds.
2018:06:12 11:55:05 pm Accessibility scan for jiv-nsn.gov took 0.0002129077911377seconds.
2018:06:12 11:55:05 pm Accessibility scan for webharvest.gov took 0.29552483558655seconds.
2018:06:12 11:55:06 pm Accessibility scan for hud.gov took 0.35178518295288seconds.
2018:06:12 11:55:06 pm Accessibility scan for airnow.gov took 0.48360085487366seconds.
2018:06:12 11:55:06 pm Accessibility scan for iat.gov took 0.21692085266113seconds.
2018:06:12 11:55:07 pm Accessibility scan for letgirlslearn.gov took 0.27261900901794seconds.
2018:06:12 11:55:07 pm Accessibility scan for presidentialinnovationfellows.gov took 0.18684792518616seconds.
2018:06:12 11:55:07 pm Accessibility scan for complaintreferralexpress.gov took 0.36934304237366seconds.
2018:06:12 11:55:07 pm Accessibility scan for businessdefense.gov took 0.20038819313049seconds.
2018:06:12 11:55:08 pm Accessibility scan for childreninadversity.gov took 0.34370994567871seconds.
2018:06:12 11:55:08 pm Accessibility scan for flra.gov took 0.39611792564392seconds.
2018:06:12 11:55:09 pm Accessibility scan for salmonrecovery.gov took 0.39398288726807seconds.
2018:06:12 11:55:09 pm Accessibility scan for stopfraud.gov took 0.27096390724182seconds.
2018:06:12 11:55:09 pm Accessibility scan for vcf.gov took 0.28141403198242seconds.
2018:06:12 11:55:09 pm Accessibility scan for usalearning.gov took 0.30798316001892seconds.
2018:06:12 11:55:10 pm Accessibility scan for thecoolspot.gov took 0.31051087379456seconds.
2018:06:12 11:55:10 pm Accessibility scan for kayentatownship-nsn.gov took 0.00038385391235352seconds.
2018:06:12 11:55:10 pm Accessibility scan for bsee.gov took 0.32090997695923seconds.
2018:06:12 11:55:10 pm Accessibility scan for commerce.gov took 0.26165390014648seconds.
2018:06:12 11:55:10 pm Accessibility scan for robodeidentidad.gov took 0.20133495330811seconds.
2018:06:12 11:55:11 pm Accessibility scan for gcmrc.gov took 0.19366383552551seconds.
2018:06:12 11:55:11 pm Accessibility scan for cdc.gov took 0.38355612754822seconds.
2018:06:12 11:55:11 pm Accessibility scan for mymedicare.gov took 0.24377512931824seconds.
2018:06:12 11:55:12 pm Accessibility scan for rrb.gov took 0.38083600997925seconds.
2018:06:12 11:55:12 pm Accessibility scan for unicor.gov took 0.2384569644928seconds.
2018:06:12 11:55:12 pm Accessibility scan for sam.gov took 0.12599992752075seconds.
2018:06:12 11:55:12 pm Accessibility scan for anstaskforce.gov took 0.37246298789978seconds.
2018:06:12 11:55:13 pm Accessibility scan for ems.gov took 0.27996897697449seconds.
2018:06:12 11:55:13 pm Accessibility scan for hudoig.gov took 0.42725586891174seconds.
2018:06:12 11:55:13 pm Accessibility scan for idmanagement.gov took 0.17997407913208seconds.
2018:06:12 11:55:13 pm Accessibility scan for nfr-nsn.gov took 0.00028705596923828seconds.
2018:06:12 11:55:14 pm Accessibility scan for esrs.gov took 0.31080102920532seconds.
2018:06:12 11:55:14 pm Accessibility scan for poolsafely.gov took 0.29245710372925seconds.
2018:06:12 11:55:14 pm Accessibility scan for pol-nsn.gov took 0.00021815299987793seconds.
2018:06:12 11:55:14 pm Accessibility scan for federalreserveconsumerhelp.gov took 0.3745391368866seconds.
2018:06:12 11:55:15 pm Accessibility scan for fsd.gov took 0.20413088798523seconds.
2018:06:12 11:55:15 pm Accessibility scan for ars-grin.gov took 0.19077801704407seconds.
2018:06:12 11:55:15 pm Accessibility scan for goes-r.gov took 0.29973411560059seconds.
2018:06:12 11:55:15 pm Accessibility scan for wlci.gov took 0.18406295776367seconds.
2018:06:12 11:55:15 pm Accessibility scan for jusfc.gov took 0.22797584533691seconds.
2018:06:12 11:55:15 pm Accessibility scan for tulerivertribe-nsn.gov took 0.00025010108947754seconds.
2018:06:12 11:55:16 pm Accessibility scan for choosemyplate.gov took 0.22170686721802seconds.
2018:06:12 11:55:16 pm Accessibility scan for integrity.gov took 0.1848349571228seconds.
2018:06:12 11:55:16 pm Accessibility scan for fpds.gov took 0.15099692344666seconds.
2018:06:12 11:55:16 pm Accessibility scan for fsgb.gov took 0.16312789916992seconds.
2018:06:12 11:55:16 pm Accessibility scan for helpwithmycreditcard.gov took 0.30657601356506seconds.
2018:06:12 11:55:17 pm Accessibility scan for siteidiq.gov took 0.23428702354431seconds.
2018:06:12 11:55:17 pm Accessibility scan for ramona-nsn.gov took 0.0002291202545166seconds.
2018:06:12 11:55:17 pm Accessibility scan for helpwithmymortgagebank.gov took 0.21065306663513seconds.
2018:06:12 11:55:17 pm Accessibility scan for reginfo.gov took 0.166011095047seconds.
2018:06:12 11:55:17 pm Accessibility scan for asap.gov took 0.26739001274109seconds.
2018:06:12 11:55:18 pm Accessibility scan for imls.gov took 0.26118898391724seconds.
2018:06:12 11:55:18 pm Accessibility scan for directoasucuenta.gov took 0.34672594070435seconds.
2018:06:12 11:55:18 pm Accessibility scan for guideline.gov took 0.1693868637085seconds.
2018:06:12 11:55:18 pm Accessibility scan for kawaika-nsn.gov took 0.00036787986755371seconds.
2018:06:12 11:55:18 pm Accessibility scan for abilityone.gov took 0.1505138874054seconds.
2018:06:12 11:55:18 pm Accessibility scan for workplace.gov took 0.22636795043945seconds.
2018:06:12 11:55:19 pm Accessibility scan for iarpa.gov took 0.37979793548584seconds.
2018:06:12 11:55:19 pm Accessibility scan for govsales.gov took 0.30972003936768seconds.
2018:06:12 11:55:20 pm Accessibility scan for cancer.gov took 0.36554193496704seconds.
2018:06:12 11:55:20 pm Accessibility scan for sac.gov took 0.1984269618988seconds.
2018:06:12 11:55:20 pm Accessibility scan for badriver-nsn.gov took 0.00033998489379883seconds.
2018:06:12 11:55:20 pm Accessibility scan for osha.gov took 0.24426102638245seconds.
2018:06:12 11:55:20 pm Accessibility scan for ustda.gov took 0.31349086761475seconds.
2018:06:12 11:55:21 pm Accessibility scan for e-enterprise.gov took 0.28095698356628seconds.
2018:06:12 11:55:21 pm Accessibility scan for ayudaconmibanco.gov took 0.15928912162781seconds.
2018:06:12 11:55:21 pm Accessibility scan for cbp.gov took 0.20208096504211seconds.
2018:06:12 11:55:21 pm Accessibility scan for challenge.gov took 0.17908120155334seconds.
2018:06:12 11:55:21 pm Accessibility scan for export.gov took 0.30163383483887seconds.
2018:06:12 11:55:22 pm Accessibility scan for lep.gov took 0.24728298187256seconds.
2018:06:12 11:55:22 pm Accessibility scan for presidentialserviceawards.gov took 0.21711301803589seconds.
2018:06:12 11:55:22 pm Accessibility scan for estoo-nsn.gov took 0.00037002563476562seconds.
2018:06:12 11:55:22 pm Accessibility scan for otoe-nsn.gov took 0.00025296211242676seconds.
2018:06:12 11:55:22 pm Accessibility scan for gcdamp.gov took 0.25539302825928seconds.
2018:06:12 11:55:22 pm Accessibility scan for solardecathlon.gov took 0.18131399154663seconds.
2018:06:12 11:55:23 pm Accessibility scan for access-board.gov took 0.19406914710999seconds.
2018:06:12 11:55:23 pm Accessibility scan for dfafacts.gov took 0.13984298706055seconds.
2018:06:12 11:55:23 pm Accessibility scan for sierrawild.gov took 0.28306603431702seconds.
2018:06:12 11:55:23 pm Accessibility scan for neh.gov took 0.23250198364258seconds.
2018:06:12 11:55:23 pm Accessibility scan for sftool.gov took 0.15077304840088seconds.
2018:06:12 11:55:23 pm Accessibility scan for iarpa-ideas.gov took 0.14212608337402seconds.
2018:06:12 11:55:24 pm Accessibility scan for msha.gov took 0.16444802284241seconds.
2018:06:12 11:55:24 pm Accessibility scan for iowatribe-nsn.gov took 0.00037384033203125seconds.
2018:06:12 11:55:24 pm Accessibility scan for stb.gov took 0.18155407905579seconds.
2018:06:12 11:55:24 pm Accessibility scan for itdashboard.gov took 0.19079303741455seconds.
2018:06:12 11:55:24 pm Accessibility scan for nrd.gov took 0.29493188858032seconds.
2018:06:12 11:55:24 pm Accessibility scan for paymentaccuracy.gov took 0.17197489738464seconds.
2018:06:12 11:55:25 pm Accessibility scan for huduser.gov took 0.19287514686584seconds.
2018:06:12 11:55:25 pm Accessibility scan for miccosukee-nsn.gov took 0.0002288818359375seconds.
2018:06:12 11:55:25 pm Accessibility scan for safercar.gov took 0.25696110725403seconds.
2018:06:12 11:55:25 pm Accessibility scan for america.gov took 0.28453278541565seconds.
2018:06:12 11:55:25 pm Accessibility scan for aguacaliente-nsn.gov took 0.00025105476379395seconds.
2018:06:12 11:55:25 pm Accessibility scan for lcrmscp.gov took 0.16590094566345seconds.
2018:06:12 11:55:25 pm Accessibility scan for swo-nsn.gov took 0.00035190582275391seconds.
2018:06:12 11:55:25 pm Accessibility scan for yakamafish-nsn.gov took 0.00024604797363281seconds.
2018:06:12 11:55:26 pm Accessibility scan for connect.gov took 0.30968999862671seconds.
2018:06:12 11:55:26 pm Accessibility scan for archives.gov took 0.1921021938324seconds.
2018:06:12 11:55:26 pm Accessibility scan for eeoc.gov took 0.35250616073608seconds.
2018:06:12 11:55:27 pm Accessibility scan for grants.gov took 0.29235100746155seconds.
2018:06:12 11:55:27 pm Accessibility scan for amtrakoig.gov took 0.30161213874817seconds.
2018:06:12 11:55:27 pm Accessibility scan for moneyfactorystore.gov took 0.23219990730286seconds.
2018:06:12 11:55:27 pm Accessibility scan for nisqually-nsn.gov took 0.00036787986755371seconds.
2018:06:12 11:55:27 pm Accessibility scan for ukb-nsn.gov took 0.00026106834411621seconds.
2018:06:12 11:55:27 pm Accessibility scan for indianaffairs.gov took 0.18106698989868seconds.
2018:06:12 11:55:27 pm Accessibility scan for science.gov took 0.20949292182922seconds.
2018:06:12 11:55:28 pm Accessibility scan for sandbox.gov took 0.17802405357361seconds.
2018:06:12 11:55:28 pm Accessibility scan for usaid.gov took 0.25853610038757seconds.
2018:06:12 11:55:28 pm Accessibility scan for fdicconnect.gov took 0.24967193603516seconds.
2018:06:12 11:55:28 pm Accessibility scan for savingsbond.gov took 0.18609595298767seconds.
2018:06:12 11:55:29 pm Accessibility scan for manufacturing.gov took 0.26764607429504seconds.
2018:06:12 11:55:29 pm Accessibility scan for federalreserve.gov took 0.22372698783875seconds.
2018:06:12 11:55:29 pm Accessibility scan for nmsc.gov took 0.22685098648071seconds.
2018:06:12 11:55:29 pm Accessibility scan for safeocs.gov took 0.3607919216156seconds.
2018:06:12 11:55:30 pm Accessibility scan for rcfl.gov took 0.26086902618408seconds.
2018:06:12 11:55:30 pm Accessibility scan for itap.gov took 0.25557494163513seconds.
2018:06:12 11:55:30 pm Accessibility scan for psa.gov took 0.26447606086731seconds.
2018:06:12 11:55:30 pm Accessibility scan for achp.gov took 0.14467906951904seconds.
2018:06:12 11:55:31 pm Accessibility scan for broadband.gov took 0.30515885353088seconds.
2018:06:12 11:55:31 pm Accessibility scan for healthfinder.gov took 0.31546306610107seconds.
2018:06:12 11:55:31 pm Accessibility scan for nnss.gov took 0.37189888954163seconds.
2018:06:12 11:55:32 pm Accessibility scan for employer.gov took 0.23875308036804seconds.
2018:06:12 11:55:32 pm Accessibility scan for mmc.gov took 0.1556510925293seconds.
2018:06:12 11:55:32 pm Accessibility scan for pascuayaqui-nsn.gov took 0.00025200843811035seconds.
2018:06:12 11:55:32 pm Accessibility scan for pmf.gov took 0.17540407180786seconds.
2018:06:12 11:55:32 pm Accessibility scan for buyusa.gov took 0.31731414794922seconds.
2018:06:12 11:55:32 pm Accessibility scan for godirect.gov took 0.20857191085815seconds.
2018:06:12 11:55:33 pm Accessibility scan for usbr.gov took 0.2124650478363seconds.
2018:06:12 11:55:33 pm Accessibility scan for middletownrancheria-nsn.gov took 0.00022482872009277seconds.
2018:06:12 11:55:33 pm Accessibility scan for fbiic.gov took 0.28384494781494seconds.
2018:06:12 11:55:33 pm Accessibility scan for lcacommons.gov took 0.33723115921021seconds.
2018:06:12 11:55:33 pm Accessibility scan for nbm.gov took 0.19062614440918seconds.
2018:06:12 11:55:34 pm Accessibility scan for usability.gov took 0.32406497001648seconds.
2018:06:12 11:55:34 pm Accessibility scan for firstnet.gov took 0.28123188018799seconds.
2018:06:12 11:55:34 pm Accessibility scan for nicic.gov took 0.2065589427948seconds.
2018:06:12 11:55:34 pm Accessibility scan for financialresearch.gov took 0.2157871723175seconds.
2018:06:12 11:55:35 pm Accessibility scan for sustainablecommunities.gov took 0.20864701271057seconds.
2018:06:12 11:55:35 pm Accessibility scan for vaccines.gov took 0.31744599342346seconds.
2018:06:12 11:55:35 pm Accessibility scan for noaa.gov took 0.21077990531921seconds.
2018:06:12 11:55:35 pm Accessibility scan for fdms.gov took 0.13076090812683seconds.
2018:06:12 11:55:36 pm Accessibility scan for stateoig.gov took 0.30144786834717seconds.
2018:06:12 11:55:36 pm Accessibility scan for ttb.gov took 0.19435596466064seconds.
2018:06:12 11:55:36 pm Accessibility scan for paskenta-nsn.gov took 0.00023102760314941seconds.
2018:06:12 11:55:36 pm Accessibility scan for fvap.gov took 0.23268508911133seconds.
2018:06:12 11:55:36 pm Accessibility scan for energy.gov took 0.17423892021179seconds.
2018:06:12 11:55:37 pm Accessibility scan for innovation.gov took 0.28410792350769seconds.
2018:06:12 11:55:37 pm Accessibility scan for americathebeautifulquarters.gov took 0.22881698608398seconds.
2018:06:12 11:55:37 pm Accessibility scan for getsmartaboutdrugs.gov took 0.19249892234802seconds.
2018:06:12 11:55:37 pm Accessibility scan for ferc.gov took 0.17545890808105seconds.
2018:06:12 11:55:37 pm Accessibility scan for cwc.gov took 0.16309094429016seconds.
2018:06:12 11:55:38 pm Accessibility scan for militaryconsumer.gov took 0.30744194984436seconds.
2018:06:12 11:55:38 pm Accessibility scan for drugabuse.gov took 0.27092790603638seconds.
2018:06:12 11:55:38 pm Accessibility scan for govloans.gov took 0.32628583908081seconds.
2018:06:12 11:55:38 pm Accessibility scan for cjis.gov took 0.30915212631226seconds.
2018:06:12 11:55:39 pm Accessibility scan for preserveamerica.gov took 0.38507890701294seconds.
2018:06:12 11:55:39 pm Accessibility scan for sandia.gov took 0.20128488540649seconds.
2018:06:12 11:55:39 pm Accessibility scan for sss.gov took 0.14662599563599seconds.
2018:06:12 11:55:40 pm Accessibility scan for listo.gov took 0.28762006759644seconds.
2018:06:12 11:55:40 pm Accessibility scan for secretservice.gov took 0.24493193626404seconds.
2018:06:12 11:55:40 pm Accessibility scan for nagb.gov took 0.26133513450623seconds.
2018:06:12 11:55:40 pm Accessibility scan for adlnet.gov took 0.2469789981842seconds.
2018:06:12 11:55:40 pm Accessibility scan for srpmic-nsn.gov took 0.00021791458129883seconds.
2018:06:12 11:55:41 pm Accessibility scan for crimevictims.gov took 0.25053787231445seconds.
2018:06:12 11:55:41 pm Accessibility scan for weather.gov took 0.26557612419128seconds.
2018:06:12 11:55:41 pm Accessibility scan for blm.gov took 0.25516104698181seconds.
2018:06:12 11:55:41 pm Accessibility scan for its.gov took 0.16239905357361seconds.
2018:06:12 11:55:41 pm Accessibility scan for safetyact.gov took 0.24639105796814seconds.
2018:06:12 11:55:42 pm Accessibility scan for drought.gov took 0.2109911441803seconds.
2018:06:12 11:55:42 pm Accessibility scan for doleta.gov took 0.24256896972656seconds.
2018:06:12 11:55:42 pm Accessibility scan for mojavedata.gov took 0.38321018218994seconds.
2018:06:12 11:55:42 pm Accessibility scan for pnnl.gov took 0.19506406784058seconds.
2018:06:12 11:55:43 pm Accessibility scan for niem.gov took 0.32767200469971seconds.
2018:06:12 11:55:43 pm Accessibility scan for bea.gov took 0.35074090957642seconds.
2018:06:12 11:55:43 pm Accessibility scan for census.gov took 0.17294907569885seconds.
2018:06:12 11:55:44 pm Accessibility scan for mbda.gov took 0.27908802032471seconds.
2018:06:12 11:55:44 pm Accessibility scan for coyotevalley-nsn.gov took 0.00022506713867188seconds.
2018:06:12 11:55:44 pm Accessibility scan for capitol.gov took 0.6477198600769seconds.
2018:06:12 11:55:45 pm Accessibility scan for healthdata.gov took 0.26975989341736seconds.
2018:06:12 11:55:45 pm Accessibility scan for pic.gov took 0.20085501670837seconds.
2018:06:12 11:55:45 pm Accessibility scan for epa.gov took 0.2698700428009seconds.
2018:06:12 11:55:45 pm Accessibility scan for acquisition.gov took 0.16860914230347seconds.
2018:06:12 11:55:45 pm Accessibility scan for rosebudsiouxtribe-nsn.gov took 0.00035715103149414seconds.
2018:06:12 11:55:45 pm Accessibility scan for papahanaumokuakea.gov took 0.22115516662598seconds.
2018:06:12 11:55:45 pm Accessibility scan for scc-nsn.gov took 0.00023889541625977seconds.
2018:06:12 11:55:46 pm Accessibility scan for broadbandmap.gov took 0.23168611526489seconds.
2018:06:12 11:55:46 pm Accessibility scan for esc.gov took 0.23516201972961seconds.
2018:06:12 11:55:46 pm Accessibility scan for bankanswers.gov took 0.30248880386353seconds.
2018:06:12 11:55:46 pm Accessibility scan for pretrialservices.gov took 0.27019000053406seconds.
2018:06:12 11:55:47 pm Accessibility scan for lbl.gov took 0.2046480178833seconds.
2018:06:12 11:55:47 pm Accessibility scan for nsep.gov took 0.31344795227051seconds.
2018:06:12 11:55:47 pm Accessibility scan for oea.gov took 0.17577695846558seconds.
2018:06:12 11:55:47 pm Accessibility scan for anl.gov took 0.16201591491699seconds.
2018:06:12 11:55:48 pm Accessibility scan for psc.gov took 0.22840714454651seconds.
2018:06:12 11:55:48 pm Accessibility scan for nwbc.gov took 0.26772999763489seconds.
2018:06:12 11:55:48 pm Accessibility scan for cahtotribe-nsn.gov took 0.00021195411682129seconds.
2018:06:12 11:55:48 pm Accessibility scan for history.gov took 0.32142305374146seconds.
2018:06:12 11:55:48 pm Accessibility scan for atfonline.gov took 0.15933108329773seconds.
2018:06:12 11:55:49 pm Accessibility scan for irs.gov took 0.56801009178162seconds.
2018:06:12 11:55:49 pm Accessibility scan for nixonlibrary.gov took 0.16132807731628seconds.
2018:06:12 11:55:49 pm Accessibility scan for ncrc.gov took 0.20369791984558seconds.
2018:06:12 11:55:49 pm Accessibility scan for sv-nsn.gov took 0.00032401084899902seconds.
2018:06:12 11:55:49 pm Accessibility scan for healthypeople.gov took 0.25247693061829seconds.
2018:06:12 11:55:50 pm Accessibility scan for fedinvest.gov took 0.23795104026794seconds.
2018:06:12 11:55:50 pm Accessibility scan for occ.gov took 0.17951512336731seconds.
2018:06:12 11:55:50 pm Accessibility scan for gsaig.gov took 0.22477102279663seconds.
2018:06:12 11:55:50 pm Accessibility scan for jacksonrancheria-nsn.gov took 0.00039005279541016seconds.
2018:06:12 11:55:50 pm Accessibility scan for ed.gov took 0.22952008247375seconds.
2018:06:12 11:55:50 pm Accessibility scan for wrp.gov took 0.16739892959595seconds.
2018:06:12 11:55:51 pm Accessibility scan for ftc.gov took 0.43056106567383seconds.
2018:06:12 11:55:51 pm Accessibility scan for heritageabroad.gov took 0.19440889358521seconds.
2018:06:12 11:55:51 pm Accessibility scan for utahfireinfo.gov took 0.20032906532288seconds.
2018:06:12 11:55:52 pm Accessibility scan for bia.gov took 0.25551319122314seconds.
2018:06:12 11:55:52 pm Accessibility scan for mymoney.gov took 0.22815489768982seconds.
2018:06:12 11:55:52 pm Accessibility scan for mrlc.gov took 0.18213295936584seconds.
2018:06:12 11:55:52 pm Accessibility scan for fleta.gov took 0.2290198802948seconds.
2018:06:12 11:55:52 pm Accessibility scan for itis.gov took 0.1952600479126seconds.
2018:06:12 11:55:52 pm Accessibility scan for lco-nsn.gov took 0.00046491622924805seconds.
2018:06:12 11:55:53 pm Accessibility scan for lacoast.gov took 0.40079402923584seconds.
2018:06:12 11:55:53 pm Accessibility scan for bls.gov took 0.22647404670715seconds.
2018:06:12 11:55:53 pm Accessibility scan for regulations.gov took 0.22309303283691seconds.
2018:06:12 11:55:53 pm Accessibility scan for pracomment.gov took 0.1306300163269seconds.
2018:06:12 11:55:54 pm Accessibility scan for pepfar.gov took 0.21776604652405seconds.
2018:06:12 11:55:54 pm Accessibility scan for fsrs.gov took 0.29513096809387seconds.
2018:06:12 11:55:54 pm Accessibility scan for jamesmadison.gov took 0.22966003417969seconds.
2018:06:12 11:55:54 pm Accessibility scan for economicinclusion.gov took 0.17667317390442seconds.
2018:06:12 11:55:55 pm Accessibility scan for veterans.gov took 0.26485991477966seconds.
2018:06:12 11:55:55 pm Accessibility scan for iad.gov took 0.3270001411438seconds.
2018:06:12 11:55:55 pm Accessibility scan for laguna-nsn.gov took 0.00023722648620605seconds.
2018:06:12 11:55:55 pm Accessibility scan for namus.gov took 0.21004104614258seconds.
2018:06:12 11:55:55 pm Accessibility scan for treasurydirect.gov took 0.31314516067505seconds.
2018:06:12 11:55:55 pm Accessibility scan for crit-nsn.gov took 0.0062191486358643seconds.
2018:06:12 11:55:56 pm Accessibility scan for fnal.gov took 0.32983994483948seconds.
2018:06:12 11:55:56 pm Accessibility scan for nrojr.gov took 0.38425588607788seconds.
2018:06:12 11:55:56 pm Accessibility scan for sbst.gov took 0.28020715713501seconds.
2018:06:12 11:55:57 pm Accessibility scan for fercalt.gov took 0.23340511322021seconds.
2018:06:12 11:55:57 pm Accessibility scan for nigc.gov took 0.31234097480774seconds.
2018:06:12 11:55:57 pm Accessibility scan for uscirf.gov took 0.32885980606079seconds.
2018:06:12 11:55:58 pm Accessibility scan for earthsystemprediction.gov took 0.25161504745483seconds.
2018:06:12 11:55:58 pm Accessibility scan for campusdrugprevention.gov took 0.19812393188477seconds.
2018:06:12 11:55:58 pm Accessibility scan for lps.gov took 0.15267992019653seconds.
2018:06:12 11:55:58 pm Accessibility scan for oversight.gov took 0.36804294586182seconds.
2018:06:12 11:55:58 pm Accessibility scan for treaslockbox.gov took 0.19776105880737seconds.
2018:06:12 11:55:59 pm Accessibility scan for dotgov.gov took 0.163498878479seconds.
2018:06:12 11:55:59 pm Accessibility scan for vef.gov took 0.27563214302063seconds.
2018:06:12 11:55:59 pm Accessibility scan for medlineplus.gov took 0.16995096206665seconds.
2018:06:12 11:55:59 pm Accessibility scan for ovc.gov took 0.28106212615967seconds.
2018:06:12 11:56:00 pm Accessibility scan for cpars.gov took 0.22020697593689seconds.
2018:06:12 11:56:00 pm Accessibility scan for 9-11commission.gov took 0.35594201087952seconds.
2018:06:12 11:56:00 pm Accessibility scan for gsaxcess.gov took 0.20097804069519seconds.
2018:06:12 11:56:00 pm Accessibility scan for arc.gov took 0.27098083496094seconds.
2018:06:12 11:56:01 pm Accessibility scan for nhl.gov took 0.15913391113281seconds.
2018:06:12 11:56:01 pm Accessibility scan for cybersecurity.gov took 0.17799592018127seconds.
2018:06:12 11:56:01 pm Accessibility scan for mgi.gov took 0.24703907966614seconds.
2018:06:12 11:56:01 pm Accessibility scan for fema.gov took 0.18916010856628seconds.
2018:06:12 11:56:01 pm Accessibility scan for fedpartnership.gov took 0.2075879573822seconds.
2018:06:12 11:56:02 pm Accessibility scan for deaecom.gov took 0.18067312240601seconds.
2018:06:12 11:56:02 pm Accessibility scan for ourdocuments.gov took 0.25406789779663seconds.
2018:06:12 11:56:02 pm Accessibility scan for marinecadastre.gov took 0.22149801254272seconds.
2018:06:12 11:56:02 pm Accessibility scan for nafri.gov took 0.31968593597412seconds.
2018:06:12 11:56:03 pm Accessibility scan for labor.gov took 0.26477122306824seconds.
2018:06:12 11:56:03 pm Accessibility scan for collegedrinkingprevention.gov took 0.1992518901825seconds.
2018:06:12 11:56:03 pm Accessibility scan for caddonation-nsn.gov took 0.00027084350585938seconds.
2018:06:12 11:56:03 pm Accessibility scan for opensource.gov took 0.15799307823181seconds.
2018:06:12 11:56:03 pm Accessibility scan for clinicaltrials.gov took 0.2991030216217seconds.
2018:06:12 11:56:03 pm Accessibility scan for osagecongress-nsn.gov took 0.00035786628723145seconds.
2018:06:12 11:56:04 pm Accessibility scan for sba.gov took 0.36882901191711seconds.
2018:06:12 11:56:04 pm Accessibility scan for cep.gov took 0.14794707298279seconds.
2018:06:12 11:56:04 pm Accessibility scan for uscis.gov took 0.33198094367981seconds.
2018:06:12 11:56:04 pm Accessibility scan for crhc-nsn.gov took 0.00020790100097656seconds.
2018:06:12 11:56:04 pm Accessibility scan for smokefree.gov took 0.19829916954041seconds.
2018:06:12 11:56:05 pm Accessibility scan for recoverymonth.gov took 0.21875715255737seconds.
2018:06:12 11:56:05 pm Accessibility scan for visitthecapitol.gov took 0.51480102539062seconds.
2018:06:12 11:56:05 pm Accessibility scan for alzheimers.gov took 0.33932614326477seconds.
2018:06:12 11:56:06 pm Accessibility scan for fletc.gov took 0.24498200416565seconds.
2018:06:12 11:56:06 pm Accessibility scan for consumer.gov took 0.29521799087524seconds.
2018:06:12 11:56:06 pm Accessibility scan for aff.gov took 0.2062680721283seconds.
2018:06:12 11:56:06 pm Accessibility scan for medalofvalor.gov took 0.15380191802979seconds.
2018:06:12 11:56:06 pm Accessibility scan for sno-nsn.gov took 0.00022196769714355seconds.
2018:06:12 11:56:07 pm Accessibility scan for anchorit.gov took 0.25655102729797seconds.
2018:06:12 11:56:07 pm Accessibility scan for uspsinnovates.gov took 0.22681903839111seconds.
2018:06:12 11:56:07 pm Accessibility scan for pawneenation-nsn.gov took 0.00027203559875488seconds.
2018:06:12 11:56:07 pm Accessibility scan for homesales.gov took 0.17096900939941seconds.
2018:06:12 11:56:07 pm Accessibility scan for fdicseguro.gov took 0.19606518745422seconds.
2018:06:12 11:56:07 pm Accessibility scan for fan.gov took 0.17839407920837seconds.
2018:06:12 11:56:08 pm Accessibility scan for df.gov took 0.2236909866333seconds.
2018:06:12 11:56:08 pm Accessibility scan for nfpors.gov took 0.22699999809265seconds.
2018:06:12 11:56:08 pm Accessibility scan for eklutna-nsn.gov took 0.00021195411682129seconds.
2018:06:12 11:56:08 pm Accessibility scan for rocis.gov took 0.16007995605469seconds.
2018:06:12 11:56:08 pm Accessibility scan for ccac.gov took 0.21037697792053seconds.
2018:06:12 11:56:08 pm Accessibility scan for nicsezcheckfbi.gov took 0.21491408348083seconds.
2018:06:12 11:56:09 pm Accessibility scan for fbi.gov took 0.26373600959778seconds.
2018:06:12 11:56:09 pm Accessibility scan for usmarshals.gov took 0.19651699066162seconds.
2018:06:12 11:56:09 pm Accessibility scan for hru.gov took 0.24496102333069seconds.
2018:06:12 11:56:09 pm Accessibility scan for makinghomeaffordable.gov took 0.34777092933655seconds.
2018:06:12 11:56:09 pm Accessibility scan for chippewacree-nsn.gov took 0.00037908554077148seconds.
2018:06:12 11:56:10 pm Accessibility scan for ffiec.gov took 0.20405387878418seconds.
2018:06:12 11:56:10 pm Accessibility scan for ihs.gov took 0.17056703567505seconds.
2018:06:12 11:56:10 pm Accessibility scan for computersforlearning.gov took 0.19979119300842seconds.
2018:06:12 11:56:10 pm Accessibility scan for inl.gov took 0.3481240272522seconds.
2018:06:12 11:56:11 pm Accessibility scan for fda.gov took 0.247239112854seconds.
2018:06:12 11:56:11 pm Accessibility scan for frpg.gov took 0.2809898853302seconds.
2018:06:12 11:56:11 pm Accessibility scan for donaciondeorganos.gov took 0.22718095779419seconds.
2018:06:12 11:56:11 pm Accessibility scan for pclob.gov took 0.3262300491333seconds.
2018:06:12 11:56:11 pm Accessibility scan for osagenation-nsn.gov took 0.00026607513427734seconds.
2018:06:12 11:56:12 pm Accessibility scan for dol.gov took 0.46924901008606seconds.
2018:06:12 11:56:12 pm Accessibility scan for tsa.gov took 0.26159286499023seconds.
2018:06:12 11:56:12 pm Accessibility scan for nersc.gov took 0.1901228427887seconds.
2018:06:12 11:56:13 pm Accessibility scan for g5.gov took 0.17231202125549seconds.
2018:06:12 11:56:13 pm Accessibility scan for jobcorps.gov took 0.30803799629211seconds.
2018:06:12 11:56:13 pm Accessibility scan for telework.gov took 0.28182411193848seconds.
2018:06:12 11:56:13 pm Accessibility scan for fws.gov took 0.20231008529663seconds.
2018:06:12 11:56:14 pm Accessibility scan for eac.gov took 0.39812994003296seconds.
2018:06:12 11:56:14 pm Accessibility scan for girlshealth.gov took 0.24270606040955seconds.
2018:06:12 11:56:14 pm Accessibility scan for shoalwaterbay-nsn.gov took 0.00029993057250977seconds.
2018:06:12 11:56:14 pm Accessibility scan for nitrd.gov took 0.25647902488708seconds.
2018:06:12 11:56:14 pm Accessibility scan for fincen.gov took 0.28469896316528seconds.
2018:06:12 11:56:15 pm Accessibility scan for fec.gov took 0.24841809272766seconds.
2018:06:12 11:56:15 pm Accessibility scan for climate.gov took 0.24983501434326seconds.
2018:06:12 11:56:15 pm Accessibility scan for usaspending.gov took 0.25768399238586seconds.
2018:06:12 11:56:16 pm Accessibility scan for eisenhowermemorial.gov took 0.25438690185547seconds.
2018:06:12 11:56:16 pm Accessibility scan for identitytheft.gov took 0.23204588890076seconds.
2018:06:12 11:56:16 pm Accessibility scan for bnl.gov took 0.29984188079834seconds.
2018:06:12 11:56:16 pm Accessibility scan for fmshrc.gov took 0.26897382736206seconds.
2018:06:12 11:56:17 pm Accessibility scan for symbols.gov took 0.24496102333069seconds.
2018:06:12 11:56:17 pm Accessibility scan for vote.gov took 0.19029307365417seconds.
2018:06:12 11:56:17 pm Accessibility scan for chcoc.gov took 0.26772689819336seconds.
2018:06:12 11:56:17 pm Accessibility scan for fhfaoig.gov took 0.29130601882935seconds.
2018:06:12 11:56:17 pm Accessibility scan for yakamanation-nsn.gov took 0.00036120414733887seconds.
2018:06:12 11:56:18 pm Accessibility scan for geomac.gov took 0.22734093666077seconds.
2018:06:12 11:56:18 pm Accessibility scan for cuidadodesalud.gov took 0.24842691421509seconds.
2018:06:12 11:56:18 pm Accessibility scan for hirevets.gov took 0.33092498779297seconds.
2018:06:12 11:56:18 pm Accessibility scan for globalchange.gov took 0.22546887397766seconds.
2018:06:12 11:56:19 pm Accessibility scan for lsc.gov took 0.29257106781006seconds.
2018:06:12 11:56:19 pm Accessibility scan for smartgrid.gov took 0.35951113700867seconds.
2018:06:12 11:56:19 pm Accessibility scan for wiltonrancheria-nsn.gov took 0.00038003921508789seconds.
2018:06:12 11:56:19 pm Accessibility scan for eyenote.gov took 0.20179915428162seconds.
2018:06:12 11:56:19 pm Accessibility scan for ahrq.gov took 0.27917885780334seconds.
2018:06:12 11:56:20 pm Accessibility scan for ssab.gov took 0.29510903358459seconds.
2018:06:12 11:56:20 pm Accessibility scan for mcn-nsn.gov took 0.00036716461181641seconds.
2018:06:12 11:56:20 pm Accessibility scan for usda.gov took 0.190505027771seconds.
2018:06:12 11:56:20 pm Accessibility scan for ready.gov took 0.26832222938538seconds.
2018:06:12 11:56:20 pm Accessibility scan for jccs.gov took 0.15691709518433seconds.
2018:06:12 11:56:21 pm Accessibility scan for bosque.gov took 0.29701805114746seconds.
2018:06:12 11:56:21 pm Accessibility scan for nutrition.gov took 0.25767707824707seconds.
2018:06:12 11:56:21 pm Accessibility scan for mashpeewampanoagtribe-nsn.gov took 0.00022101402282715seconds.
2018:06:12 11:56:21 pm Accessibility scan for srs.gov took 0.13553690910339seconds.
2018:06:12 11:56:21 pm Accessibility scan for ethicsburg.gov took 0.19560384750366seconds.
2018:06:12 11:56:21 pm Accessibility scan for samhsa.gov took 0.15732908248901seconds.
2018:06:12 11:56:22 pm Accessibility scan for helpwithmybank.gov took 0.32118201255798seconds.
2018:06:12 11:56:22 pm Accessibility scan for smartcheck.gov took 0.19700622558594seconds.
2018:06:12 11:56:22 pm Accessibility scan for stopbullying.gov took 0.22895193099976seconds.
2018:06:12 11:56:22 pm Accessibility scan for tulaliptribes-nsn.gov took 0.00036191940307617seconds.
2018:06:12 11:56:22 pm Accessibility scan for fdic.gov took 0.13910794258118seconds.
2018:06:12 11:56:23 pm Accessibility scan for usembassy.gov took 0.35516309738159seconds.
2018:06:12 11:56:23 pm Accessibility scan for sciencebase.gov took 0.20768880844116seconds.
2018:06:12 11:56:23 pm Accessibility scan for coralreef.gov took 0.23444485664368seconds.
2018:06:12 11:56:23 pm Accessibility scan for pppl.gov took 0.24116706848145seconds.
2018:06:12 11:56:24 pm Accessibility scan for crt2014-2024review.gov took 0.16797399520874seconds.
2018:06:12 11:56:24 pm Accessibility scan for fbijobs.gov took 0.28481316566467seconds.
2018:06:12 11:56:24 pm Accessibility scan for moneyfactory.gov took 0.19229793548584seconds.
2018:06:12 11:56:24 pm Accessibility scan for empowhr.gov took 0.23275780677795seconds.
2018:06:12 11:56:24 pm Accessibility scan for ice.gov took 0.18720388412476seconds.
2018:06:12 11:56:25 pm Accessibility scan for usdebitcard.gov took 0.16451907157898seconds.
2018:06:12 11:56:25 pm Accessibility scan for nwtrb.gov took 0.19058418273926seconds.
2018:06:12 11:56:25 pm Accessibility scan for acl.gov took 0.30854988098145seconds.
2018:06:12 11:56:25 pm Accessibility scan for safecom.gov took 0.14772295951843seconds.
2018:06:12 11:56:25 pm Accessibility scan for intelligencecareers.gov took 0.22386598587036seconds.
2018:06:12 11:56:26 pm Accessibility scan for consumersentinel.gov took 0.22710609436035seconds.
2018:06:12 11:56:26 pm Accessibility scan for nehrp.gov took 0.19892978668213seconds.
2018:06:12 11:56:26 pm Accessibility scan for opm.gov took 0.18082499504089seconds.
2018:06:12 11:56:26 pm Accessibility scan for consumidor.gov took 0.31696105003357seconds.
2018:06:12 11:56:27 pm Accessibility scan for helpwithmymortgage.gov took 0.29042816162109seconds.
2018:06:12 11:56:27 pm Accessibility scan for fca.gov took 0.21708011627197seconds.
2018:06:12 11:56:27 pm Accessibility scan for cfa.gov took 0.30112099647522seconds.
2018:06:12 11:56:27 pm Accessibility scan for digitaldashboard.gov took 0.15741586685181seconds.
2018:06:12 11:56:28 pm Accessibility scan for eia.gov took 0.23212599754333seconds.
2018:06:12 11:56:28 pm Accessibility scan for nrel.gov took 0.21065092086792seconds.
2018:06:12 11:56:28 pm Accessibility scan for nano.gov took 0.24274611473083seconds.
2018:06:12 11:56:28 pm Accessibility scan for youthrules.gov took 0.2156388759613seconds.
2018:06:12 11:56:29 pm Accessibility scan for swpa.gov took 0.25934791564941seconds.
2018:06:12 11:56:29 pm Accessibility scan for eyak-nsn.gov took 0.00023102760314941seconds.
2018:06:12 11:56:29 pm Accessibility scan for frtib.gov took 0.26672601699829seconds.
2018:06:12 11:56:29 pm Accessibility scan for nationalgangcenter.gov took 0.23065710067749seconds.
2018:06:12 11:56:29 pm Accessibility scan for fai.gov took 0.22053909301758seconds.
2018:06:12 11:56:29 pm Accessibility scan for citizenscience.gov took 0.14789390563965seconds.
2018:06:12 11:56:30 pm Accessibility scan for search.gov took 0.26998400688171seconds.
2018:06:12 11:56:30 pm Accessibility scan for federalinvestments.gov took 0.28983807563782seconds.
2018:06:12 11:56:30 pm Accessibility scan for dsac.gov took 0.15946388244629seconds.
2018:06:12 11:56:30 pm Accessibility scan for oge.gov took 0.17623400688171seconds.
2018:06:12 11:56:31 pm Accessibility scan for ojp.gov took 0.2470281124115seconds.
2018:06:12 11:56:31 pm Accessibility scan for tonation-nsn.gov took 0.00024294853210449seconds.
2018:06:12 11:56:31 pm Accessibility scan for iawg.gov took 0.22482681274414seconds.
2018:06:12 11:56:31 pm Accessibility scan for us-cert.gov took 0.21819686889648seconds.
2018:06:12 11:56:31 pm Accessibility scan for unlocktalent.gov took 0.28116893768311seconds.
2018:06:12 11:56:31 pm Accessibility scan for osac.gov took 0.25874996185303seconds.
2018:06:12 11:56:32 pm Accessibility scan for onrr.gov took 0.30527710914612seconds.
2018:06:12 11:56:32 pm Accessibility scan for macpac.gov took 0.19616007804871seconds.
2018:06:12 11:56:32 pm Accessibility scan for hrsa.gov took 0.21777009963989seconds.
2018:06:12 11:56:32 pm Accessibility scan for 911commission.gov took 0.20107007026672seconds.
2018:06:12 11:56:33 pm Accessibility scan for ftcefile.gov took 0.23084807395935seconds.
2018:06:12 11:56:33 pm Accessibility scan for osmre.gov took 0.26757287979126seconds.
2018:06:12 11:56:33 pm Accessibility scan for treasuryscams.gov took 0.20597100257874seconds.
2018:06:12 11:56:33 pm Accessibility scan for nrc.gov took 0.183434009552seconds.
2018:06:12 11:56:33 pm Accessibility scan for srmt-nsn.gov took 0.00031900405883789seconds.
2018:06:12 11:56:34 pm Accessibility scan for landimaging.gov took 0.23398303985596seconds.
2018:06:12 11:56:34 pm Accessibility scan for ssa.gov took 0.25936198234558seconds.
2018:06:12 11:56:34 pm Accessibility scan for fueleconomy.gov took 0.186448097229seconds.
2018:06:12 11:56:34 pm Accessibility scan for scijinks.gov took 0.18905901908875seconds.
2018:06:12 11:56:34 pm Accessibility scan for agingstats.gov took 0.26226592063904seconds.
2018:06:12 11:56:35 pm Accessibility scan for sji.gov took 0.36760306358337seconds.
2018:06:12 11:56:35 pm Accessibility scan for usphs.gov took 0.19241499900818seconds.
2018:06:12 11:56:35 pm Accessibility scan for alaskacenters.gov took 0.20249199867249seconds.
2018:06:12 11:56:35 pm Accessibility scan for usastaffing.gov took 0.19935512542725seconds.
2018:06:12 11:56:36 pm Accessibility scan for fhfa.gov took 0.21616506576538seconds.
2018:06:12 11:56:36 pm Accessibility scan for 2020census.gov took 0.22862601280212seconds.
2018:06:12 11:56:36 pm Accessibility scan for pmi.gov took 0.17663097381592seconds.
2018:06:12 11:56:36 pm Accessibility scan for isotopes.gov took 0.1788170337677seconds.
2018:06:12 11:56:36 pm Accessibility scan for 911.gov took 0.21267294883728seconds.
2018:06:12 11:56:37 pm Accessibility scan for boem.gov took 0.31659698486328seconds.
2018:06:12 11:56:37 pm Accessibility scan for ic3.gov took 0.29792785644531seconds.
2018:06:12 11:56:37 pm Accessibility scan for fcc.gov took 0.17367601394653seconds.
2018:06:12 11:56:37 pm Accessibility scan for myira.gov took 0.20285987854004seconds.
2018:06:12 11:56:38 pm Accessibility scan for tax.gov took 0.21046090126038seconds.
2018:06:12 11:56:38 pm Accessibility scan for govbenefits.gov took 0.25588893890381seconds.
2018:06:12 11:56:38 pm Accessibility scan for hopi-nsn.gov took 0.00037717819213867seconds.
2018:06:12 11:56:38 pm Accessibility scan for menominee-nsn.gov took 0.00032401084899902seconds.
2018:06:12 11:56:38 pm Accessibility scan for nationalbankhelp.gov took 0.26321196556091seconds.
2018:06:12 11:56:38 pm Accessibility scan for trade.gov took 0.29542589187622seconds.
2018:06:12 11:56:39 pm Accessibility scan for osti.gov took 0.25579595565796seconds.
2018:06:12 11:56:39 pm Accessibility scan for grantsolutions.gov took 0.22691011428833seconds.
2018:06:12 11:56:39 pm Accessibility scan for usich.gov took 0.29121780395508seconds.
2018:06:12 11:56:39 pm Accessibility scan for sacandfoxnation-nsn.gov took 0.00038695335388184seconds.
2018:06:12 11:56:39 pm Accessibility scan for sanmanuel-nsn.gov took 0.00025701522827148seconds.
2018:06:12 11:56:39 pm Accessibility scan for oneida-nsn.gov took 0.00027298927307129seconds.
2018:06:12 11:56:39 pm Accessibility scan for cio.gov took 0.24301099777222seconds.
2018:06:12 11:56:40 pm Accessibility scan for helpwithmycheckingaccount.gov took 0.36761093139648seconds.
2018:06:12 11:56:40 pm Accessibility scan for bankcustomer.gov took 0.19623899459839seconds.
2018:06:12 11:56:40 pm Accessibility scan for youth.gov took 0.16646385192871seconds.
2018:06:12 11:56:40 pm Accessibility scan for eta-find.gov took 0.21201086044312seconds.
2018:06:12 11:56:41 pm Accessibility scan for presidio.gov took 0.32456803321838seconds.
2018:06:12 11:56:41 pm Accessibility scan for comptrollerofthecurrency.gov took 0.2795250415802seconds.
2018:06:12 11:56:41 pm Accessibility scan for docline.gov took 0.23290801048279seconds.
2018:06:12 11:56:41 pm Accessibility scan for data.gov took 0.19506502151489seconds.
2018:06:12 11:56:42 pm Accessibility scan for realestatesales.gov took 0.31329393386841seconds.
2018:06:12 11:56:42 pm Accessibility scan for uppersiouxcommunity-nsn.gov took 0.00023794174194336seconds.
2018:06:12 11:56:42 pm Accessibility scan for watermonitor.gov took 0.22211289405823seconds.
2018:06:12 11:56:42 pm Accessibility scan for performance.gov took 0.222825050354seconds.
2018:06:12 11:56:42 pm Accessibility scan for nsopw.gov took 0.2195611000061seconds.
2018:06:12 11:56:43 pm Accessibility scan for hanford.gov took 0.18367409706116seconds.
2018:06:12 11:56:43 pm Accessibility Scans for all domains is finished.
2018:06:12 11:56:43 pm Running Technology Scan for site 18f.gov
2018:06:12 11:56:51 pm 
Start Domain and SSL Scan for 18f.gov
2018:06:12 11:56:56 pm Executed Command ' dig 18f.gov +short ' Successfully
2018:06:12 11:56:56 pm Executed Command ' dig 18f.gov +short ' Successfully
2018:06:12 11:57:07 pm Command dig +dnssec 18f.gov @8.8.8.8|grep -i 'rrsig' Failed
2018:06:12 11:57:07 pm Executed Command ' nslookup -q=aaaa 18f.gov ' Successfully
2018:06:12 11:57:07 pm Executed Command ' dig AAAA +short 18f.gov ' Successfully
2018:06:12 11:57:12 pm 
Start HTTPS and DAP Scan 18f.gov
2018:06:12 11:58:05 pm Running Technology Scan for site 9-11commission.gov
2018:06:12 11:58:09 pm 
Start Domain and SSL Scan for 9-11commission.gov
2018:06:12 11:58:15 pm Executed Command ' dig 9-11commission.gov +short ' Successfully
2018:06:12 11:58:15 pm Executed Command ' dig 9-11commission.gov +short ' Successfully
2018:06:12 11:58:24 pm Executed Command ' dig +dnssec 9-11commission.gov @8.8.8.8|grep -i 'rrsig' ' Successfully
2018:06:12 11:58:24 pm Executed Command ' nslookup -q=aaaa 9-11commission.gov ' Successfully
2018:06:12 11:58:24 pm Executed Command ' dig AAAA +short 9-11commission.gov ' Successfully
2018:06:12 11:58:25 pm 
Start HTTPS and DAP Scan 9-11commission.gov
2018:06:12 11:58:34 pm Running Technology Scan for site 911.gov
2018:06:12 11:58:40 pm 
Start Domain and SSL Scan for 911.gov
2018:06:12 11:58:46 pm Executed Command ' dig 911.gov +short ' Successfully
2018:06:12 11:58:47 pm Executed Command ' dig 911.gov +short ' Successfully
2018:06:12 11:58:56 pm Executed Command ' dig +dnssec 911.gov @8.8.8.8|grep -i 'rrsig' ' Successfully
2018:06:12 11:58:56 pm Executed Command ' nslookup -q=aaaa 911.gov ' Successfully
2018:06:12 11:58:56 pm Executed Command ' dig AAAA +short 911.gov ' Successfully
2018:06:12 11:58:56 pm 
Start HTTPS and DAP Scan 911.gov
2018:06:12 11:59:34 pm Running Technology Scan for site 911commission.gov
2018:06:12 11:59:38 pm 
Start Domain and SSL Scan for 911commission.gov
2018:06:12 11:59:44 pm Executed Command ' dig 911commission.gov +short ' Successfully
2018:06:12 11:59:44 pm Executed Command ' dig 911commission.gov +short ' Successfully
2018:06:12 11:59:53 pm Executed Command ' dig +dnssec 911commission.gov @8.8.8.8|grep -i 'rrsig' ' Successfully
2018:06:12 11:59:53 pm Executed Command ' nslookup -q=aaaa 911commission.gov ' Successfully
2018:06:12 11:59:54 pm Executed Command ' dig AAAA +short 911commission.gov ' Successfully
2018:06:12 11:59:54 pm 
Start HTTPS and DAP Scan 911commission.gov
