2018:06:07 11:38:54 am Get Latest Websites and data from Pulse

2018:06:07 11:38:54 am Starting Scan
2018:06:07 11:38:54 am Collecting HTTPS and DAP data from Pulse
2018:06:07 11:38:54 am Running Technology Scan for site acf.gov
2018:06:07 11:41:07 am Running Technology Scan for site adf.gov
2018:06:07 11:41:15 am Running Technology Scan for site adr.gov
2018:06:07 11:41:23 am Running Technology Scan for site aff.gov
2018:06:07 11:41:27 am Running Technology Scan for site afrh.gov
2018:06:07 11:41:35 am Running Technology Scan for site afterschool.gov
2018:06:07 11:43:50 am Running Technology Scan for site aids.gov
2018:06:07 11:44:02 am Running Technology Scan for site altusandc.gov
2018:06:07 11:46:13 am Running Technology Scan for site amberalert.gov
2018:06:07 11:46:17 am Running Technology Scan for site ameslab.gov
2018:06:07 11:46:36 am Running Technology Scan for site anl.gov
2018:06:07 11:47:09 am Running Technology Scan for site ap.gov
2018:06:07 11:50:23 am Running Technology Scan for site ars-grin.gov
2018:06:07 11:50:27 am Running Technology Scan for site askkaren.gov
2018:06:07 11:50:32 am Running Technology Scan for site bankruptcy.gov
2018:06:07 11:50:37 am Running Technology Scan for site bats.gov
2018:06:07 11:52:47 am Running Technology Scan for site betobaccofree.gov
2018:06:07 11:52:58 am Running Technology Scan for site bfem.gov
2018:06:07 11:53:03 am Running Technology Scan for site bioethics.gov
2018:06:07 11:53:07 am Running Technology Scan for site bja.gov
2018:06:07 11:53:13 am Running Technology Scan for site bldrdoc.gov
2018:06:07 11:53:17 am Running Technology Scan for site boemre.gov
2018:06:07 11:53:20 am Running Technology Scan for site bop.gov
2018:06:07 11:53:27 am Running Technology Scan for site brc.gov
2018:06:07 11:53:30 am Running Technology Scan for site bts.gov
2018:06:07 11:53:34 am Running Technology Scan for site budget.gov
2018:06:07 11:53:43 am Running Technology Scan for site buildingamerica.gov
2018:06:07 11:54:37 am Running Technology Scan for site business.gov
2018:06:07 11:54:42 am Running Technology Scan for site cap.gov
2018:06:07 11:56:38 am Running Technology Scan for site cbonews.gov
2018:06:07 11:58:49 am Running Technology Scan for site ccac.gov
2018:06:07 11:58:58 am Running Technology Scan for site cebaf.gov
2018:06:07 11:59:02 am Running Technology Scan for site cendi.gov
2018:06:07 11:59:13 am Running Technology Scan for site cfoc.gov
2018:06:07 11:59:17 am Running Technology Scan for site changeofaddress.gov
2018:06:07 11:59:21 am Running Technology Scan for site childreninadversity.gov
2018:06:07 11:59:30 am Running Technology Scan for site cjis.gov
2018:06:07 11:59:34 am Running Technology Scan for site cmts.gov
2018:06:07 11:59:37 am Running Technology Scan for site cnss.gov
2018:06:07 11:59:42 am Running Technology Scan for site commerce.gov
2018:06:07 12:00:56 pm Running Technology Scan for site complaintreferralexpress.gov
2018:06:07 12:01:01 pm Running Technology Scan for site consumerfinancialprotectionbureau.gov
2018:06:07 12:03:13 pm Running Technology Scan for site cpars.gov
2018:06:07 12:03:17 pm Running Technology Scan for site cpnireporting.gov
2018:06:07 12:03:25 pm Running Technology Scan for site crt2014-2024review.gov
2018:06:07 12:03:52 pm Running Technology Scan for site csosa.fed.us
2018:06:07 12:03:56 pm Running Technology Scan for site csosa.gov
2018:06:07 12:06:06 pm Running Technology Scan for site ctoc.gov
2018:06:07 12:08:17 pm Running Technology Scan for site cwc.gov
2018:06:07 12:10:28 pm Running Technology Scan for site data.gov
2018:06:07 12:12:39 pm Running Technology Scan for site dc3on.gov
2018:06:07 12:13:01 pm Running Technology Scan for site deaecom.gov
2018:06:07 12:13:04 pm Running Technology Scan for site dfafacts.gov
2018:06:07 12:15:18 pm Running Technology Scan for site dhhs.gov
2018:06:07 12:15:24 pm Running Technology Scan for site directoasucuenta.gov
2018:06:07 12:15:31 pm Running Technology Scan for site disability.gov
2018:06:07 12:15:36 pm Running Technology Scan for site disasterhousing.gov
2018:06:07 12:16:23 pm Running Technology Scan for site dnfsb.gov
2018:06:07 12:16:29 pm Running Technology Scan for site dod.gov
2018:06:07 12:16:38 pm Running Technology Scan for site doe.gov
2018:06:07 12:16:43 pm Running Technology Scan for site doioig.gov
2018:06:07 12:16:47 pm Running Technology Scan for site dotideahub.gov
2018:06:07 12:17:07 pm Running Technology Scan for site eaglecash.gov
2018:06:07 12:17:16 pm Running Technology Scan for site empowhr.gov
2018:06:07 12:17:24 pm Running Technology Scan for site energy.gov
2018:06:07 12:17:37 pm Running Technology Scan for site energysaver.gov
2018:06:07 12:17:58 pm Running Technology Scan for site epic.gov
2018:06:07 12:18:07 pm Running Technology Scan for site eseclab.gov
2018:06:07 12:20:41 pm Running Technology Scan for site ethicsburg.gov
2018:06:07 12:20:46 pm Running Technology Scan for site evus.gov
2018:06:07 12:20:50 pm Running Technology Scan for site exim.gov
2018:06:07 12:20:53 pm Running Technology Scan for site exploretsp.gov
2018:06:07 12:21:40 pm Running Technology Scan for site export.gov
2018:06:07 12:21:47 pm Running Technology Scan for site faa.gov
2018:06:07 12:21:50 pm Running Technology Scan for site fan.gov
2018:06:07 12:21:55 pm Running Technology Scan for site fapiis.gov
2018:06:07 12:22:00 pm Running Technology Scan for site fatherhood.gov
2018:06:07 12:22:09 pm Running Technology Scan for site fccuniversity.gov
2018:06:07 12:22:13 pm Running Technology Scan for site fcg.gov
2018:06:07 12:22:16 pm Running Technology Scan for site fcic.gov
2018:06:07 12:22:21 pm Running Technology Scan for site fda.gov
2018:06:07 12:22:24 pm Running Technology Scan for site fdic.gov
2018:06:07 12:22:28 pm Running Technology Scan for site fdicconnect.gov
2018:06:07 12:22:33 pm Running Technology Scan for site fdicseguro.gov
2018:06:07 12:22:37 pm Running Technology Scan for site federalcourts.gov
2018:06:07 12:22:46 pm Running Technology Scan for site federalprobation.gov
2018:06:07 12:22:52 pm Running Technology Scan for site federalreserveconsumerhelp.gov
2018:06:07 12:22:56 pm Running Technology Scan for site federalrules.gov
2018:06:07 12:22:59 pm Running Technology Scan for site fedidcard.gov
2018:06:07 12:25:12 pm Running Technology Scan for site fedpartnership.gov
2018:06:07 12:25:16 pm Running Technology Scan for site feedthefuture.gov
2018:06:07 12:25:20 pm Running Technology Scan for site ffiec.gov
2018:06:07 12:25:25 pm Running Technology Scan for site fha.gov
2018:06:07 12:26:10 pm Running Technology Scan for site fhfa.gov
2018:06:07 12:26:14 pm Running Technology Scan for site firecode.gov
2018:06:07 12:28:24 pm Running Technology Scan for site firenet.gov
2018:06:07 12:28:27 pm Running Technology Scan for site firescience.gov
2018:06:07 12:30:40 pm Running Technology Scan for site fishwatch.gov
2018:06:07 12:31:05 pm Running Technology Scan for site flightschoolcandidates.gov
2018:06:07 12:31:15 pm Running Technology Scan for site flu.gov
2018:06:07 12:31:39 pm Running Technology Scan for site fmi.gov
2018:06:07 12:31:45 pm Running Technology Scan for site forfeiture.gov
2018:06:07 12:31:50 pm Running Technology Scan for site freshempire.gov
2018:06:07 12:32:00 pm Running Technology Scan for site fs.fed.us
2018:06:07 12:32:04 pm Running Technology Scan for site fsapubs.gov
2018:06:07 12:32:59 pm Running Technology Scan for site fws.gov
2018:06:07 12:33:04 pm Running Technology Scan for site gcdamp.gov
2018:06:07 12:33:35 pm Running Technology Scan for site georgewbushlibrary.gov
2018:06:07 12:33:40 pm Running Technology Scan for site getyouhome.gov
2018:06:07 12:33:43 pm Running Technology Scan for site globalhealth.gov
2018:06:07 12:33:52 pm Running Technology Scan for site golearn.gov
2018:06:07 12:33:56 pm Running Technology Scan for site govbenefits.gov
2018:06:07 12:33:59 pm Running Technology Scan for site govsales.gov
2018:06:07 12:34:03 pm Running Technology Scan for site green.gov
2018:06:07 12:34:28 pm Running Technology Scan for site guidelines.gov
2018:06:07 12:34:34 pm Running Technology Scan for site gwa.gov
2018:06:07 12:35:13 pm Running Technology Scan for site hanford.gov
2018:06:07 12:35:23 pm Running Technology Scan for site highperformancebuildings.gov
2018:06:07 12:36:06 pm Running Technology Scan for site history.gov
2018:06:07 12:36:10 pm Running Technology Scan for site housecommunications.gov
2018:06:07 12:36:15 pm Running Technology Scan for site housenewsletters.gov
2018:06:07 12:36:19 pm Running Technology Scan for site hudoig.gov
2018:06:07 12:37:05 pm Running Technology Scan for site iad.gov
2018:06:07 12:37:10 pm Running Technology Scan for site iaf.gov
2018:06:07 12:37:18 pm Running Technology Scan for site iat.gov
2018:06:07 12:37:21 pm Running Technology Scan for site ic3.gov
2018:06:07 12:37:27 pm Running Technology Scan for site icass.gov
2018:06:07 12:37:31 pm Running Technology Scan for site icbemp.gov
2018:06:07 12:37:36 pm Running Technology Scan for site idealab.gov
2018:06:07 12:37:44 pm Running Technology Scan for site identitytheft.gov
2018:06:07 12:37:53 pm Running Technology Scan for site idmanagement.gov
2018:06:07 12:37:58 pm Running Technology Scan for site idtheft.gov
2018:06:07 12:38:02 pm Running Technology Scan for site ignet.gov
2018:06:07 12:39:11 pm Running Technology Scan for site ihs.gov
2018:06:07 12:39:24 pm Running Technology Scan for site imls.gov
2018:06:07 12:39:32 pm Running Technology Scan for site indianaffairs.gov
2018:06:07 12:39:37 pm Running Technology Scan for site inel.gov
2018:06:07 12:39:59 pm Running Technology Scan for site intelink.gov
2018:06:07 12:40:03 pm Running Technology Scan for site ioss.gov
2018:06:07 12:40:06 pm Running Technology Scan for site ipac.gov
2018:06:07 12:40:27 pm Running Technology Scan for site ipm.gov
2018:06:07 12:40:32 pm Running Technology Scan for site isitdoneyet.gov
2018:06:07 12:40:39 pm Running Technology Scan for site itap.gov
2018:06:07 12:40:47 pm Running Technology Scan for site itrd.gov
2018:06:07 12:40:59 pm Running Technology Scan for site jccs.gov
2018:06:07 12:41:03 pm Running Technology Scan for site judicialconference.gov
2018:06:07 12:41:07 pm Running Technology Scan for site juvenilecouncil.gov
2018:06:07 12:41:10 pm Running Technology Scan for site learnatf.gov
2018:06:07 12:41:14 pm Running Technology Scan for site letgirlslearn.gov
2018:06:07 12:41:23 pm Running Technology Scan for site lmrcouncil.gov
2018:06:07 12:41:27 pm Running Technology Scan for site longtermcare.gov
2018:06:07 12:41:53 pm Running Technology Scan for site lps.gov
2018:06:07 12:42:00 pm Running Technology Scan for site mail.gov
2018:06:07 12:42:04 pm Running Technology Scan for site majoritywhip.gov
2018:06:07 12:42:15 pm Running Technology Scan for site marinecadastre.gov
2018:06:07 12:43:04 pm Running Technology Scan for site medalofvalor.gov
2018:06:07 12:43:09 pm Running Technology Scan for site mitigationcommission.gov
2018:06:07 12:43:14 pm Running Technology Scan for site mrlc.gov
2018:06:07 12:43:18 pm Running Technology Scan for site msha.gov
2018:06:07 12:43:21 pm Running Technology Scan for site mycreditunion.gov
2018:06:07 12:43:24 pm Running Technology Scan for site myira.gov
2018:06:07 12:43:31 pm Running Technology Scan for site nationalbank.gov
2018:06:07 12:43:39 pm Running Technology Scan for site nationalhousing.gov
2018:06:07 12:44:24 pm Running Technology Scan for site nationalhousinglocator.gov
2018:06:07 12:45:10 pm Running Technology Scan for site nbc.gov
2018:06:07 12:45:15 pm Running Technology Scan for site ncd.gov
2018:06:07 12:45:18 pm Running Technology Scan for site ncix.gov
2018:06:07 12:45:23 pm Running Technology Scan for site ncpc.gov
2018:06:07 12:45:27 pm Running Technology Scan for site ncua.gov
2018:06:07 12:45:30 pm Running Technology Scan for site neglecteddiseases.gov
2018:06:07 12:45:42 pm Running Technology Scan for site nel.gov
2018:06:07 12:45:48 pm Running Technology Scan for site nhl.gov
2018:06:07 12:46:33 pm Running Technology Scan for site niosh.gov
2018:06:07 12:46:36 pm Running Technology Scan for site nls.gov
2018:06:07 12:47:22 pm Running Technology Scan for site nmb.gov
2018:06:07 12:47:26 pm Running Technology Scan for site nmcourt.fed.us
2018:06:07 12:47:30 pm Running Technology Scan for site nmsc.gov
2018:06:07 12:48:20 pm Running Technology Scan for site nrc.gov
2018:06:07 12:48:23 pm Running Technology Scan for site nsopr.gov
2018:06:07 12:48:29 pm Running Technology Scan for site ntsb.gov
2018:06:07 12:48:33 pm Running Technology Scan for site nutritionevidencelibrary.gov
2018:06:07 12:48:37 pm Running Technology Scan for site nvtc.gov
2018:06:07 12:48:45 pm Running Technology Scan for site nwbc.gov
2018:06:07 12:48:52 pm Running Technology Scan for site nwcg.gov
2018:06:07 12:48:55 pm Running Technology Scan for site ofcm.gov
2018:06:07 12:48:59 pm Running Technology Scan for site osac.gov
2018:06:07 12:49:38 pm Running Technology Scan for site ostp.gov
2018:06:07 12:49:46 pm Running Technology Scan for site papahanaumokuakea.gov
2018:06:07 12:50:15 pm Running Technology Scan for site patriotbonds.gov
2018:06:07 12:50:36 pm Running Technology Scan for site pentagon.gov
2018:06:07 12:50:47 pm Running Technology Scan for site pic.gov
2018:06:07 12:50:53 pm Running Technology Scan for site pmi.gov
2018:06:07 12:51:03 pm Running Technology Scan for site pnl.gov
2018:06:07 12:51:12 pm Running Technology Scan for site postoffice.gov
2018:06:07 12:51:17 pm Running Technology Scan for site ppirs.gov
2018:06:07 12:51:20 pm Running Technology Scan for site pppl.gov
2018:06:07 12:53:35 pm Running Technology Scan for site pracomment.gov
2018:06:07 12:53:38 pm Running Technology Scan for site pretrialservices.gov
2018:06:07 12:55:49 pm Running Technology Scan for site privacyshield.gov
2018:06:07 12:55:58 pm Running Technology Scan for site projectsafeneighborhoods.gov
2018:06:07 12:56:02 pm Running Technology Scan for site protectyourmove.gov
2018:06:07 12:56:06 pm Running Technology Scan for site psa.gov
2018:06:07 12:58:17 pm Running Technology Scan for site ptf.gov
2018:06:07 12:58:21 pm Running Technology Scan for site pubmed.gov
2018:06:07 12:59:01 pm Running Technology Scan for site qatesttwai.gov
2018:06:07 12:59:10 pm Running Technology Scan for site reo.gov
2018:06:07 01:01:21 pm Running Technology Scan for site republicans.gov
2018:06:07 01:01:24 pm Running Technology Scan for site rivers.gov
2018:06:07 01:01:28 pm Running Technology Scan for site robodeidentidad.gov
2018:06:07 01:01:36 pm Running Technology Scan for site sac.gov
2018:06:07 01:01:40 pm Running Technology Scan for site safecom.gov
2018:06:07 01:01:43 pm Running Technology Scan for site saferproducts.gov
2018:06:07 01:01:50 pm Running Technology Scan for site safetyact.gov
2018:06:07 01:01:58 pm Running Technology Scan for site safeyouth.gov
2018:06:07 01:02:18 pm Running Technology Scan for site salmonrecovery.gov
2018:06:07 01:02:32 pm Running Technology Scan for site sandia.gov
2018:06:07 01:02:42 pm Running Technology Scan for site sdr.gov
2018:06:07 01:02:46 pm Running Technology Scan for site secretservice.gov
2018:06:07 01:02:50 pm Running Technology Scan for site section508.gov
2018:06:07 01:02:57 pm Running Technology Scan for site segurosocial.gov
2018:06:07 01:03:50 pm Running Technology Scan for site selectagents.gov
2018:06:07 01:03:54 pm Running Technology Scan for site selectusa.gov
2018:06:07 01:03:59 pm Running Technology Scan for site serve.gov
2018:06:07 01:04:10 pm Running Technology Scan for site service.gov
2018:06:07 01:04:14 pm Running Technology Scan for site siteidiq.gov
2018:06:07 01:04:17 pm Running Technology Scan for site slgs.gov
2018:06:07 01:04:26 pm Running Technology Scan for site socialsecurity.gov
2018:06:07 01:05:21 pm Running Technology Scan for site solardecathlon.gov
2018:06:07 01:05:27 pm Running Technology Scan for site spaceweather.gov
2018:06:07 01:05:57 pm Running Technology Scan for site spectrum.gov
2018:06:07 01:08:08 pm Running Technology Scan for site srs.gov
2018:06:07 01:08:12 pm Running Technology Scan for site ssa.gov
2018:06:07 01:09:04 pm Running Technology Scan for site ssab.gov
2018:06:07 01:09:12 pm Running Technology Scan for site sss.gov
2018:06:07 01:09:15 pm Running Technology Scan for site stateoig.gov
2018:06:07 01:09:19 pm Running Technology Scan for site stopfakes.gov
2018:06:07 01:09:24 pm Running Technology Scan for site studentloans.gov
2018:06:07 01:12:23 pm Running Technology Scan for site sustainablecommunities.gov
2018:06:07 01:12:26 pm Running Technology Scan for site swpa.gov
2018:06:07 01:13:09 pm Running Technology Scan for site symbols.gov
2018:06:07 01:13:17 pm Running Technology Scan for site tfhrc.gov
2018:06:07 01:13:21 pm Running Technology Scan for site therealcost.gov
2018:06:07 01:13:33 pm Running Technology Scan for site thisfreelife.gov
2018:06:07 01:13:45 pm Running Technology Scan for site tobacco.gov
2018:06:07 01:13:53 pm Running Technology Scan for site transparency.gov
2018:06:07 01:13:58 pm Running Technology Scan for site tsc.gov
2018:06:07 01:14:06 pm Running Technology Scan for site tswg.gov
2018:06:07 01:14:09 pm Running Technology Scan for site ttbonline.gov
2018:06:07 01:14:20 pm Running Technology Scan for site tvaoig.gov
2018:06:07 01:14:23 pm Running Technology Scan for site unicor.gov
2018:06:07 01:14:27 pm Running Technology Scan for site unionreports.gov
2018:06:07 01:16:38 pm Running Technology Scan for site usaseanconnect.gov
2018:06:07 01:16:46 pm Running Technology Scan for site usbankruptcy.gov
2018:06:07 01:16:49 pm Running Technology Scan for site usgs.gov
2018:06:07 01:16:58 pm Running Technology Scan for site usip.gov
2018:06:07 01:17:01 pm Running Technology Scan for site usphs.gov
2018:06:07 01:17:05 pm Running Technology Scan for site usprobation.gov
2018:06:07 01:17:09 pm Running Technology Scan for site usps.gov
2018:06:07 01:17:12 pm Running Technology Scan for site uspsinnovates.gov
2018:06:07 01:17:17 pm Running Technology Scan for site ussc.gov
2018:06:07 01:17:22 pm Running Technology Scan for site utahfireinfo.gov
2018:06:07 01:17:27 pm Running Technology Scan for site vcf.gov
2018:06:07 01:17:37 pm Running Technology Scan for site vistacampus.gov
2018:06:07 01:17:53 pm Running Technology Scan for site voa.gov
2018:06:07 01:18:11 pm Running Technology Scan for site volunteer.gov
2018:06:07 01:18:15 pm Running Technology Scan for site wartimecontracting.gov
2018:06:07 01:18:20 pm Running Technology Scan for site whistleblower.gov
2018:06:07 01:18:24 pm Running Technology Scan for site wildfire.gov
2018:06:07 01:18:47 pm Running Technology Scan for site workplace.gov
2018:06:07 01:18:51 pm Running Technology Scan for site ymp.gov
2018:06:07 01:19:36 pm Running Technology Scan for site atcreform.gov
2018:06:07 01:19:50 pm Running Technology Scan for site businessdefense.gov
2018:06:07 01:19:53 pm Running Technology Scan for site casl.gov
2018:06:07 01:19:58 pm Running Technology Scan for site cdcpartners.gov
2018:06:07 01:20:02 pm Running Technology Scan for site nccs.gov
2018:06:07 01:20:05 pm Running Technology Scan for site ncrc.gov
2018:06:07 01:20:09 pm Running Technology Scan for site ntrc.gov
2018:06:07 01:20:12 pm Running Technology Scan for site obamalibrary.gov
2018:06:07 01:20:38 pm Running Technology Scan for site scidac.gov
2018:06:07 01:20:42 pm Running Technology Scan for site smokeybear.gov
2018:06:07 01:20:46 pm Running Technology Scan for site sns.gov
2018:06:07 01:20:55 pm Running Technology Scan for site aftac.gov
2018:06:07 01:20:58 pm Running Technology Scan for site ag.gov
2018:06:07 01:23:09 pm Running Technology Scan for site arsusda.gov
2018:06:07 01:23:31 pm Running Technology Scan for site cigie.gov
2018:06:07 01:23:34 pm Running Technology Scan for site clinicaltrial.gov
2018:06:07 01:23:37 pm Running Technology Scan for site consumersentinel.gov
2018:06:07 01:23:41 pm Running Technology Scan for site doeal.gov
2018:06:07 01:26:31 pm Running Technology Scan for site dol-esa.gov
2018:06:07 01:26:34 pm Running Technology Scan for site drugfreeworkplace.gov
2018:06:07 01:26:44 pm Running Technology Scan for site fpki-lab.gov
2018:06:07 01:27:11 pm Running Technology Scan for site fpki.gov
2018:06:07 01:27:32 pm Running Technology Scan for site frb.gov
2018:06:07 01:29:43 pm Running Technology Scan for site heritageabroad.gov
2018:06:07 01:29:50 pm Running Technology Scan for site identitysandbox.gov
2018:06:07 01:29:54 pm Running Technology Scan for site itc.gov
2018:06:07 01:29:57 pm Running Technology Scan for site jccbi.gov
2018:06:07 01:30:01 pm Running Technology Scan for site mcctest.gov
2018:06:07 01:32:12 pm Running Technology Scan for site medline.gov
2018:06:07 01:32:16 pm Running Technology Scan for site mms.gov
2018:06:07 01:32:19 pm Running Technology Scan for site mtmc.gov
2018:06:07 01:32:44 pm Running Technology Scan for site nationalchildrensstudy.gov
2018:06:07 01:35:37 pm Running Technology Scan for site networx.gov
2018:06:07 01:37:47 pm Running Technology Scan for site nrc-gateway.gov
2018:06:07 01:37:57 pm Running Technology Scan for site nrelhub.gov
2018:06:07 01:38:02 pm Running Technology Scan for site ojp.gov
2018:06:07 01:38:06 pm Running Technology Scan for site osis.gov
2018:06:07 01:38:10 pm Running Technology Scan for site pci.gov
2018:06:07 01:38:14 pm Running Technology Scan for site pitc.gov
2018:06:07 01:38:18 pm Running Technology Scan for site presidiotrust.gov
2018:06:07 01:40:28 pm Running Technology Scan for site ptt.gov
2018:06:07 01:42:40 pm Running Technology Scan for site rl.gov
2018:06:07 01:42:52 pm Running Technology Scan for site sandbox.gov
2018:06:07 01:42:57 pm Running Technology Scan for site treasuryauction.gov
2018:06:07 01:43:01 pm Running Technology Scan for site twai.gov
2018:06:07 01:45:12 pm Running Technology Scan for site ucia.gov
2018:06:07 01:45:16 pm Running Technology Scan for site ugov.gov
2018:06:07 01:45:19 pm Running Technology Scan for site uscg.gov
2018:06:07 01:45:45 pm Running Technology Scan for site usss.gov
2018:06:07 01:45:52 pm Running Technology Scan for site whaging.gov
2018:06:07 01:48:06 pm Running Technology Scan for site ncr.gov
2018:06:07 01:48:31 pm Running Technology Scan for site mynextmove.gov
2018:06:07 01:48:38 pm Running Technology Scan for site thepeoplesgarden.gov
2018:06:07 01:48:41 pm Running Technology Scan for site xd.gov
2018:06:07 01:49:25 pm Running Technology Scan for site foiaonline.gov
2018:06:07 01:49:29 pm Running Technology Scan for site accessibility.gov
2018:06:07 01:49:35 pm Running Technology Scan for site cavc.gov
2018:06:07 01:49:39 pm Running Technology Scan for site ntia.gov
