2017:09:12 01:00:02 am Starting Scan
2017:09:12 01:00:03 am Collecting HTTPS and DAP data from Pulse
2017:09:12 01:04:03 am Starting Scan
2017:09:12 01:04:03 am Collecting HTTPS and DAP data from Pulse
2017:09:12 01:04:03 am Running Technology Scan for site notalone.gov
2017:09:12 01:04:15 am Executed Command ' dig notalone.gov +short ' Successfully
2017:09:12 01:04:15 am Executed Command ' dig notalone.gov +short ' Successfully
2017:09:12 01:05:09 am Starting Scan
2017:09:12 01:05:09 am Collecting HTTPS and DAP data from Pulse
2017:09:12 01:05:09 am Running Technology Scan for site obamalibrary.gov
2017:09:12 01:05:23 am Executed Command ' dig obamalibrary.gov +short ' Successfully
2017:09:12 01:05:23 am Executed Command ' dig obamalibrary.gov +short ' Successfully
2017:09:12 01:10:42 am Starting Scan
2017:09:12 01:10:43 am Collecting HTTPS and DAP data from Pulse
2017:09:12 01:10:43 am Running Technology Scan for site obamalibrary.gov
2017:09:12 01:10:56 am Executed Command ' dig obamalibrary.gov +short ' Successfully
2017:09:12 01:10:56 am Executed Command ' dig obamalibrary.gov +short ' Successfully
2017:09:12 01:28:06 am Starting Scan
2017:09:12 01:28:06 am Collecting HTTPS and DAP data from Pulse
2017:09:12 01:28:06 am Running Technology Scan for site obamalibrary.gov
2017:09:12 01:28:19 am Executed Command ' dig obamalibrary.gov +short ' Successfully
2017:09:12 01:28:20 am Executed Command ' dig obamalibrary.gov +short ' Successfully
