2017:08:23 01:26:03 am Starting Scan
2017:08:23 01:26:03 am Collecting HTTPS and DAP data from Pulse
2017:08:23 01:26:03 am Running Technology Scan for site Array
2017:08:23 01:26:11 am Running Technology Scan for site Array
2017:08:23 01:27:06 am Starting Scan
2017:08:23 01:27:06 am Collecting HTTPS and DAP data from Pulse
2017:08:23 01:27:06 am Running Technology Scan for site 18f.gov
2017:08:23 01:27:12 am Running Technology Scan for site 9-11commission.gov
2017:08:23 01:27:19 am Running Technology Scan for site 911.gov
2017:08:23 01:27:27 am Running Technology Scan for site 911commission.gov
2017:08:23 01:27:33 am Running Technology Scan for site aapi.gov
2017:08:23 01:27:44 am Running Technology Scan for site abandonedmines.gov
2017:08:23 01:27:51 am Running Technology Scan for site abilityone.gov
2017:08:23 01:28:02 am Running Technology Scan for site abmc.gov
2017:08:23 01:28:09 am Running Technology Scan for site access-board.gov
2017:08:23 01:28:17 am Running Technology Scan for site acf.gov
2017:08:23 01:28:24 am Running Technology Scan for site achp.gov
2017:08:23 01:28:31 am Running Technology Scan for site acl.gov
2017:08:23 01:28:39 am Running Technology Scan for site acquisition.gov
2017:08:23 01:28:46 am Running Technology Scan for site acus.gov
2017:08:23 01:28:54 am Running Technology Scan for site acwi.gov
2017:08:23 01:29:01 am Running Technology Scan for site ada.gov
2017:08:23 01:18:49 pm Starting Scan
2017:08:23 01:18:49 pm Collecting HTTPS and DAP data from Pulse
2017:08:23 01:18:49 pm Running Technology Scan for site 18f.gov
2017:08:23 01:18:56 pm Running Technology Scan for site 9-11commission.gov
2017:08:23 01:19:03 pm Running Technology Scan for site 911.gov
2017:08:23 01:19:21 pm Running Technology Scan for site 911commission.gov
2017:08:23 01:19:28 pm Running Technology Scan for site aapi.gov
2017:08:23 01:19:39 pm Running Technology Scan for site abandonedmines.gov
2017:08:23 01:19:47 pm Running Technology Scan for site abilityone.gov
2017:08:23 01:19:57 pm Running Technology Scan for site abmc.gov
2017:08:23 01:20:05 pm Running Technology Scan for site access-board.gov
2017:08:23 01:20:12 pm Running Technology Scan for site acf.gov
2017:08:23 01:20:19 pm Running Technology Scan for site achp.gov
2017:08:23 01:20:26 pm Running Technology Scan for site acl.gov
2017:08:23 01:20:34 pm Running Technology Scan for site acquisition.gov
2017:08:23 01:20:41 pm Running Technology Scan for site acus.gov
2017:08:23 01:20:48 pm Running Technology Scan for site acwi.gov
2017:08:23 01:20:56 pm Running Technology Scan for site ada.gov
2017:08:23 01:21:03 pm Running Technology Scan for site adf.gov
2017:08:23 01:21:10 pm Running Technology Scan for site adlnet.gov
2017:08:23 01:21:17 pm Running Technology Scan for site admongo.gov
2017:08:23 01:21:24 pm Running Technology Scan for site adr.gov
2017:08:23 01:21:31 pm Running Technology Scan for site afadvantage.gov
2017:08:23 01:21:38 pm Running Technology Scan for site aff.gov
2017:08:23 01:21:45 pm Running Technology Scan for site afrh.gov
2017:08:23 01:21:52 pm Running Technology Scan for site africanamericanhistorymonth.gov
2017:08:23 01:21:59 pm Running Technology Scan for site afterschool.gov
2017:08:23 01:22:10 pm Running Technology Scan for site aging.gov
2017:08:23 01:22:17 pm Running Technology Scan for site agingstats.gov
2017:08:23 01:22:24 pm Running Technology Scan for site ahcpr.gov
2017:08:23 01:22:32 pm Running Technology Scan for site ahrq.gov
2017:08:23 01:22:40 pm Running Technology Scan for site aidrefugees.gov
2017:08:23 01:22:48 pm Running Technology Scan for site aids.gov
2017:08:23 01:23:04 pm Running Technology Scan for site airnow.gov
2017:08:23 01:23:12 pm Running Technology Scan for site alaskacenters.gov
2017:08:23 01:23:19 pm Running Technology Scan for site alertaenlinea.gov
2017:08:23 01:23:26 pm Running Technology Scan for site altusandc.gov
2017:08:23 01:23:34 pm Running Technology Scan for site alzheimers.gov
2017:08:23 01:23:41 pm Running Technology Scan for site ama.gov
2017:08:23 01:23:48 pm Running Technology Scan for site amberalert.gov
2017:08:23 01:23:55 pm Running Technology Scan for site america.gov
2017:08:23 01:24:02 pm Running Technology Scan for site americanmemory.gov
2017:08:23 01:24:09 pm Running Technology Scan for site americasheroesatwork.gov
2017:08:23 01:24:32 pm Running Technology Scan for site americaslibrary.gov
2017:08:23 01:24:39 pm Running Technology Scan for site americasstory.gov
2017:08:23 01:24:46 pm Running Technology Scan for site americastory.gov
2017:08:23 01:24:57 pm Running Technology Scan for site americathebeautifulquarters.gov
2017:08:23 01:25:04 pm Running Technology Scan for site americore.gov
2017:08:23 01:25:15 pm Running Technology Scan for site americorp.gov
2017:08:23 01:25:23 pm Running Technology Scan for site americorps.gov
2017:08:23 01:25:33 pm Running Technology Scan for site americorpsconnect.gov
2017:08:23 01:25:40 pm Running Technology Scan for site americorpsweek.gov
2017:08:23 01:25:47 pm Running Technology Scan for site ameslab.gov
2017:08:23 01:25:54 pm Running Technology Scan for site amtrakoig.gov
2017:08:23 01:26:02 pm Running Technology Scan for site anchorit.gov
2017:08:23 01:26:11 pm Running Technology Scan for site anl.gov
2017:08:23 01:26:18 pm Running Technology Scan for site annualcreditreport.gov
2017:08:23 01:26:28 pm Running Technology Scan for site anstaskforce.gov
2017:08:23 01:26:35 pm Running Technology Scan for site aoa.gov
2017:08:23 01:26:42 pm Running Technology Scan for site aoc.gov
2017:08:23 01:26:50 pm Running Technology Scan for site ap.gov
2017:08:23 01:27:01 pm Running Technology Scan for site app.gov
2017:08:23 01:27:09 pm Running Technology Scan for site applicationmanager.gov
2017:08:23 01:27:16 pm Running Technology Scan for site apps.gov
2017:08:23 01:27:23 pm Running Technology Scan for site arc.gov
2017:08:23 01:27:30 pm Running Technology Scan for site archives.gov
2017:08:23 01:27:37 pm Running Technology Scan for site arctic.gov
2017:08:23 01:27:44 pm Running Technology Scan for site arm.gov
2017:08:23 01:27:51 pm Running Technology Scan for site ars-grin.gov
2017:08:23 01:27:59 pm Running Technology Scan for site arts.gov
2017:08:23 01:28:06 pm Running Technology Scan for site asap.gov
2017:08:23 01:28:13 pm Running Technology Scan for site asc.gov
2017:08:23 01:28:20 pm Running Technology Scan for site asianpacificheritage.gov
2017:08:23 01:28:27 pm Running Technology Scan for site askkaren.gov
2017:08:23 01:28:36 pm Running Technology Scan for site astrongmiddleclass.gov
2017:08:23 01:28:43 pm Running Technology Scan for site atf.gov
2017:08:23 01:28:50 pm Running Technology Scan for site atfonline.gov
2017:08:23 01:28:57 pm Running Technology Scan for site atvsafety.gov
2017:08:23 01:29:04 pm Running Technology Scan for site aviationweather.gov
2017:08:23 01:29:11 pm Running Technology Scan for site ayudaconmibanco.gov
2017:08:23 01:29:18 pm Running Technology Scan for site bankanswers.gov
2017:08:23 01:29:26 pm Running Technology Scan for site bankcustomer.gov
2017:08:23 01:29:33 pm Running Technology Scan for site bankcustomerassistance.gov
2017:08:23 01:29:40 pm Running Technology Scan for site bankhelp.gov
2017:08:23 01:29:47 pm Running Technology Scan for site banknet.gov
2017:08:23 01:29:54 pm Running Technology Scan for site bankruptcy.gov
2017:08:23 01:30:02 pm Running Technology Scan for site bats.gov
2017:08:23 01:30:09 pm Running Technology Scan for site bbg.gov
2017:08:23 01:30:16 pm Running Technology Scan for site bcfp.gov
2017:08:23 01:30:24 pm Running Technology Scan for site bea.gov
2017:08:23 01:30:31 pm Running Technology Scan for site befoodsafe.gov
2017:08:23 01:30:39 pm Running Technology Scan for site benefits.gov
2017:08:23 01:30:46 pm Running Technology Scan for site bep.gov
2017:08:23 01:30:53 pm Running Technology Scan for site betobaccofree.gov
2017:08:23 01:31:00 pm Running Technology Scan for site bfelob.gov
2017:08:23 01:31:07 pm Running Technology Scan for site bfem.gov
2017:08:23 01:31:14 pm Running Technology Scan for site bia.gov
2017:08:23 01:31:22 pm Running Technology Scan for site bioeco.gov
2017:08:23 01:31:29 pm Running Technology Scan for site bioethics.gov
2017:08:23 01:31:39 pm Running Technology Scan for site biomassboard.gov
2017:08:23 01:31:46 pm Running Technology Scan for site biometriccoe.gov
2017:08:23 01:31:53 pm Running Technology Scan for site biometrics.gov
2017:08:23 01:32:01 pm Running Technology Scan for site biopreferred.gov
2017:08:23 01:32:07 pm Running Technology Scan for site bja.gov
2017:08:23 01:32:15 pm Running Technology Scan for site bldrdoc.gov
2017:08:23 01:32:22 pm Running Technology Scan for site blm.gov
2017:08:23 01:32:29 pm Running Technology Scan for site bls.gov
2017:08:23 01:32:36 pm Running Technology Scan for site bnl.gov
2017:08:23 01:32:43 pm Running Technology Scan for site boem.gov
2017:08:23 01:32:50 pm Running Technology Scan for site boemre.gov
2017:08:23 01:32:57 pm Running Technology Scan for site bondpro.gov
2017:08:23 01:33:04 pm Running Technology Scan for site bop.gov
2017:08:23 01:33:11 pm Running Technology Scan for site bosque.gov
2017:08:23 01:33:18 pm Running Technology Scan for site bpa.gov
2017:08:23 01:33:26 pm Running Technology Scan for site brac.gov
2017:08:23 01:33:34 pm Running Technology Scan for site brainhealth.gov
2017:08:23 01:33:41 pm Running Technology Scan for site brc.gov
2017:08:23 01:33:52 pm Running Technology Scan for site broadband.gov
2017:08:23 01:34:05 pm Running Technology Scan for site broadbandmap.gov
2017:08:23 01:34:12 pm Running Technology Scan for site bsee.gov
2017:08:23 01:34:19 pm Running Technology Scan for site bts.gov
2017:08:23 01:34:26 pm Running Technology Scan for site budget.gov
2017:08:23 01:34:33 pm Running Technology Scan for site buildingamerica.gov
2017:08:23 01:34:40 pm Running Technology Scan for site business.gov
2017:08:23 01:34:47 pm Running Technology Scan for site businessusa.gov
2017:08:23 01:34:54 pm Running Technology Scan for site buyaccessible.gov
2017:08:23 01:35:01 pm Running Technology Scan for site buyusa.gov
2017:08:23 01:35:08 pm Running Technology Scan for site cancer.gov
2017:08:23 01:35:16 pm Running Technology Scan for site cancernet.gov
2017:08:23 01:35:33 pm Running Technology Scan for site cao.gov
2017:08:23 01:35:43 pm Running Technology Scan for site cap.gov
2017:08:23 01:35:55 pm Running Technology Scan for site capitol.gov
2017:08:23 01:36:04 pm Running Technology Scan for site capnhq.gov
2017:08:23 01:36:12 pm Running Technology Scan for site cbca.gov
2017:08:23 01:36:23 pm Running Technology Scan for site cbo.gov
2017:08:23 01:36:31 pm Running Technology Scan for site cbonews.gov
2017:08:23 01:36:42 pm Running Technology Scan for site cbp.gov
2017:08:23 01:36:49 pm Running Technology Scan for site ccac.gov
2017:08:23 01:36:56 pm Running Technology Scan for site cdc.gov
2017:08:23 01:37:04 pm Running Technology Scan for site cdfifund.gov
2017:08:23 01:37:12 pm Running Technology Scan for site cebaf.gov
2017:08:23 01:37:19 pm Running Technology Scan for site cecc.gov
2017:08:23 01:37:28 pm Running Technology Scan for site cendi.gov
2017:08:23 01:37:40 pm Running Technology Scan for site census.gov
2017:08:23 01:37:57 pm Running Technology Scan for site cep.gov
2017:08:23 01:38:05 pm Running Technology Scan for site cfa.gov
2017:08:23 01:38:12 pm Running Technology Scan for site cfda.gov
2017:08:23 01:38:20 pm Running Technology Scan for site cfo.gov
2017:08:23 01:38:37 pm Running Technology Scan for site cfoc.gov
2017:08:23 01:38:47 pm Running Technology Scan for site cfpa.gov
2017:08:23 01:38:54 pm Running Technology Scan for site cfpb.gov
2017:08:23 01:39:02 pm Running Technology Scan for site cftc.gov
2017:08:23 01:39:09 pm Running Technology Scan for site challenge.gov
2017:08:23 01:39:19 pm Running Technology Scan for site challenges.gov
2017:08:23 01:39:28 pm Running Technology Scan for site changeofaddress.gov
2017:08:23 01:39:36 pm Running Technology Scan for site chcoc.gov
2017:08:23 01:39:43 pm Running Technology Scan for site chemsafety.gov
2017:08:23 01:39:50 pm Running Technology Scan for site childreninadversity.gov
2017:08:23 01:39:59 pm Running Technology Scan for site childstats.gov
2017:08:23 01:40:17 pm Running Technology Scan for site childwelfare.gov
2017:08:23 01:40:24 pm Running Technology Scan for site chinacommission.gov
2017:08:23 01:40:42 pm Running Technology Scan for site choosemyplate.gov
2017:08:23 01:40:49 pm Running Technology Scan for site christophercolumbusfoundation.gov
2017:08:23 01:40:59 pm Running Technology Scan for site cia.gov
2017:08:23 01:41:06 pm Running Technology Scan for site cio.gov
2017:08:23 01:41:14 pm Running Technology Scan for site ciso.gov
2017:08:23 01:41:21 pm Running Technology Scan for site citizencorps.gov
2017:08:23 01:41:32 pm Running Technology Scan for site citizenscience.gov
2017:08:23 01:41:39 pm Running Technology Scan for site civilrightsusa.gov
2017:08:23 01:41:46 pm Running Technology Scan for site cjis.gov
2017:08:23 01:41:57 pm Running Technology Scan for site climate.gov
2017:08:23 01:42:05 pm Running Technology Scan for site clinicaltrials.gov
2017:08:23 01:42:12 pm Running Technology Scan for site clintonlibrary.gov
2017:08:23 01:42:19 pm Running Technology Scan for site cloud.gov
2017:08:23 01:42:26 pm Running Technology Scan for site cms.gov
2017:08:23 01:42:34 pm Running Technology Scan for site cmts.gov
2017:08:23 01:42:41 pm Running Technology Scan for site cncs.gov
2017:08:23 01:42:48 pm Running Technology Scan for site cncsoig.gov
2017:08:23 01:42:55 pm Running Technology Scan for site cns.gov
2017:08:23 01:43:02 pm Running Technology Scan for site cnss.gov
2017:08:23 01:43:11 pm Running Technology Scan for site coastalamerica.gov
2017:08:23 01:43:18 pm Running Technology Scan for site code.gov
2017:08:23 01:43:34 pm Running Technology Scan for site collegedrinkingprevention.gov
2017:08:23 01:43:41 pm Running Technology Scan for site collegenavigator.gov
2017:08:23 01:43:49 pm Running Technology Scan for site commerce.gov
2017:08:23 01:43:56 pm Running Technology Scan for site complaintreferralexpress.gov
2017:08:23 01:44:03 pm Running Technology Scan for site compliance.gov
2017:08:23 01:44:10 pm Running Technology Scan for site comptrollerofthecurrency.gov
2017:08:23 01:44:17 pm Running Technology Scan for site computers4learning.gov
2017:08:23 01:44:24 pm Running Technology Scan for site computersforlearning.gov
2017:08:23 01:44:31 pm Running Technology Scan for site congress.gov
2017:08:23 01:44:38 pm Running Technology Scan for site congressionaldirectory.gov
2017:08:23 01:44:45 pm Running Technology Scan for site congressionalrecord.gov
2017:08:23 01:44:52 pm Running Technology Scan for site connect.gov
2017:08:23 01:45:00 pm Running Technology Scan for site consumer.gov
2017:08:23 01:45:07 pm Running Technology Scan for site consumeraction.gov
2017:08:23 01:45:14 pm Running Technology Scan for site consumerbureau.gov
2017:08:23 01:45:21 pm Running Technology Scan for site consumerfinance.gov
2017:08:23 01:45:28 pm Running Technology Scan for site consumerfinancial.gov
2017:08:23 01:45:35 pm Running Technology Scan for site consumerfinancialprotectionbureau.gov
2017:08:23 01:45:46 pm Running Technology Scan for site consumerprotection.gov
2017:08:23 01:45:53 pm Running Technology Scan for site consumerprotectionbureau.gov
2017:08:23 01:46:00 pm Running Technology Scan for site consumidor.gov
2017:08:23 01:46:07 pm Running Technology Scan for site continentalshelf.gov
2017:08:23 01:46:14 pm Running Technology Scan for site contractdirectory.gov
2017:08:23 01:46:21 pm Running Technology Scan for site copyright.gov
2017:08:23 01:46:28 pm Running Technology Scan for site coralreef.gov
2017:08:23 01:46:38 pm Running Technology Scan for site cpars.gov
2017:08:23 01:46:45 pm Running Technology Scan for site cpnireporting.gov
2017:08:23 01:46:56 pm Running Technology Scan for site cpsc.gov
2017:08:23 01:47:04 pm Running Technology Scan for site crimesolutions.gov
2017:08:23 01:47:13 pm Running Technology Scan for site crimevictims.gov
2017:08:23 01:47:20 pm Running Technology Scan for site crt2014-2024review.gov
2017:08:23 01:47:27 pm Running Technology Scan for site csb.gov
2017:08:23 01:47:38 pm Running Technology Scan for site csce.gov
2017:08:23 01:47:45 pm Running Technology Scan for site csosa.fed.us
2017:08:23 01:47:52 pm Running Technology Scan for site csosa.gov
2017:08:23 01:47:58 pm Running Technology Scan for site ctoc.gov
2017:08:23 01:48:05 pm Running Technology Scan for site cttso.gov
2017:08:23 01:48:12 pm Running Technology Scan for site cuidadodesalud.gov
2017:08:23 01:48:21 pm Running Technology Scan for site cupcao.gov
2017:08:23 01:48:28 pm Running Technology Scan for site cwc.gov
2017:08:23 01:48:39 pm Running Technology Scan for site cyber.gov
2017:08:23 01:48:46 pm Running Technology Scan for site cybercareers.gov
2017:08:23 01:48:53 pm Running Technology Scan for site cybercrime.gov
2017:08:23 01:49:01 pm Running Technology Scan for site cybersecurity.gov
2017:08:23 01:49:08 pm Running Technology Scan for site data.gov
2017:08:23 01:49:15 pm Running Technology Scan for site dc3on.gov
2017:08:23 01:49:22 pm Running Technology Scan for site dea.gov
2017:08:23 01:49:29 pm Running Technology Scan for site deadiversion.gov
2017:08:23 01:49:36 pm Running Technology Scan for site deaecom.gov
2017:08:23 01:49:43 pm Running Technology Scan for site defense.gov
2017:08:23 01:49:49 pm Running Technology Scan for site democraticleader.gov
2017:08:23 01:49:56 pm Running Technology Scan for site democraticwhip.gov
2017:08:23 01:50:03 pm Running Technology Scan for site dems.gov
2017:08:23 01:50:10 pm Running Technology Scan for site denali.gov
2017:08:23 01:50:18 pm Running Technology Scan for site dfafacts.gov
2017:08:23 01:50:25 pm Running Technology Scan for site dhhs.gov
2017:08:23 01:50:32 pm Running Technology Scan for site dhs.gov
2017:08:23 01:50:39 pm Running Technology Scan for site diabetescommittee.gov
2017:08:23 01:50:46 pm Running Technology Scan for site dietaryguidelines.gov
2017:08:23 01:50:53 pm Running Technology Scan for site digitalgov.gov
2017:08:23 01:51:00 pm Running Technology Scan for site digitalliteracy.gov
2017:08:23 01:51:07 pm Running Technology Scan for site digitalpreservation.gov
2017:08:23 01:51:14 pm Running Technology Scan for site digitizationguidelines.gov
2017:08:23 01:51:20 pm Running Technology Scan for site directoasucuenta.gov
2017:08:23 01:51:27 pm Running Technology Scan for site disability.gov
2017:08:23 01:51:34 pm Running Technology Scan for site disasterassistance.gov
2017:08:23 01:51:41 pm Running Technology Scan for site disasterhousing.gov
2017:08:23 01:51:49 pm Running Technology Scan for site distracteddriving.gov
2017:08:23 01:51:57 pm Running Technology Scan for site distraction.gov
2017:08:23 01:52:06 pm Running Technology Scan for site dnfsb.gov
2017:08:23 01:52:13 pm Running Technology Scan for site dni.gov
2017:08:23 01:52:20 pm Running Technology Scan for site dnsops.gov
2017:08:23 01:52:28 pm Running Technology Scan for site doc.gov
2017:08:23 01:52:39 pm Running Technology Scan for site docline.gov
2017:08:23 01:52:55 pm Running Technology Scan for site dod.gov
2017:08:23 01:53:03 pm Running Technology Scan for site doe.gov
2017:08:23 01:53:09 pm Running Technology Scan for site doi.gov
2017:08:23 01:53:16 pm Running Technology Scan for site doioig.gov
2017:08:23 01:53:23 pm Running Technology Scan for site dol.gov
2017:08:23 01:53:31 pm Running Technology Scan for site doleta.gov
2017:08:23 01:53:39 pm Running Technology Scan for site donaciondeorganos.gov
2017:08:23 01:53:48 pm Running Technology Scan for site donotcall.gov
2017:08:23 01:53:55 pm Running Technology Scan for site dontserveteens.gov
2017:08:23 01:54:02 pm Running Technology Scan for site dot.gov
2017:08:23 01:54:09 pm Running Technology Scan for site dotgov.gov
2017:08:23 01:54:16 pm Running Technology Scan for site dotideahub.gov
2017:08:23 01:54:27 pm Running Technology Scan for site dottrafficrecords.gov
2017:08:23 01:54:34 pm Running Technology Scan for site dra.gov
2017:08:23 01:54:41 pm Running Technology Scan for site drought.gov
2017:08:23 01:54:48 pm Running Technology Scan for site drugabuse.gov
2017:08:23 01:54:55 pm Running Technology Scan for site drywallresponse.gov
2017:08:23 01:55:03 pm Running Technology Scan for site dsac.gov
2017:08:23 01:55:14 pm Running Technology Scan for site dtv.gov
2017:08:23 01:55:25 pm Running Technology Scan for site e-enterprise.gov
2017:08:23 01:55:34 pm Running Technology Scan for site eac.gov
2017:08:23 01:55:45 pm Running Technology Scan for site eaglecash.gov
2017:08:23 01:55:52 pm Running Technology Scan for site earmarks.gov
2017:08:23 01:55:59 pm Running Technology Scan for site earthquake.gov
2017:08:23 01:56:07 pm Running Technology Scan for site ecfr.gov
2017:08:23 01:56:13 pm Running Technology Scan for site economicinclusion.gov
2017:08:23 01:56:21 pm Running Technology Scan for site econsumer.gov
2017:08:23 01:56:28 pm Running Technology Scan for site ecopartnerships.gov
2017:08:23 01:56:36 pm Running Technology Scan for site ecpic.gov
2017:08:23 01:56:43 pm Running Technology Scan for site ecr.gov
2017:08:23 01:56:50 pm Running Technology Scan for site ed.gov
2017:08:23 01:56:58 pm Running Technology Scan for site eda.gov
2017:08:23 01:57:06 pm Running Technology Scan for site edison.gov
2017:08:23 01:57:13 pm Running Technology Scan for site edpubs.gov
2017:08:23 01:57:20 pm Running Technology Scan for site education.gov
2017:08:23 01:57:27 pm Running Technology Scan for site eeoc.gov
2017:08:23 01:57:34 pm Running Technology Scan for site eftps.gov
2017:08:23 01:57:42 pm Running Technology Scan for site egov.gov
2017:08:23 01:57:49 pm Running Technology Scan for site eia.gov
2017:08:23 01:57:56 pm Running Technology Scan for site eisenhowermemorial.gov
2017:08:23 01:58:03 pm Running Technology Scan for site eldercare.gov
2017:08:23 01:58:10 pm Running Technology Scan for site elderjustice.gov
2017:08:23 01:58:18 pm Running Technology Scan for site emergency-federal-register.gov
2017:08:23 01:58:25 pm Running Technology Scan for site employeeexpress.gov
2017:08:23 01:58:32 pm Running Technology Scan for site empowhr.gov
2017:08:23 01:58:39 pm Running Technology Scan for site ems.gov
2017:08:23 01:58:47 pm Running Technology Scan for site endingthedocumentgame.gov
2017:08:23 01:58:54 pm Running Technology Scan for site energy.gov
2017:08:23 01:59:04 pm Running Technology Scan for site energycodes.gov
2017:08:23 01:59:13 pm Running Technology Scan for site energysaver.gov
2017:08:23 01:59:20 pm Running Technology Scan for site energysavers.gov
2017:08:23 01:59:27 pm Running Technology Scan for site energystar.gov
2017:08:23 01:59:35 pm Running Technology Scan for site eop.gov
2017:08:23 01:59:43 pm Running Technology Scan for site epa.gov
2017:08:23 01:59:51 pm Running Technology Scan for site epic.gov
2017:08:23 01:59:59 pm Running Technology Scan for site errp.gov
2017:08:23 02:00:06 pm Running Technology Scan for site esa.gov
2017:08:23 02:00:14 pm Running Technology Scan for site esc.gov
2017:08:23 02:00:21 pm Running Technology Scan for site eseclab.gov
2017:08:23 02:00:29 pm Running Technology Scan for site esrs.gov
2017:08:23 02:00:36 pm Running Technology Scan for site eta-find.gov
2017:08:23 02:00:43 pm Running Technology Scan for site ethics.gov
2017:08:23 02:00:52 pm Running Technology Scan for site ethicsburg.gov
2017:08:23 02:00:59 pm Running Technology Scan for site evergladesrestoration.gov
2017:08:23 02:01:07 pm Running Technology Scan for site everykidinapark.gov
2017:08:23 02:01:15 pm Running Technology Scan for site evus.gov
2017:08:23 02:01:22 pm Running Technology Scan for site execsec.gov
2017:08:23 02:01:29 pm Running Technology Scan for site exim.gov
2017:08:23 02:01:40 pm Running Technology Scan for site exploretsp.gov
2017:08:23 02:01:47 pm Running Technology Scan for site export.gov
2017:08:23 02:01:54 pm Running Technology Scan for site eyenote.gov
2017:08:23 02:02:01 pm Running Technology Scan for site faa.gov
2017:08:23 02:02:07 pm Running Technology Scan for site faasafety.gov
2017:08:23 02:02:17 pm Running Technology Scan for site faca.gov
2017:08:23 02:02:29 pm Running Technology Scan for site facadatabase.gov
2017:08:23 02:02:36 pm Running Technology Scan for site fafsa.gov
2017:08:23 02:02:43 pm Running Technology Scan for site fai.gov
2017:08:23 02:02:54 pm Running Technology Scan for site fan.gov
2017:08:23 02:03:01 pm Running Technology Scan for site fapiis.gov
2017:08:23 02:03:08 pm Running Technology Scan for site faq.gov
2017:08:23 02:03:31 pm Running Technology Scan for site fara.gov
2017:08:23 02:03:38 pm Running Technology Scan for site farmerclaims.gov
2017:08:23 02:03:49 pm Running Technology Scan for site fasab.gov
2017:08:23 02:03:56 pm Running Technology Scan for site fatherhood.gov
2017:08:23 02:04:06 pm Running Technology Scan for site fbi.gov
2017:08:23 02:04:15 pm Running Technology Scan for site fbiic.gov
2017:08:23 02:04:22 pm Running Technology Scan for site fbijobs.gov
2017:08:23 02:04:39 pm Running Technology Scan for site fbo.gov
2017:08:23 02:04:48 pm Running Technology Scan for site fca.gov
2017:08:23 02:04:55 pm Running Technology Scan for site fcc.gov
2017:08:23 02:05:03 pm Running Technology Scan for site fccuniversity.gov
2017:08:23 02:05:10 pm Running Technology Scan for site fcg.gov
2017:08:23 02:05:17 pm Running Technology Scan for site fcic.gov
2017:08:23 02:05:24 pm Running Technology Scan for site fcsic.gov
2017:08:23 02:05:31 pm Running Technology Scan for site fda.gov
2017:08:23 02:05:42 pm Running Technology Scan for site fdic.gov
2017:08:23 02:05:50 pm Running Technology Scan for site fdicconnect.gov
2017:08:23 02:05:57 pm Running Technology Scan for site fdicig.gov
2017:08:23 02:06:04 pm Running Technology Scan for site fdicoig.gov
2017:08:23 02:06:11 pm Running Technology Scan for site fdicseguro.gov
2017:08:23 02:06:18 pm Running Technology Scan for site fdlp.gov
2017:08:23 02:06:27 pm Running Technology Scan for site fdms.gov
2017:08:23 02:06:34 pm Running Technology Scan for site fdsys.gov
2017:08:23 02:06:41 pm Running Technology Scan for site fea.gov
2017:08:23 02:06:53 pm Running Technology Scan for site feb.gov
2017:08:23 02:07:00 pm Running Technology Scan for site fec.gov
2017:08:23 02:07:08 pm Running Technology Scan for site fedbizopps.gov
2017:08:23 02:07:15 pm Running Technology Scan for site fedcenter.gov
2017:08:23 02:07:22 pm Running Technology Scan for site federalcourts.gov
2017:08:23 02:07:29 pm Running Technology Scan for site federalinvestments.gov
2017:08:23 02:07:37 pm Running Technology Scan for site federaljobs.gov
2017:08:23 02:07:44 pm Running Technology Scan for site federalprobation.gov
2017:08:23 02:07:51 pm Running Technology Scan for site federalregister.gov
2017:08:23 02:08:00 pm Running Technology Scan for site federalreserve.gov
2017:08:23 02:08:08 pm Running Technology Scan for site federalreserveconsumerhelp.gov
2017:08:23 02:08:15 pm Running Technology Scan for site federalrules.gov
2017:08:23 02:08:22 pm Running Technology Scan for site fedidcard.gov
2017:08:23 02:08:29 pm Running Technology Scan for site fedinvest.gov
2017:08:23 02:08:36 pm Running Technology Scan for site fedjobs.gov
2017:08:23 02:08:44 pm Running Technology Scan for site fedpartnership.gov
2017:08:23 02:08:50 pm Running Technology Scan for site fedramp.gov
2017:08:23 02:08:59 pm Running Technology Scan for site fedreg.gov
2017:08:23 02:09:06 pm Running Technology Scan for site fedrooms.gov
2017:08:23 02:09:16 pm Running Technology Scan for site fedshirevets.gov
2017:08:23 02:09:23 pm Running Technology Scan for site fedspending.gov
2017:08:23 02:09:31 pm Running Technology Scan for site feedthefuture.gov
2017:08:23 02:09:38 pm Running Technology Scan for site fegli.gov
2017:08:23 02:09:45 pm Running Technology Scan for site fema.gov
2017:08:23 02:09:52 pm Running Technology Scan for site femalefarmerclaims.gov
2017:08:23 02:10:03 pm Running Technology Scan for site ferc.gov
2017:08:23 02:10:11 pm Running Technology Scan for site fercalt.gov
2017:08:23 02:10:18 pm Running Technology Scan for site ffiec.gov
2017:08:23 02:10:25 pm Running Technology Scan for site fgdc.gov
2017:08:23 02:10:48 pm Running Technology Scan for site fha.gov
2017:08:23 02:10:57 pm Running Technology Scan for site fhfa.gov
2017:08:23 02:11:04 pm Running Technology Scan for site fhfaoig.gov
2017:08:23 02:11:11 pm Running Technology Scan for site fido.gov
2017:08:23 02:11:21 pm Running Technology Scan for site financialresearch.gov
2017:08:23 02:11:38 pm Running Technology Scan for site financialstability.gov
2017:08:23 02:11:45 pm Running Technology Scan for site fincen.gov
2017:08:23 02:11:52 pm Running Technology Scan for site findyouthinfo.gov
2017:08:23 02:12:03 pm Running Technology Scan for site firecode.gov
2017:08:23 02:12:10 pm Running Technology Scan for site fireleadership.gov
2017:08:23 02:12:18 pm Running Technology Scan for site firenet.gov
2017:08:23 02:12:25 pm Running Technology Scan for site firescience.gov
2017:08:23 02:12:33 pm Running Technology Scan for site firstfreedom.gov
2017:08:23 02:12:41 pm Running Technology Scan for site firstgov.gov
2017:08:23 02:12:52 pm Running Technology Scan for site firstnet.gov
2017:08:23 02:13:08 pm Running Technology Scan for site firstresponder.gov
2017:08:23 02:13:15 pm Running Technology Scan for site firstrespondertraining.gov
2017:08:23 02:13:23 pm Running Technology Scan for site fiscalcommission.gov
2017:08:23 02:13:34 pm Running Technology Scan for site fishwatch.gov
2017:08:23 02:13:41 pm Running Technology Scan for site fitness.gov
2017:08:23 02:13:48 pm Running Technology Scan for site fjc.gov
2017:08:23 02:13:55 pm Running Technology Scan for site fleta.gov
2017:08:23 02:14:03 pm Running Technology Scan for site fletc.gov
2017:08:23 02:14:10 pm Running Technology Scan for site flightschoolcandidates.gov
2017:08:23 02:14:17 pm Running Technology Scan for site floodsmart.gov
2017:08:23 02:14:24 pm Running Technology Scan for site flra.gov
2017:08:23 02:14:31 pm Running Technology Scan for site flu.gov
2017:08:23 02:14:38 pm Running Technology Scan for site fmc.gov
2017:08:23 02:14:45 pm Running Technology Scan for site fmcs.gov
2017:08:23 02:15:08 pm Running Technology Scan for site fmi.gov
2017:08:23 02:15:16 pm Running Technology Scan for site fmshrc.gov
2017:08:23 02:15:24 pm Running Technology Scan for site fnal.gov
2017:08:23 02:15:35 pm Running Technology Scan for site foia.gov
2017:08:23 02:15:42 pm Running Technology Scan for site foodsafety.gov
2017:08:23 02:15:49 pm Running Technology Scan for site foodsafetyjobs.gov
2017:08:23 02:16:00 pm Running Technology Scan for site foodsafetyworkinggroup.gov
2017:08:23 02:16:10 pm Running Technology Scan for site fordlibrarymuseum.gov
2017:08:23 02:16:17 pm Running Technology Scan for site foreignassistance.gov
2017:08:23 02:16:24 pm Running Technology Scan for site forensicscience.gov
2017:08:23 02:16:35 pm Running Technology Scan for site forestsandrangelands.gov
2017:08:23 02:16:42 pm Running Technology Scan for site forfeiture.gov
2017:08:23 02:16:49 pm Running Technology Scan for site forms.gov
2017:08:23 02:16:56 pm Running Technology Scan for site fpc.gov
2017:08:23 02:17:13 pm Running Technology Scan for site fpds.gov
2017:08:23 02:17:20 pm Running Technology Scan for site freecreditreport.gov
2017:08:23 02:17:31 pm Running Technology Scan for site freshempire.gov
2017:08:23 02:17:42 pm Running Technology Scan for site frpg.gov
2017:08:23 02:17:49 pm Running Technology Scan for site frtib.gov
2017:08:23 02:17:56 pm Running Technology Scan for site frtr.gov
2017:08:23 02:18:03 pm Running Technology Scan for site fruitsandveggiesmatter.gov
2017:08:23 02:18:10 pm Running Technology Scan for site fs.fed.us
2017:08:23 02:18:21 pm Running Technology Scan for site fsafeds.gov
2017:08:23 02:18:28 pm Running Technology Scan for site fsapubs.gov
2017:08:23 02:18:35 pm Running Technology Scan for site fsd.gov
2017:08:23 02:18:43 pm Running Technology Scan for site fsgb.gov
2017:08:23 02:18:50 pm Running Technology Scan for site fsoc.gov
2017:08:23 02:18:57 pm Running Technology Scan for site fsrs.gov
2017:08:23 02:19:04 pm Running Technology Scan for site ftc.gov
2017:08:23 02:19:12 pm Running Technology Scan for site ftccomplaintassistant.gov
2017:08:23 02:19:19 pm Running Technology Scan for site ftcefile.gov
2017:08:23 02:19:26 pm Running Technology Scan for site fttesttwai.gov
2017:08:23 02:19:33 pm Running Technology Scan for site fvap.gov
2017:08:23 02:19:41 pm Running Technology Scan for site fws.gov
2017:08:23 02:20:04 pm Running Technology Scan for site g5.gov
2017:08:23 02:20:17 pm Running Technology Scan for site gao.gov
2017:08:23 02:20:27 pm Running Technology Scan for site gaonet.gov
2017:08:23 02:20:38 pm Running Technology Scan for site gcdamp.gov
2017:08:23 02:20:45 pm Running Technology Scan for site gcmrc.gov
2017:08:23 02:21:03 pm Running Technology Scan for site genome.gov
2017:08:23 02:21:10 pm Running Technology Scan for site geocommunicator.gov
2017:08:23 02:21:17 pm Running Technology Scan for site geomac.gov
2017:08:23 02:21:26 pm Running Technology Scan for site geoplatform.gov
2017:08:23 02:21:35 pm Running Technology Scan for site georgewbushlibrary.gov
2017:08:23 02:21:43 pm Running Technology Scan for site getinvolved.gov
2017:08:23 02:21:54 pm Running Technology Scan for site getsmartaboutdrugs.gov
2017:08:23 02:22:03 pm Running Technology Scan for site getyouhome.gov
2017:08:23 02:22:10 pm Running Technology Scan for site ghi.gov
2017:08:23 02:22:17 pm Running Technology Scan for site ginniemae.gov
2017:08:23 02:22:28 pm Running Technology Scan for site girlshealth.gov
2017:08:23 02:22:36 pm Running Technology Scan for site globalchange.gov
2017:08:23 02:22:52 pm Running Technology Scan for site globalentry.gov
2017:08:23 02:22:59 pm Running Technology Scan for site globalhealth.gov
2017:08:23 02:23:11 pm Running Technology Scan for site globe.gov
2017:08:23 02:23:22 pm Running Technology Scan for site gobierno.gov
2017:08:23 02:23:34 pm Running Technology Scan for site gobiernousa.gov
2017:08:23 02:23:42 pm Running Technology Scan for site godirect.gov
2017:08:23 02:23:50 pm Running Technology Scan for site goes-r.gov
2017:08:23 02:24:01 pm Running Technology Scan for site golearn.gov
2017:08:23 02:24:08 pm Running Technology Scan for site gop.gov
2017:08:23 02:24:15 pm Running Technology Scan for site gopleader.gov
2017:08:23 02:24:22 pm Running Technology Scan for site govbenefits.gov
2017:08:23 02:24:29 pm Running Technology Scan for site governmentjobs.gov
2017:08:23 02:24:37 pm Running Technology Scan for site govinfo.gov
2017:08:23 02:24:49 pm Running Technology Scan for site govloans.gov
2017:08:23 02:24:56 pm Running Technology Scan for site govsales.gov
2017:08:23 02:25:03 pm Running Technology Scan for site gpo.gov
2017:08:23 02:25:10 pm Running Technology Scan for site gps.gov
2017:08:23 02:25:16 pm Running Technology Scan for site grants.gov
2017:08:23 02:25:39 pm Running Technology Scan for site grantsolutions.gov
2017:08:23 02:25:46 pm Running Technology Scan for site greatagain.gov
2017:08:23 02:25:53 pm Running Technology Scan for site green.gov
2017:08:23 02:26:00 pm Running Technology Scan for site greengov.gov
2017:08:23 02:26:07 pm Running Technology Scan for site gsa.gov
2017:08:23 02:26:17 pm Running Technology Scan for site gsaadvantage.gov
2017:08:23 02:26:24 pm Running Technology Scan for site gsaauctions.gov
2017:08:23 02:26:31 pm Running Technology Scan for site gsaig.gov
2017:08:23 02:26:41 pm Running Technology Scan for site gsaxcess.gov
2017:08:23 02:26:49 pm Running Technology Scan for site guideline.gov
2017:08:23 02:26:56 pm Running Technology Scan for site guidelines.gov
2017:08:23 02:27:03 pm Running Technology Scan for site gwa.gov
2017:08:23 02:27:10 pm Running Technology Scan for site hanford.gov
2017:08:23 02:27:21 pm Running Technology Scan for site harp.gov
2017:08:23 02:27:28 pm Running Technology Scan for site hc.gov
2017:08:23 02:27:36 pm Running Technology Scan for site hcqualitycommission.gov
2017:08:23 02:27:43 pm Running Technology Scan for site health.gov
2017:08:23 02:27:50 pm Running Technology Scan for site healthcare.gov
2017:08:23 02:27:59 pm Running Technology Scan for site healthdata.gov
2017:08:23 02:28:06 pm Running Technology Scan for site healthfinder.gov
2017:08:23 02:28:16 pm Running Technology Scan for site healthindicators.gov
2017:08:23 02:28:27 pm Running Technology Scan for site healthit.gov
2017:08:23 02:28:34 pm Running Technology Scan for site healthreform.gov
2017:08:23 02:28:41 pm Running Technology Scan for site healthypeople.gov
2017:08:23 02:28:50 pm Running Technology Scan for site hearttruth.gov
2017:08:23 02:28:57 pm Running Technology Scan for site helpingamericasyouth.gov
2017:08:23 02:29:08 pm Running Technology Scan for site helpwithmybank.gov
2017:08:23 02:29:15 pm Running Technology Scan for site helpwithmycheckingaccount.gov
2017:08:23 02:29:23 pm Running Technology Scan for site helpwithmycreditcard.gov
2017:08:23 02:29:30 pm Running Technology Scan for site helpwithmycreditcardbank.gov
2017:08:23 02:29:37 pm Running Technology Scan for site helpwithmymortgage.gov
2017:08:23 02:29:44 pm Running Technology Scan for site helpwithmymortgagebank.gov
2017:08:23 02:29:51 pm Running Technology Scan for site hhs.gov
2017:08:23 02:30:00 pm Running Technology Scan for site hhsoig.gov
2017:08:23 02:30:07 pm Running Technology Scan for site highperformancebuildings.gov
2017:08:23 02:30:14 pm Running Technology Scan for site hispanicfarmerclaims.gov
2017:08:23 02:30:30 pm Running Technology Scan for site hispanicheritagemonth.gov
2017:08:23 02:30:37 pm Running Technology Scan for site history.gov
2017:08:23 02:30:55 pm Running Technology Scan for site hiv.gov
2017:08:23 02:31:03 pm Running Technology Scan for site homeenergyscore.gov
2017:08:23 02:31:10 pm Running Technology Scan for site homelandsecurity.gov
2017:08:23 02:31:19 pm Running Technology Scan for site homesales.gov
2017:08:23 02:31:26 pm Running Technology Scan for site house.gov
2017:08:23 02:31:33 pm Running Technology Scan for site housecalendar.gov
2017:08:23 02:31:40 pm Running Technology Scan for site housecommunications.gov
2017:08:23 02:31:48 pm Running Technology Scan for site housedemocrats.gov
2017:08:23 02:31:55 pm Running Technology Scan for site housedems.gov
2017:08:23 02:32:02 pm Running Technology Scan for site houselive.gov
2017:08:23 02:32:09 pm Running Technology Scan for site housenewsletters.gov
2017:08:23 02:32:15 pm Running Technology Scan for site howto.gov
2017:08:23 02:32:23 pm Running Technology Scan for site hrsa.gov
2017:08:23 02:32:29 pm Running Technology Scan for site hru.gov
2017:08:23 02:32:37 pm Running Technology Scan for site hsr.gov
2017:08:23 02:32:46 pm Running Technology Scan for site hud.gov
2017:08:23 02:32:53 pm Running Technology Scan for site hudoig.gov
2017:08:23 02:33:04 pm Running Technology Scan for site huduser.gov
2017:08:23 02:33:12 pm Running Technology Scan for site humanities.gov
2017:08:23 02:33:19 pm Running Technology Scan for site humanrights.gov
2017:08:23 02:33:26 pm Running Technology Scan for site hurricanes.gov
2017:08:23 02:33:36 pm Running Technology Scan for site hydrogen.gov
2017:08:23 02:33:43 pm Running Technology Scan for site iab.gov
2017:08:23 02:33:50 pm Running Technology Scan for site iad.gov
2017:08:23 02:34:03 pm Running Technology Scan for site iaf.gov
2017:08:23 02:34:10 pm Running Technology Scan for site iarpa-ideas.gov
2017:08:23 02:34:17 pm Running Technology Scan for site iarpa.gov
2017:08:23 02:34:24 pm Running Technology Scan for site iat.gov
2017:08:23 02:34:31 pm Running Technology Scan for site iawg.gov
2017:08:23 02:34:38 pm Running Technology Scan for site ibb.gov
2017:08:23 02:34:44 pm Running Technology Scan for site ibwc.gov
2017:08:23 02:34:51 pm Running Technology Scan for site ic3.gov
2017:08:23 02:34:58 pm Running Technology Scan for site icass.gov
2017:08:23 02:35:05 pm Running Technology Scan for site icbemp.gov
2017:08:23 02:35:12 pm Running Technology Scan for site ice.gov
2017:08:23 02:35:19 pm Running Technology Scan for site ich.gov
2017:08:23 02:35:26 pm Running Technology Scan for site icjointduty.gov
2017:08:23 02:35:34 pm Running Technology Scan for site idealab.gov
2017:08:23 02:35:40 pm Running Technology Scan for site identitytheft.gov
2017:08:23 02:35:57 pm Running Technology Scan for site idmanagement.gov
2017:08:23 02:36:04 pm Running Technology Scan for site idtheft.gov
2017:08:23 02:36:16 pm Running Technology Scan for site iedison.gov
2017:08:23 02:36:23 pm Running Technology Scan for site ignet.gov
2017:08:23 02:36:30 pm Running Technology Scan for site ihs.gov
2017:08:23 02:36:38 pm Running Technology Scan for site iiog.gov
2017:08:23 02:36:49 pm Running Technology Scan for site imls.gov
2017:08:23 02:36:57 pm Running Technology Scan for site indianaffairs.gov
2017:08:23 02:37:04 pm Running Technology Scan for site inel.gov
2017:08:23 02:37:11 pm Running Technology Scan for site info.gov
2017:08:23 02:37:18 pm Running Technology Scan for site inl.gov
2017:08:23 02:37:26 pm Running Technology Scan for site insurekidsnow.gov
2017:08:23 02:37:33 pm Running Technology Scan for site integrity.gov
2017:08:23 02:37:40 pm Running Technology Scan for site intelink.gov
2017:08:23 02:37:47 pm Running Technology Scan for site intelligence.gov
2017:08:23 02:37:55 pm Running Technology Scan for site intelligencecareers.gov
2017:08:23 02:38:03 pm Running Technology Scan for site interior.gov
2017:08:23 02:38:10 pm Running Technology Scan for site interpol.gov
2017:08:23 02:38:17 pm Running Technology Scan for site invasivespecies.gov
2017:08:23 02:38:24 pm Running Technology Scan for site invasivespeciesinfo.gov
2017:08:23 02:38:31 pm Running Technology Scan for site investor.gov
2017:08:23 02:38:40 pm Running Technology Scan for site ioss.gov
2017:08:23 02:38:48 pm Running Technology Scan for site ipac.gov
2017:08:23 02:38:55 pm Running Technology Scan for site ipcc-wg2.gov
2017:08:23 02:39:05 pm Running Technology Scan for site ipm.gov
2017:08:23 02:39:12 pm Running Technology Scan for site ipp.gov
2017:08:23 02:39:19 pm Running Technology Scan for site iprcenter.gov
2017:08:23 02:39:30 pm Running Technology Scan for site irs.gov
2017:08:23 02:39:38 pm Running Technology Scan for site irsauctions.gov
2017:08:23 02:39:45 pm Running Technology Scan for site irssales.gov
2017:08:23 02:39:52 pm Running Technology Scan for site irsvideos.gov
2017:08:23 02:39:59 pm Running Technology Scan for site ise.gov
2017:08:23 02:40:10 pm Running Technology Scan for site isitdoneyet.gov
2017:08:23 02:40:19 pm Running Technology Scan for site itap.gov
2017:08:23 02:40:26 pm Running Technology Scan for site itdashboard.gov
2017:08:23 02:40:35 pm Running Technology Scan for site itis.gov
2017:08:23 02:40:43 pm Running Technology Scan for site itrd.gov
2017:08:23 02:40:50 pm Running Technology Scan for site its.gov
2017:08:23 02:40:57 pm Running Technology Scan for site jamesmadison.gov
2017:08:23 02:41:04 pm Running Technology Scan for site jccs.gov
2017:08:23 02:41:11 pm Running Technology Scan for site jct.gov
2017:08:23 02:41:18 pm Running Technology Scan for site jem.gov
2017:08:23 02:41:26 pm Running Technology Scan for site jewishheritage.gov
2017:08:23 02:41:33 pm Running Technology Scan for site jewishheritagemonth.gov
2017:08:23 02:41:40 pm Running Technology Scan for site jimmycarterlibrary.gov
2017:08:23 02:41:47 pm Running Technology Scan for site jobcorps.gov
2017:08:23 02:41:55 pm Running Technology Scan for site joiningforces.gov
2017:08:23 02:42:06 pm Running Technology Scan for site judicialconference.gov
2017:08:23 02:42:13 pm Running Technology Scan for site justice.gov
2017:08:23 02:42:24 pm Running Technology Scan for site justthinktwice.gov
2017:08:23 02:42:35 pm Running Technology Scan for site juvenilecouncil.gov
2017:08:23 02:42:42 pm Running Technology Scan for site jwod.gov
2017:08:23 02:42:53 pm Running Technology Scan for site kids.gov
2017:08:23 02:43:00 pm Running Technology Scan for site klamathrestoration.gov
2017:08:23 02:43:07 pm Running Technology Scan for site labor.gov
2017:08:23 02:43:14 pm Running Technology Scan for site lacoast.gov
2017:08:23 02:43:32 pm Running Technology Scan for site landfire.gov
2017:08:23 02:43:39 pm Running Technology Scan for site landimaging.gov
2017:08:23 02:43:47 pm Running Technology Scan for site lanl.gov
2017:08:23 02:43:54 pm Running Technology Scan for site latinofarmerclaims.gov
2017:08:23 02:44:05 pm Running Technology Scan for site law.gov
2017:08:23 02:44:12 pm Running Technology Scan for site lbl.gov
2017:08:23 02:44:23 pm Running Technology Scan for site lca.gov
2017:08:23 02:44:35 pm Running Technology Scan for site lcacommons.gov
2017:08:23 02:44:43 pm Running Technology Scan for site lcrmscp.gov
2017:08:23 02:44:50 pm Running Technology Scan for site learnandserve.gov
2017:08:23 02:45:01 pm Running Technology Scan for site learnatf.gov
2017:08:23 02:45:08 pm Running Technology Scan for site learndoj.gov
2017:08:23 02:45:15 pm Running Technology Scan for site learnperformance.gov
2017:08:23 02:45:26 pm Running Technology Scan for site lep.gov
2017:08:23 02:45:33 pm Running Technology Scan for site letgirlslearn.gov
2017:08:23 02:45:43 pm Running Technology Scan for site letsmove.gov
2017:08:23 02:45:53 pm Running Technology Scan for site libraryofcongress.gov
2017:08:23 02:46:00 pm Running Technology Scan for site lifeline.gov
2017:08:23 02:46:16 pm Running Technology Scan for site lis.gov
2017:08:23 02:46:24 pm Running Technology Scan for site listo.gov
2017:08:23 02:46:31 pm Running Technology Scan for site literacy.gov
2017:08:23 02:46:38 pm Running Technology Scan for site llis.gov
2017:08:23 02:46:45 pm Running Technology Scan for site llnl.gov
2017:08:23 02:46:52 pm Running Technology Scan for site lmrcouncil.gov
2017:08:23 02:46:59 pm Running Technology Scan for site lmvsci.gov
2017:08:23 02:47:07 pm Running Technology Scan for site loc.gov
2017:08:23 02:47:14 pm Running Technology Scan for site locatorplus.gov
2017:08:23 02:47:21 pm Running Technology Scan for site loctps.gov
2017:08:23 02:47:28 pm Running Technology Scan for site login.gov
2017:08:23 02:47:35 pm Running Technology Scan for site longtermcare.gov
2017:08:23 02:47:42 pm Running Technology Scan for site lps.gov
2017:08:23 02:47:49 pm Running Technology Scan for site lsc.gov
2017:08:23 02:47:56 pm Running Technology Scan for site macpac.gov
2017:08:23 02:48:03 pm Running Technology Scan for site mail.gov
2017:08:23 02:48:14 pm Running Technology Scan for site majorityleader.gov
2017:08:23 02:48:21 pm Running Technology Scan for site majoritywhip.gov
2017:08:23 02:48:28 pm Running Technology Scan for site makinghomeaffordable.gov
2017:08:23 02:48:37 pm Running Technology Scan for site malwareinvestigator.gov
2017:08:23 02:48:44 pm Running Technology Scan for site manufacturing.gov
2017:08:23 02:48:52 pm Running Technology Scan for site marine.gov
2017:08:23 02:49:00 pm Running Technology Scan for site marinecadastre.gov
2017:08:23 02:49:07 pm Running Technology Scan for site max.gov
2017:08:23 02:49:14 pm Running Technology Scan for site mbda.gov
2017:08:23 02:49:21 pm Running Technology Scan for site mcc.gov
2017:08:23 02:49:29 pm Running Technology Scan for site mda.gov
2017:08:23 02:49:40 pm Running Technology Scan for site medalofvalor.gov
2017:08:23 02:49:47 pm Running Technology Scan for site medicaid.gov
2017:08:23 02:49:55 pm Running Technology Scan for site medicalcountermeasures.gov
2017:08:23 02:50:02 pm Running Technology Scan for site medicalreservecorps.gov
2017:08:23 02:50:09 pm Running Technology Scan for site medicare.gov
2017:08:23 02:50:16 pm Running Technology Scan for site medlineplus.gov
2017:08:23 02:50:23 pm Running Technology Scan for site medpac.gov
2017:08:23 02:50:34 pm Running Technology Scan for site mentalhealth.gov
2017:08:23 02:50:41 pm Running Technology Scan for site mentor.gov
2017:08:23 02:50:52 pm Running Technology Scan for site mesh.gov
2017:08:23 02:51:02 pm Running Technology Scan for site mgi.gov
2017:08:23 02:51:10 pm Running Technology Scan for site mha.gov
2017:08:23 02:51:17 pm Running Technology Scan for site mimedicare.gov
2017:08:23 02:51:26 pm Running Technology Scan for site mitigationcommission.gov
2017:08:23 02:51:33 pm Running Technology Scan for site mlkday.gov
2017:08:23 02:51:44 pm Running Technology Scan for site mmc.gov
2017:08:23 02:51:53 pm Running Technology Scan for site mojavedata.gov
2017:08:23 02:52:00 pm Running Technology Scan for site moneyfactory.gov
2017:08:23 02:52:07 pm Running Technology Scan for site moneyfactorystore.gov
2017:08:23 02:52:14 pm Running Technology Scan for site mrlc.gov
2017:08:23 02:52:21 pm Running Technology Scan for site msb.gov
2017:08:23 02:52:28 pm Running Technology Scan for site msha.gov
2017:08:23 02:52:35 pm Running Technology Scan for site mspb.gov
2017:08:23 02:52:42 pm Running Technology Scan for site mtbs.gov
2017:08:23 02:52:59 pm Running Technology Scan for site mycreditunion.gov
2017:08:23 02:53:06 pm Running Technology Scan for site myfdic.gov
2017:08:23 02:53:14 pm Running Technology Scan for site myfdicinsurance.gov
2017:08:23 02:53:24 pm Running Technology Scan for site myira.gov
2017:08:23 02:53:32 pm Running Technology Scan for site mymedicare.gov
2017:08:23 02:53:41 pm Running Technology Scan for site mymoney.gov
2017:08:23 02:53:49 pm Running Technology Scan for site myplate.gov
2017:08:23 02:53:56 pm Running Technology Scan for site myra.gov
2017:08:23 02:54:03 pm Running Technology Scan for site nafri.gov
2017:08:23 02:54:10 pm Running Technology Scan for site nagb.gov
2017:08:23 02:54:19 pm Running Technology Scan for site namus.gov
2017:08:23 02:54:26 pm Running Technology Scan for site nano.gov
2017:08:23 02:54:34 pm Running Technology Scan for site nara.gov
2017:08:23 02:54:41 pm Running Technology Scan for site nasa.gov
2017:08:23 02:54:49 pm Running Technology Scan for site nationalbank.gov
2017:08:23 02:54:56 pm Running Technology Scan for site nationalbankhelp.gov
2017:08:23 02:55:03 pm Running Technology Scan for site nationalbanknet.gov
2017:08:23 02:55:10 pm Running Technology Scan for site nationalgangcenter.gov
2017:08:23 02:55:17 pm Running Technology Scan for site nationalhousing.gov
2017:08:23 02:55:25 pm Running Technology Scan for site nationalhousinglocator.gov
2017:08:23 02:55:33 pm Running Technology Scan for site nationalmap.gov
2017:08:23 02:55:41 pm Running Technology Scan for site nationalresourcedirectory.gov
2017:08:23 02:55:50 pm Running Technology Scan for site nationalservice.gov
2017:08:23 02:56:00 pm Running Technology Scan for site nationalserviceresources.gov
2017:08:23 02:56:11 pm Running Technology Scan for site nationsreportcard.gov
2017:08:23 02:56:18 pm Running Technology Scan for site nativeamericanheritagemonth.gov
2017:08:23 02:56:25 pm Running Technology Scan for site nativeonestop.gov
2017:08:23 02:56:32 pm Running Technology Scan for site navycash.gov
2017:08:23 02:56:40 pm Running Technology Scan for site nbc.gov
2017:08:23 02:56:47 pm Running Technology Scan for site nbib.gov
2017:08:23 02:56:54 pm Running Technology Scan for site nbm.gov
2017:08:23 02:57:01 pm Running Technology Scan for site nbrc.gov
2017:08:23 02:57:08 pm Running Technology Scan for site ncd.gov
2017:08:23 02:57:16 pm Running Technology Scan for site ncifcrf.gov
2017:08:23 02:57:32 pm Running Technology Scan for site ncirc.gov
2017:08:23 02:57:40 pm Running Technology Scan for site ncix.gov
2017:08:23 02:57:47 pm Running Technology Scan for site ncjrs.gov
2017:08:23 02:57:54 pm Running Technology Scan for site ncpc.gov
2017:08:23 02:58:01 pm Running Technology Scan for site ncpw.gov
2017:08:23 02:58:09 pm Running Technology Scan for site ncsc.gov
2017:08:23 02:58:16 pm Running Technology Scan for site nctc.gov
2017:08:23 02:58:24 pm Running Technology Scan for site ncua.gov
2017:08:23 02:58:31 pm Running Technology Scan for site nea.gov
2017:08:23 02:58:38 pm Running Technology Scan for site neglecteddiseases.gov
2017:08:23 02:58:46 pm Running Technology Scan for site neh.gov
2017:08:23 02:58:53 pm Running Technology Scan for site nehrp.gov
2017:08:23 02:59:09 pm Running Technology Scan for site nel.gov
2017:08:23 02:59:16 pm Running Technology Scan for site nemi.gov
2017:08:23 02:59:23 pm Running Technology Scan for site nepa.gov
2017:08:23 02:59:34 pm Running Technology Scan for site nersc.gov
2017:08:23 02:59:41 pm Running Technology Scan for site neup.gov
2017:08:23 02:59:48 pm Running Technology Scan for site newmoney.gov
2017:08:23 02:59:55 pm Running Technology Scan for site nfpors.gov
2017:08:23 03:00:02 pm Running Technology Scan for site nga.gov
2017:08:23 03:00:10 pm Running Technology Scan for site ngc.gov
2017:08:23 03:00:17 pm Running Technology Scan for site nhl.gov
2017:08:23 03:00:28 pm Running Technology Scan for site nhtsa.gov
2017:08:23 03:00:37 pm Running Technology Scan for site nic.gov
2017:08:23 03:00:45 pm Running Technology Scan for site nicic.gov
2017:08:23 03:00:53 pm Running Technology Scan for site nicsezcheckfbi.gov
2017:08:23 03:01:00 pm Running Technology Scan for site niem.gov
2017:08:23 03:01:07 pm Running Technology Scan for site nifc.gov
2017:08:23 03:01:14 pm Running Technology Scan for site nigc.gov
2017:08:23 03:01:22 pm Running Technology Scan for site nih.gov
2017:08:23 03:01:29 pm Running Technology Scan for site nihseniorhealth.gov
2017:08:23 03:01:36 pm Running Technology Scan for site niosh.gov
2017:08:23 03:01:43 pm Running Technology Scan for site nist.gov
2017:08:23 03:01:50 pm Running Technology Scan for site nitrd.gov
2017:08:23 03:01:57 pm Running Technology Scan for site nixonlibrary.gov
2017:08:23 03:02:04 pm Running Technology Scan for site nlm.gov
2017:08:23 03:02:12 pm Running Technology Scan for site nlrb.gov
2017:08:23 03:02:19 pm Running Technology Scan for site nls.gov
2017:08:23 03:02:27 pm Running Technology Scan for site nmb.gov
2017:08:23 03:02:34 pm Running Technology Scan for site nmcourt.fed.us
2017:08:23 03:02:42 pm Running Technology Scan for site nmsc.gov
2017:08:23 03:02:52 pm Running Technology Scan for site nmvtis.gov
2017:08:23 03:02:59 pm Running Technology Scan for site nnlm.gov
2017:08:23 03:03:06 pm Running Technology Scan for site nnss.gov
2017:08:23 03:03:14 pm Running Technology Scan for site noaa.gov
2017:08:23 03:03:24 pm Running Technology Scan for site nolaenvironmental.gov
2017:08:23 03:03:31 pm Running Technology Scan for site notalone.gov
2017:08:23 03:03:38 pm Running Technology Scan for site nps.gov
2017:08:23 03:03:45 pm Running Technology Scan for site nrc.gov
2017:08:23 03:03:52 pm Running Technology Scan for site nrd.gov
2017:08:23 03:04:01 pm Running Technology Scan for site nrel.gov
2017:08:23 03:04:08 pm Running Technology Scan for site nro.gov
2017:08:23 03:04:19 pm Running Technology Scan for site nrojr.gov
2017:08:23 03:04:30 pm Running Technology Scan for site nsa.gov
2017:08:23 03:04:37 pm Running Technology Scan for site nsep.gov
2017:08:23 03:04:44 pm Running Technology Scan for site nsf.gov
2017:08:23 03:04:52 pm Running Technology Scan for site nsopr.gov
2017:08:23 03:04:59 pm Running Technology Scan for site nsopw.gov
2017:08:23 03:05:06 pm Running Technology Scan for site nstic.gov
2017:08:23 03:05:13 pm Running Technology Scan for site ntdprogram.gov
2017:08:23 03:05:24 pm Running Technology Scan for site ntis.gov
2017:08:23 03:05:31 pm Running Technology Scan for site ntsb.gov
2017:08:23 03:05:38 pm Running Technology Scan for site nutrition.gov
2017:08:23 03:05:46 pm Running Technology Scan for site nutritionevidencelibrary.gov
2017:08:23 03:05:53 pm Running Technology Scan for site nvtc.gov
2017:08:23 03:06:04 pm Running Technology Scan for site nwbc.gov
2017:08:23 03:06:11 pm Running Technology Scan for site nwcg.gov
2017:08:23 03:06:19 pm Running Technology Scan for site nwtrb.gov
2017:08:23 03:06:26 pm Running Technology Scan for site occ.gov
2017:08:23 03:06:33 pm Running Technology Scan for site occhelps.gov
2017:08:23 03:06:41 pm Running Technology Scan for site odni.gov
2017:08:23 03:06:48 pm Running Technology Scan for site oea.gov
2017:08:23 03:06:56 pm Running Technology Scan for site ofcm.gov
2017:08:23 03:07:03 pm Running Technology Scan for site ofda.gov
2017:08:23 03:07:10 pm Running Technology Scan for site ofr.gov
2017:08:23 03:07:17 pm Running Technology Scan for site oge.gov
2017:08:23 03:07:24 pm Running Technology Scan for site ogis.gov
2017:08:23 03:07:34 pm Running Technology Scan for site ojjdp.gov
2017:08:23 03:07:44 pm Running Technology Scan for site omb.gov
2017:08:23 03:07:53 pm Running Technology Scan for site omblog.gov
2017:08:23 03:08:01 pm Running Technology Scan for site ondcp.gov
2017:08:23 03:08:09 pm Running Technology Scan for site onguardonline.gov
2017:08:23 03:08:18 pm Running Technology Scan for site onhir.gov
2017:08:23 03:08:25 pm Running Technology Scan for site onlineonguard.gov
2017:08:23 03:08:36 pm Running Technology Scan for site onrr.gov
2017:08:23 03:08:45 pm Running Technology Scan for site openinternet.gov
2017:08:23 03:08:56 pm Running Technology Scan for site opensource.gov
2017:08:23 03:09:03 pm Running Technology Scan for site openworld.gov
2017:08:23 03:09:11 pm Running Technology Scan for site opic.gov
2017:08:23 03:09:18 pm Running Technology Scan for site opm.gov
2017:08:23 03:09:25 pm Running Technology Scan for site orau.gov
2017:08:23 03:09:33 pm Running Technology Scan for site organdonor.gov
2017:08:23 03:09:41 pm Running Technology Scan for site ornl.gov
2017:08:23 03:09:50 pm Running Technology Scan for site osac.gov
2017:08:23 03:10:07 pm Running Technology Scan for site osc.gov
2017:08:23 03:10:18 pm Running Technology Scan for site osha.gov
2017:08:23 03:10:25 pm Running Technology Scan for site oshrc.gov
2017:08:23 03:10:32 pm Running Technology Scan for site osm.gov
2017:08:23 03:10:40 pm Running Technology Scan for site osmre.gov
2017:08:23 03:10:50 pm Running Technology Scan for site osti.gov
2017:08:23 03:10:57 pm Running Technology Scan for site ostp.gov
2017:08:23 03:11:04 pm Running Technology Scan for site ots.gov
2017:08:23 03:11:11 pm Running Technology Scan for site ourdocuments.gov
2017:08:23 03:11:18 pm Running Technology Scan for site ovc.gov
2017:08:23 03:11:27 pm Running Technology Scan for site ovcttac.gov
2017:08:23 03:11:36 pm Running Technology Scan for site oversight.gov
2017:08:23 03:11:45 pm Running Technology Scan for site pacer.gov
2017:08:23 03:11:52 pm Running Technology Scan for site pandemicflu.gov
2017:08:23 03:11:59 pm Running Technology Scan for site papahanaumokuakea.gov
2017:08:23 03:12:06 pm Running Technology Scan for site patriotbonds.gov
2017:08:23 03:12:13 pm Running Technology Scan for site pay.gov
2017:08:23 03:12:20 pm Running Technology Scan for site paymentaccuracy.gov
2017:08:23 03:12:27 pm Running Technology Scan for site pbgc.gov
2017:08:23 03:12:36 pm Running Technology Scan for site pcah.gov
2017:08:23 03:12:43 pm Running Technology Scan for site pclob.gov
2017:08:23 03:12:51 pm Running Technology Scan for site peacecorps.gov
2017:08:23 03:12:58 pm Running Technology Scan for site pentagon.gov
2017:08:23 03:13:06 pm Running Technology Scan for site pepfar.gov
2017:08:23 03:13:13 pm Running Technology Scan for site performance.gov
2017:08:23 03:13:20 pm Running Technology Scan for site phe.gov
2017:08:23 03:13:27 pm Running Technology Scan for site pic.gov
2017:08:23 03:13:35 pm Running Technology Scan for site piedrasblancas.gov
2017:08:23 03:13:43 pm Running Technology Scan for site pif.gov
2017:08:23 03:13:50 pm Running Technology Scan for site pix.gov
2017:08:23 03:14:01 pm Running Technology Scan for site plainlanguage.gov
2017:08:23 03:14:08 pm Running Technology Scan for site pmf.gov
2017:08:23 03:14:15 pm Running Technology Scan for site pmi.gov
2017:08:23 03:14:26 pm Running Technology Scan for site pnl.gov
2017:08:23 03:14:33 pm Running Technology Scan for site pnnl.gov
2017:08:23 03:14:40 pm Running Technology Scan for site poolsafely.gov
2017:08:23 03:14:48 pm Running Technology Scan for site poolsafety.gov
2017:08:23 03:14:55 pm Running Technology Scan for site postoffice.gov
2017:08:23 03:15:06 pm Running Technology Scan for site ppdcecc.gov
2017:08:23 03:15:17 pm Running Technology Scan for site ppirs.gov
2017:08:23 03:15:24 pm Running Technology Scan for site pppl.gov
2017:08:23 03:15:35 pm Running Technology Scan for site pracomment.gov
2017:08:23 03:15:42 pm Running Technology Scan for site prc.gov
2017:08:23 03:15:49 pm Running Technology Scan for site pregunteleakaren.gov
2017:08:23 03:16:13 pm Running Technology Scan for site preserveamerica.gov
2017:08:23 03:16:23 pm Running Technology Scan for site presidentialdocuments.gov
2017:08:23 03:16:30 pm Running Technology Scan for site presidentialinnovationfellows.gov
2017:08:23 03:16:38 pm Running Technology Scan for site presidentialserviceawards.gov
2017:08:23 03:16:45 pm Running Technology Scan for site presidio.gov
2017:08:23 03:16:56 pm Running Technology Scan for site pretrialservices.gov
2017:08:23 03:17:04 pm Running Technology Scan for site primarysources.gov
2017:08:23 03:17:20 pm Running Technology Scan for site privacycouncil.gov
2017:08:23 03:17:31 pm Running Technology Scan for site privacyshield.gov
2017:08:23 03:17:38 pm Running Technology Scan for site projectsafechildhood.gov
2017:08:23 03:17:46 pm Running Technology Scan for site projectsafeneighborhoods.gov
2017:08:23 03:17:53 pm Running Technology Scan for site protecciondelconsumidor.gov
2017:08:23 03:18:01 pm Running Technology Scan for site protectyourmove.gov
2017:08:23 03:18:08 pm Running Technology Scan for site psa.gov
2017:08:23 03:18:15 pm Running Technology Scan for site psc.gov
2017:08:23 03:18:25 pm Running Technology Scan for site pscr.gov
2017:08:23 03:18:33 pm Running Technology Scan for site psn.gov
2017:08:23 03:18:44 pm Running Technology Scan for site psob.gov
2017:08:23 03:18:51 pm Running Technology Scan for site ptf.gov
2017:08:23 03:18:59 pm Running Technology Scan for site pubmed.gov
2017:08:23 03:19:07 pm Running Technology Scan for site qart.gov
2017:08:23 03:19:14 pm Running Technology Scan for site qatesttwai.gov
2017:08:23 03:19:21 pm Running Technology Scan for site quic.gov
2017:08:23 03:19:28 pm Running Technology Scan for site rcfl.gov
2017:08:23 03:19:39 pm Running Technology Scan for site reachhigher.gov
2017:08:23 03:19:50 pm Running Technology Scan for site read.gov
2017:08:23 03:19:57 pm Running Technology Scan for site ready.gov
2017:08:23 03:20:04 pm Running Technology Scan for site readybusiness.gov
2017:08:23 03:20:11 pm Running Technology Scan for site reaganlibrary.gov
2017:08:23 03:20:19 pm Running Technology Scan for site realestatesales.gov
2017:08:23 03:20:26 pm Running Technology Scan for site realpropertyprofile.gov
2017:08:23 03:20:33 pm Running Technology Scan for site recalls.gov
2017:08:23 03:20:40 pm Running Technology Scan for site recoverymonth.gov
2017:08:23 03:20:48 pm Running Technology Scan for site recreation.gov
2017:08:23 03:20:57 pm Running Technology Scan for site reginfo.gov
2017:08:23 03:21:04 pm Running Technology Scan for site regulations.gov
2017:08:23 03:21:11 pm Running Technology Scan for site relocatefeds.gov
2017:08:23 03:21:19 pm Running Technology Scan for site reo.gov
2017:08:23 03:21:28 pm Running Technology Scan for site reportband.gov
2017:08:23 03:21:46 pm Running Technology Scan for site republicans.gov
2017:08:23 03:21:57 pm Running Technology Scan for site research.gov
2017:08:23 03:22:04 pm Running Technology Scan for site restorethegulf.gov
2017:08:23 03:22:14 pm Running Technology Scan for site rivers.gov
2017:08:23 03:22:21 pm Running Technology Scan for site robodeidentidad.gov
2017:08:23 03:22:39 pm Running Technology Scan for site rocis.gov
2017:08:23 03:22:46 pm Running Technology Scan for site rrb.gov
2017:08:23 03:22:53 pm Running Technology Scan for site sac.gov
2017:08:23 03:23:00 pm Running Technology Scan for site safecom.gov
2017:08:23 03:23:07 pm Running Technology Scan for site safecomprogram.gov
2017:08:23 03:23:15 pm Running Technology Scan for site safeocs.gov
2017:08:23 03:23:23 pm Running Technology Scan for site safercar.gov
2017:08:23 03:23:30 pm Running Technology Scan for site saferproduct.gov
2017:08:23 03:23:38 pm Running Technology Scan for site saferproducts.gov
2017:08:23 03:23:45 pm Running Technology Scan for site safertruck.gov
2017:08:23 03:23:53 pm Running Technology Scan for site safetyact.gov
2017:08:23 03:24:01 pm Running Technology Scan for site safetyvideos.gov
2017:08:23 03:24:08 pm Running Technology Scan for site safeyouth.gov
2017:08:23 03:24:16 pm Running Technology Scan for site salmonrecovery.gov
2017:08:23 03:24:23 pm Running Technology Scan for site sam.gov
2017:08:23 03:24:30 pm Running Technology Scan for site samhsa.gov
2017:08:23 03:24:41 pm Running Technology Scan for site sandia.gov
2017:08:23 03:24:52 pm Running Technology Scan for site save.gov
2017:08:23 03:25:00 pm Running Technology Scan for site saveaward.gov
2017:08:23 03:25:07 pm Running Technology Scan for site savingsbond.gov
2017:08:23 03:25:15 pm Running Technology Scan for site savingsbonds.gov
2017:08:23 03:25:22 pm Running Technology Scan for site savingsbondwizard.gov
2017:08:23 03:25:29 pm Running Technology Scan for site sba.gov
2017:08:23 03:25:38 pm Running Technology Scan for site sbir.gov
2017:08:23 03:25:45 pm Running Technology Scan for site sbst.gov
2017:08:23 03:25:53 pm Running Technology Scan for site science.gov
2017:08:23 03:26:00 pm Running Technology Scan for site science360.gov
2017:08:23 03:26:09 pm Running Technology Scan for site sciencebase.gov
2017:08:23 03:26:16 pm Running Technology Scan for site scra.gov
2017:08:23 03:26:23 pm Running Technology Scan for site sdr.gov
2017:08:23 03:26:30 pm Running Technology Scan for site sec.gov
2017:08:23 03:26:39 pm Running Technology Scan for site secretservice.gov
2017:08:23 03:26:46 pm Running Technology Scan for site section108.gov
2017:08:23 03:26:53 pm Running Technology Scan for site section508.gov
2017:08:23 03:27:00 pm Running Technology Scan for site seguridadconsumidor.gov
2017:08:23 03:27:07 pm Running Technology Scan for site segurosocial.gov
2017:08:23 03:27:15 pm Running Technology Scan for site selectagents.gov
2017:08:23 03:27:21 pm Running Technology Scan for site selectusa.gov
2017:08:23 03:27:29 pm Running Technology Scan for site sen.gov
2017:08:23 03:27:36 pm Running Technology Scan for site senate.gov
2017:08:23 03:27:43 pm Running Technology Scan for site senatecalendar.gov
2017:08:23 03:27:50 pm Running Technology Scan for site seniorcorps.gov
2017:08:23 03:28:01 pm Running Technology Scan for site sentinel.gov
2017:08:23 03:28:08 pm Running Technology Scan for site serve.gov
2017:08:23 03:28:16 pm Running Technology Scan for site service.gov
2017:08:23 03:28:23 pm Running Technology Scan for site servicelearning.gov
2017:08:23 03:28:34 pm Running Technology Scan for site servicemembers.gov
2017:08:23 03:28:41 pm Running Technology Scan for site sftool.gov
2017:08:23 03:28:52 pm Running Technology Scan for site sharetheroadsafely.gov
2017:08:23 03:29:03 pm Running Technology Scan for site sierrawild.gov
2017:08:23 03:29:10 pm Running Technology Scan for site sigar.gov
2017:08:23 03:29:18 pm Running Technology Scan for site sigtarp.gov
2017:08:23 03:29:25 pm Running Technology Scan for site siteidiq.gov
2017:08:23 03:29:32 pm Running Technology Scan for site sji.gov
2017:08:23 03:29:39 pm Running Technology Scan for site slgs.gov
2017:08:23 03:29:46 pm Running Technology Scan for site smartcheck.gov
2017:08:23 03:29:54 pm Running Technology Scan for site smartgrid.gov
2017:08:23 03:30:01 pm Running Technology Scan for site smokefree.gov
2017:08:23 03:30:08 pm Running Technology Scan for site snap.gov
2017:08:23 03:30:15 pm Running Technology Scan for site socialsecurity.gov
2017:08:23 03:30:22 pm Running Technology Scan for site solardecathlon.gov
2017:08:23 03:30:29 pm Running Technology Scan for site spaceweather.gov
2017:08:23 03:30:40 pm Running Technology Scan for site speaker.gov
2017:08:23 03:30:47 pm Running Technology Scan for site spectrum.gov
2017:08:23 03:30:54 pm Running Technology Scan for site srs.gov
2017:08:23 03:31:01 pm Running Technology Scan for site ssa.gov
2017:08:23 03:31:08 pm Running Technology Scan for site ssab.gov
2017:08:23 03:31:19 pm Running Technology Scan for site sss.gov
2017:08:23 03:31:26 pm Running Technology Scan for site standards.gov
2017:08:23 03:31:34 pm Running Technology Scan for site start2farm.gov
2017:08:23 03:31:44 pm Running Technology Scan for site state.gov
2017:08:23 03:31:51 pm Running Technology Scan for site stateoig.gov
2017:08:23 03:31:58 pm Running Technology Scan for site stb.gov
2017:08:23 03:32:05 pm Running Technology Scan for site stennis.gov
2017:08:23 03:32:12 pm Running Technology Scan for site stopalcoholabuse.gov
2017:08:23 03:32:20 pm Running Technology Scan for site stopbullying.gov
2017:08:23 03:32:27 pm Running Technology Scan for site stopfakes.gov
2017:08:23 03:32:34 pm Running Technology Scan for site stopfraud.gov
2017:08:23 03:32:41 pm Running Technology Scan for site stopmedicarefraud.gov
2017:08:23 03:32:48 pm Running Technology Scan for site strategicsourcing.gov
2017:08:23 03:32:56 pm Running Technology Scan for site strongmiddleclass.gov
2017:08:23 03:33:04 pm Running Technology Scan for site strongports.gov
2017:08:23 03:33:11 pm Running Technology Scan for site studentaid.gov
2017:08:23 03:33:18 pm Running Technology Scan for site studentloans.gov
2017:08:23 03:33:25 pm Running Technology Scan for site supportthevoter.gov
2017:08:23 03:33:36 pm Running Technology Scan for site supremecourt.gov
2017:08:23 03:33:43 pm Running Technology Scan for site supremecourtus.gov
2017:08:23 03:33:50 pm Running Technology Scan for site surgeongeneral.gov
2017:08:23 03:33:59 pm Running Technology Scan for site sustainability.gov
2017:08:23 03:34:07 pm Running Technology Scan for site sustainablecommunities.gov
2017:08:23 03:34:14 pm Running Technology Scan for site swpa.gov
2017:08:23 03:34:25 pm Running Technology Scan for site symbols.gov
2017:08:23 03:34:32 pm Running Technology Scan for site taaps.gov
2017:08:23 03:34:43 pm Running Technology Scan for site tax.gov
2017:08:23 03:34:51 pm Running Technology Scan for site taxreform.gov
2017:08:23 03:34:58 pm Running Technology Scan for site teachingprimarysources.gov
2017:08:23 03:35:05 pm Running Technology Scan for site teachingwithprimarysources.gov
2017:08:23 03:35:12 pm Running Technology Scan for site telework.gov
2017:08:23 03:35:19 pm Running Technology Scan for site tfhrc.gov
2017:08:23 03:35:26 pm Running Technology Scan for site thecoolspot.gov
2017:08:23 03:35:34 pm Running Technology Scan for site therealcost.gov
2017:08:23 03:35:41 pm Running Technology Scan for site thisfreelife.gov
2017:08:23 03:35:57 pm Running Technology Scan for site thomas.gov
2017:08:23 03:36:04 pm Running Technology Scan for site tigta.gov
2017:08:23 03:36:12 pm Running Technology Scan for site time.gov
2017:08:23 03:36:19 pm Running Technology Scan for site tobacco.gov
2017:08:23 03:36:27 pm Running Technology Scan for site tox21.gov
2017:08:23 03:36:35 pm Running Technology Scan for site tps.gov
2017:08:23 03:36:42 pm Running Technology Scan for site trade.gov
2017:08:23 03:36:49 pm Running Technology Scan for site trafficsafetymarketing.gov
2017:08:23 03:36:58 pm Running Technology Scan for site transparency.gov
2017:08:23 03:37:05 pm Running Technology Scan for site transportation.gov
2017:08:23 03:37:12 pm Running Technology Scan for site treas.gov
2017:08:23 03:37:19 pm Running Technology Scan for site treaslockbox.gov
2017:08:23 03:37:27 pm Running Technology Scan for site treasury.fed.us
2017:08:23 03:37:34 pm Running Technology Scan for site treasury.gov
2017:08:23 03:37:41 pm Running Technology Scan for site treasuryauctions.gov
2017:08:23 03:37:48 pm Running Technology Scan for site treasurydirect.gov
2017:08:23 03:37:55 pm Running Technology Scan for site treasuryhunt.gov
2017:08:23 03:38:02 pm Running Technology Scan for site treasuryscams.gov
2017:08:23 03:38:09 pm Running Technology Scan for site tribaljusticeandsafety.gov
2017:08:23 03:38:17 pm Running Technology Scan for site truman.gov
2017:08:23 03:38:24 pm Running Technology Scan for site tsa.gov
2017:08:23 03:38:46 pm Running Technology Scan for site tsc.gov
2017:08:23 03:39:02 pm Running Technology Scan for site tsp.gov
2017:08:23 03:39:09 pm Running Technology Scan for site tsunami.gov
2017:08:23 03:39:16 pm Running Technology Scan for site tswg.gov
2017:08:23 03:39:23 pm Running Technology Scan for site ttb.gov
2017:08:23 03:39:30 pm Running Technology Scan for site ttbonline.gov
2017:08:23 03:39:37 pm Running Technology Scan for site tva.gov
2017:08:23 03:39:44 pm Running Technology Scan for site tvaoig.gov
2017:08:23 03:39:54 pm Running Technology Scan for site ucrdatatool.gov
2017:08:23 03:40:02 pm Running Technology Scan for site udall.gov
2017:08:23 03:40:11 pm Running Technology Scan for site unicor.gov
2017:08:23 03:40:20 pm Running Technology Scan for site unionreports.gov
2017:08:23 03:40:31 pm Running Technology Scan for site unitedstates.gov
2017:08:23 03:40:40 pm Running Technology Scan for site unitedstatescongress.gov
2017:08:23 03:40:47 pm Running Technology Scan for site unlocktalent.gov
2017:08:23 03:40:56 pm Running Technology Scan for site urbanwaters.gov
2017:08:23 03:41:03 pm Running Technology Scan for site us-cert.gov
2017:08:23 03:41:10 pm Running Technology Scan for site us.gov
2017:08:23 03:41:17 pm Running Technology Scan for site usa.gov
2017:08:23 03:41:24 pm Running Technology Scan for site usability.gov
2017:08:23 03:41:32 pm Running Technology Scan for site usadf.gov
2017:08:23 03:41:39 pm Running Technology Scan for site usagov.gov
2017:08:23 03:41:47 pm Running Technology Scan for site usaid.gov
2017:08:23 03:41:54 pm Running Technology Scan for site usajobs.gov
2017:08:23 03:42:02 pm Running Technology Scan for site usalearning.gov
2017:08:23 03:42:09 pm Running Technology Scan for site usandc.gov
2017:08:23 03:42:17 pm Running Technology Scan for site usap.gov
2017:08:23 03:42:24 pm Running Technology Scan for site usaperformance.gov
2017:08:23 03:42:35 pm Running Technology Scan for site usaseanconnect.gov
2017:08:23 03:42:46 pm Running Technology Scan for site usaspending.gov
2017:08:23 03:42:54 pm Running Technology Scan for site usastaffing.gov
2017:08:23 03:43:01 pm Running Technology Scan for site usbankruptcy.gov
2017:08:23 03:43:08 pm Running Technology Scan for site usbg.gov
2017:08:23 03:43:15 pm Running Technology Scan for site usbr.gov
2017:08:23 03:43:22 pm Running Technology Scan for site uscapital.gov
2017:08:23 03:43:30 pm Running Technology Scan for site uscapitol.gov
2017:08:23 03:43:36 pm Running Technology Scan for site uscapitolpolice.gov
2017:08:23 03:43:43 pm Running Technology Scan for site uscc.gov
2017:08:23 03:43:52 pm Running Technology Scan for site usccr.gov
2017:08:23 03:44:03 pm Running Technology Scan for site uscirf.gov
2017:08:23 03:44:32 pm Running Technology Scan for site uscis.gov
2017:08:23 03:44:49 pm Running Technology Scan for site uscode.gov
2017:08:23 03:44:56 pm Running Technology Scan for site uscongress.gov
2017:08:23 03:45:03 pm Running Technology Scan for site usconsulate.gov
2017:08:23 03:45:10 pm Running Technology Scan for site uscourts.gov
2017:08:23 03:45:17 pm Running Technology Scan for site uscp.gov
2017:08:23 03:45:23 pm Running Technology Scan for site uscurrency.gov
2017:08:23 03:45:32 pm Running Technology Scan for site usda.gov
2017:08:23 03:45:39 pm Running Technology Scan for site usdebitcard.gov
2017:08:23 03:45:46 pm Running Technology Scan for site usdigitalservice.gov
2017:08:23 03:45:57 pm Running Technology Scan for site usdoj.gov
2017:08:23 03:46:06 pm Running Technology Scan for site usds.gov
2017:08:23 03:46:16 pm Running Technology Scan for site usembassy-mexico.gov
2017:08:23 03:46:27 pm Running Technology Scan for site usembassy.gov
2017:08:23 03:46:34 pm Running Technology Scan for site userra.gov
2017:08:23 03:46:41 pm Running Technology Scan for site usgcrp.gov
2017:08:23 03:46:57 pm Running Technology Scan for site usgeo.gov
2017:08:23 03:47:04 pm Running Technology Scan for site usgovernment.gov
2017:08:23 03:47:13 pm Running Technology Scan for site usgovernmentmanual.gov
2017:08:23 03:47:20 pm Running Technology Scan for site usgs.gov
2017:08:23 03:47:28 pm Running Technology Scan for site usich.gov
2017:08:23 03:47:36 pm Running Technology Scan for site usint.gov
2017:08:23 03:47:43 pm Running Technology Scan for site usip.gov
2017:08:23 03:47:50 pm Running Technology Scan for site usitc.gov
2017:08:23 03:47:57 pm Running Technology Scan for site usmarshals.gov
2017:08:23 03:48:04 pm Running Technology Scan for site usmint.gov
2017:08:23 03:48:12 pm Running Technology Scan for site usmission.gov
2017:08:23 03:48:19 pm Running Technology Scan for site usphs.gov
2017:08:23 03:48:26 pm Running Technology Scan for site uspis.gov
2017:08:23 03:48:33 pm Running Technology Scan for site usprobation.gov
2017:08:23 03:48:40 pm Running Technology Scan for site usps.gov
2017:08:23 03:48:47 pm Running Technology Scan for site uspsinnovates.gov
2017:08:23 03:48:58 pm Running Technology Scan for site uspsoig.gov
2017:08:23 03:49:05 pm Running Technology Scan for site uspto.gov
2017:08:23 03:49:15 pm Running Technology Scan for site ussc.gov
2017:08:23 03:49:23 pm Running Technology Scan for site ussm.gov
2017:08:23 03:49:32 pm Running Technology Scan for site ustaxcourt.gov
2017:08:23 03:49:40 pm Running Technology Scan for site ustda.gov
2017:08:23 03:49:47 pm Running Technology Scan for site ustr.gov
2017:08:23 03:49:55 pm Running Technology Scan for site ustreas.gov
2017:08:23 03:50:12 pm Running Technology Scan for site usvpp.gov
2017:08:23 03:50:19 pm Running Technology Scan for site utahfireinfo.gov
2017:08:23 03:50:27 pm Running Technology Scan for site va.gov
2017:08:23 03:50:35 pm Running Technology Scan for site vaccines.gov
2017:08:23 03:50:42 pm Running Technology Scan for site vcf.gov
2017:08:23 03:50:49 pm Running Technology Scan for site vef.gov
2017:08:23 03:50:56 pm Running Technology Scan for site vehiclehistory.gov
2017:08:23 03:51:04 pm Running Technology Scan for site vetbiz.gov
2017:08:23 03:51:10 pm Running Technology Scan for site veterans.gov
2017:08:23 03:51:18 pm Running Technology Scan for site vets.gov
2017:08:23 03:51:35 pm Running Technology Scan for site visitthecapital.gov
2017:08:23 03:51:42 pm Running Technology Scan for site visitthecapitol.gov
2017:08:23 03:51:49 pm Running Technology Scan for site vista.gov
2017:08:23 03:52:00 pm Running Technology Scan for site vistacampus.gov
2017:08:23 03:52:07 pm Running Technology Scan for site voa.gov
2017:08:23 03:52:14 pm Running Technology Scan for site volcano.gov
2017:08:23 03:52:21 pm Running Technology Scan for site volunteer.gov
2017:08:23 03:52:28 pm Running Technology Scan for site volunteeringinamerica.gov
2017:08:23 03:52:36 pm Running Technology Scan for site vote.gov
2017:08:23 03:52:43 pm Running Technology Scan for site votebymail.gov
2017:08:23 03:52:51 pm Running Technology Scan for site wapa.gov
2017:08:23 03:53:07 pm Running Technology Scan for site wartimecontracting.gov
2017:08:23 03:53:14 pm Running Technology Scan for site watermonitor.gov
2017:08:23 03:53:22 pm Running Technology Scan for site wdol.gov
2017:08:23 03:53:29 pm Running Technology Scan for site weather.gov
2017:08:23 03:53:36 pm Running Technology Scan for site webharvest.gov
2017:08:23 03:53:43 pm Running Technology Scan for site welcometousa.gov
2017:08:23 03:53:50 pm Running Technology Scan for site wh.gov
2017:08:23 03:53:58 pm Running Technology Scan for site whistleblower.gov
2017:08:23 03:54:05 pm Running Technology Scan for site whistleblowers.gov
2017:08:23 03:54:16 pm Running Technology Scan for site whitehouse.gov
2017:08:23 03:54:23 pm Running Technology Scan for site whitehouseconferenceonaging.gov
2017:08:23 03:54:32 pm Running Technology Scan for site whitehousedrugpolicy.gov
2017:08:23 03:54:39 pm Running Technology Scan for site wildfire.gov
2017:08:23 03:54:46 pm Running Technology Scan for site wildlifeadaptationstrategy.gov
2017:08:23 03:54:53 pm Running Technology Scan for site wizard.gov
2017:08:23 03:55:01 pm Running Technology Scan for site wlci.gov
2017:08:23 03:55:17 pm Running Technology Scan for site womenfarmerclaims.gov
2017:08:23 03:55:28 pm Running Technology Scan for site womenshealth.gov
2017:08:23 03:55:35 pm Running Technology Scan for site womenshistorymonth.gov
2017:08:23 03:55:42 pm Running Technology Scan for site worker.gov
2017:08:23 03:55:49 pm Running Technology Scan for site workplace.gov
2017:08:23 03:55:56 pm Running Technology Scan for site worldwar1centennial.gov
2017:08:23 03:56:04 pm Running Technology Scan for site wrp.gov
2017:08:23 03:56:11 pm Running Technology Scan for site ymp.gov
2017:08:23 03:56:18 pm Running Technology Scan for site youth.gov
2017:08:23 03:56:25 pm Running Technology Scan for site youthgo.gov
2017:08:23 03:56:36 pm Running Technology Scan for site youthrules.gov
2017:08:23 03:56:43 pm Running Technology Scan for site Domain
2017:08:23 03:56:50 pm Running Technology Scan for site atcreform.gov
2017:08:23 03:56:58 pm Running Technology Scan for site bam.gov
2017:08:23 03:57:05 pm Running Technology Scan for site budgetlob.gov
2017:08:23 03:57:11 pm Running Technology Scan for site businessdefense.gov
2017:08:23 03:57:19 pm Running Technology Scan for site casl.gov
2017:08:23 03:57:25 pm Running Technology Scan for site cdcpartners.gov
2017:08:23 03:57:32 pm Running Technology Scan for site crb.gov
2017:08:23 03:57:39 pm Running Technology Scan for site dcsc.gov
2017:08:23 03:57:46 pm Running Technology Scan for site df.gov
2017:08:23 03:57:57 pm Running Technology Scan for site everify.gov
2017:08:23 03:58:04 pm Running Technology Scan for site fueleconomy.gov
2017:08:23 03:58:11 pm Running Technology Scan for site isotope.gov
2017:08:23 03:58:18 pm Running Technology Scan for site isotopes.gov
2017:08:23 03:58:27 pm Running Technology Scan for site nccrc.gov
2017:08:23 03:58:34 pm Running Technology Scan for site nccs.gov
2017:08:23 03:58:42 pm Running Technology Scan for site ncrc.gov
2017:08:23 03:58:49 pm Running Technology Scan for site ntrc.gov
2017:08:23 03:58:56 pm Running Technology Scan for site obamalibrary.gov
2017:08:23 03:59:05 pm Running Technology Scan for site obamawhitehouse.gov
2017:08:23 03:59:13 pm Running Technology Scan for site scidac.gov
2017:08:23 03:59:20 pm Running Technology Scan for site scijinks.gov
2017:08:23 03:59:28 pm Running Technology Scan for site smarterskies.gov
2017:08:23 03:59:35 pm Running Technology Scan for site smokeybear.gov
2017:08:23 03:59:43 pm Running Technology Scan for site sns.gov
2017:08:23 03:59:50 pm Running Technology Scan for site campusdrugprevention.gov
2017:08:23 03:59:57 pm Running Technology Scan for site e-verify.gov
2017:08:23 04:00:05 pm Running Technology Scan for site earthsystemprediction.gov
