1278 .START (2018-10-09 23:03:14) phpCAS-1.3.5 ****************** [CAS.php:468]
1278 .=> phpCAS::client('2.0', 'login.max.gov', 443, '/cas', false) [cas.module:300]
1278 .|    => CAS_Client::__construct('2.0', false, 'login.max.gov', 443, '/cas', false) [CAS.php:360]
1278 .|    |    Session is not authenticated [Client.php:938]
1278 .|    <= ''
1278 .<= ''
1278 .=> phpCAS::setNoCasServerValidation() [cas.module:315]
1278 .|    You have configured no validation of the legitimacy of the cas server. This is not recommended for production use. [CAS.php:1644]
1278 .<= ''
1278 .=> phpCAS::setFixedServiceURL('https://e04tcm-dtgvuat.ent.ds.gsa.gov/cas/login') [cas.module:318]
1278 .<= ''
1278 .=> phpCAS::forceAuthentication() [cas.module:90]
1278 .|    => CAS_Client::forceAuthentication() [CAS.php:1098]
1278 .|    |    => CAS_Client::isAuthenticated() [Client.php:1280]
1278 .|    |    |    => CAS_Client::_wasPreviouslyAuthenticated() [Client.php:1393]
1278 .|    |    |    |    no user found [Client.php:1635]
1278 .|    |    |    <= false
1278 .|    |    |    no ticket found [Client.php:1494]
1278 .|    |    <= false
1278 .|    |    => CAS_Client::redirectToCas(false) [Client.php:1289]
1278 .|    |    |    => CAS_Client::getServerLoginURL(false, false) [Client.php:1656]
1278 .|    |    |    |    => CAS_Client::getURL() [Client.php:342]
1278 .|    |    |    |    <= 'https://e04tcm-dtgvuat.ent.ds.gsa.gov/cas/login'
1278 .|    |    |    <= 'https://login.max.gov/cas/login?service=https%3A%2F%2Fe04tcm-dtgvuat.ent.ds.gsa.gov%2Fcas%2Flogin'
1278 .|    |    |    Redirect to : https://login.max.gov/cas/login?service=https%3A%2F%2Fe04tcm-dtgvuat.ent.ds.gsa.gov%2Fcas%2Flogin [Client.php:1663]
1278 .|    |    |    exit()
1278 .|    |    |    -
1278 .|    |    -
1278 .|    -
9000 .START (2018-10-11 18:03:01) phpCAS-1.3.5 ****************** [CAS.php:468]
9000 .=> phpCAS::client('2.0', 'login.max.gov', 443, '/cas', false) [cas.module:300]
9000 .|    => CAS_Client::__construct('2.0', false, 'login.max.gov', 443, '/cas', false) [CAS.php:360]
9000 .|    |    Session is not authenticated [Client.php:938]
9000 .|    <= ''
9000 .<= ''
9000 .=> phpCAS::setNoCasServerValidation() [cas.module:315]
9000 .|    You have configured no validation of the legitimacy of the cas server. This is not recommended for production use. [CAS.php:1644]
9000 .<= ''
9000 .=> phpCAS::setFixedServiceURL('https://e04tcm-dtgvuat.ent.ds.gsa.gov/cas/login') [cas.module:318]
9000 .<= ''
9000 .=> phpCAS::forceAuthentication() [cas.module:90]
9000 .|    => CAS_Client::forceAuthentication() [CAS.php:1098]
9000 .|    |    => CAS_Client::isAuthenticated() [Client.php:1280]
9000 .|    |    |    => CAS_Client::_wasPreviouslyAuthenticated() [Client.php:1393]
9000 .|    |    |    |    no user found [Client.php:1635]
9000 .|    |    |    <= false
9000 .|    |    |    no ticket found [Client.php:1494]
9000 .|    |    <= false
9000 .|    |    => CAS_Client::redirectToCas(false) [Client.php:1289]
9000 .|    |    |    => CAS_Client::getServerLoginURL(false, false) [Client.php:1656]
9000 .|    |    |    |    => CAS_Client::getURL() [Client.php:342]
9000 .|    |    |    |    <= 'https://e04tcm-dtgvuat.ent.ds.gsa.gov/cas/login'
9000 .|    |    |    <= 'https://login.max.gov/cas/login?service=https%3A%2F%2Fe04tcm-dtgvuat.ent.ds.gsa.gov%2Fcas%2Flogin'
9000 .|    |    |    Redirect to : https://login.max.gov/cas/login?service=https%3A%2F%2Fe04tcm-dtgvuat.ent.ds.gsa.gov%2Fcas%2Flogin [Client.php:1663]
9000 .|    |    |    exit()
9000 .|    |    |    -
9000 .|    |    -
9000 .|    -
367B .START (2018-10-14 04:02:44) phpCAS-1.3.5 ****************** [CAS.php:468]
367B .=> phpCAS::client('2.0', 'login.max.gov', 443, '/cas', false) [cas.module:300]
367B .|    => CAS_Client::__construct('2.0', false, 'login.max.gov', 443, '/cas', false) [CAS.php:360]
367B .|    |    Session is not authenticated [Client.php:938]
367B .|    <= ''
367B .<= ''
367B .=> phpCAS::setNoCasServerValidation() [cas.module:315]
367B .|    You have configured no validation of the legitimacy of the cas server. This is not recommended for production use. [CAS.php:1644]
367B .<= ''
367B .=> phpCAS::setFixedServiceURL('https://e04tcm-dtgvuat.ent.ds.gsa.gov/cas/login') [cas.module:318]
367B .<= ''
367B .=> phpCAS::forceAuthentication() [cas.module:90]
367B .|    => CAS_Client::forceAuthentication() [CAS.php:1098]
367B .|    |    => CAS_Client::isAuthenticated() [Client.php:1280]
367B .|    |    |    => CAS_Client::_wasPreviouslyAuthenticated() [Client.php:1393]
367B .|    |    |    |    no user found [Client.php:1635]
367B .|    |    |    <= false
367B .|    |    |    no ticket found [Client.php:1494]
367B .|    |    <= false
367B .|    |    => CAS_Client::redirectToCas(false) [Client.php:1289]
367B .|    |    |    => CAS_Client::getServerLoginURL(false, false) [Client.php:1656]
367B .|    |    |    |    => CAS_Client::getURL() [Client.php:342]
367B .|    |    |    |    <= 'https://e04tcm-dtgvuat.ent.ds.gsa.gov/cas/login'
367B .|    |    |    <= 'https://login.max.gov/cas/login?service=https%3A%2F%2Fe04tcm-dtgvuat.ent.ds.gsa.gov%2Fcas%2Flogin'
367B .|    |    |    Redirect to : https://login.max.gov/cas/login?service=https%3A%2F%2Fe04tcm-dtgvuat.ent.ds.gsa.gov%2Fcas%2Flogin [Client.php:1663]
367B .|    |    |    exit()
367B .|    |    |    -
367B .|    |    -
367B .|    -
2CBB .START (2018-10-16 23:02:35) phpCAS-1.3.5 ****************** [CAS.php:468]
2CBB .=> phpCAS::client('2.0', 'login.max.gov', 443, '/cas', false) [cas.module:300]
2CBB .|    => CAS_Client::__construct('2.0', false, 'login.max.gov', 443, '/cas', false) [CAS.php:360]
2CBB .|    |    Session is not authenticated [Client.php:938]
2CBB .|    <= ''
2CBB .<= ''
2CBB .=> phpCAS::setNoCasServerValidation() [cas.module:315]
2CBB .|    You have configured no validation of the legitimacy of the cas server. This is not recommended for production use. [CAS.php:1644]
2CBB .<= ''
2CBB .=> phpCAS::setFixedServiceURL('https://e04tcm-dtgvuat.ent.ds.gsa.gov/cas/login') [cas.module:318]
2CBB .<= ''
2CBB .=> phpCAS::forceAuthentication() [cas.module:90]
2CBB .|    => CAS_Client::forceAuthentication() [CAS.php:1098]
2CBB .|    |    => CAS_Client::isAuthenticated() [Client.php:1280]
2CBB .|    |    |    => CAS_Client::_wasPreviouslyAuthenticated() [Client.php:1393]
2CBB .|    |    |    |    no user found [Client.php:1635]
2CBB .|    |    |    <= false
2CBB .|    |    |    no ticket found [Client.php:1494]
2CBB .|    |    <= false
2CBB .|    |    => CAS_Client::redirectToCas(false) [Client.php:1289]
2CBB .|    |    |    => CAS_Client::getServerLoginURL(false, false) [Client.php:1656]
2CBB .|    |    |    |    => CAS_Client::getURL() [Client.php:342]
2CBB .|    |    |    |    <= 'https://e04tcm-dtgvuat.ent.ds.gsa.gov/cas/login'
2CBB .|    |    |    <= 'https://login.max.gov/cas/login?service=https%3A%2F%2Fe04tcm-dtgvuat.ent.ds.gsa.gov%2Fcas%2Flogin'
2CBB .|    |    |    Redirect to : https://login.max.gov/cas/login?service=https%3A%2F%2Fe04tcm-dtgvuat.ent.ds.gsa.gov%2Fcas%2Flogin [Client.php:1663]
2CBB .|    |    |    exit()
2CBB .|    |    |    -
2CBB .|    |    -
2CBB .|    -
ADA0 .START (2018-10-18 18:02:49) phpCAS-1.3.5 ****************** [CAS.php:468]
ADA0 .=> phpCAS::client('2.0', 'login.max.gov', 443, '/cas', false) [cas.module:300]
ADA0 .|    => CAS_Client::__construct('2.0', false, 'login.max.gov', 443, '/cas', false) [CAS.php:360]
ADA0 .|    |    Session is not authenticated [Client.php:938]
ADA0 .|    <= ''
ADA0 .<= ''
ADA0 .=> phpCAS::setNoCasServerValidation() [cas.module:315]
ADA0 .|    You have configured no validation of the legitimacy of the cas server. This is not recommended for production use. [CAS.php:1644]
ADA0 .<= ''
ADA0 .=> phpCAS::setFixedServiceURL('https://e04tcm-dtgvuat.ent.ds.gsa.gov/cas/login') [cas.module:318]
ADA0 .<= ''
ADA0 .=> phpCAS::forceAuthentication() [cas.module:90]
ADA0 .|    => CAS_Client::forceAuthentication() [CAS.php:1098]
ADA0 .|    |    => CAS_Client::isAuthenticated() [Client.php:1280]
ADA0 .|    |    |    => CAS_Client::_wasPreviouslyAuthenticated() [Client.php:1393]
ADA0 .|    |    |    |    no user found [Client.php:1635]
ADA0 .|    |    |    <= false
ADA0 .|    |    |    no ticket found [Client.php:1494]
ADA0 .|    |    <= false
ADA0 .|    |    => CAS_Client::redirectToCas(false) [Client.php:1289]
ADA0 .|    |    |    => CAS_Client::getServerLoginURL(false, false) [Client.php:1656]
ADA0 .|    |    |    |    => CAS_Client::getURL() [Client.php:342]
ADA0 .|    |    |    |    <= 'https://e04tcm-dtgvuat.ent.ds.gsa.gov/cas/login'
ADA0 .|    |    |    <= 'https://login.max.gov/cas/login?service=https%3A%2F%2Fe04tcm-dtgvuat.ent.ds.gsa.gov%2Fcas%2Flogin'
ADA0 .|    |    |    Redirect to : https://login.max.gov/cas/login?service=https%3A%2F%2Fe04tcm-dtgvuat.ent.ds.gsa.gov%2Fcas%2Flogin [Client.php:1663]
ADA0 .|    |    |    exit()
ADA0 .|    |    |    -
ADA0 .|    |    -
ADA0 .|    -
6C3D .START (2018-10-25 14:13:55) phpCAS-1.3.5 ****************** [CAS.php:468]
6C3D .=> phpCAS::client('2.0', 'login.max.gov', 443, '/cas', false) [cas.module:300]
6C3D .|    => CAS_Client::__construct('2.0', false, 'login.max.gov', 443, '/cas', false) [CAS.php:360]
6C3D .|    |    Session is not authenticated [Client.php:938]
6C3D .|    <= ''
6C3D .<= ''
6C3D .=> phpCAS::setNoCasServerValidation() [cas.module:315]
6C3D .|    You have configured no validation of the legitimacy of the cas server. This is not recommended for production use. [CAS.php:1644]
6C3D .<= ''
6C3D .=> phpCAS::setFixedServiceURL('https://uat.digitaldashboard.gov/caslogout?destination=node/6994') [cas.module:318]
6C3D .<= ''
6C3D .=> phpCAS::logout(array (  'service' => 'https://uat.digitaldashboard.gov/content/accessibility-scan-federalreserveconsumerhelpgov',  'url' => 'https://uat.digitaldashboard.gov/content/accessibility-scan-federalreserveconsumerhelpgov',)) [cas.module:741]
6C3D .|    => CAS_Client::logout(array (  'service' => 'https://uat.digitaldashboard.gov/content/accessibility-scan-federalreserveconsumerhelpgov',  'url' => 'https://uat.digitaldashboard.gov/content/accessibility-scan-federalreserveconsumerhelpgov',)) [CAS.php:1450]
6C3D .|    |    Prepare redirect to : https://login.max.gov/cas/logout?url=https%3A%2F%2Fuat.digitaldashboard.gov%2Fcontent%2Faccessibility-scan-federalreserveconsumerhelpgov&service=https%3A%2F%2Fuat.digitaldashboard.gov%2Fcontent%2Faccessibility-scan-federalreserveconsumerhelpgov [Client.php:1696]
6C3D .|    |    Destroying session : Qa9_GDMQwyJFuLQviie2QJTYhh_xl5bOUMyeSjqCfUc [Client.php:1698]
6C3D .|    |    Session terminated [Client.php:1702]
6C3D .|    |    exit()
6C3D .|    |    -
6C3D .|    -
5056 .START (2018-10-25 14:22:29) phpCAS-1.3.5 ****************** [CAS.php:468]
5056 .=> phpCAS::client('2.0', 'login.max.gov', 443, '/cas', false) [cas.module:300]
5056 .|    => CAS_Client::__construct('2.0', false, 'login.max.gov', 443, '/cas', false) [CAS.php:360]
5056 .|    |    Session is not authenticated [Client.php:938]
5056 .|    <= ''
5056 .<= ''
5056 .=> phpCAS::setNoCasServerValidation() [cas.module:315]
5056 .|    You have configured no validation of the legitimacy of the cas server. This is not recommended for production use. [CAS.php:1644]
5056 .<= ''
5056 .=> phpCAS::setFixedServiceURL('https://uat.digitaldashboard.gov/caslogout?destination=node/1286') [cas.module:318]
5056 .<= ''
5056 .=> phpCAS::logout(array (  'service' => 'https://uat.digitaldashboard.gov/content/https-dap-scan-18fgov',  'url' => 'https://uat.digitaldashboard.gov/content/https-dap-scan-18fgov',)) [cas.module:741]
5056 .|    => CAS_Client::logout(array (  'service' => 'https://uat.digitaldashboard.gov/content/https-dap-scan-18fgov',  'url' => 'https://uat.digitaldashboard.gov/content/https-dap-scan-18fgov',)) [CAS.php:1450]
5056 .|    |    Prepare redirect to : https://login.max.gov/cas/logout?url=https%3A%2F%2Fuat.digitaldashboard.gov%2Fcontent%2Fhttps-dap-scan-18fgov&service=https%3A%2F%2Fuat.digitaldashboard.gov%2Fcontent%2Fhttps-dap-scan-18fgov [Client.php:1696]
5056 .|    |    Destroying session : C3rfmnBiBh_CPE90iKrTUmMQ263_gUCbaeNJzi5dLvM [Client.php:1698]
5056 .|    |    Session terminated [Client.php:1702]
5056 .|    |    exit()
5056 .|    |    -
5056 .|    -
285C .START (2018-10-25 18:02:30) phpCAS-1.3.5 ****************** [CAS.php:468]
285C .=> phpCAS::client('2.0', 'login.max.gov', 443, '/cas', false) [cas.module:300]
285C .|    => CAS_Client::__construct('2.0', false, 'login.max.gov', 443, '/cas', false) [CAS.php:360]
285C .|    |    Session is not authenticated [Client.php:938]
285C .|    <= ''
285C .<= ''
285C .=> phpCAS::setNoCasServerValidation() [cas.module:315]
285C .|    You have configured no validation of the legitimacy of the cas server. This is not recommended for production use. [CAS.php:1644]
285C .<= ''
285C .=> phpCAS::setFixedServiceURL('https://e04tcm-dtgvuat.ent.ds.gsa.gov/cas/login') [cas.module:318]
285C .<= ''
285C .=> phpCAS::forceAuthentication() [cas.module:90]
285C .|    => CAS_Client::forceAuthentication() [CAS.php:1098]
285C .|    |    => CAS_Client::isAuthenticated() [Client.php:1280]
285C .|    |    |    => CAS_Client::_wasPreviouslyAuthenticated() [Client.php:1393]
285C .|    |    |    |    no user found [Client.php:1635]
285C .|    |    |    <= false
285C .|    |    |    no ticket found [Client.php:1494]
285C .|    |    <= false
285C .|    |    => CAS_Client::redirectToCas(false) [Client.php:1289]
285C .|    |    |    => CAS_Client::getServerLoginURL(false, false) [Client.php:1656]
285C .|    |    |    |    => CAS_Client::getURL() [Client.php:342]
285C .|    |    |    |    <= 'https://e04tcm-dtgvuat.ent.ds.gsa.gov/cas/login'
285C .|    |    |    <= 'https://login.max.gov/cas/login?service=https%3A%2F%2Fe04tcm-dtgvuat.ent.ds.gsa.gov%2Fcas%2Flogin'
285C .|    |    |    Redirect to : https://login.max.gov/cas/login?service=https%3A%2F%2Fe04tcm-dtgvuat.ent.ds.gsa.gov%2Fcas%2Flogin [Client.php:1663]
285C .|    |    |    exit()
285C .|    |    |    -
285C .|    |    -
285C .|    -
CADB .START (2018-10-26 12:46:17) phpCAS-1.3.5 ****************** [CAS.php:468]
CADB .=> phpCAS::client('2.0', 'login.max.gov', 443, '/cas', false) [cas.module:300]
CADB .|    => CAS_Client::__construct('2.0', false, 'login.max.gov', 443, '/cas', false) [CAS.php:360]
CADB .|    |    Session is not authenticated [Client.php:938]
CADB .|    <= ''
CADB .<= ''
CADB .=> phpCAS::setNoCasServerValidation() [cas.module:315]
CADB .|    You have configured no validation of the legitimacy of the cas server. This is not recommended for production use. [CAS.php:1644]
CADB .<= ''
CADB .=> phpCAS::setFixedServiceURL('https://uat.digitaldashboard.gov/cas?destination=dotgovuser') [cas.module:318]
CADB .<= ''
CADB .=> phpCAS::forceAuthentication() [cas.module:90]
CADB .|    => CAS_Client::forceAuthentication() [CAS.php:1098]
CADB .|    |    => CAS_Client::isAuthenticated() [Client.php:1280]
CADB .|    |    |    => CAS_Client::_wasPreviouslyAuthenticated() [Client.php:1393]
CADB .|    |    |    |    no user found [Client.php:1635]
CADB .|    |    |    <= false
CADB .|    |    |    no ticket found [Client.php:1494]
CADB .|    |    <= false
CADB .|    |    => CAS_Client::redirectToCas(false) [Client.php:1289]
CADB .|    |    |    => CAS_Client::getServerLoginURL(false, false) [Client.php:1656]
CADB .|    |    |    |    => CAS_Client::getURL() [Client.php:342]
CADB .|    |    |    |    <= 'https://uat.digitaldashboard.gov/cas?destination=dotgovuser'
CADB .|    |    |    <= 'https://login.max.gov/cas/login?service=https%3A%2F%2Fuat.digitaldashboard.gov%2Fcas%3Fdestination%3Ddotgovuser'
CADB .|    |    |    Redirect to : https://login.max.gov/cas/login?service=https%3A%2F%2Fuat.digitaldashboard.gov%2Fcas%3Fdestination%3Ddotgovuser [Client.php:1663]
CADB .|    |    |    exit()
CADB .|    |    |    -
CADB .|    |    -
CADB .|    -
FB19 .START (2018-10-27 21:03:20) phpCAS-1.3.5 ****************** [CAS.php:468]
FB19 .=> phpCAS::client('2.0', 'login.max.gov', 443, '/cas', false) [cas.module:300]
FB19 .|    => CAS_Client::__construct('2.0', false, 'login.max.gov', 443, '/cas', false) [CAS.php:360]
FB19 .|    |    Session is not authenticated [Client.php:938]
FB19 .|    <= ''
FB19 .<= ''
FB19 .=> phpCAS::setNoCasServerValidation() [cas.module:315]
FB19 .|    You have configured no validation of the legitimacy of the cas server. This is not recommended for production use. [CAS.php:1644]
FB19 .<= ''
FB19 .=> phpCAS::setFixedServiceURL('https://uat.digitaldashboard.gov/cas?destination=dotgovuser') [cas.module:318]
FB19 .<= ''
FB19 .=> phpCAS::forceAuthentication() [cas.module:90]
FB19 .|    => CAS_Client::forceAuthentication() [CAS.php:1098]
FB19 .|    |    => CAS_Client::isAuthenticated() [Client.php:1280]
FB19 .|    |    |    => CAS_Client::_wasPreviouslyAuthenticated() [Client.php:1393]
FB19 .|    |    |    |    no user found [Client.php:1635]
FB19 .|    |    |    <= false
FB19 .|    |    |    no ticket found [Client.php:1494]
FB19 .|    |    <= false
FB19 .|    |    => CAS_Client::redirectToCas(false) [Client.php:1289]
FB19 .|    |    |    => CAS_Client::getServerLoginURL(false, false) [Client.php:1656]
FB19 .|    |    |    |    => CAS_Client::getURL() [Client.php:342]
FB19 .|    |    |    |    <= 'https://uat.digitaldashboard.gov/cas?destination=dotgovuser'
FB19 .|    |    |    <= 'https://login.max.gov/cas/login?service=https%3A%2F%2Fuat.digitaldashboard.gov%2Fcas%3Fdestination%3Ddotgovuser'
FB19 .|    |    |    Redirect to : https://login.max.gov/cas/login?service=https%3A%2F%2Fuat.digitaldashboard.gov%2Fcas%3Fdestination%3Ddotgovuser [Client.php:1663]
FB19 .|    |    |    exit()
FB19 .|    |    |    -
FB19 .|    |    -
FB19 .|    -
F1B4 .START (2018-10-28 23:37:59) phpCAS-1.3.5 ****************** [CAS.php:468]
F1B4 .=> phpCAS::client('2.0', 'login.max.gov', 443, '/cas', false) [cas.module:300]
F1B4 .|    => CAS_Client::__construct('2.0', false, 'login.max.gov', 443, '/cas', false) [CAS.php:360]
F1B4 .|    |    Session is not authenticated [Client.php:938]
F1B4 .|    <= ''
F1B4 .<= ''
F1B4 .=> phpCAS::setNoCasServerValidation() [cas.module:315]
F1B4 .|    You have configured no validation of the legitimacy of the cas server. This is not recommended for production use. [CAS.php:1644]
F1B4 .<= ''
F1B4 .=> phpCAS::setFixedServiceURL('https://uat.digitaldashboard.gov/caslogout?destination=node/7829') [cas.module:318]
F1B4 .<= ''
F1B4 .=> phpCAS::logout(array (  'service' => 'https://uat.digitaldashboard.gov/improve-my-score',  'url' => 'https://uat.digitaldashboard.gov/improve-my-score',)) [cas.module:741]
F1B4 .|    => CAS_Client::logout(array (  'service' => 'https://uat.digitaldashboard.gov/improve-my-score',  'url' => 'https://uat.digitaldashboard.gov/improve-my-score',)) [CAS.php:1450]
F1B4 .|    |    Prepare redirect to : https://login.max.gov/cas/logout?url=https%3A%2F%2Fuat.digitaldashboard.gov%2Fimprove-my-score&service=https%3A%2F%2Fuat.digitaldashboard.gov%2Fimprove-my-score [Client.php:1696]
F1B4 .|    |    Destroying session : Lf4jbSZNbPEgrkApyKpZikfyUuKCmzI0e0A4Cuhlq-8 [Client.php:1698]
F1B4 .|    |    Session terminated [Client.php:1702]
F1B4 .|    |    exit()
F1B4 .|    |    -
F1B4 .|    -
1C53 .START (2018-10-29 16:59:46) phpCAS-1.3.5 ****************** [CAS.php:468]
1C53 .=> phpCAS::client('2.0', 'login.max.gov', 443, '/cas', false) [cas.module:300]
1C53 .|    => CAS_Client::__construct('2.0', false, 'login.max.gov', 443, '/cas', false) [CAS.php:360]
1C53 .|    |    Session is not authenticated [Client.php:938]
1C53 .|    <= ''
1C53 .<= ''
1C53 .=> phpCAS::setNoCasServerValidation() [cas.module:315]
1C53 .|    You have configured no validation of the legitimacy of the cas server. This is not recommended for production use. [CAS.php:1644]
1C53 .<= ''
1C53 .=> phpCAS::setFixedServiceURL('https://uat.digitaldashboard.gov/caslogout?destination=dotgovuser') [cas.module:318]
1C53 .<= ''
1C53 .=> phpCAS::logout(array (  'service' => 'https://uat.digitaldashboard.gov/dotgovuser',  'url' => 'https://uat.digitaldashboard.gov/dotgovuser',)) [cas.module:741]
1C53 .|    => CAS_Client::logout(array (  'service' => 'https://uat.digitaldashboard.gov/dotgovuser',  'url' => 'https://uat.digitaldashboard.gov/dotgovuser',)) [CAS.php:1450]
1C53 .|    |    Prepare redirect to : https://login.max.gov/cas/logout?url=https%3A%2F%2Fuat.digitaldashboard.gov%2Fdotgovuser&service=https%3A%2F%2Fuat.digitaldashboard.gov%2Fdotgovuser [Client.php:1696]
1C53 .|    |    Destroying session : GXxxZjS-TGDdjsEuT-e81UccMTRgHFfX34qgkgJ0Mu8 [Client.php:1698]
1C53 .|    |    Session terminated [Client.php:1702]
1C53 .|    |    exit()
1C53 .|    |    -
1C53 .|    -
D917 .START (2018-10-29 17:34:40) phpCAS-1.3.5 ****************** [CAS.php:468]
D917 .=> phpCAS::client('2.0', 'login.max.gov', 443, '/cas', false) [cas.module:300]
D917 .|    => CAS_Client::__construct('2.0', false, 'login.max.gov', 443, '/cas', false) [CAS.php:360]
D917 .|    |    Session is not authenticated [Client.php:938]
D917 .|    <= ''
D917 .<= ''
D917 .=> phpCAS::setNoCasServerValidation() [cas.module:315]
D917 .|    You have configured no validation of the legitimacy of the cas server. This is not recommended for production use. [CAS.php:1644]
D917 .<= ''
D917 .=> phpCAS::setFixedServiceURL('https://uat.digitaldashboard.gov/caslogout?destination=myagency_home') [cas.module:318]
D917 .<= ''
D917 .=> phpCAS::logout(array (  'service' => 'https://uat.digitaldashboard.gov/myagency_home',  'url' => 'https://uat.digitaldashboard.gov/myagency_home',)) [cas.module:741]
D917 .|    => CAS_Client::logout(array (  'service' => 'https://uat.digitaldashboard.gov/myagency_home',  'url' => 'https://uat.digitaldashboard.gov/myagency_home',)) [CAS.php:1450]
D917 .|    |    Prepare redirect to : https://login.max.gov/cas/logout?url=https%3A%2F%2Fuat.digitaldashboard.gov%2Fmyagency_home&service=https%3A%2F%2Fuat.digitaldashboard.gov%2Fmyagency_home [Client.php:1696]
D917 .|    |    Destroying session : F2wxG0iz6fnXMeBhzGjtQotPWmgANH40MJuSWt4QGM0 [Client.php:1698]
D917 .|    |    Session terminated [Client.php:1702]
D917 .|    |    exit()
D917 .|    |    -
D917 .|    -
A3A6 .START (2018-10-30 07:53:56) phpCAS-1.3.5 ****************** [CAS.php:468]
A3A6 .=> phpCAS::client('2.0', 'login.max.gov', 443, '/cas', false) [cas.module:300]
A3A6 .|    => CAS_Client::__construct('2.0', false, 'login.max.gov', 443, '/cas', false) [CAS.php:360]
A3A6 .|    |    Session is not authenticated [Client.php:938]
A3A6 .|    <= ''
A3A6 .<= ''
A3A6 .=> phpCAS::setNoCasServerValidation() [cas.module:315]
A3A6 .|    You have configured no validation of the legitimacy of the cas server. This is not recommended for production use. [CAS.php:1644]
A3A6 .<= ''
A3A6 .=> phpCAS::setFixedServiceURL('https://uat.digitaldashboard.gov/caslogout?destination=node/4754') [cas.module:318]
A3A6 .<= ''
A3A6 .=> phpCAS::logout(array (  'service' => 'https://uat.digitaldashboard.gov/faq',  'url' => 'https://uat.digitaldashboard.gov/faq',)) [cas.module:741]
A3A6 .|    => CAS_Client::logout(array (  'service' => 'https://uat.digitaldashboard.gov/faq',  'url' => 'https://uat.digitaldashboard.gov/faq',)) [CAS.php:1450]
A3A6 .|    |    Prepare redirect to : https://login.max.gov/cas/logout?url=https%3A%2F%2Fuat.digitaldashboard.gov%2Ffaq&service=https%3A%2F%2Fuat.digitaldashboard.gov%2Ffaq [Client.php:1696]
A3A6 .|    |    Destroying session : dr2r98HrLct7HdAU6dgOkHv6EQvmbOXVnEXY_81lfYk [Client.php:1698]
A3A6 .|    |    Session terminated [Client.php:1702]
A3A6 .|    |    exit()
A3A6 .|    |    -
A3A6 .|    -
